10:55:53.522 [main] INFO  com.polestar.ndcrefill.Main - starting app
10:55:53.889 [main] INFO  com.polestar.ndcrefill.Main - Starting count in shipposition table: 154362
10:55:53.921 [main] INFO  com.polestar.ndcrefill.Main - ShipPosition Generator Value: 3134
10:55:53.979 [main] INFO  com.polestar.ndcrefill.Main - max ship position id is: 156670 Current shipPositionID: 170000
10:55:53.979 [main] INFO  com.polestar.ndcrefill.FileService - starting to process file
10:55:54.280 [main] INFO  com.polestar.ndcrefill.FileService - Positions count: 68
10:55:54.281 [main] INFO  com.polestar.ndcrefill.Main - Start: 2022-06-08 10:55:54.281
10:55:54.290 [main] DEBUG com.polestar.ndcrefill.Main - {"creation_date":"2022-06-05","creation_time":"23:00:29","trail_date":"2022-06-05","trail_time":"22:58:00","trail_latitude":"7.416666667","trail_longitude":"115.6433333","trail_speed":"17","trail_heading":"221","i_m_o_number":"9210828","DC_ID":"1019"}
10:55:54.291 [main] DEBUG com.polestar.ndcrefill.Main - {"creation_date":"2022-06-05","creation_time":"17:00:29","trail_date":"2022-06-05","trail_time":"16:58:00","trail_latitude":"8.712666667","trail_longitude":"116.7193333","trail_speed":"16.6","trail_heading":"221","i_m_o_number":"9210828","DC_ID":"1019"}
10:55:54.292 [main] DEBUG com.polestar.ndcrefill.Main - {"creation_date":"2022-06-05","creation_time":"11:02:11","trail_date":"2022-06-05","trail_time":"10:58:00","trail_latitude":"10.01866667","trail_longitude":"117.768","trail_speed":"16.2","trail_heading":"218","i_m_o_number":"9210828","DC_ID":"1019"}
10:55:54.292 [main] DEBUG com.polestar.ndcrefill.Main - {"creation_date":"2022-06-05","creation_time":"05:01:20","trail_date":"2022-06-05","trail_time":"04:58:00","trail_latitude":"11.534","trail_longitude":"118.3093333","trail_speed":"16.6","trail_heading":"191","i_m_o_number":"9210828","DC_ID":"1019"}
10:55:54.293 [main] DEBUG com.polestar.ndcrefill.Main - {"creation_date":"2022-06-04","creation_time":"17:00:29","trail_date":"2022-06-04","trail_time":"16:58:00","trail_latitude":"14.798","trail_longitude":"118.9966667","trail_speed":"16.4","trail_heading":"192","i_m_o_number":"9210828","DC_ID":"1019"}
10:55:54.294 [main] DEBUG com.polestar.ndcrefill.Main - {"creation_date":"2022-06-05","creation_time":"18:56:31","trail_date":"2022-06-05","trail_time":"18:54:00","trail_latitude":"1.720666667","trail_longitude":"104.66","trail_speed":"0","trail_heading":"121","i_m_o_number":"7347768","DC_ID":"1019"}
10:55:54.295 [main] DEBUG com.polestar.ndcrefill.Main - {"creation_date":"2022-06-05","creation_time":"12:56:29","trail_date":"2022-06-05","trail_time":"12:54:00","trail_latitude":"1.719333333","trail_longitude":"104.662","trail_speed":"0.2","trail_heading":"121","i_m_o_number":"7347768","DC_ID":"1019"}
10:55:54.296 [main] DEBUG com.polestar.ndcrefill.Main - {"creation_date":"2022-06-05","creation_time":"06:56:12","trail_date":"2022-06-05","trail_time":"06:54:00","trail_latitude":"1.72","trail_longitude":"104.6613333","trail_speed":"0","trail_heading":"121","i_m_o_number":"7347768","DC_ID":"1019"}
10:55:54.296 [main] DEBUG com.polestar.ndcrefill.Main - {"creation_date":"2022-06-05","creation_time":"00:56:10","trail_date":"2022-06-05","trail_time":"00:54:00","trail_latitude":"1.72","trail_longitude":"104.6593333","trail_speed":"0","trail_heading":"121","i_m_o_number":"7347768","DC_ID":"1019"}
10:55:54.297 [main] DEBUG com.polestar.ndcrefill.Main - {"creation_date":"2022-06-04","creation_time":"18:56:19","trail_date":"2022-06-04","trail_time":"18:54:00","trail_latitude":"1.720666667","trail_longitude":"104.66","trail_speed":"0","trail_heading":"129","i_m_o_number":"7347768","DC_ID":"1019"}
10:55:54.298 [main] DEBUG com.polestar.ndcrefill.Main - {"creation_date":"2022-06-04","creation_time":"12:56:28","trail_date":"2022-06-04","trail_time":"12:54:00","trail_latitude":"1.719333333","trail_longitude":"104.6613333","trail_speed":"0.2","trail_heading":"129","i_m_o_number":"7347768","DC_ID":"1019"}
10:55:54.298 [main] DEBUG com.polestar.ndcrefill.Main - {"creation_date":"2022-06-04","creation_time":"06:56:13","trail_date":"2022-06-04","trail_time":"06:54:00","trail_latitude":"1.718666667","trail_longitude":"104.662","trail_speed":"0","trail_heading":"129","i_m_o_number":"7347768","DC_ID":"1019"}
10:55:54.299 [main] DEBUG com.polestar.ndcrefill.Main - {"creation_date":"2022-06-04","creation_time":"00:56:15","trail_date":"2022-06-04","trail_time":"00:54:00","trail_latitude":"1.72","trail_longitude":"104.6593333","trail_speed":"0","trail_heading":"152","i_m_o_number":"7347768","DC_ID":"1019"}
10:55:54.300 [main] DEBUG com.polestar.ndcrefill.Main - {"creation_date":"2022-06-03","creation_time":"18:57:43","trail_date":"2022-06-03","trail_time":"18:54:00","trail_latitude":"1.720666667","trail_longitude":"104.66","trail_speed":"0","trail_heading":"288","i_m_o_number":"7347768","DC_ID":"1019"}
10:55:54.300 [main] DEBUG com.polestar.ndcrefill.Main - {"creation_date":"2022-06-03","creation_time":"12:56:15","trail_date":"2022-06-03","trail_time":"12:54:00","trail_latitude":"1.719333333","trail_longitude":"104.6613333","trail_speed":"0.2","trail_heading":"288","i_m_o_number":"7347768","DC_ID":"1019"}
10:55:54.301 [main] DEBUG com.polestar.ndcrefill.Main - {"creation_date":"2022-06-03","creation_time":"00:56:11","trail_date":"2022-06-03","trail_time":"00:54:00","trail_latitude":"1.72","trail_longitude":"104.6593333","trail_speed":"0","trail_heading":"257","i_m_o_number":"7347768","DC_ID":"1019"}
10:55:54.301 [main] DEBUG com.polestar.ndcrefill.Main - {"creation_date":"2022-06-02","creation_time":"18:56:09","trail_date":"2022-06-02","trail_time":"18:54:00","trail_latitude":"1.720666667","trail_longitude":"104.66","trail_speed":"0.2","trail_heading":"249","i_m_o_number":"7347768","DC_ID":"1019"}
10:55:54.302 [main] DEBUG com.polestar.ndcrefill.Main - {"creation_date":"2022-06-02","creation_time":"12:56:22","trail_date":"2022-06-02","trail_time":"12:54:00","trail_latitude":"1.720666667","trail_longitude":"104.6606667","trail_speed":"0","trail_heading":"249","i_m_o_number":"7347768","DC_ID":"1019"}
10:55:54.302 [main] DEBUG com.polestar.ndcrefill.Main - {"creation_date":"2022-06-02","creation_time":"06:56:13","trail_date":"2022-06-02","trail_time":"06:54:00","trail_latitude":"1.718666667","trail_longitude":"104.662","trail_speed":"0","trail_heading":"249","i_m_o_number":"7347768","DC_ID":"1019"}
10:55:54.303 [main] DEBUG com.polestar.ndcrefill.Main - {"creation_date":"2022-06-02","creation_time":"00:56:08","trail_date":"2022-06-02","trail_time":"00:54:00","trail_latitude":"1.72","trail_longitude":"104.6593333","trail_speed":"0.2","trail_heading":"249","i_m_o_number":"7347768","DC_ID":"1019"}
10:55:54.304 [main] DEBUG com.polestar.ndcrefill.Main - {"creation_date":"2022-06-05","creation_time":"12:39:18","trail_date":"2022-06-05","trail_time":"12:36:00","trail_latitude":"22.54533333","trail_longitude":"126.5713333","trail_speed":"18.4","trail_heading":"236","i_m_o_number":"9682552","DC_ID":"1019"}
10:55:54.304 [main] DEBUG com.polestar.ndcrefill.Main - {"creation_date":"2022-06-05","creation_time":"06:38:24","trail_date":"2022-06-05","trail_time":"06:36:00","trail_latitude":"23.53533333","trail_longitude":"128.2353333","trail_speed":"18.8","trail_heading":"240","i_m_o_number":"9682552","DC_ID":"1019"}
10:55:54.305 [main] DEBUG com.polestar.ndcrefill.Main - {"creation_date":"2022-06-05","creation_time":"00:39:05","trail_date":"2022-06-05","trail_time":"00:36:00","trail_latitude":"24.542","trail_longitude":"130.0273333","trail_speed":"19.8","trail_heading":"233","i_m_o_number":"9682552","DC_ID":"1019"}
10:55:54.305 [main] DEBUG com.polestar.ndcrefill.Main - {"creation_date":"2022-06-04","creation_time":"18:38:13","trail_date":"2022-06-04","trail_time":"18:36:00","trail_latitude":"25.632","trail_longitude":"131.8113333","trail_speed":"18.8","trail_heading":"221","i_m_o_number":"9682552","DC_ID":"1019"}
10:55:54.306 [main] DEBUG com.polestar.ndcrefill.Main - {"creation_date":"2022-06-04","creation_time":"12:38:25","trail_date":"2022-06-04","trail_time":"12:36:00","trail_latitude":"27.07266667","trail_longitude":"133.1653333","trail_speed":"19","trail_heading":"220","i_m_o_number":"9682552","DC_ID":"1019"}
10:55:54.307 [main] DEBUG com.polestar.ndcrefill.Main - {"creation_date":"2022-06-04","creation_time":"06:41:51","trail_date":"2022-06-04","trail_time":"06:36:00","trail_latitude":"28.56666667","trail_longitude":"134.58","trail_speed":"19.8","trail_heading":"220","i_m_o_number":"9682552","DC_ID":"1019"}
10:55:54.307 [main] DEBUG com.polestar.ndcrefill.Main - {"creation_date":"2022-06-04","creation_time":"00:41:53","trail_date":"2022-06-04","trail_time":"00:36:00","trail_latitude":"30.11333333","trail_longitude":"136.1493333","trail_speed":"20.4","trail_heading":"233","i_m_o_number":"9682552","DC_ID":"1019"}
10:55:54.308 [main] DEBUG com.polestar.ndcrefill.Main - {"creation_date":"2022-06-03","creation_time":"18:39:05","trail_date":"2022-06-03","trail_time":"18:36:00","trail_latitude":"31.58733333","trail_longitude":"137.548","trail_speed":"17.2","trail_heading":"218","i_m_o_number":"9682552","DC_ID":"1019"}
10:55:54.308 [main] DEBUG com.polestar.ndcrefill.Main - {"creation_date":"2022-06-03","creation_time":"12:38:15","trail_date":"2022-06-03","trail_time":"12:36:00","trail_latitude":"33.17866667","trail_longitude":"138.594","trail_speed":"18","trail_heading":"209","i_m_o_number":"9682552","DC_ID":"1019"}
10:55:54.309 [main] DEBUG com.polestar.ndcrefill.Main - {"creation_date":"2022-06-03","creation_time":"06:41:41","trail_date":"2022-06-03","trail_time":"06:36:00","trail_latitude":"34.754","trail_longitude":"139.6373333","trail_speed":"20.4","trail_heading":"197","i_m_o_number":"9682552","DC_ID":"1019"}
10:55:54.310 [main] DEBUG com.polestar.ndcrefill.Main - {"creation_date":"2022-06-03","creation_time":"00:38:44","trail_date":"2022-06-03","trail_time":"00:36:00","trail_latitude":"35.4","trail_longitude":"139.6346667","trail_speed":"0","trail_heading":"341","i_m_o_number":"9682552","DC_ID":"1019"}
10:55:54.310 [main] DEBUG com.polestar.ndcrefill.Main - {"creation_date":"2022-06-02","creation_time":"18:44:40","trail_date":"2022-06-02","trail_time":"18:36:00","trail_latitude":"35.4","trail_longitude":"139.6346667","trail_speed":"0","trail_heading":"341","i_m_o_number":"9682552","DC_ID":"1019"}
10:55:54.311 [main] DEBUG com.polestar.ndcrefill.Main - {"creation_date":"2022-06-02","creation_time":"12:38:19","trail_date":"2022-06-02","trail_time":"12:36:00","trail_latitude":"35.4","trail_longitude":"139.6346667","trail_speed":"0","trail_heading":"341","i_m_o_number":"9682552","DC_ID":"1019"}
10:55:54.311 [main] DEBUG com.polestar.ndcrefill.Main - {"creation_date":"2022-06-02","creation_time":"06:38:21","trail_date":"2022-06-02","trail_time":"06:36:00","trail_latitude":"35.4","trail_longitude":"139.6346667","trail_speed":"0","trail_heading":"341","i_m_o_number":"9682552","DC_ID":"1019"}
10:55:54.311 [main] DEBUG com.polestar.ndcrefill.Main - {"creation_date":"2022-06-02","creation_time":"00:41:31","trail_date":"2022-06-02","trail_time":"00:36:00","trail_latitude":"35.258","trail_longitude":"139.78","trail_speed":"11.2","trail_heading":"335","i_m_o_number":"9682552","DC_ID":"1019"}
10:55:54.312 [main] DEBUG com.polestar.ndcrefill.Main - {"creation_date":"2022-06-05","creation_time":"21:12:18","trail_date":"2022-06-05","trail_time":"21:10:00","trail_latitude":"4.656666667","trail_longitude":"114.1793333","trail_speed":"0","trail_heading":"53","i_m_o_number":"9708409","DC_ID":"1019"}
10:55:54.312 [main] DEBUG com.polestar.ndcrefill.Main - {"creation_date":"2022-06-05","creation_time":"15:15:43","trail_date":"2022-06-05","trail_time":"15:10:00","trail_latitude":"4.656666667","trail_longitude":"114.1793333","trail_speed":"0","trail_heading":"53","i_m_o_number":"9708409","DC_ID":"1019"}
10:55:54.313 [main] DEBUG com.polestar.ndcrefill.Main - {"creation_date":"2022-06-05","creation_time":"09:12:18","trail_date":"2022-06-05","trail_time":"09:10:00","trail_latitude":"4.733333333","trail_longitude":"114.1306667","trail_speed":"0","trail_heading":"188","i_m_o_number":"9708409","DC_ID":"1019"}
10:55:54.313 [main] DEBUG com.polestar.ndcrefill.Main - {"creation_date":"2022-06-05","creation_time":"03:16:12","trail_date":"2022-06-05","trail_time":"03:10:00","trail_latitude":"4.735333333","trail_longitude":"114.1353333","trail_speed":"0","trail_heading":"308","i_m_o_number":"9708409","DC_ID":"1019"}
10:55:54.314 [main] DEBUG com.polestar.ndcrefill.Main - {"creation_date":"2022-06-04","creation_time":"21:12:32","trail_date":"2022-06-04","trail_time":"21:10:00","trail_latitude":"4.719333333","trail_longitude":"114.1506667","trail_speed":"8.4","trail_heading":"292","i_m_o_number":"9708409","DC_ID":"1019"}
10:55:54.314 [main] DEBUG com.polestar.ndcrefill.Main - {"creation_date":"2022-06-04","creation_time":"15:12:28","trail_date":"2022-06-04","trail_time":"15:10:00","trail_latitude":"4.652","trail_longitude":"114.1793333","trail_speed":"0","trail_heading":"292","i_m_o_number":"9708409","DC_ID":"1019"}
10:55:54.315 [main] DEBUG com.polestar.ndcrefill.Main - {"creation_date":"2022-06-04","creation_time":"09:12:18","trail_date":"2022-06-04","trail_time":"09:10:00","trail_latitude":"4.735333333","trail_longitude":"114.1353333","trail_speed":"0","trail_heading":"307","i_m_o_number":"9708409","DC_ID":"1019"}
10:55:54.315 [main] DEBUG com.polestar.ndcrefill.Main - {"creation_date":"2022-06-02","creation_time":"03:15:43","trail_date":"2022-06-02","trail_time":"03:10:00","trail_latitude":"4.709333333","trail_longitude":"114.1133333","trail_speed":"0.2","trail_heading":"133","i_m_o_number":"9708409","DC_ID":"1019"}
10:55:54.316 [main] DEBUG com.polestar.ndcrefill.Main - {"creation_date":"2022-06-02","creation_time":"09:12:21","trail_date":"2022-06-02","trail_time":"09:10:00","trail_latitude":"4.735333333","trail_longitude":"114.1353333","trail_speed":"0","trail_heading":"307","i_m_o_number":"9708409","DC_ID":"1019"}
10:55:54.316 [main] DEBUG com.polestar.ndcrefill.Main - {"creation_date":"2022-06-02","creation_time":"15:12:26","trail_date":"2022-06-02","trail_time":"15:10:00","trail_latitude":"4.657333333","trail_longitude":"114.1806667","trail_speed":"0","trail_heading":"285","i_m_o_number":"9708409","DC_ID":"1019"}
10:55:54.317 [main] DEBUG com.polestar.ndcrefill.Main - {"creation_date":"2022-06-02","creation_time":"21:12:20","trail_date":"2022-06-02","trail_time":"21:10:00","trail_latitude":"4.723333333","trail_longitude":"114.148","trail_speed":"8.4","trail_heading":"313","i_m_o_number":"9708409","DC_ID":"1019"}
10:55:54.317 [main] DEBUG com.polestar.ndcrefill.Main - {"creation_date":"2022-06-03","creation_time":"03:12:29","trail_date":"2022-06-03","trail_time":"03:10:00","trail_latitude":"4.767333333","trail_longitude":"114.158","trail_speed":"0","trail_heading":"102","i_m_o_number":"9708409","DC_ID":"1019"}
10:55:54.318 [main] DEBUG com.polestar.ndcrefill.Main - {"creation_date":"2022-06-03","creation_time":"09:12:30","trail_date":"2022-06-03","trail_time":"09:10:00","trail_latitude":"4.735333333","trail_longitude":"114.1353333","trail_speed":"0","trail_heading":"310","i_m_o_number":"9708409","DC_ID":"1019"}
10:55:54.318 [main] DEBUG com.polestar.ndcrefill.Main - {"creation_date":"2022-06-03","creation_time":"15:12:15","trail_date":"2022-06-03","trail_time":"15:10:00","trail_latitude":"4.654","trail_longitude":"114.1793333","trail_speed":"0","trail_heading":"334","i_m_o_number":"9708409","DC_ID":"1019"}
10:55:54.319 [main] DEBUG com.polestar.ndcrefill.Main - {"creation_date":"2022-06-03","creation_time":"21:12:17","trail_date":"2022-06-03","trail_time":"21:10:00","trail_latitude":"4.654","trail_longitude":"114.1793333","trail_speed":"0","trail_heading":"334","i_m_o_number":"9708409","DC_ID":"1019"}
10:55:54.319 [main] DEBUG com.polestar.ndcrefill.Main - {"creation_date":"2022-06-04","creation_time":"03:12:19","trail_date":"2022-06-04","trail_time":"03:10:00","trail_latitude":"4.736","trail_longitude":"114.1426667","trail_speed":"4.2","trail_heading":"46","i_m_o_number":"9708409","DC_ID":"1019"}
10:55:54.320 [main] DEBUG com.polestar.ndcrefill.Main - {"creation_date":"2022-06-04","creation_time":"16:18:26","trail_date":"2022-06-04","trail_time":"16:16:00","trail_latitude":"5.1","trail_longitude":"114.7766667","trail_speed":"0","trail_heading":"164","i_m_o_number":"9705586","DC_ID":"1019"}
10:55:54.320 [main] DEBUG com.polestar.ndcrefill.Main - {"creation_date":"2022-06-05","creation_time":"21:52:38","trail_date":"2022-06-05","trail_time":"21:50:00","trail_latitude":"5.009333333","trail_longitude":"114.0393333","trail_speed":"0","trail_heading":"254","i_m_o_number":"9676785","DC_ID":"1019"}
10:55:54.321 [main] DEBUG com.polestar.ndcrefill.Main - {"creation_date":"2022-06-05","creation_time":"15:54:25","trail_date":"2022-06-05","trail_time":"15:50:00","trail_latitude":"5.009333333","trail_longitude":"114.0393333","trail_speed":"0","trail_heading":"254","i_m_o_number":"9676785","DC_ID":"1019"}
10:55:54.321 [main] DEBUG com.polestar.ndcrefill.Main - {"creation_date":"2022-06-05","creation_time":"09:52:48","trail_date":"2022-06-05","trail_time":"09:50:00","trail_latitude":"5.01","trail_longitude":"114.0393333","trail_speed":"0","trail_heading":"254","i_m_o_number":"9676785","DC_ID":"1019"}
10:55:54.322 [main] DEBUG com.polestar.ndcrefill.Main - {"creation_date":"2022-06-05","creation_time":"03:54:31","trail_date":"2022-06-05","trail_time":"03:50:00","trail_latitude":"5.01","trail_longitude":"114.0393333","trail_speed":"0","trail_heading":"254","i_m_o_number":"9676785","DC_ID":"1019"}
10:55:54.322 [main] DEBUG com.polestar.ndcrefill.Main - {"creation_date":"2022-06-04","creation_time":"21:53:59","trail_date":"2022-06-04","trail_time":"21:50:00","trail_latitude":"5.009333333","trail_longitude":"114.0393333","trail_speed":"0","trail_heading":"219","i_m_o_number":"9676785","DC_ID":"1019"}
10:55:54.323 [main] DEBUG com.polestar.ndcrefill.Main - {"creation_date":"2022-06-04","creation_time":"15:55:22","trail_date":"2022-06-04","trail_time":"15:50:00","trail_latitude":"5.009333333","trail_longitude":"114.0393333","trail_speed":"0","trail_heading":"68","i_m_o_number":"9676785","DC_ID":"1019"}
10:55:54.323 [main] DEBUG com.polestar.ndcrefill.Main - {"creation_date":"2022-06-04","creation_time":"09:56:01","trail_date":"2022-06-04","trail_time":"09:50:00","trail_latitude":"5.009333333","trail_longitude":"114.0393333","trail_speed":"0","trail_heading":"294","i_m_o_number":"9676785","DC_ID":"1019"}
10:55:54.323 [main] DEBUG com.polestar.ndcrefill.Main - {"creation_date":"2022-06-02","creation_time":"03:52:52","trail_date":"2022-06-02","trail_time":"03:50:00","trail_latitude":"5.01","trail_longitude":"114.0393333","trail_speed":"0","trail_heading":"299","i_m_o_number":"9676785","DC_ID":"1019"}
10:55:54.323 [main] DEBUG com.polestar.ndcrefill.Main - {"creation_date":"2022-06-02","creation_time":"09:54:17","trail_date":"2022-06-02","trail_time":"09:50:00","trail_latitude":"5.009333333","trail_longitude":"114.0393333","trail_speed":"0","trail_heading":"23","i_m_o_number":"9676785","DC_ID":"1019"}
10:55:54.324 [main] DEBUG com.polestar.ndcrefill.Main - {"creation_date":"2022-06-02","creation_time":"15:53:52","trail_date":"2022-06-02","trail_time":"15:50:00","trail_latitude":"5.009333333","trail_longitude":"114.0393333","trail_speed":"0","trail_heading":"23","i_m_o_number":"9676785","DC_ID":"1019"}
10:55:54.324 [main] DEBUG com.polestar.ndcrefill.Main - {"creation_date":"2022-06-02","creation_time":"21:52:22","trail_date":"2022-06-02","trail_time":"21:50:00","trail_latitude":"5.009333333","trail_longitude":"114.0393333","trail_speed":"0","trail_heading":"23","i_m_o_number":"9676785","DC_ID":"1019"}
10:55:54.325 [main] DEBUG com.polestar.ndcrefill.Main - {"creation_date":"2022-06-03","creation_time":"03:54:31","trail_date":"2022-06-03","trail_time":"03:50:00","trail_latitude":"5.01","trail_longitude":"114.0393333","trail_speed":"0","trail_heading":"280","i_m_o_number":"9676785","DC_ID":"1019"}
10:55:54.325 [main] DEBUG com.polestar.ndcrefill.Main - {"creation_date":"2022-06-03","creation_time":"09:53:18","trail_date":"2022-06-03","trail_time":"09:50:00","trail_latitude":"5.01","trail_longitude":"114.0393333","trail_speed":"0","trail_heading":"294","i_m_o_number":"9676785","DC_ID":"1019"}
10:55:54.325 [main] DEBUG com.polestar.ndcrefill.Main - {"creation_date":"2022-06-03","creation_time":"15:54:15","trail_date":"2022-06-03","trail_time":"15:50:00","trail_latitude":"5.009333333","trail_longitude":"114.0393333","trail_speed":"0","trail_heading":"294","i_m_o_number":"9676785","DC_ID":"1019"}
10:55:54.326 [main] DEBUG com.polestar.ndcrefill.Main - {"creation_date":"2022-06-03","creation_time":"21:52:31","trail_date":"2022-06-03","trail_time":"21:50:00","trail_latitude":"5.009333333","trail_longitude":"114.0393333","trail_speed":"0","trail_heading":"294","i_m_o_number":"9676785","DC_ID":"1019"}
10:55:54.326 [main] DEBUG com.polestar.ndcrefill.Main - {"creation_date":"2022-06-04","creation_time":"03:53:58","trail_date":"2022-06-04","trail_time":"03:50:00","trail_latitude":"5.01","trail_longitude":"114.0393333","trail_speed":"0","trail_heading":"294","i_m_o_number":"9676785","DC_ID":"1019"}
10:55:54.481 [main] DEBUG com.polestar.ndcrefill.Main - [0,0,0,1,0,0,1,1,1,1,0,1,0,0,1,0,0,0,0,0,0,0,0,0,0,0,1,0,1,1,1,0,0,0,0,0,1,1,1,0,0,1,0,0,0,0,0,1,1,1,0,1,0,1,1,0,0,1,1,0,0,1,0,0,1,0,1,1]
10:55:54.482 [main] INFO  com.polestar.ndcrefill.Main - Current position: 68 out of 68
10:55:54.650 [main] INFO  com.polestar.ndcrefill.Main - Ending count in shipposition table: 154389
10:55:54.687 [main] INFO  com.polestar.ndcrefill.Main - new max shippositionID: 170067
10:55:54.688 [main] INFO  com.polestar.ndcrefill.Main - finished: 2022-06-08 10:55:54.688
10:55:54.690 [main] INFO  com.polestar.ndcrefill.Main - time taken: PT0.407S
