14:23:13.630 [main] INFO  com.polestar.ndcrefill.Main - -----------------------------------------------------------------
14:23:13.632 [main] INFO  com.polestar.ndcrefill.Main - Start: 2022-06-17 14:23:13.632
14:23:13.632 [main] INFO  com.polestar.ndcrefill.Main - -----------------------------------------------------------------
14:23:13.632 [main] INFO  com.polestar.ndcrefill.Main - Starting Backfill
14:23:13.632 [main] INFO  com.polestar.ndcrefill.Main - HOST: jdbc:postgresql://localhost:6432/
14:23:13.632 [main] INFO  com.polestar.ndcrefill.Main - MASTER_USERNAME: lrit
14:23:13.632 [main] INFO  com.polestar.ndcrefill.Main - DO_INSERTS: false
14:23:13.632 [main] INFO  com.polestar.ndcrefill.Main - FILE_LOCATION: src/main/resources/missing_positions.csv
14:23:13.632 [main] INFO  com.polestar.ndcrefill.Main - FLAG_CODE: 1027
14:23:13.632 [main] INFO  com.polestar.ndcrefill.Main - DATA_CENTER_IDENTIFIER: 3027
14:23:14.876 [main] INFO  com.polestar.ndcrefill.Main - -----------------------------------------------------------------
14:23:14.876 [main] INFO  com.polestar.ndcrefill.Main - Starting Details
14:23:15.654 [main] INFO  com.polestar.ndcrefill.Main - ShipPosition Generator Value: 1508
14:23:16.481 [main] INFO  com.polestar.ndcrefill.Main - Message Generator Value: 9000
14:23:17.306 [main] INFO  com.polestar.ndcrefill.Main - current max ship position id is: 75370 starting shipPositionID: 77370
14:23:17.913 [main] INFO  com.polestar.ndcrefill.Main - current max message id is: 449984 starting messageID: 451984
14:23:17.913 [main] INFO  com.polestar.ndcrefill.Main - -----------------------------------------------------------------
14:23:17.914 [main] INFO  com.polestar.ndcrefill.Main - Updating Insert Positions function
14:23:18.500 [main] INFO  com.polestar.ndcrefill.Main - Updated Successfully
14:23:18.500 [main] INFO  com.polestar.ndcrefill.Main - -----------------------------------------------------------------
14:23:18.503 [main] INFO  com.polestar.ndcrefill.FileService - starting to process file
14:23:18.784 [main] INFO  com.polestar.ndcrefill.FileService - Positions count: 48
14:23:18.784 [main] INFO  com.polestar.ndcrefill.Main - -----------------------------------------------------------------
14:23:18.790 [main] DEBUG com.polestar.ndcrefill.Main - {"creation_date":"2022-06-05","creation_time":"22:16:22","trail_date":"2022-06-05","trail_time":"22:14:00","trail_latitude":"10.386","trail_longitude":"-75.52266667","trail_speed":"0","trail_heading":"17","i_m_o_number":"9309203","DC_ID":"1027"}
14:23:18.790 [main] DEBUG com.polestar.ndcrefill.Main - {"creation_date":"2022-06-05","creation_time":"16:16:28","trail_date":"2022-06-05","trail_time":"16:14:00","trail_latitude":"10.386","trail_longitude":"-75.52266667","trail_speed":"0","trail_heading":"132","i_m_o_number":"9309203","DC_ID":"1027"}
14:23:18.791 [main] DEBUG com.polestar.ndcrefill.Main - {"creation_date":"2022-06-05","creation_time":"10:16:29","trail_date":"2022-06-05","trail_time":"10:14:00","trail_latitude":"10.386","trail_longitude":"-75.52266667","trail_speed":"0","trail_heading":"65","i_m_o_number":"9309203","DC_ID":"1027"}
14:23:18.791 [main] DEBUG com.polestar.ndcrefill.Main - {"creation_date":"2022-06-05","creation_time":"04:16:33","trail_date":"2022-06-05","trail_time":"04:14:00","trail_latitude":"10.386","trail_longitude":"-75.52266667","trail_speed":"0","trail_heading":"94","i_m_o_number":"9309203","DC_ID":"1027"}
14:23:18.791 [main] DEBUG com.polestar.ndcrefill.Main - {"creation_date":"2022-06-04","creation_time":"22:16:50","trail_date":"2022-06-04","trail_time":"22:14:00","trail_latitude":"10.386","trail_longitude":"-75.52266667","trail_speed":"0","trail_heading":"12","i_m_o_number":"9309203","DC_ID":"1027"}
14:23:18.792 [main] DEBUG com.polestar.ndcrefill.Main - {"creation_date":"2022-06-04","creation_time":"16:16:37","trail_date":"2022-06-04","trail_time":"16:14:00","trail_latitude":"10.386","trail_longitude":"-75.52266667","trail_speed":"0","trail_heading":"139","i_m_o_number":"9309203","DC_ID":"1027"}
14:23:18.792 [main] DEBUG com.polestar.ndcrefill.Main - {"creation_date":"2022-06-04","creation_time":"10:16:46","trail_date":"2022-06-04","trail_time":"10:14:00","trail_latitude":"10.386","trail_longitude":"-75.52266667","trail_speed":"0","trail_heading":"80","i_m_o_number":"9309203","DC_ID":"1027"}
14:23:18.792 [main] DEBUG com.polestar.ndcrefill.Main - {"creation_date":"2022-06-04","creation_time":"04:16:30","trail_date":"2022-06-04","trail_time":"04:14:00","trail_latitude":"10.386","trail_longitude":"-75.52266667","trail_speed":"0","trail_heading":"100","i_m_o_number":"9309203","DC_ID":"1027"}
14:23:18.792 [main] DEBUG com.polestar.ndcrefill.Main - {"creation_date":"2022-06-03","creation_time":"22:16:18","trail_date":"2022-06-03","trail_time":"22:14:00","trail_latitude":"10.386","trail_longitude":"-75.52266667","trail_speed":"0","trail_heading":"35","i_m_o_number":"9309203","DC_ID":"1027"}
14:23:18.792 [main] DEBUG com.polestar.ndcrefill.Main - {"creation_date":"2022-06-03","creation_time":"16:16:29","trail_date":"2022-06-03","trail_time":"16:14:00","trail_latitude":"10.386","trail_longitude":"-75.52266667","trail_speed":"0","trail_heading":"130","i_m_o_number":"9309203","DC_ID":"1027"}
14:23:18.793 [main] DEBUG com.polestar.ndcrefill.Main - {"creation_date":"2022-06-03","creation_time":"10:16:26","trail_date":"2022-06-03","trail_time":"10:14:00","trail_latitude":"10.31666667","trail_longitude":"-75.58","trail_speed":"9.8","trail_heading":"86","i_m_o_number":"9309203","DC_ID":"1027"}
14:23:18.793 [main] DEBUG com.polestar.ndcrefill.Main - {"creation_date":"2022-06-03","creation_time":"04:16:34","trail_date":"2022-06-03","trail_time":"04:14:00","trail_latitude":"10.25133333","trail_longitude":"-76.41266667","trail_speed":"10.2","trail_heading":"112","i_m_o_number":"9309203","DC_ID":"1027"}
14:23:18.793 [main] DEBUG com.polestar.ndcrefill.Main - {"creation_date":"2022-06-02","creation_time":"22:17:53","trail_date":"2022-06-02","trail_time":"22:14:00","trail_latitude":"10.65533333","trail_longitude":"-77.35733333","trail_speed":"11","trail_heading":"116","i_m_o_number":"9309203","DC_ID":"1027"}
14:23:18.793 [main] DEBUG com.polestar.ndcrefill.Main - {"creation_date":"2022-06-02","creation_time":"16:19:32","trail_date":"2022-06-02","trail_time":"16:14:00","trail_latitude":"11.07666667","trail_longitude":"-78.364","trail_speed":"10.8","trail_heading":"111","i_m_o_number":"9309203","DC_ID":"1027"}
14:23:18.794 [main] DEBUG com.polestar.ndcrefill.Main - {"creation_date":"2022-06-02","creation_time":"10:16:29","trail_date":"2022-06-02","trail_time":"10:14:00","trail_latitude":"11.47933333","trail_longitude":"-79.396","trail_speed":"10.8","trail_heading":"111","i_m_o_number":"9309203","DC_ID":"1027"}
14:23:18.794 [main] DEBUG com.polestar.ndcrefill.Main - {"creation_date":"2022-06-02","creation_time":"04:16:42","trail_date":"2022-06-02","trail_time":"04:14:00","trail_latitude":"11.90866667","trail_longitude":"-80.434","trail_speed":"10.6","trail_heading":"105","i_m_o_number":"9309203","DC_ID":"1027"}
14:23:18.794 [main] DEBUG com.polestar.ndcrefill.Main - {"creation_date":"2022-06-05","creation_time":"21:45:16","trail_date":"2022-06-05","trail_time":"21:42:00","trail_latitude":"11.24533333","trail_longitude":"-74.21866667","trail_speed":"0.2","trail_heading":"108","i_m_o_number":"9840142","DC_ID":"1027"}
14:23:18.794 [main] DEBUG com.polestar.ndcrefill.Main - {"creation_date":"2022-06-05","creation_time":"15:44:22","trail_date":"2022-06-05","trail_time":"15:42:00","trail_latitude":"11.24533333","trail_longitude":"-74.218","trail_speed":"0","trail_heading":"126","i_m_o_number":"9840142","DC_ID":"1027"}
14:23:18.795 [main] DEBUG com.polestar.ndcrefill.Main - {"creation_date":"2022-06-05","creation_time":"09:44:20","trail_date":"2022-06-05","trail_time":"09:42:00","trail_latitude":"11.24533333","trail_longitude":"-74.21866667","trail_speed":"0.2","trail_heading":"51","i_m_o_number":"9840142","DC_ID":"1027"}
14:23:18.795 [main] DEBUG com.polestar.ndcrefill.Main - {"creation_date":"2022-06-05","creation_time":"03:43:22","trail_date":"2022-06-05","trail_time":"03:42:00","trail_latitude":"11.24533333","trail_longitude":"-74.21866667","trail_speed":"0","trail_heading":"121","i_m_o_number":"9840142","DC_ID":"1027"}
14:23:18.795 [main] DEBUG com.polestar.ndcrefill.Main - {"creation_date":"2022-06-04","creation_time":"21:44:49","trail_date":"2022-06-04","trail_time":"21:42:00","trail_latitude":"11.246","trail_longitude":"-74.21866667","trail_speed":"0","trail_heading":"211","i_m_o_number":"9840142","DC_ID":"1027"}
14:23:18.795 [main] DEBUG com.polestar.ndcrefill.Main - {"creation_date":"2022-06-04","creation_time":"15:43:14","trail_date":"2022-06-04","trail_time":"15:42:00","trail_latitude":"11.24533333","trail_longitude":"-74.21866667","trail_speed":"0","trail_heading":"25","i_m_o_number":"9840142","DC_ID":"1027"}
14:23:18.795 [main] DEBUG com.polestar.ndcrefill.Main - {"creation_date":"2022-06-04","creation_time":"09:43:46","trail_date":"2022-06-04","trail_time":"09:42:00","trail_latitude":"11.24533333","trail_longitude":"-74.21866667","trail_speed":"0.2","trail_heading":"155","i_m_o_number":"9840142","DC_ID":"1027"}
14:23:18.795 [main] DEBUG com.polestar.ndcrefill.Main - {"creation_date":"2022-06-02","creation_time":"03:43:22","trail_date":"2022-06-02","trail_time":"03:42:00","trail_latitude":"16.926","trail_longitude":"-74.65533333","trail_speed":"9.4","trail_heading":"179","i_m_o_number":"9840142","DC_ID":"1027"}
14:23:18.796 [main] DEBUG com.polestar.ndcrefill.Main - {"creation_date":"2022-06-02","creation_time":"09:44:37","trail_date":"2022-06-02","trail_time":"09:42:00","trail_latitude":"15.95066667","trail_longitude":"-74.614","trail_speed":"10.6","trail_heading":"167","i_m_o_number":"9840142","DC_ID":"1027"}
14:23:18.796 [main] DEBUG com.polestar.ndcrefill.Main - {"creation_date":"2022-06-02","creation_time":"15:45:42","trail_date":"2022-06-02","trail_time":"15:42:00","trail_latitude":"15.04133333","trail_longitude":"-74.49333333","trail_speed":"8.8","trail_heading":"182","i_m_o_number":"9840142","DC_ID":"1027"}
14:23:18.796 [main] DEBUG com.polestar.ndcrefill.Main - {"creation_date":"2022-06-02","creation_time":"21:43:40","trail_date":"2022-06-02","trail_time":"21:42:00","trail_latitude":"14.17","trail_longitude":"-74.46666667","trail_speed":"8.4","trail_heading":"181","i_m_o_number":"9840142","DC_ID":"1027"}
14:23:18.796 [main] DEBUG com.polestar.ndcrefill.Main - {"creation_date":"2022-06-03","creation_time":"03:43:22","trail_date":"2022-06-03","trail_time":"03:42:00","trail_latitude":"13.30266667","trail_longitude":"-74.464","trail_speed":"9.2","trail_heading":"194","i_m_o_number":"9840142","DC_ID":"1027"}
14:23:18.796 [main] DEBUG com.polestar.ndcrefill.Main - {"creation_date":"2022-06-03","creation_time":"09:44:44","trail_date":"2022-06-03","trail_time":"09:42:00","trail_latitude":"12.42133333","trail_longitude":"-74.366","trail_speed":"9.6","trail_heading":"152","i_m_o_number":"9840142","DC_ID":"1027"}
14:23:18.796 [main] DEBUG com.polestar.ndcrefill.Main - {"creation_date":"2022-06-03","creation_time":"15:44:13","trail_date":"2022-06-03","trail_time":"15:42:00","trail_latitude":"11.504","trail_longitude":"-74.23333333","trail_speed":"10","trail_heading":"174","i_m_o_number":"9840142","DC_ID":"1027"}
14:23:18.797 [main] DEBUG com.polestar.ndcrefill.Main - {"creation_date":"2022-06-03","creation_time":"21:43:22","trail_date":"2022-06-03","trail_time":"21:42:00","trail_latitude":"11.24533333","trail_longitude":"-74.21866667","trail_speed":"0.2","trail_heading":"150","i_m_o_number":"9840142","DC_ID":"1027"}
14:23:18.797 [main] DEBUG com.polestar.ndcrefill.Main - {"creation_date":"2022-06-04","creation_time":"03:44:55","trail_date":"2022-06-04","trail_time":"03:42:00","trail_latitude":"11.24533333","trail_longitude":"-74.21933333","trail_speed":"0","trail_heading":"216","i_m_o_number":"9840142","DC_ID":"1027"}
14:23:18.797 [main] DEBUG com.polestar.ndcrefill.Main - {"creation_date":"2022-06-05","creation_time":"21:40:27","trail_date":"2022-06-05","trail_time":"21:38:00","trail_latitude":"11.24133333","trail_longitude":"-74.22133333","trail_speed":"0.2","trail_heading":"178","i_m_o_number":"9840154","DC_ID":"1027"}
14:23:18.797 [main] DEBUG com.polestar.ndcrefill.Main - {"creation_date":"2022-06-05","creation_time":"15:40:22","trail_date":"2022-06-05","trail_time":"15:38:00","trail_latitude":"11.242","trail_longitude":"-74.22066667","trail_speed":"0","trail_heading":"174","i_m_o_number":"9840154","DC_ID":"1027"}
14:23:18.797 [main] DEBUG com.polestar.ndcrefill.Main - {"creation_date":"2022-06-05","creation_time":"09:41:47","trail_date":"2022-06-05","trail_time":"09:38:00","trail_latitude":"11.242","trail_longitude":"-74.22133333","trail_speed":"0","trail_heading":"304","i_m_o_number":"9840154","DC_ID":"1027"}
14:23:18.798 [main] DEBUG com.polestar.ndcrefill.Main - {"creation_date":"2022-06-05","creation_time":"03:40:41","trail_date":"2022-06-05","trail_time":"03:38:00","trail_latitude":"11.242","trail_longitude":"-74.22133333","trail_speed":"0","trail_heading":"240","i_m_o_number":"9840154","DC_ID":"1027"}
14:23:18.798 [main] DEBUG com.polestar.ndcrefill.Main - {"creation_date":"2022-06-04","creation_time":"21:41:09","trail_date":"2022-06-04","trail_time":"21:38:00","trail_latitude":"11.36733333","trail_longitude":"-73.97","trail_speed":"7.8","trail_heading":"275","i_m_o_number":"9840154","DC_ID":"1027"}
14:23:18.798 [main] DEBUG com.polestar.ndcrefill.Main - {"creation_date":"2022-06-04","creation_time":"15:41:02","trail_date":"2022-06-04","trail_time":"15:38:00","trail_latitude":"11.27466667","trail_longitude":"-73.38066667","trail_speed":"6.8","trail_heading":"4","i_m_o_number":"9840154","DC_ID":"1027"}
14:23:18.798 [main] DEBUG com.polestar.ndcrefill.Main - {"creation_date":"2022-06-04","creation_time":"09:42:17","trail_date":"2022-06-04","trail_time":"09:38:00","trail_latitude":"11.334","trail_longitude":"-73.628","trail_speed":"8.6","trail_heading":"100","i_m_o_number":"9840154","DC_ID":"1027"}
14:23:18.798 [main] DEBUG com.polestar.ndcrefill.Main - {"creation_date":"2022-06-02","creation_time":"03:41:02","trail_date":"2022-06-02","trail_time":"03:38:00","trail_latitude":"11.24466667","trail_longitude":"-74.21933333","trail_speed":"0","trail_heading":"67","i_m_o_number":"9840154","DC_ID":"1027"}
14:23:18.798 [main] DEBUG com.polestar.ndcrefill.Main - {"creation_date":"2022-06-02","creation_time":"09:41:36","trail_date":"2022-06-02","trail_time":"09:38:00","trail_latitude":"11.24466667","trail_longitude":"-74.22","trail_speed":"0.2","trail_heading":"350","i_m_o_number":"9840154","DC_ID":"1027"}
14:23:18.798 [main] DEBUG com.polestar.ndcrefill.Main - {"creation_date":"2022-06-02","creation_time":"15:41:51","trail_date":"2022-06-02","trail_time":"15:38:00","trail_latitude":"11.08","trail_longitude":"-74.24","trail_speed":"0.2","trail_heading":"9","i_m_o_number":"9840154","DC_ID":"1027"}
14:23:18.799 [main] DEBUG com.polestar.ndcrefill.Main - {"creation_date":"2022-06-02","creation_time":"21:42:10","trail_date":"2022-06-02","trail_time":"21:38:00","trail_latitude":"11.08","trail_longitude":"-74.23866667","trail_speed":"0","trail_heading":"348","i_m_o_number":"9840154","DC_ID":"1027"}
14:23:18.799 [main] DEBUG com.polestar.ndcrefill.Main - {"creation_date":"2022-06-03","creation_time":"03:41:42","trail_date":"2022-06-03","trail_time":"03:38:00","trail_latitude":"11.242","trail_longitude":"-74.22133333","trail_speed":"0.2","trail_heading":"150","i_m_o_number":"9840154","DC_ID":"1027"}
14:23:18.799 [main] DEBUG com.polestar.ndcrefill.Main - {"creation_date":"2022-06-03","creation_time":"09:41:18","trail_date":"2022-06-03","trail_time":"09:38:00","trail_latitude":"11.252","trail_longitude":"-74.21533333","trail_speed":"0","trail_heading":"326","i_m_o_number":"9840154","DC_ID":"1027"}
14:23:18.799 [main] DEBUG com.polestar.ndcrefill.Main - {"creation_date":"2022-06-03","creation_time":"15:41:35","trail_date":"2022-06-03","trail_time":"15:38:00","trail_latitude":"11.096","trail_longitude":"-74.27133333","trail_speed":"0.6","trail_heading":"45","i_m_o_number":"9840154","DC_ID":"1027"}
14:23:18.799 [main] DEBUG com.polestar.ndcrefill.Main - {"creation_date":"2022-06-03","creation_time":"21:41:01","trail_date":"2022-06-03","trail_time":"21:38:00","trail_latitude":"11.24866667","trail_longitude":"-74.216","trail_speed":"0","trail_heading":"32","i_m_o_number":"9840154","DC_ID":"1027"}
14:23:18.799 [main] DEBUG com.polestar.ndcrefill.Main - {"creation_date":"2022-06-04","creation_time":"03:41:19","trail_date":"2022-06-04","trail_time":"03:38:00","trail_latitude":"11.24133333","trail_longitude":"-74.22133333","trail_speed":"0","trail_heading":"276","i_m_o_number":"9840154","DC_ID":"1027"}
14:23:18.800 [main] DEBUG com.polestar.ndcrefill.Main - []
14:23:18.800 [main] INFO  com.polestar.ndcrefill.Main - Current position: 48 out of 48
14:23:18.800 [main] INFO  com.polestar.ndcrefill.Main - -----------------------------------------------------------------
14:23:19.368 [main] INFO  com.polestar.ndcrefill.Main - new max shippositionID: 75370
14:23:19.370 [main] INFO  com.polestar.ndcrefill.Main - new ship position generator value 1517
14:23:19.370 [main] INFO  com.polestar.ndcrefill.Main - Did not update ship position generator value, UPDATE_GENERATOR is false
14:23:19.370 [main] INFO  com.polestar.ndcrefill.Main - -----------------------------------------------------------------
14:23:20.197 [main] INFO  com.polestar.ndcrefill.Main - new max messageID: 449984
14:23:20.198 [main] INFO  com.polestar.ndcrefill.Main - new message generator value 9009
14:23:20.198 [main] INFO  com.polestar.ndcrefill.Main - Did not update message generator value, UPDATE_GENERATOR is false
14:23:20.199 [main] INFO  com.polestar.ndcrefill.Main - -----------------------------------------------------------------
14:23:20.199 [main] INFO  com.polestar.ndcrefill.Main - finished: 2022-06-17 14:23:20.199
14:23:20.201 [main] INFO  com.polestar.ndcrefill.Main - time taken: PT6.567S
14:23:20.201 [main] INFO  com.polestar.ndcrefill.Main - -----------------------------------------------------------------
14:24:09.603 [main] INFO  com.polestar.ndcrefill.Main - -----------------------------------------------------------------
14:24:09.605 [main] INFO  com.polestar.ndcrefill.Main - Start: 2022-06-17 14:24:09.605
14:24:09.605 [main] INFO  com.polestar.ndcrefill.Main - -----------------------------------------------------------------
14:24:09.605 [main] INFO  com.polestar.ndcrefill.Main - Starting Backfill
14:24:09.605 [main] INFO  com.polestar.ndcrefill.Main - HOST: jdbc:postgresql://localhost:6432/
14:24:09.605 [main] INFO  com.polestar.ndcrefill.Main - MASTER_USERNAME: lrit
14:24:09.605 [main] INFO  com.polestar.ndcrefill.Main - DO_INSERTS: true
14:24:09.605 [main] INFO  com.polestar.ndcrefill.Main - FILE_LOCATION: src/main/resources/missing_positions.csv
14:24:09.605 [main] INFO  com.polestar.ndcrefill.Main - FLAG_CODE: 1027
14:24:09.605 [main] INFO  com.polestar.ndcrefill.Main - DATA_CENTER_IDENTIFIER: 3027
14:24:11.275 [main] INFO  com.polestar.ndcrefill.Main - -----------------------------------------------------------------
14:24:11.275 [main] INFO  com.polestar.ndcrefill.Main - Starting Details
14:24:11.863 [main] INFO  com.polestar.ndcrefill.Main - ShipPosition Generator Value: 1508
14:24:12.158 [main] INFO  com.polestar.ndcrefill.Main - Message Generator Value: 9000
14:24:12.764 [main] INFO  com.polestar.ndcrefill.Main - current max ship position id is: 75370 starting shipPositionID: 77370
14:24:13.057 [main] INFO  com.polestar.ndcrefill.Main - current max message id is: 449984 starting messageID: 451984
14:24:13.058 [main] INFO  com.polestar.ndcrefill.Main - -----------------------------------------------------------------
14:24:13.058 [main] INFO  com.polestar.ndcrefill.Main - Updating Insert Positions function
14:24:13.644 [main] INFO  com.polestar.ndcrefill.Main - Updated Successfully
14:24:13.645 [main] INFO  com.polestar.ndcrefill.Main - -----------------------------------------------------------------
14:24:13.647 [main] INFO  com.polestar.ndcrefill.FileService - starting to process file
14:24:13.882 [main] INFO  com.polestar.ndcrefill.FileService - Positions count: 48
14:24:13.882 [main] INFO  com.polestar.ndcrefill.Main - -----------------------------------------------------------------
14:24:13.889 [main] DEBUG com.polestar.ndcrefill.Main - {"creation_date":"2022-06-05","creation_time":"22:16:22","trail_date":"2022-06-05","trail_time":"22:14:00","trail_latitude":"10.386","trail_longitude":"-75.52266667","trail_speed":"0","trail_heading":"17","i_m_o_number":"9309203","DC_ID":"1027"}
14:24:13.889 [main] DEBUG com.polestar.ndcrefill.Main - {"creation_date":"2022-06-05","creation_time":"16:16:28","trail_date":"2022-06-05","trail_time":"16:14:00","trail_latitude":"10.386","trail_longitude":"-75.52266667","trail_speed":"0","trail_heading":"132","i_m_o_number":"9309203","DC_ID":"1027"}
14:24:13.890 [main] DEBUG com.polestar.ndcrefill.Main - {"creation_date":"2022-06-05","creation_time":"10:16:29","trail_date":"2022-06-05","trail_time":"10:14:00","trail_latitude":"10.386","trail_longitude":"-75.52266667","trail_speed":"0","trail_heading":"65","i_m_o_number":"9309203","DC_ID":"1027"}
14:24:13.890 [main] DEBUG com.polestar.ndcrefill.Main - {"creation_date":"2022-06-05","creation_time":"04:16:33","trail_date":"2022-06-05","trail_time":"04:14:00","trail_latitude":"10.386","trail_longitude":"-75.52266667","trail_speed":"0","trail_heading":"94","i_m_o_number":"9309203","DC_ID":"1027"}
14:24:13.890 [main] DEBUG com.polestar.ndcrefill.Main - {"creation_date":"2022-06-04","creation_time":"22:16:50","trail_date":"2022-06-04","trail_time":"22:14:00","trail_latitude":"10.386","trail_longitude":"-75.52266667","trail_speed":"0","trail_heading":"12","i_m_o_number":"9309203","DC_ID":"1027"}
14:24:13.890 [main] DEBUG com.polestar.ndcrefill.Main - {"creation_date":"2022-06-04","creation_time":"16:16:37","trail_date":"2022-06-04","trail_time":"16:14:00","trail_latitude":"10.386","trail_longitude":"-75.52266667","trail_speed":"0","trail_heading":"139","i_m_o_number":"9309203","DC_ID":"1027"}
14:24:13.891 [main] DEBUG com.polestar.ndcrefill.Main - {"creation_date":"2022-06-04","creation_time":"10:16:46","trail_date":"2022-06-04","trail_time":"10:14:00","trail_latitude":"10.386","trail_longitude":"-75.52266667","trail_speed":"0","trail_heading":"80","i_m_o_number":"9309203","DC_ID":"1027"}
14:24:13.891 [main] DEBUG com.polestar.ndcrefill.Main - {"creation_date":"2022-06-04","creation_time":"04:16:30","trail_date":"2022-06-04","trail_time":"04:14:00","trail_latitude":"10.386","trail_longitude":"-75.52266667","trail_speed":"0","trail_heading":"100","i_m_o_number":"9309203","DC_ID":"1027"}
14:24:13.891 [main] DEBUG com.polestar.ndcrefill.Main - {"creation_date":"2022-06-03","creation_time":"22:16:18","trail_date":"2022-06-03","trail_time":"22:14:00","trail_latitude":"10.386","trail_longitude":"-75.52266667","trail_speed":"0","trail_heading":"35","i_m_o_number":"9309203","DC_ID":"1027"}
14:24:13.891 [main] DEBUG com.polestar.ndcrefill.Main - {"creation_date":"2022-06-03","creation_time":"16:16:29","trail_date":"2022-06-03","trail_time":"16:14:00","trail_latitude":"10.386","trail_longitude":"-75.52266667","trail_speed":"0","trail_heading":"130","i_m_o_number":"9309203","DC_ID":"1027"}
14:24:13.892 [main] DEBUG com.polestar.ndcrefill.Main - {"creation_date":"2022-06-03","creation_time":"10:16:26","trail_date":"2022-06-03","trail_time":"10:14:00","trail_latitude":"10.31666667","trail_longitude":"-75.58","trail_speed":"9.8","trail_heading":"86","i_m_o_number":"9309203","DC_ID":"1027"}
14:24:13.892 [main] DEBUG com.polestar.ndcrefill.Main - {"creation_date":"2022-06-03","creation_time":"04:16:34","trail_date":"2022-06-03","trail_time":"04:14:00","trail_latitude":"10.25133333","trail_longitude":"-76.41266667","trail_speed":"10.2","trail_heading":"112","i_m_o_number":"9309203","DC_ID":"1027"}
14:24:13.892 [main] DEBUG com.polestar.ndcrefill.Main - {"creation_date":"2022-06-02","creation_time":"22:17:53","trail_date":"2022-06-02","trail_time":"22:14:00","trail_latitude":"10.65533333","trail_longitude":"-77.35733333","trail_speed":"11","trail_heading":"116","i_m_o_number":"9309203","DC_ID":"1027"}
14:24:13.892 [main] DEBUG com.polestar.ndcrefill.Main - {"creation_date":"2022-06-02","creation_time":"16:19:32","trail_date":"2022-06-02","trail_time":"16:14:00","trail_latitude":"11.07666667","trail_longitude":"-78.364","trail_speed":"10.8","trail_heading":"111","i_m_o_number":"9309203","DC_ID":"1027"}
14:24:13.893 [main] DEBUG com.polestar.ndcrefill.Main - {"creation_date":"2022-06-02","creation_time":"10:16:29","trail_date":"2022-06-02","trail_time":"10:14:00","trail_latitude":"11.47933333","trail_longitude":"-79.396","trail_speed":"10.8","trail_heading":"111","i_m_o_number":"9309203","DC_ID":"1027"}
14:24:13.893 [main] DEBUG com.polestar.ndcrefill.Main - {"creation_date":"2022-06-02","creation_time":"04:16:42","trail_date":"2022-06-02","trail_time":"04:14:00","trail_latitude":"11.90866667","trail_longitude":"-80.434","trail_speed":"10.6","trail_heading":"105","i_m_o_number":"9309203","DC_ID":"1027"}
14:24:13.893 [main] DEBUG com.polestar.ndcrefill.Main - {"creation_date":"2022-06-05","creation_time":"21:45:16","trail_date":"2022-06-05","trail_time":"21:42:00","trail_latitude":"11.24533333","trail_longitude":"-74.21866667","trail_speed":"0.2","trail_heading":"108","i_m_o_number":"9840142","DC_ID":"1027"}
14:24:13.893 [main] DEBUG com.polestar.ndcrefill.Main - {"creation_date":"2022-06-05","creation_time":"15:44:22","trail_date":"2022-06-05","trail_time":"15:42:00","trail_latitude":"11.24533333","trail_longitude":"-74.218","trail_speed":"0","trail_heading":"126","i_m_o_number":"9840142","DC_ID":"1027"}
14:24:13.894 [main] DEBUG com.polestar.ndcrefill.Main - {"creation_date":"2022-06-05","creation_time":"09:44:20","trail_date":"2022-06-05","trail_time":"09:42:00","trail_latitude":"11.24533333","trail_longitude":"-74.21866667","trail_speed":"0.2","trail_heading":"51","i_m_o_number":"9840142","DC_ID":"1027"}
14:24:13.894 [main] DEBUG com.polestar.ndcrefill.Main - {"creation_date":"2022-06-05","creation_time":"03:43:22","trail_date":"2022-06-05","trail_time":"03:42:00","trail_latitude":"11.24533333","trail_longitude":"-74.21866667","trail_speed":"0","trail_heading":"121","i_m_o_number":"9840142","DC_ID":"1027"}
14:24:13.894 [main] DEBUG com.polestar.ndcrefill.Main - {"creation_date":"2022-06-04","creation_time":"21:44:49","trail_date":"2022-06-04","trail_time":"21:42:00","trail_latitude":"11.246","trail_longitude":"-74.21866667","trail_speed":"0","trail_heading":"211","i_m_o_number":"9840142","DC_ID":"1027"}
14:24:13.894 [main] DEBUG com.polestar.ndcrefill.Main - {"creation_date":"2022-06-04","creation_time":"15:43:14","trail_date":"2022-06-04","trail_time":"15:42:00","trail_latitude":"11.24533333","trail_longitude":"-74.21866667","trail_speed":"0","trail_heading":"25","i_m_o_number":"9840142","DC_ID":"1027"}
14:24:13.894 [main] DEBUG com.polestar.ndcrefill.Main - {"creation_date":"2022-06-04","creation_time":"09:43:46","trail_date":"2022-06-04","trail_time":"09:42:00","trail_latitude":"11.24533333","trail_longitude":"-74.21866667","trail_speed":"0.2","trail_heading":"155","i_m_o_number":"9840142","DC_ID":"1027"}
14:24:13.895 [main] DEBUG com.polestar.ndcrefill.Main - {"creation_date":"2022-06-02","creation_time":"03:43:22","trail_date":"2022-06-02","trail_time":"03:42:00","trail_latitude":"16.926","trail_longitude":"-74.65533333","trail_speed":"9.4","trail_heading":"179","i_m_o_number":"9840142","DC_ID":"1027"}
14:24:13.895 [main] DEBUG com.polestar.ndcrefill.Main - {"creation_date":"2022-06-02","creation_time":"09:44:37","trail_date":"2022-06-02","trail_time":"09:42:00","trail_latitude":"15.95066667","trail_longitude":"-74.614","trail_speed":"10.6","trail_heading":"167","i_m_o_number":"9840142","DC_ID":"1027"}
14:24:13.895 [main] DEBUG com.polestar.ndcrefill.Main - {"creation_date":"2022-06-02","creation_time":"15:45:42","trail_date":"2022-06-02","trail_time":"15:42:00","trail_latitude":"15.04133333","trail_longitude":"-74.49333333","trail_speed":"8.8","trail_heading":"182","i_m_o_number":"9840142","DC_ID":"1027"}
14:24:13.895 [main] DEBUG com.polestar.ndcrefill.Main - {"creation_date":"2022-06-02","creation_time":"21:43:40","trail_date":"2022-06-02","trail_time":"21:42:00","trail_latitude":"14.17","trail_longitude":"-74.46666667","trail_speed":"8.4","trail_heading":"181","i_m_o_number":"9840142","DC_ID":"1027"}
14:24:13.895 [main] DEBUG com.polestar.ndcrefill.Main - {"creation_date":"2022-06-03","creation_time":"03:43:22","trail_date":"2022-06-03","trail_time":"03:42:00","trail_latitude":"13.30266667","trail_longitude":"-74.464","trail_speed":"9.2","trail_heading":"194","i_m_o_number":"9840142","DC_ID":"1027"}
14:24:13.896 [main] DEBUG com.polestar.ndcrefill.Main - {"creation_date":"2022-06-03","creation_time":"09:44:44","trail_date":"2022-06-03","trail_time":"09:42:00","trail_latitude":"12.42133333","trail_longitude":"-74.366","trail_speed":"9.6","trail_heading":"152","i_m_o_number":"9840142","DC_ID":"1027"}
14:24:13.896 [main] DEBUG com.polestar.ndcrefill.Main - {"creation_date":"2022-06-03","creation_time":"15:44:13","trail_date":"2022-06-03","trail_time":"15:42:00","trail_latitude":"11.504","trail_longitude":"-74.23333333","trail_speed":"10","trail_heading":"174","i_m_o_number":"9840142","DC_ID":"1027"}
14:24:13.896 [main] DEBUG com.polestar.ndcrefill.Main - {"creation_date":"2022-06-03","creation_time":"21:43:22","trail_date":"2022-06-03","trail_time":"21:42:00","trail_latitude":"11.24533333","trail_longitude":"-74.21866667","trail_speed":"0.2","trail_heading":"150","i_m_o_number":"9840142","DC_ID":"1027"}
14:24:13.896 [main] DEBUG com.polestar.ndcrefill.Main - {"creation_date":"2022-06-04","creation_time":"03:44:55","trail_date":"2022-06-04","trail_time":"03:42:00","trail_latitude":"11.24533333","trail_longitude":"-74.21933333","trail_speed":"0","trail_heading":"216","i_m_o_number":"9840142","DC_ID":"1027"}
14:24:13.896 [main] DEBUG com.polestar.ndcrefill.Main - {"creation_date":"2022-06-05","creation_time":"21:40:27","trail_date":"2022-06-05","trail_time":"21:38:00","trail_latitude":"11.24133333","trail_longitude":"-74.22133333","trail_speed":"0.2","trail_heading":"178","i_m_o_number":"9840154","DC_ID":"1027"}
14:24:13.897 [main] DEBUG com.polestar.ndcrefill.Main - {"creation_date":"2022-06-05","creation_time":"15:40:22","trail_date":"2022-06-05","trail_time":"15:38:00","trail_latitude":"11.242","trail_longitude":"-74.22066667","trail_speed":"0","trail_heading":"174","i_m_o_number":"9840154","DC_ID":"1027"}
14:24:13.897 [main] DEBUG com.polestar.ndcrefill.Main - {"creation_date":"2022-06-05","creation_time":"09:41:47","trail_date":"2022-06-05","trail_time":"09:38:00","trail_latitude":"11.242","trail_longitude":"-74.22133333","trail_speed":"0","trail_heading":"304","i_m_o_number":"9840154","DC_ID":"1027"}
14:24:13.897 [main] DEBUG com.polestar.ndcrefill.Main - {"creation_date":"2022-06-05","creation_time":"03:40:41","trail_date":"2022-06-05","trail_time":"03:38:00","trail_latitude":"11.242","trail_longitude":"-74.22133333","trail_speed":"0","trail_heading":"240","i_m_o_number":"9840154","DC_ID":"1027"}
14:24:13.897 [main] DEBUG com.polestar.ndcrefill.Main - {"creation_date":"2022-06-04","creation_time":"21:41:09","trail_date":"2022-06-04","trail_time":"21:38:00","trail_latitude":"11.36733333","trail_longitude":"-73.97","trail_speed":"7.8","trail_heading":"275","i_m_o_number":"9840154","DC_ID":"1027"}
14:24:13.897 [main] DEBUG com.polestar.ndcrefill.Main - {"creation_date":"2022-06-04","creation_time":"15:41:02","trail_date":"2022-06-04","trail_time":"15:38:00","trail_latitude":"11.27466667","trail_longitude":"-73.38066667","trail_speed":"6.8","trail_heading":"4","i_m_o_number":"9840154","DC_ID":"1027"}
14:24:13.897 [main] DEBUG com.polestar.ndcrefill.Main - {"creation_date":"2022-06-04","creation_time":"09:42:17","trail_date":"2022-06-04","trail_time":"09:38:00","trail_latitude":"11.334","trail_longitude":"-73.628","trail_speed":"8.6","trail_heading":"100","i_m_o_number":"9840154","DC_ID":"1027"}
14:24:13.898 [main] DEBUG com.polestar.ndcrefill.Main - {"creation_date":"2022-06-02","creation_time":"03:41:02","trail_date":"2022-06-02","trail_time":"03:38:00","trail_latitude":"11.24466667","trail_longitude":"-74.21933333","trail_speed":"0","trail_heading":"67","i_m_o_number":"9840154","DC_ID":"1027"}
14:24:13.898 [main] DEBUG com.polestar.ndcrefill.Main - {"creation_date":"2022-06-02","creation_time":"09:41:36","trail_date":"2022-06-02","trail_time":"09:38:00","trail_latitude":"11.24466667","trail_longitude":"-74.22","trail_speed":"0.2","trail_heading":"350","i_m_o_number":"9840154","DC_ID":"1027"}
14:24:13.898 [main] DEBUG com.polestar.ndcrefill.Main - {"creation_date":"2022-06-02","creation_time":"15:41:51","trail_date":"2022-06-02","trail_time":"15:38:00","trail_latitude":"11.08","trail_longitude":"-74.24","trail_speed":"0.2","trail_heading":"9","i_m_o_number":"9840154","DC_ID":"1027"}
14:24:13.898 [main] DEBUG com.polestar.ndcrefill.Main - {"creation_date":"2022-06-02","creation_time":"21:42:10","trail_date":"2022-06-02","trail_time":"21:38:00","trail_latitude":"11.08","trail_longitude":"-74.23866667","trail_speed":"0","trail_heading":"348","i_m_o_number":"9840154","DC_ID":"1027"}
14:24:13.898 [main] DEBUG com.polestar.ndcrefill.Main - {"creation_date":"2022-06-03","creation_time":"03:41:42","trail_date":"2022-06-03","trail_time":"03:38:00","trail_latitude":"11.242","trail_longitude":"-74.22133333","trail_speed":"0.2","trail_heading":"150","i_m_o_number":"9840154","DC_ID":"1027"}
14:24:13.898 [main] DEBUG com.polestar.ndcrefill.Main - {"creation_date":"2022-06-03","creation_time":"09:41:18","trail_date":"2022-06-03","trail_time":"09:38:00","trail_latitude":"11.252","trail_longitude":"-74.21533333","trail_speed":"0","trail_heading":"326","i_m_o_number":"9840154","DC_ID":"1027"}
14:24:13.899 [main] DEBUG com.polestar.ndcrefill.Main - {"creation_date":"2022-06-03","creation_time":"15:41:35","trail_date":"2022-06-03","trail_time":"15:38:00","trail_latitude":"11.096","trail_longitude":"-74.27133333","trail_speed":"0.6","trail_heading":"45","i_m_o_number":"9840154","DC_ID":"1027"}
14:24:13.899 [main] DEBUG com.polestar.ndcrefill.Main - {"creation_date":"2022-06-03","creation_time":"21:41:01","trail_date":"2022-06-03","trail_time":"21:38:00","trail_latitude":"11.24866667","trail_longitude":"-74.216","trail_speed":"0","trail_heading":"32","i_m_o_number":"9840154","DC_ID":"1027"}
14:24:13.899 [main] DEBUG com.polestar.ndcrefill.Main - {"creation_date":"2022-06-04","creation_time":"03:41:19","trail_date":"2022-06-04","trail_time":"03:38:00","trail_latitude":"11.24133333","trail_longitude":"-74.22133333","trail_speed":"0","trail_heading":"276","i_m_o_number":"9840154","DC_ID":"1027"}
14:24:14.527 [main] DEBUG com.polestar.ndcrefill.Main - [0,0,0,0,0,0,0,0,0,0,0,0,0,0,0,0,0,0,0,0,0,0,0,0,0,0,0,0,0,0,0,0,0,0,0,0,0,0,0,0,0,0,0,0,0,0,0,0]
14:24:14.527 [main] INFO  com.polestar.ndcrefill.Main - Current position: 48 out of 48
14:24:14.528 [main] INFO  com.polestar.ndcrefill.Main - -----------------------------------------------------------------
14:24:15.306 [main] INFO  com.polestar.ndcrefill.Main - new max shippositionID: 77412
14:24:15.307 [main] INFO  com.polestar.ndcrefill.Main - new ship position generator value 1558
14:24:15.914 [main] INFO  com.polestar.ndcrefill.Main - Updated Ship Position Generator value successfully
14:24:15.914 [main] INFO  com.polestar.ndcrefill.Main - -----------------------------------------------------------------
14:24:16.737 [main] INFO  com.polestar.ndcrefill.Main - new max messageID: 452026
14:24:16.737 [main] INFO  com.polestar.ndcrefill.Main - new message generator value 9050
14:24:17.030 [main] INFO  com.polestar.ndcrefill.Main - Updated Message Generator value successfully
14:24:17.030 [main] INFO  com.polestar.ndcrefill.Main - -----------------------------------------------------------------
14:24:17.030 [main] INFO  com.polestar.ndcrefill.Main - finished: 2022-06-17 14:24:17.03
14:24:17.031 [main] INFO  com.polestar.ndcrefill.Main - time taken: PT7.425S
14:24:17.031 [main] INFO  com.polestar.ndcrefill.Main - -----------------------------------------------------------------
