14:11:19.040 [main] INFO  com.polestar.ndcrefill.Main - -----------------------------------------------------------------
14:11:19.042 [main] INFO  com.polestar.ndcrefill.Main - Start: 2022-06-15 14:11:19.042
14:11:19.042 [main] INFO  com.polestar.ndcrefill.Main - -----------------------------------------------------------------
14:11:19.042 [main] INFO  com.polestar.ndcrefill.Main - Starting Backfill
14:11:19.042 [main] INFO  com.polestar.ndcrefill.Main - HOST: jdbc:postgresql://lrit-cluster-one.polestar-production.local:5432/
14:11:19.042 [main] INFO  com.polestar.ndcrefill.Main - MASTER_USERNAME: guy
14:11:19.042 [main] INFO  com.polestar.ndcrefill.Main - DO_INSERTS: false
14:11:19.042 [main] INFO  com.polestar.ndcrefill.Main - FILE_LOCATION: src/main/resources/missing_positions.csv
14:11:19.042 [main] INFO  com.polestar.ndcrefill.Main - FLAG_CODE: 1060
14:11:19.042 [main] INFO  com.polestar.ndcrefill.Main - DATA_CENTER_IDENTIFIER: 3060
14:11:25.362 [main] INFO  com.polestar.ndcrefill.Main - -----------------------------------------------------------------
14:11:25.362 [main] INFO  com.polestar.ndcrefill.Main - Starting Details
14:11:26.002 [main] INFO  com.polestar.ndcrefill.Main - ShipPosition Generator Value: 157
14:11:26.569 [main] INFO  com.polestar.ndcrefill.Main - Message Generator Value: 8943
14:11:27.396 [main] INFO  com.polestar.ndcrefill.Main - current max ship position id is: 7847 starting shipPositionID: 9847
14:11:27.770 [main] INFO  com.polestar.ndcrefill.Main - current max message id is: 447143 starting messageID: 449143
14:11:27.770 [main] INFO  com.polestar.ndcrefill.Main - -----------------------------------------------------------------
14:11:28.429 [main] INFO  com.polestar.ndcrefill.Main - Updating Insert Positions function
14:11:29.044 [main] INFO  com.polestar.ndcrefill.Main - Updated Successfully
14:11:29.044 [main] INFO  com.polestar.ndcrefill.Main - -----------------------------------------------------------------
14:11:29.046 [main] INFO  com.polestar.ndcrefill.FileService - starting to process file
14:11:29.245 [main] INFO  com.polestar.ndcrefill.FileService - Positions count: 108
14:11:29.245 [main] INFO  com.polestar.ndcrefill.Main - -----------------------------------------------------------------
14:11:29.251 [main] DEBUG com.polestar.ndcrefill.Main - {"creation_date":"2022-06-05","creation_time":"18:31:46","trail_date":"2022-06-05","trail_time":"18:30:00","trail_latitude":"1.838","trail_longitude":"104.734","trail_speed":"0","trail_heading":"103","i_m_o_number":"9255945","DC_ID":"1060"}
14:11:29.251 [main] DEBUG com.polestar.ndcrefill.Main - {"creation_date":"2022-06-05","creation_time":"12:33:27","trail_date":"2022-06-05","trail_time":"12:30:00","trail_latitude":"1.837333333","trail_longitude":"104.7346667","trail_speed":"0","trail_heading":"310","i_m_o_number":"9255945","DC_ID":"1060"}
14:11:29.252 [main] DEBUG com.polestar.ndcrefill.Main - {"creation_date":"2022-06-05","creation_time":"06:33:43","trail_date":"2022-06-05","trail_time":"06:30:00","trail_latitude":"1.838","trail_longitude":"104.7333333","trail_speed":"0","trail_heading":"252","i_m_o_number":"9255945","DC_ID":"1060"}
14:11:29.252 [main] DEBUG com.polestar.ndcrefill.Main - {"creation_date":"2022-06-05","creation_time":"00:32:56","trail_date":"2022-06-05","trail_time":"00:30:00","trail_latitude":"1.838","trail_longitude":"104.7326667","trail_speed":"0","trail_heading":"252","i_m_o_number":"9255945","DC_ID":"1060"}
14:11:29.252 [main] DEBUG com.polestar.ndcrefill.Main - {"creation_date":"2022-06-04","creation_time":"18:32:28","trail_date":"2022-06-04","trail_time":"18:30:00","trail_latitude":"1.838","trail_longitude":"104.7333333","trail_speed":"0","trail_heading":"148","i_m_o_number":"9255945","DC_ID":"1060"}
14:11:29.252 [main] DEBUG com.polestar.ndcrefill.Main - {"creation_date":"2022-06-04","creation_time":"12:33:15","trail_date":"2022-06-04","trail_time":"12:30:00","trail_latitude":"1.837333333","trail_longitude":"104.7346667","trail_speed":"0","trail_heading":"148","i_m_o_number":"9255945","DC_ID":"1060"}
14:11:29.252 [main] DEBUG com.polestar.ndcrefill.Main - {"creation_date":"2022-06-04","creation_time":"06:32:59","trail_date":"2022-06-04","trail_time":"06:30:00","trail_latitude":"1.837333333","trail_longitude":"104.7346667","trail_speed":"0","trail_heading":"94","i_m_o_number":"9255945","DC_ID":"1060"}
14:11:29.253 [main] DEBUG com.polestar.ndcrefill.Main - {"creation_date":"2022-06-04","creation_time":"00:33:09","trail_date":"2022-06-04","trail_time":"00:30:00","trail_latitude":"1.838","trail_longitude":"104.7326667","trail_speed":"0","trail_heading":"230","i_m_o_number":"9255945","DC_ID":"1060"}
14:11:29.253 [main] DEBUG com.polestar.ndcrefill.Main - {"creation_date":"2022-06-03","creation_time":"18:31:48","trail_date":"2022-06-03","trail_time":"18:30:00","trail_latitude":"1.838","trail_longitude":"104.7333333","trail_speed":"0","trail_heading":"280","i_m_o_number":"9255945","DC_ID":"1060"}
14:11:29.253 [main] DEBUG com.polestar.ndcrefill.Main - {"creation_date":"2022-06-03","creation_time":"12:32:22","trail_date":"2022-06-03","trail_time":"12:30:00","trail_latitude":"1.838","trail_longitude":"104.7333333","trail_speed":"0","trail_heading":"84","i_m_o_number":"9255945","DC_ID":"1060"}
14:11:29.253 [main] DEBUG com.polestar.ndcrefill.Main - {"creation_date":"2022-06-03","creation_time":"06:33:11","trail_date":"2022-06-03","trail_time":"06:30:00","trail_latitude":"1.837333333","trail_longitude":"104.7346667","trail_speed":"0","trail_heading":"84","i_m_o_number":"9255945","DC_ID":"1060"}
14:11:29.253 [main] DEBUG com.polestar.ndcrefill.Main - {"creation_date":"2022-06-03","creation_time":"00:32:11","trail_date":"2022-06-03","trail_time":"00:30:00","trail_latitude":"1.838","trail_longitude":"104.7326667","trail_speed":"0","trail_heading":"235","i_m_o_number":"9255945","DC_ID":"1060"}
14:11:29.254 [main] DEBUG com.polestar.ndcrefill.Main - {"creation_date":"2022-06-02","creation_time":"18:32:59","trail_date":"2022-06-02","trail_time":"18:30:00","trail_latitude":"1.838","trail_longitude":"104.734","trail_speed":"0","trail_heading":"319","i_m_o_number":"9255945","DC_ID":"1060"}
14:11:29.254 [main] DEBUG com.polestar.ndcrefill.Main - {"creation_date":"2022-06-02","creation_time":"12:32:22","trail_date":"2022-06-02","trail_time":"12:30:00","trail_latitude":"1.838","trail_longitude":"104.7333333","trail_speed":"0","trail_heading":"319","i_m_o_number":"9255945","DC_ID":"1060"}
14:11:29.254 [main] DEBUG com.polestar.ndcrefill.Main - {"creation_date":"2022-06-02","creation_time":"06:32:54","trail_date":"2022-06-02","trail_time":"06:30:00","trail_latitude":"1.836","trail_longitude":"104.7353333","trail_speed":"0","trail_heading":"159","i_m_o_number":"9255945","DC_ID":"1060"}
14:11:29.254 [main] DEBUG com.polestar.ndcrefill.Main - {"creation_date":"2022-06-02","creation_time":"00:31:35","trail_date":"2022-06-02","trail_time":"00:30:00","trail_latitude":"1.838","trail_longitude":"104.7326667","trail_speed":"0","trail_heading":"230","i_m_o_number":"9255945","DC_ID":"1060"}
14:11:29.254 [main] DEBUG com.polestar.ndcrefill.Main - {"creation_date":"2022-06-05","creation_time":"21:11:26","trail_date":"2022-06-05","trail_time":"21:08:00","trail_latitude":"31.038","trail_longitude":"122.6273333","trail_speed":"0.6","trail_heading":"43","i_m_o_number":"8501402","DC_ID":"1060"}
14:11:29.255 [main] DEBUG com.polestar.ndcrefill.Main - {"creation_date":"2022-06-05","creation_time":"15:12:51","trail_date":"2022-06-05","trail_time":"15:08:00","trail_latitude":"31.03733333","trail_longitude":"122.6253333","trail_speed":"0","trail_heading":"334","i_m_o_number":"8501402","DC_ID":"1060"}
14:11:29.255 [main] DEBUG com.polestar.ndcrefill.Main - {"creation_date":"2022-06-05","creation_time":"09:12:49","trail_date":"2022-06-05","trail_time":"09:08:00","trail_latitude":"31.03733333","trail_longitude":"122.6266667","trail_speed":"0.4","trail_heading":"62","i_m_o_number":"8501402","DC_ID":"1060"}
14:11:29.255 [main] DEBUG com.polestar.ndcrefill.Main - {"creation_date":"2022-06-05","creation_time":"03:12:03","trail_date":"2022-06-05","trail_time":"03:08:00","trail_latitude":"31.03866667","trail_longitude":"122.6253333","trail_speed":"0.2","trail_heading":"92","i_m_o_number":"8501402","DC_ID":"1060"}
14:11:29.255 [main] DEBUG com.polestar.ndcrefill.Main - {"creation_date":"2022-06-04","creation_time":"21:11:27","trail_date":"2022-06-04","trail_time":"21:08:00","trail_latitude":"31.04","trail_longitude":"122.6273333","trail_speed":"0.4","trail_heading":"330","i_m_o_number":"8501402","DC_ID":"1060"}
14:11:29.255 [main] DEBUG com.polestar.ndcrefill.Main - {"creation_date":"2022-06-04","creation_time":"15:11:03","trail_date":"2022-06-04","trail_time":"15:08:00","trail_latitude":"31.03933333","trail_longitude":"122.624","trail_speed":"0","trail_heading":"0","i_m_o_number":"8501402","DC_ID":"1060"}
14:11:29.255 [main] DEBUG com.polestar.ndcrefill.Main - {"creation_date":"2022-06-04","creation_time":"09:11:27","trail_date":"2022-06-04","trail_time":"09:08:00","trail_latitude":"31.03933333","trail_longitude":"122.6273333","trail_speed":"0","trail_heading":"25","i_m_o_number":"8501402","DC_ID":"1060"}
14:11:29.256 [main] DEBUG com.polestar.ndcrefill.Main - {"creation_date":"2022-06-04","creation_time":"03:13:36","trail_date":"2022-06-04","trail_time":"03:08:00","trail_latitude":"31.04066667","trail_longitude":"122.6253333","trail_speed":"0","trail_heading":"109","i_m_o_number":"8501402","DC_ID":"1060"}
14:11:29.256 [main] DEBUG com.polestar.ndcrefill.Main - {"creation_date":"2022-06-03","creation_time":"21:14:41","trail_date":"2022-06-03","trail_time":"21:08:00","trail_latitude":"31.04","trail_longitude":"122.6273333","trail_speed":"0.2","trail_heading":"98","i_m_o_number":"8501402","DC_ID":"1060"}
14:11:29.256 [main] DEBUG com.polestar.ndcrefill.Main - {"creation_date":"2022-06-03","creation_time":"15:11:56","trail_date":"2022-06-03","trail_time":"15:08:00","trail_latitude":"31.04","trail_longitude":"122.6246667","trail_speed":"0","trail_heading":"234","i_m_o_number":"8501402","DC_ID":"1060"}
14:11:29.256 [main] DEBUG com.polestar.ndcrefill.Main - {"creation_date":"2022-06-03","creation_time":"09:12:05","trail_date":"2022-06-03","trail_time":"09:08:00","trail_latitude":"31.038","trail_longitude":"122.628","trail_speed":"0.2","trail_heading":"144","i_m_o_number":"8501402","DC_ID":"1060"}
14:11:29.256 [main] DEBUG com.polestar.ndcrefill.Main - {"creation_date":"2022-06-03","creation_time":"03:14:40","trail_date":"2022-06-03","trail_time":"03:08:00","trail_latitude":"31.04066667","trail_longitude":"122.6253333","trail_speed":"0.2","trail_heading":"37","i_m_o_number":"8501402","DC_ID":"1060"}
14:11:29.256 [main] DEBUG com.polestar.ndcrefill.Main - {"creation_date":"2022-06-02","creation_time":"21:11:40","trail_date":"2022-06-02","trail_time":"21:08:00","trail_latitude":"31.03933333","trail_longitude":"122.628","trail_speed":"0.2","trail_heading":"94","i_m_o_number":"8501402","DC_ID":"1060"}
14:11:29.257 [main] DEBUG com.polestar.ndcrefill.Main - {"creation_date":"2022-06-02","creation_time":"15:10:33","trail_date":"2022-06-02","trail_time":"15:08:00","trail_latitude":"31.18066667","trail_longitude":"122.7846667","trail_speed":"6.2","trail_heading":"182","i_m_o_number":"8501402","DC_ID":"1060"}
14:11:29.257 [main] DEBUG com.polestar.ndcrefill.Main - {"creation_date":"2022-06-02","creation_time":"09:10:56","trail_date":"2022-06-02","trail_time":"09:08:00","trail_latitude":"31.87733333","trail_longitude":"123.1433333","trail_speed":"7","trail_heading":"207","i_m_o_number":"8501402","DC_ID":"1060"}
14:11:29.257 [main] DEBUG com.polestar.ndcrefill.Main - {"creation_date":"2022-06-02","creation_time":"03:11:21","trail_date":"2022-06-02","trail_time":"03:08:00","trail_latitude":"32.42933333","trail_longitude":"123.4726667","trail_speed":"6.4","trail_heading":"208","i_m_o_number":"8501402","DC_ID":"1060"}
14:11:29.257 [main] DEBUG com.polestar.ndcrefill.Main - {"creation_date":"2022-06-05","creation_time":"04:17:31","trail_date":"2022-06-05","trail_time":"04:12:00","trail_latitude":"34.91933333","trail_longitude":"35.77333333","trail_speed":"8.8","trail_heading":"87","i_m_o_number":"7713175","DC_ID":"1060"}
14:11:29.257 [main] DEBUG com.polestar.ndcrefill.Main - {"creation_date":"2022-06-04","creation_time":"22:14:55","trail_date":"2022-06-04","trail_time":"21:28:00","trail_latitude":"34.73133333","trail_longitude":"34.60133333","trail_speed":"8.8","trail_heading":"69","i_m_o_number":"7713175","DC_ID":"1060"}
14:11:29.257 [main] DEBUG com.polestar.ndcrefill.Main - {"creation_date":"2022-06-04","creation_time":"16:17:36","trail_date":"2022-06-04","trail_time":"16:12:00","trail_latitude":"34.49866667","trail_longitude":"33.622","trail_speed":"9.8","trail_heading":"77","i_m_o_number":"7713175","DC_ID":"1060"}
14:11:29.258 [main] DEBUG com.polestar.ndcrefill.Main - {"creation_date":"2022-06-04","creation_time":"10:15:28","trail_date":"2022-06-04","trail_time":"10:12:00","trail_latitude":"34.462","trail_longitude":"32.588","trail_speed":"1.2","trail_heading":"178","i_m_o_number":"7713175","DC_ID":"1060"}
14:11:29.258 [main] DEBUG com.polestar.ndcrefill.Main - {"creation_date":"2022-06-02","creation_time":"04:15:20","trail_date":"2022-06-02","trail_time":"04:12:00","trail_latitude":"39.14333333","trail_longitude":"25.63933333","trail_speed":"8.8","trail_heading":"172","i_m_o_number":"7713175","DC_ID":"1060"}
14:11:29.258 [main] DEBUG com.polestar.ndcrefill.Main - {"creation_date":"2022-06-02","creation_time":"10:14:41","trail_date":"2022-06-02","trail_time":"10:12:00","trail_latitude":"38.24733333","trail_longitude":"25.738","trail_speed":"8.8","trail_heading":"166","i_m_o_number":"7713175","DC_ID":"1060"}
14:11:29.258 [main] DEBUG com.polestar.ndcrefill.Main - {"creation_date":"2022-06-02","creation_time":"16:15:06","trail_date":"2022-06-02","trail_time":"16:12:00","trail_latitude":"37.38733333","trail_longitude":"26.08666667","trail_speed":"9.6","trail_heading":"122","i_m_o_number":"7713175","DC_ID":"1060"}
14:11:29.258 [main] DEBUG com.polestar.ndcrefill.Main - {"creation_date":"2022-06-02","creation_time":"22:15:07","trail_date":"2022-06-02","trail_time":"22:12:00","trail_latitude":"36.70133333","trail_longitude":"26.796","trail_speed":"9","trail_heading":"157","i_m_o_number":"7713175","DC_ID":"1060"}
14:11:29.258 [main] DEBUG com.polestar.ndcrefill.Main - {"creation_date":"2022-06-03","creation_time":"04:14:25","trail_date":"2022-06-03","trail_time":"04:12:00","trail_latitude":"36.45","trail_longitude":"27.796","trail_speed":"8.8","trail_heading":"93","i_m_o_number":"7713175","DC_ID":"1060"}
14:11:29.258 [main] DEBUG com.polestar.ndcrefill.Main - {"creation_date":"2022-06-03","creation_time":"10:15:19","trail_date":"2022-06-03","trail_time":"10:12:00","trail_latitude":"36.232","trail_longitude":"28.81466667","trail_speed":"8.4","trail_heading":"120","i_m_o_number":"7713175","DC_ID":"1060"}
14:11:29.258 [main] DEBUG com.polestar.ndcrefill.Main - {"creation_date":"2022-06-03","creation_time":"16:14:41","trail_date":"2022-06-03","trail_time":"16:12:00","trail_latitude":"35.808","trail_longitude":"29.74133333","trail_speed":"9.4","trail_heading":"119","i_m_o_number":"7713175","DC_ID":"1060"}
14:11:29.259 [main] DEBUG com.polestar.ndcrefill.Main - {"creation_date":"2022-06-03","creation_time":"22:15:09","trail_date":"2022-06-03","trail_time":"22:12:00","trail_latitude":"35.33866667","trail_longitude":"30.722","trail_speed":"9","trail_heading":"120","i_m_o_number":"7713175","DC_ID":"1060"}
14:11:29.259 [main] DEBUG com.polestar.ndcrefill.Main - {"creation_date":"2022-06-04","creation_time":"04:14:54","trail_date":"2022-06-04","trail_time":"04:12:00","trail_latitude":"34.882","trail_longitude":"31.65866667","trail_speed":"8.8","trail_heading":"123","i_m_o_number":"7713175","DC_ID":"1060"}
14:11:29.259 [main] DEBUG com.polestar.ndcrefill.Main - {"creation_date":"2022-06-05","creation_time":"16:53:28","trail_date":"2022-06-05","trail_time":"16:44:00","trail_latitude":"35.89466667","trail_longitude":"14.82933333","trail_speed":"0","trail_heading":"0","i_m_o_number":"9046758","DC_ID":"1060"}
14:11:29.259 [main] DEBUG com.polestar.ndcrefill.Main - {"creation_date":"2022-06-05","creation_time":"10:53:41","trail_date":"2022-06-05","trail_time":"10:50:00","trail_latitude":"35.894","trail_longitude":"14.82933333","trail_speed":"0","trail_heading":"302","i_m_o_number":"9046758","DC_ID":"1060"}
14:11:29.259 [main] DEBUG com.polestar.ndcrefill.Main - {"creation_date":"2022-06-05","creation_time":"04:53:27","trail_date":"2022-06-05","trail_time":"04:50:00","trail_latitude":"35.894","trail_longitude":"14.83066667","trail_speed":"0","trail_heading":"28","i_m_o_number":"9046758","DC_ID":"1060"}
14:11:29.259 [main] DEBUG com.polestar.ndcrefill.Main - {"creation_date":"2022-06-04","creation_time":"22:53:23","trail_date":"2022-06-04","trail_time":"22:50:00","trail_latitude":"35.89533333","trail_longitude":"14.83","trail_speed":"0.2","trail_heading":"293","i_m_o_number":"9046758","DC_ID":"1060"}
14:11:29.260 [main] DEBUG com.polestar.ndcrefill.Main - {"creation_date":"2022-06-04","creation_time":"16:53:30","trail_date":"2022-06-04","trail_time":"16:50:00","trail_latitude":"35.89466667","trail_longitude":"14.82933333","trail_speed":"0.2","trail_heading":"351","i_m_o_number":"9046758","DC_ID":"1060"}
14:11:29.260 [main] DEBUG com.polestar.ndcrefill.Main - {"creation_date":"2022-06-04","creation_time":"10:54:07","trail_date":"2022-06-04","trail_time":"10:50:00","trail_latitude":"35.894","trail_longitude":"14.83","trail_speed":"0","trail_heading":"225","i_m_o_number":"9046758","DC_ID":"1060"}
14:11:29.260 [main] DEBUG com.polestar.ndcrefill.Main - {"creation_date":"2022-06-02","creation_time":"04:53:41","trail_date":"2022-06-02","trail_time":"04:50:00","trail_latitude":"35.894","trail_longitude":"14.83","trail_speed":"0.2","trail_heading":"232","i_m_o_number":"9046758","DC_ID":"1060"}
14:11:29.260 [main] DEBUG com.polestar.ndcrefill.Main - {"creation_date":"2022-06-02","creation_time":"10:53:37","trail_date":"2022-06-02","trail_time":"10:50:00","trail_latitude":"35.89466667","trail_longitude":"14.82933333","trail_speed":"0.2","trail_heading":"40","i_m_o_number":"9046758","DC_ID":"1060"}
14:11:29.260 [main] DEBUG com.polestar.ndcrefill.Main - {"creation_date":"2022-06-02","creation_time":"16:53:44","trail_date":"2022-06-02","trail_time":"16:48:00","trail_latitude":"35.89533333","trail_longitude":"14.82933333","trail_speed":"0","trail_heading":"0","i_m_o_number":"9046758","DC_ID":"1060"}
14:11:29.260 [main] DEBUG com.polestar.ndcrefill.Main - {"creation_date":"2022-06-02","creation_time":"22:53:23","trail_date":"2022-06-02","trail_time":"22:48:00","trail_latitude":"35.89533333","trail_longitude":"14.83","trail_speed":"0","trail_heading":"0","i_m_o_number":"9046758","DC_ID":"1060"}
14:11:29.260 [main] DEBUG com.polestar.ndcrefill.Main - {"creation_date":"2022-06-03","creation_time":"04:53:42","trail_date":"2022-06-03","trail_time":"04:50:00","trail_latitude":"35.89466667","trail_longitude":"14.83","trail_speed":"0.2","trail_heading":"256","i_m_o_number":"9046758","DC_ID":"1060"}
14:11:29.260 [main] DEBUG com.polestar.ndcrefill.Main - {"creation_date":"2022-06-03","creation_time":"10:53:43","trail_date":"2022-06-03","trail_time":"10:50:00","trail_latitude":"35.894","trail_longitude":"14.83","trail_speed":"0.2","trail_heading":"255","i_m_o_number":"9046758","DC_ID":"1060"}
14:11:29.261 [main] DEBUG com.polestar.ndcrefill.Main - {"creation_date":"2022-06-03","creation_time":"16:53:38","trail_date":"2022-06-03","trail_time":"16:50:00","trail_latitude":"35.89466667","trail_longitude":"14.82933333","trail_speed":"0.2","trail_heading":"31","i_m_o_number":"9046758","DC_ID":"1060"}
14:11:29.261 [main] DEBUG com.polestar.ndcrefill.Main - {"creation_date":"2022-06-03","creation_time":"22:53:41","trail_date":"2022-06-03","trail_time":"22:50:00","trail_latitude":"35.89466667","trail_longitude":"14.83","trail_speed":"0.2","trail_heading":"276","i_m_o_number":"9046758","DC_ID":"1060"}
14:11:29.261 [main] DEBUG com.polestar.ndcrefill.Main - {"creation_date":"2022-06-04","creation_time":"04:53:40","trail_date":"2022-06-04","trail_time":"04:50:00","trail_latitude":"35.89466667","trail_longitude":"14.83066667","trail_speed":"0.2","trail_heading":"22","i_m_o_number":"9046758","DC_ID":"1060"}
14:11:29.261 [main] DEBUG com.polestar.ndcrefill.Main - {"creation_date":"2022-06-05","creation_time":"18:23:45","trail_date":"2022-06-05","trail_time":"18:22:00","trail_latitude":"37.574","trail_longitude":"-0.9613333333","trail_speed":"0","trail_heading":"167","i_m_o_number":"7601073","DC_ID":"1060"}
14:11:29.261 [main] DEBUG com.polestar.ndcrefill.Main - {"creation_date":"2022-06-05","creation_time":"12:23:35","trail_date":"2022-06-05","trail_time":"12:22:00","trail_latitude":"37.574","trail_longitude":"-0.9613333333","trail_speed":"0","trail_heading":"89","i_m_o_number":"7601073","DC_ID":"1060"}
14:11:29.261 [main] DEBUG com.polestar.ndcrefill.Main - {"creation_date":"2022-06-05","creation_time":"08:18:08","trail_date":"2022-06-05","trail_time":"08:14:00","trail_latitude":"37.574","trail_longitude":"-0.9613333333","trail_speed":"0","trail_heading":"166","i_m_o_number":"7601073","DC_ID":"1060"}
14:11:29.261 [main] DEBUG com.polestar.ndcrefill.Main - {"creation_date":"2022-06-05","creation_time":"00:23:26","trail_date":"2022-06-05","trail_time":"00:22:00","trail_latitude":"37.574","trail_longitude":"-0.9613333333","trail_speed":"0","trail_heading":"133","i_m_o_number":"7601073","DC_ID":"1060"}
14:11:29.261 [main] DEBUG com.polestar.ndcrefill.Main - {"creation_date":"2022-06-04","creation_time":"18:23:23","trail_date":"2022-06-04","trail_time":"18:22:00","trail_latitude":"37.574","trail_longitude":"-0.9613333333","trail_speed":"0","trail_heading":"86","i_m_o_number":"7601073","DC_ID":"1060"}
14:11:29.262 [main] DEBUG com.polestar.ndcrefill.Main - {"creation_date":"2022-06-04","creation_time":"12:23:41","trail_date":"2022-06-04","trail_time":"12:22:00","trail_latitude":"37.574","trail_longitude":"-0.9613333333","trail_speed":"0","trail_heading":"119","i_m_o_number":"7601073","DC_ID":"1060"}
14:11:29.262 [main] DEBUG com.polestar.ndcrefill.Main - {"creation_date":"2022-06-02","creation_time":"00:26:36","trail_date":"2022-06-02","trail_time":"00:22:00","trail_latitude":"37.574","trail_longitude":"-0.9613333333","trail_speed":"0","trail_heading":"137","i_m_o_number":"7601073","DC_ID":"1060"}
14:11:29.262 [main] DEBUG com.polestar.ndcrefill.Main - {"creation_date":"2022-06-02","creation_time":"12:23:26","trail_date":"2022-06-02","trail_time":"12:22:00","trail_latitude":"37.574","trail_longitude":"-0.9613333333","trail_speed":"0","trail_heading":"110","i_m_o_number":"7601073","DC_ID":"1060"}
14:11:29.262 [main] DEBUG com.polestar.ndcrefill.Main - {"creation_date":"2022-06-02","creation_time":"18:23:39","trail_date":"2022-06-02","trail_time":"18:22:00","trail_latitude":"37.574","trail_longitude":"-0.9613333333","trail_speed":"0","trail_heading":"216","i_m_o_number":"7601073","DC_ID":"1060"}
14:11:29.262 [main] DEBUG com.polestar.ndcrefill.Main - {"creation_date":"2022-06-03","creation_time":"00:23:41","trail_date":"2022-06-03","trail_time":"00:22:00","trail_latitude":"37.574","trail_longitude":"-0.9613333333","trail_speed":"0","trail_heading":"149","i_m_o_number":"7601073","DC_ID":"1060"}
14:11:29.262 [main] DEBUG com.polestar.ndcrefill.Main - {"creation_date":"2022-06-03","creation_time":"06:26:49","trail_date":"2022-06-03","trail_time":"06:22:00","trail_latitude":"37.574","trail_longitude":"-0.9613333333","trail_speed":"0","trail_heading":"25","i_m_o_number":"7601073","DC_ID":"1060"}
14:11:29.262 [main] DEBUG com.polestar.ndcrefill.Main - {"creation_date":"2022-06-03","creation_time":"12:23:52","trail_date":"2022-06-03","trail_time":"12:22:00","trail_latitude":"37.574","trail_longitude":"-0.9613333333","trail_speed":"0","trail_heading":"122","i_m_o_number":"7601073","DC_ID":"1060"}
14:11:29.262 [main] DEBUG com.polestar.ndcrefill.Main - {"creation_date":"2022-06-03","creation_time":"18:23:49","trail_date":"2022-06-03","trail_time":"18:22:00","trail_latitude":"37.574","trail_longitude":"-0.9613333333","trail_speed":"0","trail_heading":"101","i_m_o_number":"7601073","DC_ID":"1060"}
14:11:29.262 [main] DEBUG com.polestar.ndcrefill.Main - {"creation_date":"2022-06-04","creation_time":"00:23:12","trail_date":"2022-06-04","trail_time":"00:22:00","trail_latitude":"37.574","trail_longitude":"-0.9613333333","trail_speed":"0","trail_heading":"123","i_m_o_number":"7601073","DC_ID":"1060"}
14:11:29.263 [main] DEBUG com.polestar.ndcrefill.Main - {"creation_date":"2022-06-04","creation_time":"06:23:20","trail_date":"2022-06-04","trail_time":"06:22:00","trail_latitude":"37.574","trail_longitude":"-0.9613333333","trail_speed":"0","trail_heading":"169","i_m_o_number":"7601073","DC_ID":"1060"}
14:11:29.263 [main] DEBUG com.polestar.ndcrefill.Main - {"creation_date":"2022-06-05","creation_time":"18:09:14","trail_date":"2022-06-05","trail_time":"18:08:00","trail_latitude":"39.68466667","trail_longitude":"25.47466667","trail_speed":"2.2","trail_heading":"310","i_m_o_number":"9162916","DC_ID":"1060"}
14:11:29.263 [main] DEBUG com.polestar.ndcrefill.Main - {"creation_date":"2022-06-05","creation_time":"12:10:23","trail_date":"2022-06-05","trail_time":"12:08:00","trail_latitude":"38.87933333","trail_longitude":"25.42266667","trail_speed":"8.6","trail_heading":"6","i_m_o_number":"9162916","DC_ID":"1060"}
14:11:29.263 [main] DEBUG com.polestar.ndcrefill.Main - {"creation_date":"2022-06-05","creation_time":"06:10:22","trail_date":"2022-06-05","trail_time":"06:08:00","trail_latitude":"38.09466667","trail_longitude":"24.74533333","trail_speed":"8.8","trail_heading":"25","i_m_o_number":"9162916","DC_ID":"1060"}
14:11:29.263 [main] DEBUG com.polestar.ndcrefill.Main - {"creation_date":"2022-06-05","creation_time":"00:44:02","trail_date":"2022-06-05","trail_time":"00:28:00","trail_latitude":"37.45466667","trail_longitude":"24.05333333","trail_speed":"9.6","trail_heading":"24","i_m_o_number":"9162916","DC_ID":"1060"}
14:11:29.263 [main] DEBUG com.polestar.ndcrefill.Main - {"creation_date":"2022-06-05","creation_time":"00:15:39","trail_date":"2022-06-05","trail_time":"00:08:00","trail_latitude":"37.40533333","trail_longitude":"24.02666667","trail_speed":"9.6","trail_heading":"23","i_m_o_number":"9162916","DC_ID":"1060"}
14:11:29.263 [main] DEBUG com.polestar.ndcrefill.Main - {"creation_date":"2022-06-04","creation_time":"18:10:46","trail_date":"2022-06-04","trail_time":"18:10:00","trail_latitude":"36.46933333","trail_longitude":"23.67","trail_speed":"10.2","trail_heading":"13","i_m_o_number":"9162916","DC_ID":"1060"}
14:11:29.263 [main] DEBUG com.polestar.ndcrefill.Main - {"creation_date":"2022-06-04","creation_time":"12:10:15","trail_date":"2022-06-04","trail_time":"12:08:00","trail_latitude":"35.60266667","trail_longitude":"23.162","trail_speed":"9.2","trail_heading":"62","i_m_o_number":"9162916","DC_ID":"1060"}
14:11:29.263 [main] DEBUG com.polestar.ndcrefill.Main - {"creation_date":"2022-06-02","creation_time":"00:14:10","trail_date":"2022-06-02","trail_time":"00:08:00","trail_latitude":"36.534","trail_longitude":"22.72466667","trail_speed":"0.4","trail_heading":"218","i_m_o_number":"9162916","DC_ID":"1060"}
14:11:29.264 [main] DEBUG com.polestar.ndcrefill.Main - {"creation_date":"2022-06-02","creation_time":"06:10:35","trail_date":"2022-06-02","trail_time":"06:08:00","trail_latitude":"36.50466667","trail_longitude":"22.68733333","trail_speed":"0.2","trail_heading":"242","i_m_o_number":"9162916","DC_ID":"1060"}
14:11:29.264 [main] DEBUG com.polestar.ndcrefill.Main - {"creation_date":"2022-06-02","creation_time":"12:09:25","trail_date":"2022-06-02","trail_time":"12:08:00","trail_latitude":"36.50733333","trail_longitude":"22.684","trail_speed":"0","trail_heading":"334","i_m_o_number":"9162916","DC_ID":"1060"}
14:11:29.264 [main] DEBUG com.polestar.ndcrefill.Main - {"creation_date":"2022-06-02","creation_time":"18:09:39","trail_date":"2022-06-02","trail_time":"18:08:00","trail_latitude":"36.518","trail_longitude":"22.70066667","trail_speed":"0","trail_heading":"31","i_m_o_number":"9162916","DC_ID":"1060"}
14:11:29.264 [main] DEBUG com.polestar.ndcrefill.Main - {"creation_date":"2022-06-03","creation_time":"00:10:14","trail_date":"2022-06-03","trail_time":"00:08:00","trail_latitude":"35.984","trail_longitude":"22.69666667","trail_speed":"10.2","trail_heading":"170","i_m_o_number":"9162916","DC_ID":"1060"}
14:11:29.264 [main] DEBUG com.polestar.ndcrefill.Main - {"creation_date":"2022-06-03","creation_time":"06:13:22","trail_date":"2022-06-03","trail_time":"06:08:00","trail_latitude":"35.70733333","trail_longitude":"22.94533333","trail_speed":"0.4","trail_heading":"103","i_m_o_number":"9162916","DC_ID":"1060"}
14:11:29.264 [main] DEBUG com.polestar.ndcrefill.Main - {"creation_date":"2022-06-03","creation_time":"12:10:43","trail_date":"2022-06-03","trail_time":"12:08:00","trail_latitude":"35.71266667","trail_longitude":"22.912","trail_speed":"1.2","trail_heading":"297","i_m_o_number":"9162916","DC_ID":"1060"}
14:11:29.264 [main] DEBUG com.polestar.ndcrefill.Main - {"creation_date":"2022-06-03","creation_time":"18:10:33","trail_date":"2022-06-03","trail_time":"18:08:00","trail_latitude":"35.726","trail_longitude":"22.834","trail_speed":"0.4","trail_heading":"257","i_m_o_number":"9162916","DC_ID":"1060"}
14:11:29.264 [main] DEBUG com.polestar.ndcrefill.Main - {"creation_date":"2022-06-04","creation_time":"00:10:13","trail_date":"2022-06-04","trail_time":"00:08:00","trail_latitude":"35.672","trail_longitude":"22.88466667","trail_speed":"1.4","trail_heading":"118","i_m_o_number":"9162916","DC_ID":"1060"}
14:11:29.264 [main] DEBUG com.polestar.ndcrefill.Main - {"creation_date":"2022-06-04","creation_time":"06:10:30","trail_date":"2022-06-04","trail_time":"06:08:00","trail_latitude":"35.606","trail_longitude":"23.01466667","trail_speed":"0.8","trail_heading":"157","i_m_o_number":"9162916","DC_ID":"1060"}
14:11:29.264 [main] DEBUG com.polestar.ndcrefill.Main - {"creation_date":"2022-06-05","creation_time":"22:51:53","trail_date":"2022-06-05","trail_time":"22:48:00","trail_latitude":"8.286","trail_longitude":"-62.84466667","trail_speed":"0","trail_heading":"105","i_m_o_number":"9160932","DC_ID":"1060"}
14:11:29.265 [main] DEBUG com.polestar.ndcrefill.Main - {"creation_date":"2022-06-05","creation_time":"16:51:24","trail_date":"2022-06-05","trail_time":"16:48:00","trail_latitude":"8.286","trail_longitude":"-62.84466667","trail_speed":"0","trail_heading":"105","i_m_o_number":"9160932","DC_ID":"1060"}
14:11:29.265 [main] DEBUG com.polestar.ndcrefill.Main - {"creation_date":"2022-06-05","creation_time":"10:51:10","trail_date":"2022-06-05","trail_time":"10:48:00","trail_latitude":"8.286","trail_longitude":"-62.84466667","trail_speed":"0","trail_heading":"105","i_m_o_number":"9160932","DC_ID":"1060"}
14:11:29.265 [main] DEBUG com.polestar.ndcrefill.Main - {"creation_date":"2022-06-05","creation_time":"04:51:02","trail_date":"2022-06-05","trail_time":"04:48:00","trail_latitude":"8.286","trail_longitude":"-62.84466667","trail_speed":"0","trail_heading":"105","i_m_o_number":"9160932","DC_ID":"1060"}
14:11:29.265 [main] DEBUG com.polestar.ndcrefill.Main - {"creation_date":"2022-06-04","creation_time":"22:51:47","trail_date":"2022-06-04","trail_time":"22:48:00","trail_latitude":"8.286","trail_longitude":"-62.84466667","trail_speed":"0","trail_heading":"105","i_m_o_number":"9160932","DC_ID":"1060"}
14:11:29.265 [main] DEBUG com.polestar.ndcrefill.Main - {"creation_date":"2022-06-04","creation_time":"16:53:38","trail_date":"2022-06-04","trail_time":"16:48:00","trail_latitude":"8.286","trail_longitude":"-62.84466667","trail_speed":"0","trail_heading":"105","i_m_o_number":"9160932","DC_ID":"1060"}
14:11:29.265 [main] DEBUG com.polestar.ndcrefill.Main - {"creation_date":"2022-06-04","creation_time":"10:52:29","trail_date":"2022-06-04","trail_time":"10:48:00","trail_latitude":"8.286","trail_longitude":"-62.84466667","trail_speed":"0","trail_heading":"105","i_m_o_number":"9160932","DC_ID":"1060"}
14:11:29.265 [main] DEBUG com.polestar.ndcrefill.Main - {"creation_date":"2022-06-02","creation_time":"04:50:35","trail_date":"2022-06-02","trail_time":"04:48:00","trail_latitude":"8.286","trail_longitude":"-62.84466667","trail_speed":"0","trail_heading":"281","i_m_o_number":"9160932","DC_ID":"1060"}
14:11:29.266 [main] DEBUG com.polestar.ndcrefill.Main - []
14:11:29.266 [main] INFO  com.polestar.ndcrefill.Main - Current position: 100 out of 108
14:11:29.266 [main] DEBUG com.polestar.ndcrefill.Main - {"creation_date":"2022-06-02","creation_time":"10:51:03","trail_date":"2022-06-02","trail_time":"10:48:00","trail_latitude":"8.286","trail_longitude":"-62.84466667","trail_speed":"0","trail_heading":"281","i_m_o_number":"9160932","DC_ID":"1060"}
14:11:29.266 [main] DEBUG com.polestar.ndcrefill.Main - {"creation_date":"2022-06-02","creation_time":"16:52:17","trail_date":"2022-06-02","trail_time":"16:48:00","trail_latitude":"8.286","trail_longitude":"-62.84466667","trail_speed":"0","trail_heading":"281","i_m_o_number":"9160932","DC_ID":"1060"}
14:11:29.266 [main] DEBUG com.polestar.ndcrefill.Main - {"creation_date":"2022-06-02","creation_time":"22:50:44","trail_date":"2022-06-02","trail_time":"22:48:00","trail_latitude":"8.286","trail_longitude":"-62.84466667","trail_speed":"0","trail_heading":"281","i_m_o_number":"9160932","DC_ID":"1060"}
14:11:29.266 [main] DEBUG com.polestar.ndcrefill.Main - {"creation_date":"2022-06-03","creation_time":"04:51:27","trail_date":"2022-06-03","trail_time":"04:48:00","trail_latitude":"8.286","trail_longitude":"-62.84466667","trail_speed":"0","trail_heading":"281","i_m_o_number":"9160932","DC_ID":"1060"}
14:11:29.266 [main] DEBUG com.polestar.ndcrefill.Main - {"creation_date":"2022-06-03","creation_time":"10:50:20","trail_date":"2022-06-03","trail_time":"10:48:00","trail_latitude":"8.286","trail_longitude":"-62.84466667","trail_speed":"0","trail_heading":"281","i_m_o_number":"9160932","DC_ID":"1060"}
14:11:29.267 [main] DEBUG com.polestar.ndcrefill.Main - {"creation_date":"2022-06-03","creation_time":"16:50:55","trail_date":"2022-06-03","trail_time":"16:48:00","trail_latitude":"8.286","trail_longitude":"-62.84466667","trail_speed":"0","trail_heading":"281","i_m_o_number":"9160932","DC_ID":"1060"}
14:11:29.267 [main] DEBUG com.polestar.ndcrefill.Main - {"creation_date":"2022-06-03","creation_time":"22:52:14","trail_date":"2022-06-03","trail_time":"22:48:00","trail_latitude":"8.286","trail_longitude":"-62.84466667","trail_speed":"0","trail_heading":"281","i_m_o_number":"9160932","DC_ID":"1060"}
14:11:29.267 [main] DEBUG com.polestar.ndcrefill.Main - {"creation_date":"2022-06-04","creation_time":"04:51:56","trail_date":"2022-06-04","trail_time":"04:48:00","trail_latitude":"8.286","trail_longitude":"-62.84466667","trail_speed":"0","trail_heading":"281","i_m_o_number":"9160932","DC_ID":"1060"}
14:11:29.267 [main] DEBUG com.polestar.ndcrefill.Main - []
14:11:29.267 [main] INFO  com.polestar.ndcrefill.Main - Current position: 108 out of 108
14:11:29.267 [main] INFO  com.polestar.ndcrefill.Main - -----------------------------------------------------------------
14:11:29.665 [main] INFO  com.polestar.ndcrefill.Main - new max shippositionID: 7847
14:11:29.667 [main] INFO  com.polestar.ndcrefill.Main - new ship position generator value 166
14:11:29.671 [main] INFO  com.polestar.ndcrefill.Main - Did not update ship position generator value, UPDATE_GENERATOR is false
14:11:29.671 [main] INFO  com.polestar.ndcrefill.Main - -----------------------------------------------------------------
14:11:30.349 [main] INFO  com.polestar.ndcrefill.Main - new max messageID: 447143
14:11:30.349 [main] INFO  com.polestar.ndcrefill.Main - new message generator value 8952
14:11:30.350 [main] INFO  com.polestar.ndcrefill.Main - Did not update message generator value, UPDATE_GENERATOR is false
14:11:30.351 [main] INFO  com.polestar.ndcrefill.Main - -----------------------------------------------------------------
14:11:30.352 [main] INFO  com.polestar.ndcrefill.Main - finished: 2022-06-15 14:11:30.351
14:11:30.353 [main] INFO  com.polestar.ndcrefill.Main - time taken: PT11.309S
14:11:30.354 [main] INFO  com.polestar.ndcrefill.Main - -----------------------------------------------------------------
14:17:49.802 [main] INFO  com.polestar.ndcrefill.Main - -----------------------------------------------------------------
14:17:49.803 [main] INFO  com.polestar.ndcrefill.Main - Start: 2022-06-15 14:17:49.803
14:17:49.803 [main] INFO  com.polestar.ndcrefill.Main - -----------------------------------------------------------------
14:17:49.803 [main] INFO  com.polestar.ndcrefill.Main - Starting Backfill
14:17:49.804 [main] INFO  com.polestar.ndcrefill.Main - HOST: jdbc:postgresql://lrit-cluster-one.polestar-production.local:5432/
14:17:49.804 [main] INFO  com.polestar.ndcrefill.Main - MASTER_USERNAME: guy
14:17:49.804 [main] INFO  com.polestar.ndcrefill.Main - DO_INSERTS: true
14:17:49.804 [main] INFO  com.polestar.ndcrefill.Main - FILE_LOCATION: src/main/resources/missing_positions.csv
14:17:49.804 [main] INFO  com.polestar.ndcrefill.Main - FLAG_CODE: 1060
14:17:49.804 [main] INFO  com.polestar.ndcrefill.Main - DATA_CENTER_IDENTIFIER: 3060
14:17:55.945 [main] INFO  com.polestar.ndcrefill.Main - -----------------------------------------------------------------
14:17:55.946 [main] INFO  com.polestar.ndcrefill.Main - Starting Details
14:17:56.546 [main] INFO  com.polestar.ndcrefill.Main - ShipPosition Generator Value: 157
14:17:56.917 [main] INFO  com.polestar.ndcrefill.Main - Message Generator Value: 8943
14:17:57.291 [main] INFO  com.polestar.ndcrefill.Main - current max ship position id is: 7847 starting shipPositionID: 9847
14:17:57.661 [main] INFO  com.polestar.ndcrefill.Main - current max message id is: 447143 starting messageID: 449143
14:17:57.662 [main] INFO  com.polestar.ndcrefill.Main - -----------------------------------------------------------------
14:17:58.038 [main] INFO  com.polestar.ndcrefill.Main - Updating Insert Positions function
14:17:58.412 [main] INFO  com.polestar.ndcrefill.Main - Updated Successfully
14:17:58.412 [main] INFO  com.polestar.ndcrefill.Main - -----------------------------------------------------------------
14:17:58.415 [main] INFO  com.polestar.ndcrefill.FileService - starting to process file
14:17:58.663 [main] INFO  com.polestar.ndcrefill.FileService - Positions count: 108
14:17:58.663 [main] INFO  com.polestar.ndcrefill.Main - -----------------------------------------------------------------
14:17:58.669 [main] DEBUG com.polestar.ndcrefill.Main - {"creation_date":"2022-06-05","creation_time":"18:31:46","trail_date":"2022-06-05","trail_time":"18:30:00","trail_latitude":"1.838","trail_longitude":"104.734","trail_speed":"0","trail_heading":"103","i_m_o_number":"9255945","DC_ID":"1060"}
14:17:58.669 [main] DEBUG com.polestar.ndcrefill.Main - {"creation_date":"2022-06-05","creation_time":"12:33:27","trail_date":"2022-06-05","trail_time":"12:30:00","trail_latitude":"1.837333333","trail_longitude":"104.7346667","trail_speed":"0","trail_heading":"310","i_m_o_number":"9255945","DC_ID":"1060"}
14:17:58.669 [main] DEBUG com.polestar.ndcrefill.Main - {"creation_date":"2022-06-05","creation_time":"06:33:43","trail_date":"2022-06-05","trail_time":"06:30:00","trail_latitude":"1.838","trail_longitude":"104.7333333","trail_speed":"0","trail_heading":"252","i_m_o_number":"9255945","DC_ID":"1060"}
14:17:58.670 [main] DEBUG com.polestar.ndcrefill.Main - {"creation_date":"2022-06-05","creation_time":"00:32:56","trail_date":"2022-06-05","trail_time":"00:30:00","trail_latitude":"1.838","trail_longitude":"104.7326667","trail_speed":"0","trail_heading":"252","i_m_o_number":"9255945","DC_ID":"1060"}
14:17:58.670 [main] DEBUG com.polestar.ndcrefill.Main - {"creation_date":"2022-06-04","creation_time":"18:32:28","trail_date":"2022-06-04","trail_time":"18:30:00","trail_latitude":"1.838","trail_longitude":"104.7333333","trail_speed":"0","trail_heading":"148","i_m_o_number":"9255945","DC_ID":"1060"}
14:17:58.670 [main] DEBUG com.polestar.ndcrefill.Main - {"creation_date":"2022-06-04","creation_time":"12:33:15","trail_date":"2022-06-04","trail_time":"12:30:00","trail_latitude":"1.837333333","trail_longitude":"104.7346667","trail_speed":"0","trail_heading":"148","i_m_o_number":"9255945","DC_ID":"1060"}
14:17:58.671 [main] DEBUG com.polestar.ndcrefill.Main - {"creation_date":"2022-06-04","creation_time":"06:32:59","trail_date":"2022-06-04","trail_time":"06:30:00","trail_latitude":"1.837333333","trail_longitude":"104.7346667","trail_speed":"0","trail_heading":"94","i_m_o_number":"9255945","DC_ID":"1060"}
14:17:58.671 [main] DEBUG com.polestar.ndcrefill.Main - {"creation_date":"2022-06-04","creation_time":"00:33:09","trail_date":"2022-06-04","trail_time":"00:30:00","trail_latitude":"1.838","trail_longitude":"104.7326667","trail_speed":"0","trail_heading":"230","i_m_o_number":"9255945","DC_ID":"1060"}
14:17:58.671 [main] DEBUG com.polestar.ndcrefill.Main - {"creation_date":"2022-06-03","creation_time":"18:31:48","trail_date":"2022-06-03","trail_time":"18:30:00","trail_latitude":"1.838","trail_longitude":"104.7333333","trail_speed":"0","trail_heading":"280","i_m_o_number":"9255945","DC_ID":"1060"}
14:17:58.671 [main] DEBUG com.polestar.ndcrefill.Main - {"creation_date":"2022-06-03","creation_time":"12:32:22","trail_date":"2022-06-03","trail_time":"12:30:00","trail_latitude":"1.838","trail_longitude":"104.7333333","trail_speed":"0","trail_heading":"84","i_m_o_number":"9255945","DC_ID":"1060"}
14:17:58.672 [main] DEBUG com.polestar.ndcrefill.Main - {"creation_date":"2022-06-03","creation_time":"06:33:11","trail_date":"2022-06-03","trail_time":"06:30:00","trail_latitude":"1.837333333","trail_longitude":"104.7346667","trail_speed":"0","trail_heading":"84","i_m_o_number":"9255945","DC_ID":"1060"}
14:17:58.672 [main] DEBUG com.polestar.ndcrefill.Main - {"creation_date":"2022-06-03","creation_time":"00:32:11","trail_date":"2022-06-03","trail_time":"00:30:00","trail_latitude":"1.838","trail_longitude":"104.7326667","trail_speed":"0","trail_heading":"235","i_m_o_number":"9255945","DC_ID":"1060"}
14:17:58.672 [main] DEBUG com.polestar.ndcrefill.Main - {"creation_date":"2022-06-02","creation_time":"18:32:59","trail_date":"2022-06-02","trail_time":"18:30:00","trail_latitude":"1.838","trail_longitude":"104.734","trail_speed":"0","trail_heading":"319","i_m_o_number":"9255945","DC_ID":"1060"}
14:17:58.672 [main] DEBUG com.polestar.ndcrefill.Main - {"creation_date":"2022-06-02","creation_time":"12:32:22","trail_date":"2022-06-02","trail_time":"12:30:00","trail_latitude":"1.838","trail_longitude":"104.7333333","trail_speed":"0","trail_heading":"319","i_m_o_number":"9255945","DC_ID":"1060"}
14:17:58.673 [main] DEBUG com.polestar.ndcrefill.Main - {"creation_date":"2022-06-02","creation_time":"06:32:54","trail_date":"2022-06-02","trail_time":"06:30:00","trail_latitude":"1.836","trail_longitude":"104.7353333","trail_speed":"0","trail_heading":"159","i_m_o_number":"9255945","DC_ID":"1060"}
14:17:58.673 [main] DEBUG com.polestar.ndcrefill.Main - {"creation_date":"2022-06-02","creation_time":"00:31:35","trail_date":"2022-06-02","trail_time":"00:30:00","trail_latitude":"1.838","trail_longitude":"104.7326667","trail_speed":"0","trail_heading":"230","i_m_o_number":"9255945","DC_ID":"1060"}
14:17:58.673 [main] DEBUG com.polestar.ndcrefill.Main - {"creation_date":"2022-06-05","creation_time":"21:11:26","trail_date":"2022-06-05","trail_time":"21:08:00","trail_latitude":"31.038","trail_longitude":"122.6273333","trail_speed":"0.6","trail_heading":"43","i_m_o_number":"8501402","DC_ID":"1060"}
14:17:58.673 [main] DEBUG com.polestar.ndcrefill.Main - {"creation_date":"2022-06-05","creation_time":"15:12:51","trail_date":"2022-06-05","trail_time":"15:08:00","trail_latitude":"31.03733333","trail_longitude":"122.6253333","trail_speed":"0","trail_heading":"334","i_m_o_number":"8501402","DC_ID":"1060"}
14:17:58.673 [main] DEBUG com.polestar.ndcrefill.Main - {"creation_date":"2022-06-05","creation_time":"09:12:49","trail_date":"2022-06-05","trail_time":"09:08:00","trail_latitude":"31.03733333","trail_longitude":"122.6266667","trail_speed":"0.4","trail_heading":"62","i_m_o_number":"8501402","DC_ID":"1060"}
14:17:58.674 [main] DEBUG com.polestar.ndcrefill.Main - {"creation_date":"2022-06-05","creation_time":"03:12:03","trail_date":"2022-06-05","trail_time":"03:08:00","trail_latitude":"31.03866667","trail_longitude":"122.6253333","trail_speed":"0.2","trail_heading":"92","i_m_o_number":"8501402","DC_ID":"1060"}
14:17:58.674 [main] DEBUG com.polestar.ndcrefill.Main - {"creation_date":"2022-06-04","creation_time":"21:11:27","trail_date":"2022-06-04","trail_time":"21:08:00","trail_latitude":"31.04","trail_longitude":"122.6273333","trail_speed":"0.4","trail_heading":"330","i_m_o_number":"8501402","DC_ID":"1060"}
14:17:58.674 [main] DEBUG com.polestar.ndcrefill.Main - {"creation_date":"2022-06-04","creation_time":"15:11:03","trail_date":"2022-06-04","trail_time":"15:08:00","trail_latitude":"31.03933333","trail_longitude":"122.624","trail_speed":"0","trail_heading":"0","i_m_o_number":"8501402","DC_ID":"1060"}
14:17:58.674 [main] DEBUG com.polestar.ndcrefill.Main - {"creation_date":"2022-06-04","creation_time":"09:11:27","trail_date":"2022-06-04","trail_time":"09:08:00","trail_latitude":"31.03933333","trail_longitude":"122.6273333","trail_speed":"0","trail_heading":"25","i_m_o_number":"8501402","DC_ID":"1060"}
14:17:58.674 [main] DEBUG com.polestar.ndcrefill.Main - {"creation_date":"2022-06-04","creation_time":"03:13:36","trail_date":"2022-06-04","trail_time":"03:08:00","trail_latitude":"31.04066667","trail_longitude":"122.6253333","trail_speed":"0","trail_heading":"109","i_m_o_number":"8501402","DC_ID":"1060"}
14:17:58.675 [main] DEBUG com.polestar.ndcrefill.Main - {"creation_date":"2022-06-03","creation_time":"21:14:41","trail_date":"2022-06-03","trail_time":"21:08:00","trail_latitude":"31.04","trail_longitude":"122.6273333","trail_speed":"0.2","trail_heading":"98","i_m_o_number":"8501402","DC_ID":"1060"}
14:17:58.675 [main] DEBUG com.polestar.ndcrefill.Main - {"creation_date":"2022-06-03","creation_time":"15:11:56","trail_date":"2022-06-03","trail_time":"15:08:00","trail_latitude":"31.04","trail_longitude":"122.6246667","trail_speed":"0","trail_heading":"234","i_m_o_number":"8501402","DC_ID":"1060"}
14:17:58.675 [main] DEBUG com.polestar.ndcrefill.Main - {"creation_date":"2022-06-03","creation_time":"09:12:05","trail_date":"2022-06-03","trail_time":"09:08:00","trail_latitude":"31.038","trail_longitude":"122.628","trail_speed":"0.2","trail_heading":"144","i_m_o_number":"8501402","DC_ID":"1060"}
14:17:58.675 [main] DEBUG com.polestar.ndcrefill.Main - {"creation_date":"2022-06-03","creation_time":"03:14:40","trail_date":"2022-06-03","trail_time":"03:08:00","trail_latitude":"31.04066667","trail_longitude":"122.6253333","trail_speed":"0.2","trail_heading":"37","i_m_o_number":"8501402","DC_ID":"1060"}
14:17:58.675 [main] DEBUG com.polestar.ndcrefill.Main - {"creation_date":"2022-06-02","creation_time":"21:11:40","trail_date":"2022-06-02","trail_time":"21:08:00","trail_latitude":"31.03933333","trail_longitude":"122.628","trail_speed":"0.2","trail_heading":"94","i_m_o_number":"8501402","DC_ID":"1060"}
14:17:58.675 [main] DEBUG com.polestar.ndcrefill.Main - {"creation_date":"2022-06-02","creation_time":"15:10:33","trail_date":"2022-06-02","trail_time":"15:08:00","trail_latitude":"31.18066667","trail_longitude":"122.7846667","trail_speed":"6.2","trail_heading":"182","i_m_o_number":"8501402","DC_ID":"1060"}
14:17:58.676 [main] DEBUG com.polestar.ndcrefill.Main - {"creation_date":"2022-06-02","creation_time":"09:10:56","trail_date":"2022-06-02","trail_time":"09:08:00","trail_latitude":"31.87733333","trail_longitude":"123.1433333","trail_speed":"7","trail_heading":"207","i_m_o_number":"8501402","DC_ID":"1060"}
14:17:58.676 [main] DEBUG com.polestar.ndcrefill.Main - {"creation_date":"2022-06-02","creation_time":"03:11:21","trail_date":"2022-06-02","trail_time":"03:08:00","trail_latitude":"32.42933333","trail_longitude":"123.4726667","trail_speed":"6.4","trail_heading":"208","i_m_o_number":"8501402","DC_ID":"1060"}
14:17:58.676 [main] DEBUG com.polestar.ndcrefill.Main - {"creation_date":"2022-06-05","creation_time":"04:17:31","trail_date":"2022-06-05","trail_time":"04:12:00","trail_latitude":"34.91933333","trail_longitude":"35.77333333","trail_speed":"8.8","trail_heading":"87","i_m_o_number":"7713175","DC_ID":"1060"}
14:17:58.676 [main] DEBUG com.polestar.ndcrefill.Main - {"creation_date":"2022-06-04","creation_time":"22:14:55","trail_date":"2022-06-04","trail_time":"21:28:00","trail_latitude":"34.73133333","trail_longitude":"34.60133333","trail_speed":"8.8","trail_heading":"69","i_m_o_number":"7713175","DC_ID":"1060"}
14:17:58.676 [main] DEBUG com.polestar.ndcrefill.Main - {"creation_date":"2022-06-04","creation_time":"16:17:36","trail_date":"2022-06-04","trail_time":"16:12:00","trail_latitude":"34.49866667","trail_longitude":"33.622","trail_speed":"9.8","trail_heading":"77","i_m_o_number":"7713175","DC_ID":"1060"}
14:17:58.677 [main] DEBUG com.polestar.ndcrefill.Main - {"creation_date":"2022-06-04","creation_time":"10:15:28","trail_date":"2022-06-04","trail_time":"10:12:00","trail_latitude":"34.462","trail_longitude":"32.588","trail_speed":"1.2","trail_heading":"178","i_m_o_number":"7713175","DC_ID":"1060"}
14:17:58.677 [main] DEBUG com.polestar.ndcrefill.Main - {"creation_date":"2022-06-02","creation_time":"04:15:20","trail_date":"2022-06-02","trail_time":"04:12:00","trail_latitude":"39.14333333","trail_longitude":"25.63933333","trail_speed":"8.8","trail_heading":"172","i_m_o_number":"7713175","DC_ID":"1060"}
14:17:58.677 [main] DEBUG com.polestar.ndcrefill.Main - {"creation_date":"2022-06-02","creation_time":"10:14:41","trail_date":"2022-06-02","trail_time":"10:12:00","trail_latitude":"38.24733333","trail_longitude":"25.738","trail_speed":"8.8","trail_heading":"166","i_m_o_number":"7713175","DC_ID":"1060"}
14:17:58.677 [main] DEBUG com.polestar.ndcrefill.Main - {"creation_date":"2022-06-02","creation_time":"16:15:06","trail_date":"2022-06-02","trail_time":"16:12:00","trail_latitude":"37.38733333","trail_longitude":"26.08666667","trail_speed":"9.6","trail_heading":"122","i_m_o_number":"7713175","DC_ID":"1060"}
14:17:58.677 [main] DEBUG com.polestar.ndcrefill.Main - {"creation_date":"2022-06-02","creation_time":"22:15:07","trail_date":"2022-06-02","trail_time":"22:12:00","trail_latitude":"36.70133333","trail_longitude":"26.796","trail_speed":"9","trail_heading":"157","i_m_o_number":"7713175","DC_ID":"1060"}
14:17:58.677 [main] DEBUG com.polestar.ndcrefill.Main - {"creation_date":"2022-06-03","creation_time":"04:14:25","trail_date":"2022-06-03","trail_time":"04:12:00","trail_latitude":"36.45","trail_longitude":"27.796","trail_speed":"8.8","trail_heading":"93","i_m_o_number":"7713175","DC_ID":"1060"}
14:17:58.678 [main] DEBUG com.polestar.ndcrefill.Main - {"creation_date":"2022-06-03","creation_time":"10:15:19","trail_date":"2022-06-03","trail_time":"10:12:00","trail_latitude":"36.232","trail_longitude":"28.81466667","trail_speed":"8.4","trail_heading":"120","i_m_o_number":"7713175","DC_ID":"1060"}
14:17:58.678 [main] DEBUG com.polestar.ndcrefill.Main - {"creation_date":"2022-06-03","creation_time":"16:14:41","trail_date":"2022-06-03","trail_time":"16:12:00","trail_latitude":"35.808","trail_longitude":"29.74133333","trail_speed":"9.4","trail_heading":"119","i_m_o_number":"7713175","DC_ID":"1060"}
14:17:58.678 [main] DEBUG com.polestar.ndcrefill.Main - {"creation_date":"2022-06-03","creation_time":"22:15:09","trail_date":"2022-06-03","trail_time":"22:12:00","trail_latitude":"35.33866667","trail_longitude":"30.722","trail_speed":"9","trail_heading":"120","i_m_o_number":"7713175","DC_ID":"1060"}
14:17:58.678 [main] DEBUG com.polestar.ndcrefill.Main - {"creation_date":"2022-06-04","creation_time":"04:14:54","trail_date":"2022-06-04","trail_time":"04:12:00","trail_latitude":"34.882","trail_longitude":"31.65866667","trail_speed":"8.8","trail_heading":"123","i_m_o_number":"7713175","DC_ID":"1060"}
14:17:58.678 [main] DEBUG com.polestar.ndcrefill.Main - {"creation_date":"2022-06-05","creation_time":"16:53:28","trail_date":"2022-06-05","trail_time":"16:44:00","trail_latitude":"35.89466667","trail_longitude":"14.82933333","trail_speed":"0","trail_heading":"0","i_m_o_number":"9046758","DC_ID":"1060"}
14:17:58.678 [main] DEBUG com.polestar.ndcrefill.Main - {"creation_date":"2022-06-05","creation_time":"10:53:41","trail_date":"2022-06-05","trail_time":"10:50:00","trail_latitude":"35.894","trail_longitude":"14.82933333","trail_speed":"0","trail_heading":"302","i_m_o_number":"9046758","DC_ID":"1060"}
14:17:58.679 [main] DEBUG com.polestar.ndcrefill.Main - {"creation_date":"2022-06-05","creation_time":"04:53:27","trail_date":"2022-06-05","trail_time":"04:50:00","trail_latitude":"35.894","trail_longitude":"14.83066667","trail_speed":"0","trail_heading":"28","i_m_o_number":"9046758","DC_ID":"1060"}
14:17:58.679 [main] DEBUG com.polestar.ndcrefill.Main - {"creation_date":"2022-06-04","creation_time":"22:53:23","trail_date":"2022-06-04","trail_time":"22:50:00","trail_latitude":"35.89533333","trail_longitude":"14.83","trail_speed":"0.2","trail_heading":"293","i_m_o_number":"9046758","DC_ID":"1060"}
14:17:58.679 [main] DEBUG com.polestar.ndcrefill.Main - {"creation_date":"2022-06-04","creation_time":"16:53:30","trail_date":"2022-06-04","trail_time":"16:50:00","trail_latitude":"35.89466667","trail_longitude":"14.82933333","trail_speed":"0.2","trail_heading":"351","i_m_o_number":"9046758","DC_ID":"1060"}
14:17:58.679 [main] DEBUG com.polestar.ndcrefill.Main - {"creation_date":"2022-06-04","creation_time":"10:54:07","trail_date":"2022-06-04","trail_time":"10:50:00","trail_latitude":"35.894","trail_longitude":"14.83","trail_speed":"0","trail_heading":"225","i_m_o_number":"9046758","DC_ID":"1060"}
14:17:58.679 [main] DEBUG com.polestar.ndcrefill.Main - {"creation_date":"2022-06-02","creation_time":"04:53:41","trail_date":"2022-06-02","trail_time":"04:50:00","trail_latitude":"35.894","trail_longitude":"14.83","trail_speed":"0.2","trail_heading":"232","i_m_o_number":"9046758","DC_ID":"1060"}
14:17:58.679 [main] DEBUG com.polestar.ndcrefill.Main - {"creation_date":"2022-06-02","creation_time":"10:53:37","trail_date":"2022-06-02","trail_time":"10:50:00","trail_latitude":"35.89466667","trail_longitude":"14.82933333","trail_speed":"0.2","trail_heading":"40","i_m_o_number":"9046758","DC_ID":"1060"}
14:17:58.680 [main] DEBUG com.polestar.ndcrefill.Main - {"creation_date":"2022-06-02","creation_time":"16:53:44","trail_date":"2022-06-02","trail_time":"16:48:00","trail_latitude":"35.89533333","trail_longitude":"14.82933333","trail_speed":"0","trail_heading":"0","i_m_o_number":"9046758","DC_ID":"1060"}
14:17:58.680 [main] DEBUG com.polestar.ndcrefill.Main - {"creation_date":"2022-06-02","creation_time":"22:53:23","trail_date":"2022-06-02","trail_time":"22:48:00","trail_latitude":"35.89533333","trail_longitude":"14.83","trail_speed":"0","trail_heading":"0","i_m_o_number":"9046758","DC_ID":"1060"}
14:17:58.680 [main] DEBUG com.polestar.ndcrefill.Main - {"creation_date":"2022-06-03","creation_time":"04:53:42","trail_date":"2022-06-03","trail_time":"04:50:00","trail_latitude":"35.89466667","trail_longitude":"14.83","trail_speed":"0.2","trail_heading":"256","i_m_o_number":"9046758","DC_ID":"1060"}
14:17:58.680 [main] DEBUG com.polestar.ndcrefill.Main - {"creation_date":"2022-06-03","creation_time":"10:53:43","trail_date":"2022-06-03","trail_time":"10:50:00","trail_latitude":"35.894","trail_longitude":"14.83","trail_speed":"0.2","trail_heading":"255","i_m_o_number":"9046758","DC_ID":"1060"}
14:17:58.680 [main] DEBUG com.polestar.ndcrefill.Main - {"creation_date":"2022-06-03","creation_time":"16:53:38","trail_date":"2022-06-03","trail_time":"16:50:00","trail_latitude":"35.89466667","trail_longitude":"14.82933333","trail_speed":"0.2","trail_heading":"31","i_m_o_number":"9046758","DC_ID":"1060"}
14:17:58.680 [main] DEBUG com.polestar.ndcrefill.Main - {"creation_date":"2022-06-03","creation_time":"22:53:41","trail_date":"2022-06-03","trail_time":"22:50:00","trail_latitude":"35.89466667","trail_longitude":"14.83","trail_speed":"0.2","trail_heading":"276","i_m_o_number":"9046758","DC_ID":"1060"}
14:17:58.681 [main] DEBUG com.polestar.ndcrefill.Main - {"creation_date":"2022-06-04","creation_time":"04:53:40","trail_date":"2022-06-04","trail_time":"04:50:00","trail_latitude":"35.89466667","trail_longitude":"14.83066667","trail_speed":"0.2","trail_heading":"22","i_m_o_number":"9046758","DC_ID":"1060"}
14:17:58.681 [main] DEBUG com.polestar.ndcrefill.Main - {"creation_date":"2022-06-05","creation_time":"18:23:45","trail_date":"2022-06-05","trail_time":"18:22:00","trail_latitude":"37.574","trail_longitude":"-0.9613333333","trail_speed":"0","trail_heading":"167","i_m_o_number":"7601073","DC_ID":"1060"}
14:17:58.681 [main] DEBUG com.polestar.ndcrefill.Main - {"creation_date":"2022-06-05","creation_time":"12:23:35","trail_date":"2022-06-05","trail_time":"12:22:00","trail_latitude":"37.574","trail_longitude":"-0.9613333333","trail_speed":"0","trail_heading":"89","i_m_o_number":"7601073","DC_ID":"1060"}
14:17:58.681 [main] DEBUG com.polestar.ndcrefill.Main - {"creation_date":"2022-06-05","creation_time":"08:18:08","trail_date":"2022-06-05","trail_time":"08:14:00","trail_latitude":"37.574","trail_longitude":"-0.9613333333","trail_speed":"0","trail_heading":"166","i_m_o_number":"7601073","DC_ID":"1060"}
14:17:58.681 [main] DEBUG com.polestar.ndcrefill.Main - {"creation_date":"2022-06-05","creation_time":"00:23:26","trail_date":"2022-06-05","trail_time":"00:22:00","trail_latitude":"37.574","trail_longitude":"-0.9613333333","trail_speed":"0","trail_heading":"133","i_m_o_number":"7601073","DC_ID":"1060"}
14:17:58.681 [main] DEBUG com.polestar.ndcrefill.Main - {"creation_date":"2022-06-04","creation_time":"18:23:23","trail_date":"2022-06-04","trail_time":"18:22:00","trail_latitude":"37.574","trail_longitude":"-0.9613333333","trail_speed":"0","trail_heading":"86","i_m_o_number":"7601073","DC_ID":"1060"}
14:17:58.681 [main] DEBUG com.polestar.ndcrefill.Main - {"creation_date":"2022-06-04","creation_time":"12:23:41","trail_date":"2022-06-04","trail_time":"12:22:00","trail_latitude":"37.574","trail_longitude":"-0.9613333333","trail_speed":"0","trail_heading":"119","i_m_o_number":"7601073","DC_ID":"1060"}
14:17:58.682 [main] DEBUG com.polestar.ndcrefill.Main - {"creation_date":"2022-06-02","creation_time":"00:26:36","trail_date":"2022-06-02","trail_time":"00:22:00","trail_latitude":"37.574","trail_longitude":"-0.9613333333","trail_speed":"0","trail_heading":"137","i_m_o_number":"7601073","DC_ID":"1060"}
14:17:58.682 [main] DEBUG com.polestar.ndcrefill.Main - {"creation_date":"2022-06-02","creation_time":"12:23:26","trail_date":"2022-06-02","trail_time":"12:22:00","trail_latitude":"37.574","trail_longitude":"-0.9613333333","trail_speed":"0","trail_heading":"110","i_m_o_number":"7601073","DC_ID":"1060"}
14:17:58.682 [main] DEBUG com.polestar.ndcrefill.Main - {"creation_date":"2022-06-02","creation_time":"18:23:39","trail_date":"2022-06-02","trail_time":"18:22:00","trail_latitude":"37.574","trail_longitude":"-0.9613333333","trail_speed":"0","trail_heading":"216","i_m_o_number":"7601073","DC_ID":"1060"}
14:17:58.682 [main] DEBUG com.polestar.ndcrefill.Main - {"creation_date":"2022-06-03","creation_time":"00:23:41","trail_date":"2022-06-03","trail_time":"00:22:00","trail_latitude":"37.574","trail_longitude":"-0.9613333333","trail_speed":"0","trail_heading":"149","i_m_o_number":"7601073","DC_ID":"1060"}
14:17:58.682 [main] DEBUG com.polestar.ndcrefill.Main - {"creation_date":"2022-06-03","creation_time":"06:26:49","trail_date":"2022-06-03","trail_time":"06:22:00","trail_latitude":"37.574","trail_longitude":"-0.9613333333","trail_speed":"0","trail_heading":"25","i_m_o_number":"7601073","DC_ID":"1060"}
14:17:58.682 [main] DEBUG com.polestar.ndcrefill.Main - {"creation_date":"2022-06-03","creation_time":"12:23:52","trail_date":"2022-06-03","trail_time":"12:22:00","trail_latitude":"37.574","trail_longitude":"-0.9613333333","trail_speed":"0","trail_heading":"122","i_m_o_number":"7601073","DC_ID":"1060"}
14:17:58.683 [main] DEBUG com.polestar.ndcrefill.Main - {"creation_date":"2022-06-03","creation_time":"18:23:49","trail_date":"2022-06-03","trail_time":"18:22:00","trail_latitude":"37.574","trail_longitude":"-0.9613333333","trail_speed":"0","trail_heading":"101","i_m_o_number":"7601073","DC_ID":"1060"}
14:17:58.683 [main] DEBUG com.polestar.ndcrefill.Main - {"creation_date":"2022-06-04","creation_time":"00:23:12","trail_date":"2022-06-04","trail_time":"00:22:00","trail_latitude":"37.574","trail_longitude":"-0.9613333333","trail_speed":"0","trail_heading":"123","i_m_o_number":"7601073","DC_ID":"1060"}
14:17:58.683 [main] DEBUG com.polestar.ndcrefill.Main - {"creation_date":"2022-06-04","creation_time":"06:23:20","trail_date":"2022-06-04","trail_time":"06:22:00","trail_latitude":"37.574","trail_longitude":"-0.9613333333","trail_speed":"0","trail_heading":"169","i_m_o_number":"7601073","DC_ID":"1060"}
14:17:58.683 [main] DEBUG com.polestar.ndcrefill.Main - {"creation_date":"2022-06-05","creation_time":"18:09:14","trail_date":"2022-06-05","trail_time":"18:08:00","trail_latitude":"39.68466667","trail_longitude":"25.47466667","trail_speed":"2.2","trail_heading":"310","i_m_o_number":"9162916","DC_ID":"1060"}
14:17:58.683 [main] DEBUG com.polestar.ndcrefill.Main - {"creation_date":"2022-06-05","creation_time":"12:10:23","trail_date":"2022-06-05","trail_time":"12:08:00","trail_latitude":"38.87933333","trail_longitude":"25.42266667","trail_speed":"8.6","trail_heading":"6","i_m_o_number":"9162916","DC_ID":"1060"}
14:17:58.683 [main] DEBUG com.polestar.ndcrefill.Main - {"creation_date":"2022-06-05","creation_time":"06:10:22","trail_date":"2022-06-05","trail_time":"06:08:00","trail_latitude":"38.09466667","trail_longitude":"24.74533333","trail_speed":"8.8","trail_heading":"25","i_m_o_number":"9162916","DC_ID":"1060"}
14:17:58.683 [main] DEBUG com.polestar.ndcrefill.Main - {"creation_date":"2022-06-05","creation_time":"00:44:02","trail_date":"2022-06-05","trail_time":"00:28:00","trail_latitude":"37.45466667","trail_longitude":"24.05333333","trail_speed":"9.6","trail_heading":"24","i_m_o_number":"9162916","DC_ID":"1060"}
14:17:58.684 [main] DEBUG com.polestar.ndcrefill.Main - {"creation_date":"2022-06-05","creation_time":"00:15:39","trail_date":"2022-06-05","trail_time":"00:08:00","trail_latitude":"37.40533333","trail_longitude":"24.02666667","trail_speed":"9.6","trail_heading":"23","i_m_o_number":"9162916","DC_ID":"1060"}
14:17:58.684 [main] DEBUG com.polestar.ndcrefill.Main - {"creation_date":"2022-06-04","creation_time":"18:10:46","trail_date":"2022-06-04","trail_time":"18:10:00","trail_latitude":"36.46933333","trail_longitude":"23.67","trail_speed":"10.2","trail_heading":"13","i_m_o_number":"9162916","DC_ID":"1060"}
14:17:58.684 [main] DEBUG com.polestar.ndcrefill.Main - {"creation_date":"2022-06-04","creation_time":"12:10:15","trail_date":"2022-06-04","trail_time":"12:08:00","trail_latitude":"35.60266667","trail_longitude":"23.162","trail_speed":"9.2","trail_heading":"62","i_m_o_number":"9162916","DC_ID":"1060"}
14:17:58.684 [main] DEBUG com.polestar.ndcrefill.Main - {"creation_date":"2022-06-02","creation_time":"00:14:10","trail_date":"2022-06-02","trail_time":"00:08:00","trail_latitude":"36.534","trail_longitude":"22.72466667","trail_speed":"0.4","trail_heading":"218","i_m_o_number":"9162916","DC_ID":"1060"}
14:17:58.684 [main] DEBUG com.polestar.ndcrefill.Main - {"creation_date":"2022-06-02","creation_time":"06:10:35","trail_date":"2022-06-02","trail_time":"06:08:00","trail_latitude":"36.50466667","trail_longitude":"22.68733333","trail_speed":"0.2","trail_heading":"242","i_m_o_number":"9162916","DC_ID":"1060"}
14:17:58.684 [main] DEBUG com.polestar.ndcrefill.Main - {"creation_date":"2022-06-02","creation_time":"12:09:25","trail_date":"2022-06-02","trail_time":"12:08:00","trail_latitude":"36.50733333","trail_longitude":"22.684","trail_speed":"0","trail_heading":"334","i_m_o_number":"9162916","DC_ID":"1060"}
14:17:58.684 [main] DEBUG com.polestar.ndcrefill.Main - {"creation_date":"2022-06-02","creation_time":"18:09:39","trail_date":"2022-06-02","trail_time":"18:08:00","trail_latitude":"36.518","trail_longitude":"22.70066667","trail_speed":"0","trail_heading":"31","i_m_o_number":"9162916","DC_ID":"1060"}
14:17:58.684 [main] DEBUG com.polestar.ndcrefill.Main - {"creation_date":"2022-06-03","creation_time":"00:10:14","trail_date":"2022-06-03","trail_time":"00:08:00","trail_latitude":"35.984","trail_longitude":"22.69666667","trail_speed":"10.2","trail_heading":"170","i_m_o_number":"9162916","DC_ID":"1060"}
14:17:58.685 [main] DEBUG com.polestar.ndcrefill.Main - {"creation_date":"2022-06-03","creation_time":"06:13:22","trail_date":"2022-06-03","trail_time":"06:08:00","trail_latitude":"35.70733333","trail_longitude":"22.94533333","trail_speed":"0.4","trail_heading":"103","i_m_o_number":"9162916","DC_ID":"1060"}
14:17:58.685 [main] DEBUG com.polestar.ndcrefill.Main - {"creation_date":"2022-06-03","creation_time":"12:10:43","trail_date":"2022-06-03","trail_time":"12:08:00","trail_latitude":"35.71266667","trail_longitude":"22.912","trail_speed":"1.2","trail_heading":"297","i_m_o_number":"9162916","DC_ID":"1060"}
14:17:58.685 [main] DEBUG com.polestar.ndcrefill.Main - {"creation_date":"2022-06-03","creation_time":"18:10:33","trail_date":"2022-06-03","trail_time":"18:08:00","trail_latitude":"35.726","trail_longitude":"22.834","trail_speed":"0.4","trail_heading":"257","i_m_o_number":"9162916","DC_ID":"1060"}
14:17:58.685 [main] DEBUG com.polestar.ndcrefill.Main - {"creation_date":"2022-06-04","creation_time":"00:10:13","trail_date":"2022-06-04","trail_time":"00:08:00","trail_latitude":"35.672","trail_longitude":"22.88466667","trail_speed":"1.4","trail_heading":"118","i_m_o_number":"9162916","DC_ID":"1060"}
14:17:58.685 [main] DEBUG com.polestar.ndcrefill.Main - {"creation_date":"2022-06-04","creation_time":"06:10:30","trail_date":"2022-06-04","trail_time":"06:08:00","trail_latitude":"35.606","trail_longitude":"23.01466667","trail_speed":"0.8","trail_heading":"157","i_m_o_number":"9162916","DC_ID":"1060"}
14:17:58.685 [main] DEBUG com.polestar.ndcrefill.Main - {"creation_date":"2022-06-05","creation_time":"22:51:53","trail_date":"2022-06-05","trail_time":"22:48:00","trail_latitude":"8.286","trail_longitude":"-62.84466667","trail_speed":"0","trail_heading":"105","i_m_o_number":"9160932","DC_ID":"1060"}
14:17:58.685 [main] DEBUG com.polestar.ndcrefill.Main - {"creation_date":"2022-06-05","creation_time":"16:51:24","trail_date":"2022-06-05","trail_time":"16:48:00","trail_latitude":"8.286","trail_longitude":"-62.84466667","trail_speed":"0","trail_heading":"105","i_m_o_number":"9160932","DC_ID":"1060"}
14:17:58.685 [main] DEBUG com.polestar.ndcrefill.Main - {"creation_date":"2022-06-05","creation_time":"10:51:10","trail_date":"2022-06-05","trail_time":"10:48:00","trail_latitude":"8.286","trail_longitude":"-62.84466667","trail_speed":"0","trail_heading":"105","i_m_o_number":"9160932","DC_ID":"1060"}
14:17:58.685 [main] DEBUG com.polestar.ndcrefill.Main - {"creation_date":"2022-06-05","creation_time":"04:51:02","trail_date":"2022-06-05","trail_time":"04:48:00","trail_latitude":"8.286","trail_longitude":"-62.84466667","trail_speed":"0","trail_heading":"105","i_m_o_number":"9160932","DC_ID":"1060"}
14:17:58.686 [main] DEBUG com.polestar.ndcrefill.Main - {"creation_date":"2022-06-04","creation_time":"22:51:47","trail_date":"2022-06-04","trail_time":"22:48:00","trail_latitude":"8.286","trail_longitude":"-62.84466667","trail_speed":"0","trail_heading":"105","i_m_o_number":"9160932","DC_ID":"1060"}
14:17:58.686 [main] DEBUG com.polestar.ndcrefill.Main - {"creation_date":"2022-06-04","creation_time":"16:53:38","trail_date":"2022-06-04","trail_time":"16:48:00","trail_latitude":"8.286","trail_longitude":"-62.84466667","trail_speed":"0","trail_heading":"105","i_m_o_number":"9160932","DC_ID":"1060"}
14:17:58.686 [main] DEBUG com.polestar.ndcrefill.Main - {"creation_date":"2022-06-04","creation_time":"10:52:29","trail_date":"2022-06-04","trail_time":"10:48:00","trail_latitude":"8.286","trail_longitude":"-62.84466667","trail_speed":"0","trail_heading":"105","i_m_o_number":"9160932","DC_ID":"1060"}
14:17:58.686 [main] DEBUG com.polestar.ndcrefill.Main - {"creation_date":"2022-06-02","creation_time":"04:50:35","trail_date":"2022-06-02","trail_time":"04:48:00","trail_latitude":"8.286","trail_longitude":"-62.84466667","trail_speed":"0","trail_heading":"281","i_m_o_number":"9160932","DC_ID":"1060"}
14:17:59.645 [main] DEBUG com.polestar.ndcrefill.Main - [0,0,0,0,0,0,0,0,0,0,0,0,0,0,0,0,0,0,0,0,0,0,0,0,0,0,0,0,0,0,0,0,0,0,0,0,0,0,0,0,0,0,0,0,0,0,0,0,0,0,0,0,0,0,0,0,0,0,0,0,0,0,0,0,0,0,0,0,0,0,0,0,0,0,0,0,0,0,0,0,0,0,0,0,0,0,0,0,0,0,0,0,0,0,0,0,0,0,0,0]
14:17:59.645 [main] INFO  com.polestar.ndcrefill.Main - Current position: 100 out of 108
14:17:59.645 [main] DEBUG com.polestar.ndcrefill.Main - {"creation_date":"2022-06-02","creation_time":"10:51:03","trail_date":"2022-06-02","trail_time":"10:48:00","trail_latitude":"8.286","trail_longitude":"-62.84466667","trail_speed":"0","trail_heading":"281","i_m_o_number":"9160932","DC_ID":"1060"}
14:17:59.645 [main] DEBUG com.polestar.ndcrefill.Main - {"creation_date":"2022-06-02","creation_time":"16:52:17","trail_date":"2022-06-02","trail_time":"16:48:00","trail_latitude":"8.286","trail_longitude":"-62.84466667","trail_speed":"0","trail_heading":"281","i_m_o_number":"9160932","DC_ID":"1060"}
14:17:59.645 [main] DEBUG com.polestar.ndcrefill.Main - {"creation_date":"2022-06-02","creation_time":"22:50:44","trail_date":"2022-06-02","trail_time":"22:48:00","trail_latitude":"8.286","trail_longitude":"-62.84466667","trail_speed":"0","trail_heading":"281","i_m_o_number":"9160932","DC_ID":"1060"}
14:17:59.645 [main] DEBUG com.polestar.ndcrefill.Main - {"creation_date":"2022-06-03","creation_time":"04:51:27","trail_date":"2022-06-03","trail_time":"04:48:00","trail_latitude":"8.286","trail_longitude":"-62.84466667","trail_speed":"0","trail_heading":"281","i_m_o_number":"9160932","DC_ID":"1060"}
14:17:59.646 [main] DEBUG com.polestar.ndcrefill.Main - {"creation_date":"2022-06-03","creation_time":"10:50:20","trail_date":"2022-06-03","trail_time":"10:48:00","trail_latitude":"8.286","trail_longitude":"-62.84466667","trail_speed":"0","trail_heading":"281","i_m_o_number":"9160932","DC_ID":"1060"}
14:17:59.646 [main] DEBUG com.polestar.ndcrefill.Main - {"creation_date":"2022-06-03","creation_time":"16:50:55","trail_date":"2022-06-03","trail_time":"16:48:00","trail_latitude":"8.286","trail_longitude":"-62.84466667","trail_speed":"0","trail_heading":"281","i_m_o_number":"9160932","DC_ID":"1060"}
14:17:59.646 [main] DEBUG com.polestar.ndcrefill.Main - {"creation_date":"2022-06-03","creation_time":"22:52:14","trail_date":"2022-06-03","trail_time":"22:48:00","trail_latitude":"8.286","trail_longitude":"-62.84466667","trail_speed":"0","trail_heading":"281","i_m_o_number":"9160932","DC_ID":"1060"}
14:17:59.646 [main] DEBUG com.polestar.ndcrefill.Main - {"creation_date":"2022-06-04","creation_time":"04:51:56","trail_date":"2022-06-04","trail_time":"04:48:00","trail_latitude":"8.286","trail_longitude":"-62.84466667","trail_speed":"0","trail_heading":"281","i_m_o_number":"9160932","DC_ID":"1060"}
14:18:00.310 [main] DEBUG com.polestar.ndcrefill.Main - [0,0,0,0,0,0,0,0]
14:18:00.311 [main] INFO  com.polestar.ndcrefill.Main - Current position: 108 out of 108
14:18:00.311 [main] INFO  com.polestar.ndcrefill.Main - -----------------------------------------------------------------
14:18:01.209 [main] INFO  com.polestar.ndcrefill.Main - new max shippositionID: 9952
14:18:01.211 [main] INFO  com.polestar.ndcrefill.Main - new ship position generator value 209
14:18:01.881 [main] INFO  com.polestar.ndcrefill.Main - Updated Ship Position Generator value successfully
14:18:01.881 [main] INFO  com.polestar.ndcrefill.Main - -----------------------------------------------------------------
14:18:02.721 [main] INFO  com.polestar.ndcrefill.Main - new max messageID: 449248
14:18:02.722 [main] INFO  com.polestar.ndcrefill.Main - new message generator value 8994
14:18:03.094 [main] INFO  com.polestar.ndcrefill.Main - Updated Message Generator value successfully
14:18:03.096 [main] INFO  com.polestar.ndcrefill.Main - -----------------------------------------------------------------
14:18:03.096 [main] INFO  com.polestar.ndcrefill.Main - finished: 2022-06-15 14:18:03.096
14:18:03.098 [main] INFO  com.polestar.ndcrefill.Main - time taken: PT13.293S
14:18:03.098 [main] INFO  com.polestar.ndcrefill.Main - -----------------------------------------------------------------
