14:46:06.763 [main] INFO  com.polestar.ndcrefill.Main - -----------------------------------------------------------------
14:46:06.765 [main] INFO  com.polestar.ndcrefill.Main - Start: 2022-06-17 14:46:06.765
14:46:06.765 [main] INFO  com.polestar.ndcrefill.Main - -----------------------------------------------------------------
14:46:06.765 [main] INFO  com.polestar.ndcrefill.Main - Starting Backfill
14:46:06.765 [main] INFO  com.polestar.ndcrefill.Main - HOST: jdbc:postgresql://localhost:6432/
14:46:06.766 [main] INFO  com.polestar.ndcrefill.Main - MASTER_USERNAME: lrit
14:46:06.766 [main] INFO  com.polestar.ndcrefill.Main - DO_INSERTS: true
14:46:06.766 [main] INFO  com.polestar.ndcrefill.Main - FILE_LOCATION: src/main/resources/missing_positions.csv
14:46:06.766 [main] INFO  com.polestar.ndcrefill.Main - FLAG_CODE: 1070
14:46:06.766 [main] INFO  com.polestar.ndcrefill.Main - DATA_CENTER_IDENTIFIER: 3070
14:46:08.547 [main] INFO  com.polestar.ndcrefill.Main - -----------------------------------------------------------------
14:46:08.548 [main] INFO  com.polestar.ndcrefill.Main - Starting Details
14:46:09.148 [main] INFO  com.polestar.ndcrefill.Main - ShipPosition Generator Value: 2887
14:46:09.444 [main] INFO  com.polestar.ndcrefill.Main - Message Generator Value: 13551
14:46:09.746 [main] INFO  com.polestar.ndcrefill.Main - current max ship position id is: 144341 starting shipPositionID: 146341
14:46:10.040 [main] INFO  com.polestar.ndcrefill.Main - current max message id is: 677534 starting messageID: 679534
14:46:10.040 [main] INFO  com.polestar.ndcrefill.Main - -----------------------------------------------------------------
14:46:10.040 [main] INFO  com.polestar.ndcrefill.Main - Updating Insert Positions function
14:46:10.769 [main] INFO  com.polestar.ndcrefill.Main - Updated Successfully
14:46:10.770 [main] INFO  com.polestar.ndcrefill.Main - -----------------------------------------------------------------
14:46:10.772 [main] INFO  com.polestar.ndcrefill.FileService - starting to process file
14:46:11.000 [main] INFO  com.polestar.ndcrefill.FileService - Positions count: 127
14:46:11.000 [main] INFO  com.polestar.ndcrefill.Main - -----------------------------------------------------------------
14:46:11.007 [main] DEBUG com.polestar.ndcrefill.Main - {"creation_date":"2022-06-02","creation_time":"01:07:40","trail_date":"2022-06-02","trail_time":"01:06:00","trail_latitude":"31.944","trail_longitude":"-80.402","trail_speed":"0","trail_heading":"86","i_m_o_number":"9322346","DC_ID":"1070"}
14:46:11.007 [main] DEBUG com.polestar.ndcrefill.Main - {"creation_date":"2022-06-02","creation_time":"07:08:15","trail_date":"2022-06-02","trail_time":"07:06:00","trail_latitude":"31.942","trail_longitude":"-80.39933333","trail_speed":"0","trail_heading":"48","i_m_o_number":"9322346","DC_ID":"1070"}
14:46:11.008 [main] DEBUG com.polestar.ndcrefill.Main - {"creation_date":"2022-06-02","creation_time":"13:08:40","trail_date":"2022-06-02","trail_time":"13:06:00","trail_latitude":"31.94333333","trail_longitude":"-80.4","trail_speed":"0","trail_heading":"34","i_m_o_number":"9322346","DC_ID":"1070"}
14:46:11.008 [main] DEBUG com.polestar.ndcrefill.Main - {"creation_date":"2022-06-02","creation_time":"19:07:59","trail_date":"2022-06-02","trail_time":"19:06:00","trail_latitude":"31.94333333","trail_longitude":"-80.39933333","trail_speed":"0","trail_heading":"34","i_m_o_number":"9322346","DC_ID":"1070"}
14:46:11.008 [main] DEBUG com.polestar.ndcrefill.Main - {"creation_date":"2022-06-03","creation_time":"01:09:11","trail_date":"2022-06-03","trail_time":"01:06:00","trail_latitude":"31.94466667","trail_longitude":"-80.40133333","trail_speed":"0","trail_heading":"99","i_m_o_number":"9322346","DC_ID":"1070"}
14:46:11.009 [main] DEBUG com.polestar.ndcrefill.Main - {"creation_date":"2022-06-03","creation_time":"07:10:46","trail_date":"2022-06-03","trail_time":"07:06:00","trail_latitude":"31.944","trail_longitude":"-80.39933333","trail_speed":"0.2","trail_heading":"338","i_m_o_number":"9322346","DC_ID":"1070"}
14:46:11.009 [main] DEBUG com.polestar.ndcrefill.Main - {"creation_date":"2022-06-03","creation_time":"13:09:32","trail_date":"2022-06-03","trail_time":"13:06:00","trail_latitude":"31.94333333","trail_longitude":"-80.39933333","trail_speed":"0","trail_heading":"104","i_m_o_number":"9322346","DC_ID":"1070"}
14:46:11.009 [main] DEBUG com.polestar.ndcrefill.Main - {"creation_date":"2022-06-03","creation_time":"19:09:20","trail_date":"2022-06-03","trail_time":"19:06:00","trail_latitude":"31.94266667","trail_longitude":"-80.39866667","trail_speed":"0","trail_heading":"345","i_m_o_number":"9322346","DC_ID":"1070"}
14:46:11.010 [main] DEBUG com.polestar.ndcrefill.Main - {"creation_date":"2022-06-04","creation_time":"01:11:53","trail_date":"2022-06-04","trail_time":"01:06:00","trail_latitude":"31.94466667","trail_longitude":"-80.40066667","trail_speed":"0","trail_heading":"276","i_m_o_number":"9322346","DC_ID":"1070"}
14:46:11.010 [main] DEBUG com.polestar.ndcrefill.Main - {"creation_date":"2022-06-04","creation_time":"07:09:07","trail_date":"2022-06-04","trail_time":"07:06:00","trail_latitude":"31.942","trail_longitude":"-80.39866667","trail_speed":"0","trail_heading":"135","i_m_o_number":"9322346","DC_ID":"1070"}
14:46:11.010 [main] DEBUG com.polestar.ndcrefill.Main - {"creation_date":"2022-06-02","creation_time":"02:38:56","trail_date":"2022-06-02","trail_time":"02:36:00","trail_latitude":"31.944","trail_longitude":"-80.40066667","trail_speed":"0","trail_heading":"307","i_m_o_number":"9322346","DC_ID":"1070"}
14:46:11.010 [main] DEBUG com.polestar.ndcrefill.Main - {"creation_date":"2022-06-02","creation_time":"08:42:27","trail_date":"2022-06-02","trail_time":"08:36:00","trail_latitude":"31.942","trail_longitude":"-80.39933333","trail_speed":"0","trail_heading":"60","i_m_o_number":"9322346","DC_ID":"1070"}
14:46:11.011 [main] DEBUG com.polestar.ndcrefill.Main - {"creation_date":"2022-06-02","creation_time":"14:39:25","trail_date":"2022-06-02","trail_time":"14:36:00","trail_latitude":"31.94333333","trail_longitude":"-80.39933333","trail_speed":"0","trail_heading":"96","i_m_o_number":"9322346","DC_ID":"1070"}
14:46:11.011 [main] DEBUG com.polestar.ndcrefill.Main - {"creation_date":"2022-06-02","creation_time":"20:38:57","trail_date":"2022-06-02","trail_time":"20:36:00","trail_latitude":"31.944","trail_longitude":"-80.40066667","trail_speed":"0.2","trail_heading":"293","i_m_o_number":"9322346","DC_ID":"1070"}
14:46:11.011 [main] DEBUG com.polestar.ndcrefill.Main - {"creation_date":"2022-06-03","creation_time":"02:39:37","trail_date":"2022-06-03","trail_time":"02:36:00","trail_latitude":"31.944","trail_longitude":"-80.40066667","trail_speed":"0","trail_heading":"87","i_m_o_number":"9322346","DC_ID":"1070"}
14:46:11.011 [main] DEBUG com.polestar.ndcrefill.Main - {"creation_date":"2022-06-03","creation_time":"08:39:17","trail_date":"2022-06-03","trail_time":"08:36:00","trail_latitude":"31.94333333","trail_longitude":"-80.39933333","trail_speed":"0","trail_heading":"8","i_m_o_number":"9322346","DC_ID":"1070"}
14:46:11.011 [main] DEBUG com.polestar.ndcrefill.Main - {"creation_date":"2022-06-03","creation_time":"14:39:24","trail_date":"2022-06-03","trail_time":"14:36:00","trail_latitude":"31.94333333","trail_longitude":"-80.39933333","trail_speed":"0","trail_heading":"60","i_m_o_number":"9322346","DC_ID":"1070"}
14:46:11.012 [main] DEBUG com.polestar.ndcrefill.Main - {"creation_date":"2022-06-03","creation_time":"20:39:23","trail_date":"2022-06-03","trail_time":"20:36:00","trail_latitude":"31.944","trail_longitude":"-80.4","trail_speed":"0","trail_heading":"325","i_m_o_number":"9322346","DC_ID":"1070"}
14:46:11.012 [main] DEBUG com.polestar.ndcrefill.Main - {"creation_date":"2022-06-04","creation_time":"02:41:34","trail_date":"2022-06-04","trail_time":"02:36:00","trail_latitude":"31.944","trail_longitude":"-80.4","trail_speed":"0","trail_heading":"90","i_m_o_number":"9322346","DC_ID":"1070"}
14:46:11.012 [main] DEBUG com.polestar.ndcrefill.Main - {"creation_date":"2022-06-04","creation_time":"10:08:12","trail_date":"2022-06-04","trail_time":"10:06:00","trail_latitude":"31.942","trail_longitude":"-80.39866667","trail_speed":"0","trail_heading":"339","i_m_o_number":"9322346","DC_ID":"1070"}
14:46:11.012 [main] DEBUG com.polestar.ndcrefill.Main - {"creation_date":"2022-06-04","creation_time":"14:40:43","trail_date":"2022-06-04","trail_time":"14:36:00","trail_latitude":"31.942","trail_longitude":"-80.40333333","trail_speed":"0","trail_heading":"109","i_m_o_number":"9322346","DC_ID":"1070"}
14:46:11.013 [main] DEBUG com.polestar.ndcrefill.Main - {"creation_date":"2022-06-05","creation_time":"02:39:49","trail_date":"2022-06-05","trail_time":"02:36:00","trail_latitude":"31.94133333","trail_longitude":"-80.404","trail_speed":"0","trail_heading":"165","i_m_o_number":"9322346","DC_ID":"1070"}
14:46:11.013 [main] DEBUG com.polestar.ndcrefill.Main - {"creation_date":"2022-06-05","creation_time":"08:38:46","trail_date":"2022-06-05","trail_time":"08:36:00","trail_latitude":"31.93933333","trail_longitude":"-80.404","trail_speed":"0","trail_heading":"347","i_m_o_number":"9322346","DC_ID":"1070"}
14:46:11.013 [main] DEBUG com.polestar.ndcrefill.Main - {"creation_date":"2022-06-05","creation_time":"14:38:30","trail_date":"2022-06-05","trail_time":"14:36:00","trail_latitude":"31.94","trail_longitude":"-80.40466667","trail_speed":"0","trail_heading":"160","i_m_o_number":"9322346","DC_ID":"1070"}
14:46:11.013 [main] DEBUG com.polestar.ndcrefill.Main - {"creation_date":"2022-06-05","creation_time":"20:39:13","trail_date":"2022-06-05","trail_time":"20:36:00","trail_latitude":"31.94","trail_longitude":"-80.40466667","trail_speed":"0.2","trail_heading":"9","i_m_o_number":"9322346","DC_ID":"1070"}
14:46:11.013 [main] DEBUG com.polestar.ndcrefill.Main - {"creation_date":"2022-06-02","creation_time":"00:42:18","trail_date":"2022-06-02","trail_time":"00:38:00","trail_latitude":"32.81533333","trail_longitude":"35.014","trail_speed":"0","trail_heading":"283","i_m_o_number":"9318163","DC_ID":"1070"}
14:46:11.014 [main] DEBUG com.polestar.ndcrefill.Main - {"creation_date":"2022-06-02","creation_time":"06:43:35","trail_date":"2022-06-02","trail_time":"06:38:00","trail_latitude":"32.81533333","trail_longitude":"35.014","trail_speed":"0","trail_heading":"126","i_m_o_number":"9318163","DC_ID":"1070"}
14:46:11.014 [main] DEBUG com.polestar.ndcrefill.Main - {"creation_date":"2022-06-02","creation_time":"12:40:50","trail_date":"2022-06-02","trail_time":"12:38:00","trail_latitude":"32.81533333","trail_longitude":"35.014","trail_speed":"0","trail_heading":"151","i_m_o_number":"9318163","DC_ID":"1070"}
14:46:11.014 [main] DEBUG com.polestar.ndcrefill.Main - {"creation_date":"2022-06-02","creation_time":"18:42:50","trail_date":"2022-06-02","trail_time":"18:38:00","trail_latitude":"32.816","trail_longitude":"35.014","trail_speed":"0","trail_heading":"117","i_m_o_number":"9318163","DC_ID":"1070"}
14:46:11.014 [main] DEBUG com.polestar.ndcrefill.Main - {"creation_date":"2022-06-03","creation_time":"00:40:52","trail_date":"2022-06-03","trail_time":"00:26:00","trail_latitude":"32.816","trail_longitude":"35.014","trail_speed":"0","trail_heading":"322","i_m_o_number":"9318163","DC_ID":"1070"}
14:46:11.014 [main] DEBUG com.polestar.ndcrefill.Main - {"creation_date":"2022-06-03","creation_time":"06:41:22","trail_date":"2022-06-03","trail_time":"06:38:00","trail_latitude":"33.36266667","trail_longitude":"34.52533333","trail_speed":"20.4","trail_heading":"5","i_m_o_number":"9318163","DC_ID":"1070"}
14:46:11.015 [main] DEBUG com.polestar.ndcrefill.Main - {"creation_date":"2022-06-03","creation_time":"12:41:43","trail_date":"2022-06-03","trail_time":"12:38:00","trail_latitude":"35.43333333","trail_longitude":"34.67333333","trail_speed":"20.6","trail_heading":"3","i_m_o_number":"9318163","DC_ID":"1070"}
14:46:11.015 [main] DEBUG com.polestar.ndcrefill.Main - {"creation_date":"2022-06-03","creation_time":"18:41:03","trail_date":"2022-06-03","trail_time":"18:38:00","trail_latitude":"36.67133333","trail_longitude":"34.74133333","trail_speed":"0.2","trail_heading":"325","i_m_o_number":"9318163","DC_ID":"1070"}
14:46:11.015 [main] DEBUG com.polestar.ndcrefill.Main - {"creation_date":"2022-06-04","creation_time":"00:40:55","trail_date":"2022-06-03","trail_time":"23:22:00","trail_latitude":"36.67066667","trail_longitude":"34.74133333","trail_speed":"0","trail_heading":"202","i_m_o_number":"9318163","DC_ID":"1070"}
14:46:11.015 [main] DEBUG com.polestar.ndcrefill.Main - {"creation_date":"2022-06-04","creation_time":"06:43:04","trail_date":"2022-06-04","trail_time":"06:38:00","trail_latitude":"36.67133333","trail_longitude":"34.74133333","trail_speed":"0","trail_heading":"119","i_m_o_number":"9318163","DC_ID":"1070"}
14:46:11.015 [main] DEBUG com.polestar.ndcrefill.Main - {"creation_date":"2022-06-04","creation_time":"12:42:38","trail_date":"2022-06-04","trail_time":"12:18:00","trail_latitude":"36.67133333","trail_longitude":"34.744","trail_speed":"0.6","trail_heading":"148","i_m_o_number":"9318163","DC_ID":"1070"}
14:46:11.016 [main] DEBUG com.polestar.ndcrefill.Main - {"creation_date":"2022-06-04","creation_time":"07:22:19","trail_date":"2022-06-04","trail_time":"17:16:00","trail_latitude":"40.11866667","trail_longitude":"32.99333333","trail_speed":"27.2","trail_heading":"48","i_m_o_number":"9318163","DC_ID":"1070"}
14:46:11.016 [main] DEBUG com.polestar.ndcrefill.Main - {"creation_date":"2022-06-04","creation_time":"18:42:23","trail_date":"2022-06-04","trail_time":"18:38:00","trail_latitude":"36.67133333","trail_longitude":"34.744","trail_speed":"0","trail_heading":"106","i_m_o_number":"9318163","DC_ID":"1070"}
14:46:11.016 [main] DEBUG com.polestar.ndcrefill.Main - {"creation_date":"2022-06-04","creation_time":"10:52:25","trail_date":"2022-06-04","trail_time":"20:46:00","trail_latitude":"40.116","trail_longitude":"32.992","trail_speed":"27","trail_heading":"339","i_m_o_number":"9318163","DC_ID":"1070"}
14:46:11.016 [main] DEBUG com.polestar.ndcrefill.Main - {"creation_date":"2022-06-05","creation_time":"00:42:39","trail_date":"2022-06-05","trail_time":"00:38:00","trail_latitude":"36.67066667","trail_longitude":"34.74066667","trail_speed":"0","trail_heading":"356","i_m_o_number":"9318163","DC_ID":"1070"}
14:46:11.016 [main] DEBUG com.polestar.ndcrefill.Main - {"creation_date":"2022-06-05","creation_time":"06:41:04","trail_date":"2022-06-05","trail_time":"06:14:00","trail_latitude":"36.67133333","trail_longitude":"34.74266667","trail_speed":"0.2","trail_heading":"112","i_m_o_number":"9318163","DC_ID":"1070"}
14:46:11.017 [main] DEBUG com.polestar.ndcrefill.Main - {"creation_date":"2022-06-05","creation_time":"12:42:55","trail_date":"2022-06-05","trail_time":"12:38:00","trail_latitude":"36.67133333","trail_longitude":"34.744","trail_speed":"0.2","trail_heading":"138","i_m_o_number":"9318163","DC_ID":"1070"}
14:46:11.017 [main] DEBUG com.polestar.ndcrefill.Main - {"creation_date":"2022-06-05","creation_time":"18:42:19","trail_date":"2022-06-05","trail_time":"18:38:00","trail_latitude":"36.67133333","trail_longitude":"34.744","trail_speed":"0","trail_heading":"227","i_m_o_number":"9318163","DC_ID":"1070"}
14:46:11.017 [main] DEBUG com.polestar.ndcrefill.Main - {"creation_date":"2022-06-02","creation_time":"00:48:44","trail_date":"2022-06-02","trail_time":"00:46:00","trail_latitude":"32.12333333","trail_longitude":"-81.13533333","trail_speed":"0","trail_heading":"329","i_m_o_number":"9471202","DC_ID":"1070"}
14:46:11.017 [main] DEBUG com.polestar.ndcrefill.Main - {"creation_date":"2022-06-02","creation_time":"06:48:27","trail_date":"2022-06-02","trail_time":"06:46:00","trail_latitude":"32.12333333","trail_longitude":"-81.13533333","trail_speed":"0","trail_heading":"329","i_m_o_number":"9471202","DC_ID":"1070"}
14:46:11.017 [main] DEBUG com.polestar.ndcrefill.Main - {"creation_date":"2022-06-02","creation_time":"12:48:29","trail_date":"2022-06-02","trail_time":"12:46:00","trail_latitude":"32.12333333","trail_longitude":"-81.13533333","trail_speed":"0","trail_heading":"329","i_m_o_number":"9471202","DC_ID":"1070"}
14:46:11.017 [main] DEBUG com.polestar.ndcrefill.Main - {"creation_date":"2022-06-02","creation_time":"18:48:24","trail_date":"2022-06-02","trail_time":"18:46:00","trail_latitude":"32.12333333","trail_longitude":"-81.13533333","trail_speed":"0","trail_heading":"329","i_m_o_number":"9471202","DC_ID":"1070"}
14:46:11.017 [main] DEBUG com.polestar.ndcrefill.Main - {"creation_date":"2022-06-03","creation_time":"00:52:10","trail_date":"2022-06-03","trail_time":"00:46:00","trail_latitude":"32.12333333","trail_longitude":"-81.13533333","trail_speed":"0","trail_heading":"329","i_m_o_number":"9471202","DC_ID":"1070"}
14:46:11.018 [main] DEBUG com.polestar.ndcrefill.Main - {"creation_date":"2022-06-03","creation_time":"06:48:34","trail_date":"2022-06-03","trail_time":"06:46:00","trail_latitude":"32.11066667","trail_longitude":"-79.89","trail_speed":"19.2","trail_heading":"64","i_m_o_number":"9471202","DC_ID":"1070"}
14:46:11.018 [main] DEBUG com.polestar.ndcrefill.Main - {"creation_date":"2022-06-03","creation_time":"12:52:02","trail_date":"2022-06-03","trail_time":"12:46:00","trail_latitude":"32.99866667","trail_longitude":"-77.94533333","trail_speed":"18.6","trail_heading":"60","i_m_o_number":"9471202","DC_ID":"1070"}
14:46:11.018 [main] DEBUG com.polestar.ndcrefill.Main - {"creation_date":"2022-06-03","creation_time":"18:48:22","trail_date":"2022-06-03","trail_time":"18:46:00","trail_latitude":"33.89","trail_longitude":"-76.57","trail_speed":"12","trail_heading":"49","i_m_o_number":"9471202","DC_ID":"1070"}
14:46:11.018 [main] DEBUG com.polestar.ndcrefill.Main - {"creation_date":"2022-06-04","creation_time":"00:48:23","trail_date":"2022-06-04","trail_time":"00:46:00","trail_latitude":"34.67066667","trail_longitude":"-75.476","trail_speed":"12.4","trail_heading":"46","i_m_o_number":"9471202","DC_ID":"1070"}
14:46:11.018 [main] DEBUG com.polestar.ndcrefill.Main - {"creation_date":"2022-06-04","creation_time":"06:48:25","trail_date":"2022-06-04","trail_time":"06:46:00","trail_latitude":"35.73466667","trail_longitude":"-74.99266667","trail_speed":"11","trail_heading":"312","i_m_o_number":"9471202","DC_ID":"1070"}
14:46:11.019 [main] DEBUG com.polestar.ndcrefill.Main - {"creation_date":"2022-06-04","creation_time":"12:48:24","trail_date":"2022-06-04","trail_time":"12:46:00","trail_latitude":"36.462","trail_longitude":"-75.466","trail_speed":"0.6","trail_heading":"277","i_m_o_number":"9471202","DC_ID":"1070"}
14:46:11.019 [main] DEBUG com.polestar.ndcrefill.Main - {"creation_date":"2022-06-04","creation_time":"18:48:30","trail_date":"2022-06-04","trail_time":"18:46:00","trail_latitude":"36.97933333","trail_longitude":"-76.13066667","trail_speed":"14.4","trail_heading":"290","i_m_o_number":"9471202","DC_ID":"1070"}
14:46:11.019 [main] DEBUG com.polestar.ndcrefill.Main - {"creation_date":"2022-06-05","creation_time":"00:48:28","trail_date":"2022-06-05","trail_time":"00:46:00","trail_latitude":"36.92466667","trail_longitude":"-76.32933333","trail_speed":"0","trail_heading":"105","i_m_o_number":"9471202","DC_ID":"1070"}
14:46:11.019 [main] DEBUG com.polestar.ndcrefill.Main - {"creation_date":"2022-06-05","creation_time":"06:51:42","trail_date":"2022-06-05","trail_time":"06:46:00","trail_latitude":"36.924","trail_longitude":"-76.32933333","trail_speed":"0","trail_heading":"105","i_m_o_number":"9471202","DC_ID":"1070"}
14:46:11.019 [main] DEBUG com.polestar.ndcrefill.Main - {"creation_date":"2022-06-05","creation_time":"12:48:47","trail_date":"2022-06-05","trail_time":"12:46:00","trail_latitude":"36.92866667","trail_longitude":"-76.336","trail_speed":"4.6","trail_heading":"302","i_m_o_number":"9471202","DC_ID":"1070"}
14:46:11.019 [main] DEBUG com.polestar.ndcrefill.Main - {"creation_date":"2022-06-05","creation_time":"18:48:44","trail_date":"2022-06-05","trail_time":"18:46:00","trail_latitude":"36.72933333","trail_longitude":"-74.60133333","trail_speed":"16.6","trail_heading":"95","i_m_o_number":"9471202","DC_ID":"1070"}
14:46:11.019 [main] DEBUG com.polestar.ndcrefill.Main - {"creation_date":"2022-06-02","creation_time":"05:48:18","trail_date":"2022-06-02","trail_time":"05:46:00","trail_latitude":"32.81933333","trail_longitude":"35.01666667","trail_speed":"0","trail_heading":"328","i_m_o_number":"9244609","DC_ID":"1070"}
14:46:11.020 [main] DEBUG com.polestar.ndcrefill.Main - {"creation_date":"2022-06-02","creation_time":"11:51:30","trail_date":"2022-06-02","trail_time":"11:46:00","trail_latitude":"32.81933333","trail_longitude":"35.01666667","trail_speed":"0","trail_heading":"328","i_m_o_number":"9244609","DC_ID":"1070"}
14:46:11.020 [main] DEBUG com.polestar.ndcrefill.Main - {"creation_date":"2022-06-02","creation_time":"17:48:14","trail_date":"2022-06-02","trail_time":"17:38:00","trail_latitude":"32.86466667","trail_longitude":"34.976","trail_speed":"0","trail_heading":"0","i_m_o_number":"9244609","DC_ID":"1070"}
14:46:11.020 [main] DEBUG com.polestar.ndcrefill.Main - {"creation_date":"2022-06-02","creation_time":"23:51:30","trail_date":"2022-06-02","trail_time":"23:46:00","trail_latitude":"32.81","trail_longitude":"35.028","trail_speed":"0","trail_heading":"238","i_m_o_number":"9244609","DC_ID":"1070"}
14:46:11.020 [main] DEBUG com.polestar.ndcrefill.Main - {"creation_date":"2022-06-03","creation_time":"05:48:22","trail_date":"2022-06-03","trail_time":"05:46:00","trail_latitude":"32.81","trail_longitude":"35.028","trail_speed":"0","trail_heading":"245","i_m_o_number":"9244609","DC_ID":"1070"}
14:46:11.020 [main] DEBUG com.polestar.ndcrefill.Main - {"creation_date":"2022-06-03","creation_time":"11:48:23","trail_date":"2022-06-03","trail_time":"11:46:00","trail_latitude":"32.84266667","trail_longitude":"35.006","trail_speed":"0.2","trail_heading":"190","i_m_o_number":"9244609","DC_ID":"1070"}
14:46:11.020 [main] DEBUG com.polestar.ndcrefill.Main - {"creation_date":"2022-06-03","creation_time":"17:49:09","trail_date":"2022-06-03","trail_time":"17:46:00","trail_latitude":"32.84266667","trail_longitude":"35.006","trail_speed":"0","trail_heading":"198","i_m_o_number":"9244609","DC_ID":"1070"}
14:46:11.021 [main] DEBUG com.polestar.ndcrefill.Main - {"creation_date":"2022-06-03","creation_time":"23:51:35","trail_date":"2022-06-03","trail_time":"21:54:00","trail_latitude":"32.842","trail_longitude":"35.006","trail_speed":"0","trail_heading":"0","i_m_o_number":"9244609","DC_ID":"1070"}
14:46:11.021 [main] DEBUG com.polestar.ndcrefill.Main - {"creation_date":"2022-06-04","creation_time":"05:25:48","trail_date":"2022-06-04","trail_time":"05:24:00","trail_latitude":"32.84266667","trail_longitude":"35.006","trail_speed":"0","trail_heading":"171","i_m_o_number":"9244609","DC_ID":"1070"}
14:46:11.021 [main] DEBUG com.polestar.ndcrefill.Main - {"creation_date":"2022-06-04","creation_time":"05:48:35","trail_date":"2022-06-04","trail_time":"05:46:00","trail_latitude":"32.84266667","trail_longitude":"35.006","trail_speed":"0.2","trail_heading":"171","i_m_o_number":"9244609","DC_ID":"1070"}
14:46:11.021 [main] DEBUG com.polestar.ndcrefill.Main - {"creation_date":"2022-06-04","creation_time":"11:48:06","trail_date":"2022-06-04","trail_time":"11:46:00","trail_latitude":"32.84133333","trail_longitude":"35.00533333","trail_speed":"0.2","trail_heading":"249","i_m_o_number":"9244609","DC_ID":"1070"}
14:46:11.021 [main] DEBUG com.polestar.ndcrefill.Main - {"creation_date":"2022-06-04","creation_time":"17:48:08","trail_date":"2022-06-04","trail_time":"17:46:00","trail_latitude":"32.84133333","trail_longitude":"35.00533333","trail_speed":"0.2","trail_heading":"276","i_m_o_number":"9244609","DC_ID":"1070"}
14:46:11.021 [main] DEBUG com.polestar.ndcrefill.Main - {"creation_date":"2022-06-04","creation_time":"23:48:10","trail_date":"2022-06-04","trail_time":"23:46:00","trail_latitude":"33.15","trail_longitude":"34.38933333","trail_speed":"7.6","trail_heading":"296","i_m_o_number":"9244609","DC_ID":"1070"}
14:46:11.021 [main] DEBUG com.polestar.ndcrefill.Main - {"creation_date":"2022-06-05","creation_time":"05:48:24","trail_date":"2022-06-05","trail_time":"05:46:00","trail_latitude":"33.20133333","trail_longitude":"34.29466667","trail_speed":"0.2","trail_heading":"37","i_m_o_number":"9244609","DC_ID":"1070"}
14:46:11.022 [main] DEBUG com.polestar.ndcrefill.Main - {"creation_date":"2022-06-05","creation_time":"11:48:27","trail_date":"2022-06-05","trail_time":"11:46:00","trail_latitude":"33.19933333","trail_longitude":"34.29866667","trail_speed":"0","trail_heading":"281","i_m_o_number":"9244609","DC_ID":"1070"}
14:46:11.022 [main] DEBUG com.polestar.ndcrefill.Main - {"creation_date":"2022-06-05","creation_time":"17:48:41","trail_date":"2022-06-05","trail_time":"17:46:00","trail_latitude":"33.19066667","trail_longitude":"34.30333333","trail_speed":"0","trail_heading":"198","i_m_o_number":"9244609","DC_ID":"1070"}
14:46:11.022 [main] DEBUG com.polestar.ndcrefill.Main - {"creation_date":"2022-06-06","creation_time":"05:53:07","trail_date":"2022-06-05","trail_time":"20:08:00","trail_latitude":"33.178","trail_longitude":"34.322","trail_speed":"0","trail_heading":"0","i_m_o_number":"9244609","DC_ID":"1070"}
14:46:11.022 [main] DEBUG com.polestar.ndcrefill.Main - {"creation_date":"2022-06-06","creation_time":"05:48:08","trail_date":"2022-06-05","trail_time":"20:08:00","trail_latitude":"33.178","trail_longitude":"34.322","trail_speed":"0","trail_heading":"0","i_m_o_number":"9244609","DC_ID":"1070"}
14:46:11.022 [main] DEBUG com.polestar.ndcrefill.Main - {"creation_date":"2022-06-06","creation_time":"03:40:04","trail_date":"2022-06-05","trail_time":"20:08:00","trail_latitude":"33.178","trail_longitude":"34.322","trail_speed":"0","trail_heading":"0","i_m_o_number":"9244609","DC_ID":"1070"}
14:46:11.022 [main] DEBUG com.polestar.ndcrefill.Main - {"creation_date":"2022-06-05","creation_time":"23:48:32","trail_date":"2022-06-05","trail_time":"20:08:00","trail_latitude":"33.178","trail_longitude":"34.322","trail_speed":"0","trail_heading":"0","i_m_o_number":"9244609","DC_ID":"1070"}
14:46:11.022 [main] DEBUG com.polestar.ndcrefill.Main - {"creation_date":"2022-06-02","creation_time":"02:58:59","trail_date":"2022-06-02","trail_time":"02:56:00","trail_latitude":"31.37333333","trail_longitude":"121.584","trail_speed":"0","trail_heading":"33","i_m_o_number":"9231808","DC_ID":"1070"}
14:46:11.022 [main] DEBUG com.polestar.ndcrefill.Main - {"creation_date":"2022-06-02","creation_time":"09:03:00","trail_date":"2022-06-02","trail_time":"08:56:00","trail_latitude":"31.37333333","trail_longitude":"121.584","trail_speed":"0","trail_heading":"33","i_m_o_number":"9231808","DC_ID":"1070"}
14:46:11.023 [main] DEBUG com.polestar.ndcrefill.Main - {"creation_date":"2022-06-02","creation_time":"14:59:20","trail_date":"2022-06-02","trail_time":"14:56:00","trail_latitude":"31.37333333","trail_longitude":"121.584","trail_speed":"0","trail_heading":"13","i_m_o_number":"9231808","DC_ID":"1070"}
14:46:11.023 [main] DEBUG com.polestar.ndcrefill.Main - {"creation_date":"2022-06-02","creation_time":"21:02:20","trail_date":"2022-06-02","trail_time":"20:56:00","trail_latitude":"31.096","trail_longitude":"122.3826667","trail_speed":"12.6","trail_heading":"97","i_m_o_number":"9231808","DC_ID":"1070"}
14:46:11.023 [main] DEBUG com.polestar.ndcrefill.Main - {"creation_date":"2022-06-03","creation_time":"03:00:09","trail_date":"2022-06-03","trail_time":"02:56:00","trail_latitude":"30.45133333","trail_longitude":"123.1633333","trail_speed":"10","trail_heading":"190","i_m_o_number":"9231808","DC_ID":"1070"}
14:46:11.023 [main] DEBUG com.polestar.ndcrefill.Main - {"creation_date":"2022-06-03","creation_time":"08:58:46","trail_date":"2022-06-03","trail_time":"08:56:00","trail_latitude":"29.92533333","trail_longitude":"122.8386667","trail_speed":"0","trail_heading":"248","i_m_o_number":"9231808","DC_ID":"1070"}
14:46:11.023 [main] DEBUG com.polestar.ndcrefill.Main - {"creation_date":"2022-06-03","creation_time":"14:59:25","trail_date":"2022-06-03","trail_time":"14:56:00","trail_latitude":"29.92933333","trail_longitude":"122.8346667","trail_speed":"0","trail_heading":"22","i_m_o_number":"9231808","DC_ID":"1070"}
14:46:11.023 [main] DEBUG com.polestar.ndcrefill.Main - {"creation_date":"2022-06-03","creation_time":"20:59:33","trail_date":"2022-06-03","trail_time":"20:56:00","trail_latitude":"29.926","trail_longitude":"122.8393333","trail_speed":"0","trail_heading":"203","i_m_o_number":"9231808","DC_ID":"1070"}
14:46:11.023 [main] DEBUG com.polestar.ndcrefill.Main - {"creation_date":"2022-06-04","creation_time":"03:00:09","trail_date":"2022-06-04","trail_time":"02:56:00","trail_latitude":"29.93","trail_longitude":"122.8373333","trail_speed":"0.2","trail_heading":"104","i_m_o_number":"9231808","DC_ID":"1070"}
14:46:11.023 [main] DEBUG com.polestar.ndcrefill.Main - {"creation_date":"2022-06-04","creation_time":"08:58:28","trail_date":"2022-06-04","trail_time":"08:56:00","trail_latitude":"29.92666667","trail_longitude":"122.8393333","trail_speed":"0","trail_heading":"191","i_m_o_number":"9231808","DC_ID":"1070"}
14:46:11.023 [main] DEBUG com.polestar.ndcrefill.Main - {"creation_date":"2022-06-04","creation_time":"15:00:02","trail_date":"2022-06-04","trail_time":"14:56:00","trail_latitude":"29.92933333","trail_longitude":"122.8353333","trail_speed":"0","trail_heading":"48","i_m_o_number":"9231808","DC_ID":"1070"}
14:46:11.024 [main] DEBUG com.polestar.ndcrefill.Main - {"creation_date":"2022-06-04","creation_time":"20:59:51","trail_date":"2022-06-04","trail_time":"20:56:00","trail_latitude":"29.92866667","trail_longitude":"122.84","trail_speed":"0","trail_heading":"141","i_m_o_number":"9231808","DC_ID":"1070"}
14:46:11.024 [main] DEBUG com.polestar.ndcrefill.Main - {"creation_date":"2022-06-05","creation_time":"02:59:49","trail_date":"2022-06-05","trail_time":"02:56:00","trail_latitude":"29.93","trail_longitude":"122.8366667","trail_speed":"0","trail_heading":"261","i_m_o_number":"9231808","DC_ID":"1070"}
14:46:11.024 [main] DEBUG com.polestar.ndcrefill.Main - {"creation_date":"2022-06-05","creation_time":"09:00:41","trail_date":"2022-06-05","trail_time":"08:56:00","trail_latitude":"29.92666667","trail_longitude":"122.84","trail_speed":"0.2","trail_heading":"189","i_m_o_number":"9231808","DC_ID":"1070"}
14:46:11.024 [main] DEBUG com.polestar.ndcrefill.Main - {"creation_date":"2022-06-05","creation_time":"15:00:41","trail_date":"2022-06-05","trail_time":"14:56:00","trail_latitude":"29.742","trail_longitude":"122.5173333","trail_speed":"0","trail_heading":"110","i_m_o_number":"9231808","DC_ID":"1070"}
14:46:11.024 [main] DEBUG com.polestar.ndcrefill.Main - {"creation_date":"2022-06-05","creation_time":"20:59:35","trail_date":"2022-06-05","trail_time":"20:56:00","trail_latitude":"29.742","trail_longitude":"122.5186667","trail_speed":"0","trail_heading":"240","i_m_o_number":"9231808","DC_ID":"1070"}
14:46:11.024 [main] DEBUG com.polestar.ndcrefill.Main - {"creation_date":"2022-06-02","creation_time":"02:53:23","trail_date":"2022-06-02","trail_time":"02:50:00","trail_latitude":"40.904","trail_longitude":"1.105333333","trail_speed":"10.4","trail_heading":"27","i_m_o_number":"9322334","DC_ID":"1070"}
14:46:11.024 [main] DEBUG com.polestar.ndcrefill.Main - {"creation_date":"2022-06-02","creation_time":"08:53:33","trail_date":"2022-06-02","trail_time":"08:50:00","trail_latitude":"41.09133333","trail_longitude":"1.214666667","trail_speed":"0","trail_heading":"158","i_m_o_number":"9322334","DC_ID":"1070"}
14:46:11.026 [main] DEBUG com.polestar.ndcrefill.Main - {"creation_date":"2022-06-02","creation_time":"14:53:08","trail_date":"2022-06-02","trail_time":"14:50:00","trail_latitude":"41.09133333","trail_longitude":"1.214666667","trail_speed":"0","trail_heading":"47","i_m_o_number":"9322334","DC_ID":"1070"}
14:46:11.026 [main] DEBUG com.polestar.ndcrefill.Main - {"creation_date":"2022-06-02","creation_time":"20:52:51","trail_date":"2022-06-02","trail_time":"20:50:00","trail_latitude":"40.92","trail_longitude":"1.679333333","trail_speed":"17","trail_heading":"111","i_m_o_number":"9322334","DC_ID":"1070"}
14:46:11.027 [main] DEBUG com.polestar.ndcrefill.Main - {"creation_date":"2022-06-03","creation_time":"02:53:25","trail_date":"2022-06-03","trail_time":"02:50:00","trail_latitude":"40.29666667","trail_longitude":"3.772666667","trail_speed":"17","trail_heading":"112","i_m_o_number":"9322334","DC_ID":"1070"}
14:46:12.205 [main] DEBUG com.polestar.ndcrefill.Main - [0,0,0,0,0,0,0,0,0,0,0,0,0,0,0,0,0,0,0,0,0,0,0,0,0,0,0,0,0,0,0,0,0,0,0,0,0,0,0,0,0,0,0,0,0,0,0,0,0,0,0,0,0,0,0,0,0,0,0,0,0,0,0,0,0,0,0,0,0,0,0,0,0,0,0,0,0,0,0,0,0,0,0,0,0,0,0,0,0,0,0,0,0,0,0,0,0,0,0,0]
14:46:12.205 [main] INFO  com.polestar.ndcrefill.Main - Current position: 100 out of 127
14:46:12.206 [main] DEBUG com.polestar.ndcrefill.Main - {"creation_date":"2022-06-03","creation_time":"08:52:55","trail_date":"2022-06-03","trail_time":"08:50:00","trail_latitude":"39.58","trail_longitude":"5.783333333","trail_speed":"17.2","trail_heading":"123","i_m_o_number":"9322334","DC_ID":"1070"}
14:46:12.206 [main] DEBUG com.polestar.ndcrefill.Main - {"creation_date":"2022-06-03","creation_time":"14:52:56","trail_date":"2022-06-03","trail_time":"14:50:00","trail_latitude":"38.872","trail_longitude":"7.77","trail_speed":"17","trail_heading":"116","i_m_o_number":"9322334","DC_ID":"1070"}
14:46:12.206 [main] DEBUG com.polestar.ndcrefill.Main - {"creation_date":"2022-06-03","creation_time":"20:52:49","trail_date":"2022-06-03","trail_time":"20:50:00","trail_latitude":"38.346","trail_longitude":"9.816","trail_speed":"16.6","trail_heading":"104","i_m_o_number":"9322334","DC_ID":"1070"}
14:46:12.206 [main] DEBUG com.polestar.ndcrefill.Main - {"creation_date":"2022-06-04","creation_time":"02:52:38","trail_date":"2022-06-04","trail_time":"02:50:00","trail_latitude":"37.73266667","trail_longitude":"11.82733333","trail_speed":"17.2","trail_heading":"120","i_m_o_number":"9322334","DC_ID":"1070"}
14:46:12.206 [main] DEBUG com.polestar.ndcrefill.Main - {"creation_date":"2022-06-04","creation_time":"08:53:19","trail_date":"2022-06-04","trail_time":"08:50:00","trail_latitude":"36.87133333","trail_longitude":"13.69333333","trail_speed":"17.2","trail_heading":"120","i_m_o_number":"9322334","DC_ID":"1070"}
14:46:12.206 [main] DEBUG com.polestar.ndcrefill.Main - {"creation_date":"2022-06-04","creation_time":"16:22:16","trail_date":"2022-06-04","trail_time":"16:20:00","trail_latitude":"36.208","trail_longitude":"16.214","trail_speed":"17.2","trail_heading":"98","i_m_o_number":"9322334","DC_ID":"1070"}
14:46:12.206 [main] DEBUG com.polestar.ndcrefill.Main - {"creation_date":"2022-06-04","creation_time":"20:56:40","trail_date":"2022-06-04","trail_time":"20:50:00","trail_latitude":"36.012","trail_longitude":"17.478","trail_speed":"17","trail_heading":"99","i_m_o_number":"9322334","DC_ID":"1070"}
14:46:12.206 [main] DEBUG com.polestar.ndcrefill.Main - {"creation_date":"2022-06-05","creation_time":"02:52:33","trail_date":"2022-06-05","trail_time":"02:50:00","trail_latitude":"35.73533333","trail_longitude":"19.55066667","trail_speed":"16.4","trail_heading":"99","i_m_o_number":"9322334","DC_ID":"1070"}
14:46:12.207 [main] DEBUG com.polestar.ndcrefill.Main - {"creation_date":"2022-06-05","creation_time":"08:53:10","trail_date":"2022-06-05","trail_time":"08:50:00","trail_latitude":"35.44733333","trail_longitude":"21.55733333","trail_speed":"16","trail_heading":"100","i_m_o_number":"9322334","DC_ID":"1070"}
14:46:12.207 [main] DEBUG com.polestar.ndcrefill.Main - {"creation_date":"2022-06-05","creation_time":"14:53:52","trail_date":"2022-06-05","trail_time":"14:50:00","trail_latitude":"35.14666667","trail_longitude":"23.59266667","trail_speed":"16.8","trail_heading":"109","i_m_o_number":"9322334","DC_ID":"1070"}
14:46:12.207 [main] DEBUG com.polestar.ndcrefill.Main - {"creation_date":"2022-06-05","creation_time":"20:52:47","trail_date":"2022-06-05","trail_time":"20:50:00","trail_latitude":"34.578","trail_longitude":"25.55266667","trail_speed":"16.8","trail_heading":"106","i_m_o_number":"9322334","DC_ID":"1070"}
14:46:12.207 [main] DEBUG com.polestar.ndcrefill.Main - {"creation_date":"2022-06-02","creation_time":"05:01:29","trail_date":"2022-06-02","trail_time":"04:58:00","trail_latitude":"41.35266667","trail_longitude":"2.170666667","trail_speed":"0","trail_heading":"194","i_m_o_number":"9471214","DC_ID":"1070"}
14:46:12.207 [main] DEBUG com.polestar.ndcrefill.Main - {"creation_date":"2022-06-02","creation_time":"11:08:56","trail_date":"2022-06-02","trail_time":"11:02:00","trail_latitude":"41.35266667","trail_longitude":"2.170666667","trail_speed":"0","trail_heading":"346","i_m_o_number":"9471214","DC_ID":"1070"}
14:46:12.207 [main] DEBUG com.polestar.ndcrefill.Main - {"creation_date":"2022-06-02","creation_time":"17:04:23","trail_date":"2022-06-02","trail_time":"17:02:00","trail_latitude":"41.18066667","trail_longitude":"2.090666667","trail_speed":"13.6","trail_heading":"219","i_m_o_number":"9471214","DC_ID":"1070"}
14:46:12.207 [main] DEBUG com.polestar.ndcrefill.Main - {"creation_date":"2022-06-02","creation_time":"23:05:21","trail_date":"2022-06-02","trail_time":"22:58:00","trail_latitude":"40.182","trail_longitude":"0.82","trail_speed":"14.4","trail_heading":"234","i_m_o_number":"9471214","DC_ID":"1070"}
14:46:12.207 [main] DEBUG com.polestar.ndcrefill.Main - {"creation_date":"2022-06-03","creation_time":"05:04:51","trail_date":"2022-06-03","trail_time":"04:58:00","trail_latitude":"39.42666667","trail_longitude":"-0.236","trail_speed":"5.6","trail_heading":"262","i_m_o_number":"9471214","DC_ID":"1070"}
14:46:12.207 [main] DEBUG com.polestar.ndcrefill.Main - {"creation_date":"2022-06-03","creation_time":"11:01:35","trail_date":"2022-06-03","trail_time":"10:58:00","trail_latitude":"39.44933333","trail_longitude":"-0.3166666667","trail_speed":"0","trail_heading":"30","i_m_o_number":"9471214","DC_ID":"1070"}
14:46:12.208 [main] DEBUG com.polestar.ndcrefill.Main - {"creation_date":"2022-06-03","creation_time":"17:01:30","trail_date":"2022-06-03","trail_time":"16:58:00","trail_latitude":"39.44933333","trail_longitude":"-0.3173333333","trail_speed":"0","trail_heading":"30","i_m_o_number":"9471214","DC_ID":"1070"}
14:46:12.208 [main] DEBUG com.polestar.ndcrefill.Main - {"creation_date":"2022-06-03","creation_time":"23:01:26","trail_date":"2022-06-03","trail_time":"22:58:00","trail_latitude":"39.44933333","trail_longitude":"-0.3173333333","trail_speed":"0","trail_heading":"230","i_m_o_number":"9471214","DC_ID":"1070"}
14:46:12.208 [main] DEBUG com.polestar.ndcrefill.Main - {"creation_date":"2022-06-04","creation_time":"05:01:32","trail_date":"2022-06-04","trail_time":"04:58:00","trail_latitude":"39.22333333","trail_longitude":"-0.02466666667","trail_speed":"19.4","trail_heading":"143","i_m_o_number":"9471214","DC_ID":"1070"}
14:46:12.208 [main] DEBUG com.polestar.ndcrefill.Main - {"creation_date":"2022-06-04","creation_time":"11:01:46","trail_date":"2022-06-04","trail_time":"10:58:00","trail_latitude":"37.626","trail_longitude":"-0.526","trail_speed":"18.6","trail_heading":"209","i_m_o_number":"9471214","DC_ID":"1070"}
14:46:12.208 [main] DEBUG com.polestar.ndcrefill.Main - {"creation_date":"2022-06-04","creation_time":"17:01:28","trail_date":"2022-06-04","trail_time":"16:58:00","trail_latitude":"36.42933333","trail_longitude":"-2.252","trail_speed":"18.8","trail_heading":"265","i_m_o_number":"9471214","DC_ID":"1070"}
14:46:12.208 [main] DEBUG com.polestar.ndcrefill.Main - {"creation_date":"2022-06-04","creation_time":"23:01:32","trail_date":"2022-06-04","trail_time":"22:58:00","trail_latitude":"36.14533333","trail_longitude":"-4.5","trail_speed":"17.2","trail_heading":"261","i_m_o_number":"9471214","DC_ID":"1070"}
14:46:12.208 [main] DEBUG com.polestar.ndcrefill.Main - {"creation_date":"2022-06-05","creation_time":"05:02:21","trail_date":"2022-06-05","trail_time":"04:58:00","trail_latitude":"35.95333333","trail_longitude":"-6.704666667","trail_speed":"19.2","trail_heading":"270","i_m_o_number":"9471214","DC_ID":"1070"}
14:46:12.208 [main] DEBUG com.polestar.ndcrefill.Main - {"creation_date":"2022-06-05","creation_time":"11:01:32","trail_date":"2022-06-05","trail_time":"10:58:00","trail_latitude":"35.98933333","trail_longitude":"-9.102","trail_speed":"19","trail_heading":"271","i_m_o_number":"9471214","DC_ID":"1070"}
14:46:12.208 [main] DEBUG com.polestar.ndcrefill.Main - {"creation_date":"2022-06-05","creation_time":"17:03:18","trail_date":"2022-06-05","trail_time":"16:58:00","trail_latitude":"36.03266667","trail_longitude":"-11.42","trail_speed":"18.8","trail_heading":"272","i_m_o_number":"9471214","DC_ID":"1070"}
14:46:12.209 [main] DEBUG com.polestar.ndcrefill.Main - {"creation_date":"2022-06-05","creation_time":"23:03:02","trail_date":"2022-06-05","trail_time":"22:58:00","trail_latitude":"36.078","trail_longitude":"-13.70066667","trail_speed":"18.4","trail_heading":"273","i_m_o_number":"9471214","DC_ID":"1070"}
14:46:12.793 [main] DEBUG com.polestar.ndcrefill.Main - [0,0,0,0,0,0,0,0,0,0,0,0,0,0,0,0,0,0,0,0,0,0,0,0,0,0,0]
14:46:12.794 [main] INFO  com.polestar.ndcrefill.Main - Current position: 127 out of 127
14:46:12.794 [main] INFO  com.polestar.ndcrefill.Main - -----------------------------------------------------------------
14:46:13.612 [main] INFO  com.polestar.ndcrefill.Main - new max shippositionID: 146466
14:46:13.613 [main] INFO  com.polestar.ndcrefill.Main - new ship position generator value 2939
14:46:14.437 [main] INFO  com.polestar.ndcrefill.Main - Updated Ship Position Generator value successfully
14:46:14.437 [main] INFO  com.polestar.ndcrefill.Main - -----------------------------------------------------------------
14:46:15.256 [main] INFO  com.polestar.ndcrefill.Main - new max messageID: 679659
14:46:15.256 [main] INFO  com.polestar.ndcrefill.Main - new message generator value 13603
14:46:15.552 [main] INFO  com.polestar.ndcrefill.Main - Updated Message Generator value successfully
14:46:15.553 [main] INFO  com.polestar.ndcrefill.Main - -----------------------------------------------------------------
14:46:15.553 [main] INFO  com.polestar.ndcrefill.Main - finished: 2022-06-17 14:46:15.553
14:46:15.554 [main] INFO  com.polestar.ndcrefill.Main - time taken: PT8.788S
14:46:15.555 [main] INFO  com.polestar.ndcrefill.Main - -----------------------------------------------------------------
