14:49:50.777 [main] INFO  com.polestar.ndcrefill.Main - -----------------------------------------------------------------
14:49:50.779 [main] INFO  com.polestar.ndcrefill.Main - Start: 2022-06-17 14:49:50.779
14:49:50.779 [main] INFO  com.polestar.ndcrefill.Main - -----------------------------------------------------------------
14:49:50.779 [main] INFO  com.polestar.ndcrefill.Main - Starting Backfill
14:49:50.779 [main] INFO  com.polestar.ndcrefill.Main - HOST: jdbc:postgresql://localhost:6432/
14:49:50.780 [main] INFO  com.polestar.ndcrefill.Main - MASTER_USERNAME: lrit
14:49:50.780 [main] INFO  com.polestar.ndcrefill.Main - DO_INSERTS: true
14:49:50.780 [main] INFO  com.polestar.ndcrefill.Main - FILE_LOCATION: src/main/resources/missing_positions.csv
14:49:50.780 [main] INFO  com.polestar.ndcrefill.Main - FLAG_CODE: 1072
14:49:50.780 [main] INFO  com.polestar.ndcrefill.Main - DATA_CENTER_IDENTIFIER: 3040
14:49:52.317 [main] INFO  com.polestar.ndcrefill.Main - -----------------------------------------------------------------
14:49:52.317 [main] INFO  com.polestar.ndcrefill.Main - Starting Details
14:49:52.629 [main] INFO  com.polestar.ndcrefill.Main - ShipPosition Generator Value: 6763
14:49:52.923 [main] INFO  com.polestar.ndcrefill.Main - Message Generator Value: 16996
14:49:53.234 [main] INFO  com.polestar.ndcrefill.Main - current max ship position id is: 338149 starting shipPositionID: 340149
14:49:53.529 [main] INFO  com.polestar.ndcrefill.Main - current max message id is: 849755 starting messageID: 851755
14:49:53.529 [main] INFO  com.polestar.ndcrefill.Main - -----------------------------------------------------------------
14:49:53.530 [main] INFO  com.polestar.ndcrefill.Main - Updating Insert Positions function
14:49:54.333 [main] INFO  com.polestar.ndcrefill.Main - Updated Successfully
14:49:54.333 [main] INFO  com.polestar.ndcrefill.Main - -----------------------------------------------------------------
14:49:54.336 [main] INFO  com.polestar.ndcrefill.FileService - starting to process file
14:49:54.573 [main] INFO  com.polestar.ndcrefill.FileService - Positions count: 179
14:49:54.573 [main] INFO  com.polestar.ndcrefill.Main - -----------------------------------------------------------------
14:49:54.580 [main] DEBUG com.polestar.ndcrefill.Main - {"creation_date":"2022-06-05","creation_time":"23:16:00","trail_date":"2022-06-05","trail_time":"23:14:00","trail_latitude":"43.69466667","trail_longitude":"7.285333333","trail_speed":"0.2","trail_heading":"337","i_m_o_number":"9399583","DC_ID":"1072"}
14:49:54.580 [main] DEBUG com.polestar.ndcrefill.Main - {"creation_date":"2022-06-05","creation_time":"17:15:54","trail_date":"2022-06-05","trail_time":"17:14:00","trail_latitude":"43.69466667","trail_longitude":"7.285333333","trail_speed":"0","trail_heading":"225","i_m_o_number":"9399583","DC_ID":"1072"}
14:49:54.580 [main] DEBUG com.polestar.ndcrefill.Main - {"creation_date":"2022-06-05","creation_time":"11:17:41","trail_date":"2022-06-05","trail_time":"11:14:00","trail_latitude":"43.69466667","trail_longitude":"7.285333333","trail_speed":"0.2","trail_heading":"255","i_m_o_number":"9399583","DC_ID":"1072"}
14:49:54.581 [main] DEBUG com.polestar.ndcrefill.Main - {"creation_date":"2022-06-05","creation_time":"05:16:08","trail_date":"2022-06-05","trail_time":"05:14:00","trail_latitude":"43.548","trail_longitude":"7.016","trail_speed":"0","trail_heading":"114","i_m_o_number":"9399583","DC_ID":"1072"}
14:49:54.581 [main] DEBUG com.polestar.ndcrefill.Main - {"creation_date":"2022-06-04","creation_time":"23:15:56","trail_date":"2022-06-04","trail_time":"23:14:00","trail_latitude":"43.548","trail_longitude":"7.016","trail_speed":"0.2","trail_heading":"256","i_m_o_number":"9399583","DC_ID":"1072"}
14:49:54.581 [main] DEBUG com.polestar.ndcrefill.Main - {"creation_date":"2022-06-04","creation_time":"17:18:13","trail_date":"2022-06-04","trail_time":"17:14:00","trail_latitude":"43.548","trail_longitude":"7.016","trail_speed":"0.2","trail_heading":"254","i_m_o_number":"9399583","DC_ID":"1072"}
14:49:54.582 [main] DEBUG com.polestar.ndcrefill.Main - {"creation_date":"2022-06-04","creation_time":"11:16:01","trail_date":"2022-06-04","trail_time":"11:14:00","trail_latitude":"43.548","trail_longitude":"7.016","trail_speed":"0.2","trail_heading":"276","i_m_o_number":"9399583","DC_ID":"1072"}
14:49:54.582 [main] DEBUG com.polestar.ndcrefill.Main - {"creation_date":"2022-06-04","creation_time":"05:16:23","trail_date":"2022-06-04","trail_time":"05:14:00","trail_latitude":"43.548","trail_longitude":"7.016","trail_speed":"0","trail_heading":"130","i_m_o_number":"9399583","DC_ID":"1072"}
14:49:54.582 [main] DEBUG com.polestar.ndcrefill.Main - {"creation_date":"2022-06-04","creation_time":"00:45:37","trail_date":"2022-06-04","trail_time":"00:44:00","trail_latitude":"43.548","trail_longitude":"7.016","trail_speed":"0","trail_heading":"257","i_m_o_number":"9399583","DC_ID":"1072"}
14:49:54.582 [main] DEBUG com.polestar.ndcrefill.Main - {"creation_date":"2022-06-03","creation_time":"17:16:05","trail_date":"2022-06-03","trail_time":"17:14:00","trail_latitude":"43.548","trail_longitude":"7.016","trail_speed":"0.2","trail_heading":"241","i_m_o_number":"9399583","DC_ID":"1072"}
14:49:54.583 [main] DEBUG com.polestar.ndcrefill.Main - {"creation_date":"2022-06-03","creation_time":"11:16:08","trail_date":"2022-06-03","trail_time":"11:14:00","trail_latitude":"43.548","trail_longitude":"7.016","trail_speed":"0","trail_heading":"290","i_m_o_number":"9399583","DC_ID":"1072"}
14:49:54.583 [main] DEBUG com.polestar.ndcrefill.Main - {"creation_date":"2022-06-03","creation_time":"05:16:52","trail_date":"2022-06-03","trail_time":"05:14:00","trail_latitude":"43.548","trail_longitude":"7.016","trail_speed":"0.2","trail_heading":"109","i_m_o_number":"9399583","DC_ID":"1072"}
14:49:54.583 [main] DEBUG com.polestar.ndcrefill.Main - {"creation_date":"2022-06-02","creation_time":"23:23:36","trail_date":"2022-06-02","trail_time":"23:14:00","trail_latitude":"43.548","trail_longitude":"7.016","trail_speed":"0","trail_heading":"286","i_m_o_number":"9399583","DC_ID":"1072"}
14:49:54.583 [main] DEBUG com.polestar.ndcrefill.Main - {"creation_date":"2022-06-02","creation_time":"17:16:10","trail_date":"2022-06-02","trail_time":"17:14:00","trail_latitude":"43.548","trail_longitude":"7.016","trail_speed":"0","trail_heading":"262","i_m_o_number":"9399583","DC_ID":"1072"}
14:49:54.583 [main] DEBUG com.polestar.ndcrefill.Main - {"creation_date":"2022-06-02","creation_time":"11:15:53","trail_date":"2022-06-02","trail_time":"11:14:00","trail_latitude":"43.548","trail_longitude":"7.016","trail_speed":"0.2","trail_heading":"295","i_m_o_number":"9399583","DC_ID":"1072"}
14:49:54.584 [main] DEBUG com.polestar.ndcrefill.Main - {"creation_date":"2022-06-02","creation_time":"05:15:53","trail_date":"2022-06-02","trail_time":"05:14:00","trail_latitude":"43.548","trail_longitude":"7.016","trail_speed":"0","trail_heading":"124","i_m_o_number":"9399583","DC_ID":"1072"}
14:49:54.584 [main] DEBUG com.polestar.ndcrefill.Main - {"creation_date":"2022-06-05","creation_time":"23:30:53","trail_date":"2022-06-05","trail_time":"23:28:00","trail_latitude":"34.04933333","trail_longitude":"126.6186667","trail_speed":"10.6","trail_heading":"83","i_m_o_number":"8649723","DC_ID":"1072"}
14:49:54.584 [main] DEBUG com.polestar.ndcrefill.Main - {"creation_date":"2022-06-05","creation_time":"17:31:09","trail_date":"2022-06-05","trail_time":"17:28:00","trail_latitude":"34.212","trail_longitude":"125.6086667","trail_speed":"9.2","trail_heading":"174","i_m_o_number":"8649723","DC_ID":"1072"}
14:49:54.584 [main] DEBUG com.polestar.ndcrefill.Main - {"creation_date":"2022-06-05","creation_time":"11:31:03","trail_date":"2022-06-05","trail_time":"11:28:00","trail_latitude":"35.27333333","trail_longitude":"125.47","trail_speed":"10.6","trail_heading":"165","i_m_o_number":"8649723","DC_ID":"1072"}
14:49:54.584 [main] DEBUG com.polestar.ndcrefill.Main - {"creation_date":"2022-06-05","creation_time":"05:30:58","trail_date":"2022-06-05","trail_time":"05:28:00","trail_latitude":"36.14666667","trail_longitude":"124.99","trail_speed":"9.6","trail_heading":"136","i_m_o_number":"8649723","DC_ID":"1072"}
14:49:54.585 [main] DEBUG com.polestar.ndcrefill.Main - {"creation_date":"2022-06-04","creation_time":"23:30:56","trail_date":"2022-06-04","trail_time":"23:28:00","trail_latitude":"36.778","trail_longitude":"124.2506667","trail_speed":"7.8","trail_heading":"140","i_m_o_number":"8649723","DC_ID":"1072"}
14:49:54.585 [main] DEBUG com.polestar.ndcrefill.Main - {"creation_date":"2022-06-04","creation_time":"17:30:57","trail_date":"2022-06-04","trail_time":"17:28:00","trail_latitude":"37.38933333","trail_longitude":"123.512","trail_speed":"9.4","trail_heading":"137","i_m_o_number":"8649723","DC_ID":"1072"}
14:49:54.585 [main] DEBUG com.polestar.ndcrefill.Main - {"creation_date":"2022-06-04","creation_time":"11:31:05","trail_date":"2022-06-04","trail_time":"11:28:00","trail_latitude":"38.03666667","trail_longitude":"122.738","trail_speed":"9","trail_heading":"136","i_m_o_number":"8649723","DC_ID":"1072"}
14:49:54.585 [main] DEBUG com.polestar.ndcrefill.Main - {"creation_date":"2022-06-04","creation_time":"05:30:57","trail_date":"2022-06-04","trail_time":"05:28:00","trail_latitude":"38.68466667","trail_longitude":"121.9473333","trail_speed":"8.6","trail_heading":"134","i_m_o_number":"8649723","DC_ID":"1072"}
14:49:54.586 [main] DEBUG com.polestar.ndcrefill.Main - {"creation_date":"2022-06-03","creation_time":"23:31:09","trail_date":"2022-06-03","trail_time":"23:28:00","trail_latitude":"38.976","trail_longitude":"121.8113333","trail_speed":"0","trail_heading":"284","i_m_o_number":"8649723","DC_ID":"1072"}
14:49:54.586 [main] DEBUG com.polestar.ndcrefill.Main - {"creation_date":"2022-06-03","creation_time":"18:59:42","trail_date":"2022-06-03","trail_time":"18:58:00","trail_latitude":"38.976","trail_longitude":"121.8113333","trail_speed":"0.2","trail_heading":"261","i_m_o_number":"8649723","DC_ID":"1072"}
14:49:54.586 [main] DEBUG com.polestar.ndcrefill.Main - {"creation_date":"2022-06-03","creation_time":"11:31:03","trail_date":"2022-06-03","trail_time":"11:28:00","trail_latitude":"38.976","trail_longitude":"121.8113333","trail_speed":"0","trail_heading":"236","i_m_o_number":"8649723","DC_ID":"1072"}
14:49:54.586 [main] DEBUG com.polestar.ndcrefill.Main - {"creation_date":"2022-06-03","creation_time":"05:31:11","trail_date":"2022-06-03","trail_time":"05:28:00","trail_latitude":"38.976","trail_longitude":"121.8113333","trail_speed":"0","trail_heading":"330","i_m_o_number":"8649723","DC_ID":"1072"}
14:49:54.586 [main] DEBUG com.polestar.ndcrefill.Main - {"creation_date":"2022-06-02","creation_time":"23:31:01","trail_date":"2022-06-02","trail_time":"23:28:00","trail_latitude":"38.976","trail_longitude":"121.8113333","trail_speed":"0","trail_heading":"56","i_m_o_number":"8649723","DC_ID":"1072"}
14:49:54.587 [main] DEBUG com.polestar.ndcrefill.Main - {"creation_date":"2022-06-02","creation_time":"17:31:10","trail_date":"2022-06-02","trail_time":"17:28:00","trail_latitude":"38.976","trail_longitude":"121.8113333","trail_speed":"0","trail_heading":"75","i_m_o_number":"8649723","DC_ID":"1072"}
14:49:54.587 [main] DEBUG com.polestar.ndcrefill.Main - {"creation_date":"2022-06-02","creation_time":"11:31:06","trail_date":"2022-06-02","trail_time":"11:28:00","trail_latitude":"38.976","trail_longitude":"121.8113333","trail_speed":"0","trail_heading":"183","i_m_o_number":"8649723","DC_ID":"1072"}
14:49:54.587 [main] DEBUG com.polestar.ndcrefill.Main - {"creation_date":"2022-06-02","creation_time":"05:30:54","trail_date":"2022-06-02","trail_time":"05:28:00","trail_latitude":"38.87666667","trail_longitude":"121.9186667","trail_speed":"12.6","trail_heading":"221","i_m_o_number":"8649723","DC_ID":"1072"}
14:49:54.587 [main] DEBUG com.polestar.ndcrefill.Main - {"creation_date":"2022-06-05","creation_time":"21:12:40","trail_date":"2022-06-05","trail_time":"21:10:00","trail_latitude":"39.16666667","trail_longitude":"119.3146667","trail_speed":"0","trail_heading":"326","i_m_o_number":"9647344","DC_ID":"1072"}
14:49:54.587 [main] DEBUG com.polestar.ndcrefill.Main - {"creation_date":"2022-06-05","creation_time":"15:15:43","trail_date":"2022-06-05","trail_time":"15:10:00","trail_latitude":"39.166","trail_longitude":"119.3153333","trail_speed":"0.4","trail_heading":"325","i_m_o_number":"9647344","DC_ID":"1072"}
14:49:54.588 [main] DEBUG com.polestar.ndcrefill.Main - {"creation_date":"2022-06-05","creation_time":"09:12:40","trail_date":"2022-06-05","trail_time":"09:10:00","trail_latitude":"38.78266667","trail_longitude":"120.3006667","trail_speed":"12.2","trail_heading":"289","i_m_o_number":"9647344","DC_ID":"1072"}
14:49:54.588 [main] DEBUG com.polestar.ndcrefill.Main - {"creation_date":"2022-06-05","creation_time":"03:12:42","trail_date":"2022-06-05","trail_time":"03:10:00","trail_latitude":"38.27466667","trail_longitude":"121.6993333","trail_speed":"11.2","trail_heading":"298","i_m_o_number":"9647344","DC_ID":"1072"}
14:49:54.588 [main] DEBUG com.polestar.ndcrefill.Main - {"creation_date":"2022-06-04","creation_time":"21:12:38","trail_date":"2022-06-04","trail_time":"21:10:00","trail_latitude":"37.76866667","trail_longitude":"122.9233333","trail_speed":"9.8","trail_heading":"299","i_m_o_number":"9647344","DC_ID":"1072"}
14:49:54.588 [main] DEBUG com.polestar.ndcrefill.Main - {"creation_date":"2022-06-04","creation_time":"15:12:42","trail_date":"2022-06-04","trail_time":"15:10:00","trail_latitude":"36.91333333","trail_longitude":"123.544","trail_speed":"11","trail_heading":"340","i_m_o_number":"9647344","DC_ID":"1072"}
14:49:54.588 [main] DEBUG com.polestar.ndcrefill.Main - {"creation_date":"2022-06-04","creation_time":"09:13:49","trail_date":"2022-06-04","trail_time":"09:10:00","trail_latitude":"35.884","trail_longitude":"124.0573333","trail_speed":"11","trail_heading":"336","i_m_o_number":"9647344","DC_ID":"1072"}
14:49:54.588 [main] DEBUG com.polestar.ndcrefill.Main - {"creation_date":"2022-06-04","creation_time":"03:12:47","trail_date":"2022-06-04","trail_time":"03:10:00","trail_latitude":"34.85266667","trail_longitude":"124.572","trail_speed":"10.6","trail_heading":"337","i_m_o_number":"9647344","DC_ID":"1072"}
14:49:54.589 [main] DEBUG com.polestar.ndcrefill.Main - {"creation_date":"2022-06-03","creation_time":"21:12:24","trail_date":"2022-06-03","trail_time":"21:10:00","trail_latitude":"33.956","trail_longitude":"125.1906667","trail_speed":"11.2","trail_heading":"281","i_m_o_number":"9647344","DC_ID":"1072"}
14:49:54.589 [main] DEBUG com.polestar.ndcrefill.Main - {"creation_date":"2022-06-03","creation_time":"15:12:25","trail_date":"2022-06-03","trail_time":"15:10:00","trail_latitude":"33.83266667","trail_longitude":"126.6226667","trail_speed":"12.6","trail_heading":"269","i_m_o_number":"9647344","DC_ID":"1072"}
14:49:54.589 [main] DEBUG com.polestar.ndcrefill.Main - {"creation_date":"2022-06-03","creation_time":"09:12:46","trail_date":"2022-06-03","trail_time":"09:10:00","trail_latitude":"34.07733333","trail_longitude":"127.896","trail_speed":"10.2","trail_heading":"239","i_m_o_number":"9647344","DC_ID":"1072"}
14:49:54.589 [main] DEBUG com.polestar.ndcrefill.Main - {"creation_date":"2022-06-03","creation_time":"03:12:30","trail_date":"2022-06-03","trail_time":"03:10:00","trail_latitude":"34.64333333","trail_longitude":"128.9946667","trail_speed":"10.6","trail_heading":"226","i_m_o_number":"9647344","DC_ID":"1072"}
14:49:54.589 [main] DEBUG com.polestar.ndcrefill.Main - {"creation_date":"2022-06-02","creation_time":"21:13:41","trail_date":"2022-06-02","trail_time":"21:10:00","trail_latitude":"35.44533333","trail_longitude":"129.708","trail_speed":"9.8","trail_heading":"197","i_m_o_number":"9647344","DC_ID":"1072"}
14:49:54.589 [main] DEBUG com.polestar.ndcrefill.Main - {"creation_date":"2022-06-02","creation_time":"15:12:42","trail_date":"2022-06-02","trail_time":"15:10:00","trail_latitude":"36.426","trail_longitude":"130.1266667","trail_speed":"10.4","trail_heading":"200","i_m_o_number":"9647344","DC_ID":"1072"}
14:49:54.590 [main] DEBUG com.polestar.ndcrefill.Main - {"creation_date":"2022-06-02","creation_time":"09:13:42","trail_date":"2022-06-02","trail_time":"09:10:00","trail_latitude":"37.432","trail_longitude":"130.574","trail_speed":"10.6","trail_heading":"200","i_m_o_number":"9647344","DC_ID":"1072"}
14:49:54.590 [main] DEBUG com.polestar.ndcrefill.Main - {"creation_date":"2022-06-02","creation_time":"03:12:29","trail_date":"2022-06-02","trail_time":"03:10:00","trail_latitude":"38.512","trail_longitude":"131.08","trail_speed":"10.8","trail_heading":"198","i_m_o_number":"9647344","DC_ID":"1072"}
14:49:54.590 [main] DEBUG com.polestar.ndcrefill.Main - {"creation_date":"2022-06-05","creation_time":"19:52:35","trail_date":"2022-06-05","trail_time":"19:50:00","trail_latitude":"20.01733333","trail_longitude":"-73.928","trail_speed":"13.2","trail_heading":"135","i_m_o_number":"9387607","DC_ID":"1072"}
14:49:54.590 [main] DEBUG com.polestar.ndcrefill.Main - {"creation_date":"2022-06-05","creation_time":"13:52:45","trail_date":"2022-06-05","trail_time":"13:50:00","trail_latitude":"20.84466667","trail_longitude":"-74.96333333","trail_speed":"14.4","trail_heading":"117","i_m_o_number":"9387607","DC_ID":"1072"}
14:49:54.590 [main] DEBUG com.polestar.ndcrefill.Main - {"creation_date":"2022-06-05","creation_time":"07:55:41","trail_date":"2022-06-05","trail_time":"07:50:00","trail_latitude":"21.47333333","trail_longitude":"-76.354","trail_speed":"14","trail_heading":"113","i_m_o_number":"9387607","DC_ID":"1072"}
14:49:54.590 [main] DEBUG com.polestar.ndcrefill.Main - {"creation_date":"2022-06-05","creation_time":"01:52:27","trail_date":"2022-06-05","trail_time":"01:50:00","trail_latitude":"22.24733333","trail_longitude":"-77.606","trail_speed":"14.8","trail_heading":"131","i_m_o_number":"9387607","DC_ID":"1072"}
14:49:54.591 [main] DEBUG com.polestar.ndcrefill.Main - {"creation_date":"2022-06-04","creation_time":"19:52:45","trail_date":"2022-06-04","trail_time":"19:50:00","trail_latitude":"22.98866667","trail_longitude":"-78.85933333","trail_speed":"13.2","trail_heading":"148","i_m_o_number":"9387607","DC_ID":"1072"}
14:49:54.591 [main] DEBUG com.polestar.ndcrefill.Main - {"creation_date":"2022-06-04","creation_time":"13:52:44","trail_date":"2022-06-04","trail_time":"13:50:00","trail_latitude":"24.134","trail_longitude":"-79.31533333","trail_speed":"12","trail_heading":"167","i_m_o_number":"9387607","DC_ID":"1072"}
14:49:54.591 [main] DEBUG com.polestar.ndcrefill.Main - {"creation_date":"2022-06-04","creation_time":"07:52:44","trail_date":"2022-06-04","trail_time":"07:50:00","trail_latitude":"25.31","trail_longitude":"-79.588","trail_speed":"11.6","trail_heading":"165","i_m_o_number":"9387607","DC_ID":"1072"}
14:49:54.591 [main] DEBUG com.polestar.ndcrefill.Main - {"creation_date":"2022-06-04","creation_time":"01:52:36","trail_date":"2022-06-04","trail_time":"01:50:00","trail_latitude":"25.766","trail_longitude":"-80.15866667","trail_speed":"0","trail_heading":"127","i_m_o_number":"9387607","DC_ID":"1072"}
14:49:54.591 [main] DEBUG com.polestar.ndcrefill.Main - {"creation_date":"2022-06-03","creation_time":"19:52:20","trail_date":"2022-06-03","trail_time":"19:50:00","trail_latitude":"25.766","trail_longitude":"-80.15866667","trail_speed":"0","trail_heading":"37","i_m_o_number":"9387607","DC_ID":"1072"}
14:49:54.591 [main] DEBUG com.polestar.ndcrefill.Main - {"creation_date":"2022-06-03","creation_time":"13:52:36","trail_date":"2022-06-03","trail_time":"13:50:00","trail_latitude":"25.766","trail_longitude":"-80.15866667","trail_speed":"0","trail_heading":"121","i_m_o_number":"9387607","DC_ID":"1072"}
14:49:54.591 [main] DEBUG com.polestar.ndcrefill.Main - {"creation_date":"2022-06-03","creation_time":"07:52:39","trail_date":"2022-06-03","trail_time":"07:50:00","trail_latitude":"25.35866667","trail_longitude":"-79.59533333","trail_speed":"14.2","trail_heading":"352","i_m_o_number":"9387607","DC_ID":"1072"}
14:49:54.592 [main] DEBUG com.polestar.ndcrefill.Main - {"creation_date":"2022-06-03","creation_time":"01:52:44","trail_date":"2022-06-03","trail_time":"01:50:00","trail_latitude":"23.89066667","trail_longitude":"-79.21733333","trail_speed":"14.6","trail_heading":"345","i_m_o_number":"9387607","DC_ID":"1072"}
14:49:54.592 [main] DEBUG com.polestar.ndcrefill.Main - {"creation_date":"2022-06-02","creation_time":"19:52:19","trail_date":"2022-06-02","trail_time":"19:50:00","trail_latitude":"22.70933333","trail_longitude":"-78.37333333","trail_speed":"13.6","trail_heading":"288","i_m_o_number":"9387607","DC_ID":"1072"}
14:49:54.592 [main] DEBUG com.polestar.ndcrefill.Main - {"creation_date":"2022-06-02","creation_time":"13:52:31","trail_date":"2022-06-02","trail_time":"13:50:00","trail_latitude":"21.91666667","trail_longitude":"-77.11933333","trail_speed":"14.2","trail_heading":"313","i_m_o_number":"9387607","DC_ID":"1072"}
14:49:54.592 [main] DEBUG com.polestar.ndcrefill.Main - {"creation_date":"2022-06-02","creation_time":"07:52:13","trail_date":"2022-06-02","trail_time":"07:50:00","trail_latitude":"21.28","trail_longitude":"-75.71333333","trail_speed":"14","trail_heading":"295","i_m_o_number":"9387607","DC_ID":"1072"}
14:49:54.592 [main] DEBUG com.polestar.ndcrefill.Main - {"creation_date":"2022-06-02","creation_time":"01:52:27","trail_date":"2022-06-02","trail_time":"01:50:00","trail_latitude":"20.63066667","trail_longitude":"-74.38866667","trail_speed":"14","trail_heading":"297","i_m_o_number":"9387607","DC_ID":"1072"}
14:49:54.592 [main] DEBUG com.polestar.ndcrefill.Main - {"creation_date":"2022-06-05","creation_time":"22:49:41","trail_date":"2022-06-05","trail_time":"22:46:00","trail_latitude":"17.818","trail_longitude":"-76.358","trail_speed":"7.4","trail_heading":"81","i_m_o_number":"9184677","DC_ID":"1072"}
14:49:54.593 [main] DEBUG com.polestar.ndcrefill.Main - {"creation_date":"2022-06-05","creation_time":"16:49:14","trail_date":"2022-06-05","trail_time":"16:46:00","trail_latitude":"17.95466667","trail_longitude":"-76.79466667","trail_speed":"0","trail_heading":"290","i_m_o_number":"9184677","DC_ID":"1072"}
14:49:54.593 [main] DEBUG com.polestar.ndcrefill.Main - {"creation_date":"2022-06-05","creation_time":"10:49:38","trail_date":"2022-06-05","trail_time":"10:46:00","trail_latitude":"17.956","trail_longitude":"-76.76","trail_speed":"0","trail_heading":"201","i_m_o_number":"9184677","DC_ID":"1072"}
14:49:54.593 [main] DEBUG com.polestar.ndcrefill.Main - {"creation_date":"2022-06-05","creation_time":"04:48:23","trail_date":"2022-06-05","trail_time":"04:46:00","trail_latitude":"17.954","trail_longitude":"-76.79333333","trail_speed":"0","trail_heading":"179","i_m_o_number":"9184677","DC_ID":"1072"}
14:49:54.593 [main] DEBUG com.polestar.ndcrefill.Main - {"creation_date":"2022-06-04","creation_time":"22:48:37","trail_date":"2022-06-04","trail_time":"22:46:00","trail_latitude":"17.954","trail_longitude":"-76.79333333","trail_speed":"0","trail_heading":"179","i_m_o_number":"9184677","DC_ID":"1072"}
14:49:54.593 [main] DEBUG com.polestar.ndcrefill.Main - {"creation_date":"2022-06-04","creation_time":"16:47:46","trail_date":"2022-06-04","trail_time":"16:46:00","trail_latitude":"17.954","trail_longitude":"-76.79333333","trail_speed":"0","trail_heading":"220","i_m_o_number":"9184677","DC_ID":"1072"}
14:49:54.593 [main] DEBUG com.polestar.ndcrefill.Main - {"creation_date":"2022-06-04","creation_time":"10:47:41","trail_date":"2022-06-04","trail_time":"10:46:00","trail_latitude":"17.954","trail_longitude":"-76.77066667","trail_speed":"0","trail_heading":"179","i_m_o_number":"9184677","DC_ID":"1072"}
14:49:54.593 [main] DEBUG com.polestar.ndcrefill.Main - {"creation_date":"2022-06-04","creation_time":"04:47:26","trail_date":"2022-06-04","trail_time":"04:46:00","trail_latitude":"17.954","trail_longitude":"-76.77066667","trail_speed":"0","trail_heading":"179","i_m_o_number":"9184677","DC_ID":"1072"}
14:49:54.594 [main] DEBUG com.polestar.ndcrefill.Main - {"creation_date":"2022-06-03","creation_time":"22:51:51","trail_date":"2022-06-03","trail_time":"22:46:00","trail_latitude":"17.95333333","trail_longitude":"-76.79266667","trail_speed":"0","trail_heading":"332","i_m_o_number":"9184677","DC_ID":"1072"}
14:49:54.594 [main] DEBUG com.polestar.ndcrefill.Main - {"creation_date":"2022-06-03","creation_time":"16:48:54","trail_date":"2022-06-03","trail_time":"16:46:00","trail_latitude":"17.95333333","trail_longitude":"-76.792","trail_speed":"0.2","trail_heading":"102","i_m_o_number":"9184677","DC_ID":"1072"}
14:49:54.594 [main] DEBUG com.polestar.ndcrefill.Main - {"creation_date":"2022-06-03","creation_time":"10:51:02","trail_date":"2022-06-03","trail_time":"10:46:00","trail_latitude":"17.89066667","trail_longitude":"-77.13066667","trail_speed":"0","trail_heading":"236","i_m_o_number":"9184677","DC_ID":"1072"}
14:49:54.594 [main] DEBUG com.polestar.ndcrefill.Main - {"creation_date":"2022-06-03","creation_time":"04:49:33","trail_date":"2022-06-03","trail_time":"04:46:00","trail_latitude":"17.89066667","trail_longitude":"-77.13066667","trail_speed":"0","trail_heading":"236","i_m_o_number":"9184677","DC_ID":"1072"}
14:49:54.594 [main] DEBUG com.polestar.ndcrefill.Main - {"creation_date":"2022-06-02","creation_time":"22:48:59","trail_date":"2022-06-02","trail_time":"22:46:00","trail_latitude":"17.89066667","trail_longitude":"-77.13066667","trail_speed":"0","trail_heading":"236","i_m_o_number":"9184677","DC_ID":"1072"}
14:49:54.594 [main] DEBUG com.polestar.ndcrefill.Main - {"creation_date":"2022-06-02","creation_time":"16:48:40","trail_date":"2022-06-02","trail_time":"16:46:00","trail_latitude":"17.89066667","trail_longitude":"-77.13066667","trail_speed":"0","trail_heading":"236","i_m_o_number":"9184677","DC_ID":"1072"}
14:49:54.594 [main] DEBUG com.polestar.ndcrefill.Main - {"creation_date":"2022-06-02","creation_time":"12:17:29","trail_date":"2022-06-02","trail_time":"12:16:00","trail_latitude":"17.89066667","trail_longitude":"-77.13066667","trail_speed":"0","trail_heading":"236","i_m_o_number":"9184677","DC_ID":"1072"}
14:49:54.595 [main] DEBUG com.polestar.ndcrefill.Main - {"creation_date":"2022-06-02","creation_time":"04:47:42","trail_date":"2022-06-02","trail_time":"04:46:00","trail_latitude":"17.95533333","trail_longitude":"-76.792","trail_speed":"0","trail_heading":"189","i_m_o_number":"9184677","DC_ID":"1072"}
14:49:54.595 [main] DEBUG com.polestar.ndcrefill.Main - {"creation_date":"2022-06-05","creation_time":"21:34:06","trail_date":"2022-06-05","trail_time":"21:32:00","trail_latitude":"39.52933333","trail_longitude":"2.579333333","trail_speed":"0.2","trail_heading":"298","i_m_o_number":"8789535","DC_ID":"1072"}
14:49:54.595 [main] DEBUG com.polestar.ndcrefill.Main - {"creation_date":"2022-06-05","creation_time":"15:34:32","trail_date":"2022-06-05","trail_time":"15:32:00","trail_latitude":"39.52933333","trail_longitude":"2.579333333","trail_speed":"0","trail_heading":"336","i_m_o_number":"8789535","DC_ID":"1072"}
14:49:54.595 [main] DEBUG com.polestar.ndcrefill.Main - {"creation_date":"2022-06-05","creation_time":"09:33:55","trail_date":"2022-06-05","trail_time":"09:32:00","trail_latitude":"39.75133333","trail_longitude":"2.618666667","trail_speed":"0","trail_heading":"197","i_m_o_number":"8789535","DC_ID":"1072"}
14:49:54.595 [main] DEBUG com.polestar.ndcrefill.Main - {"creation_date":"2022-06-05","creation_time":"03:33:50","trail_date":"2022-06-05","trail_time":"03:32:00","trail_latitude":"39.75133333","trail_longitude":"2.618","trail_speed":"0","trail_heading":"39","i_m_o_number":"8789535","DC_ID":"1072"}
14:49:54.595 [main] DEBUG com.polestar.ndcrefill.Main - {"creation_date":"2022-06-04","creation_time":"21:34:48","trail_date":"2022-06-04","trail_time":"21:32:00","trail_latitude":"39.75066667","trail_longitude":"2.618","trail_speed":"0","trail_heading":"16","i_m_o_number":"8789535","DC_ID":"1072"}
14:49:54.595 [main] DEBUG com.polestar.ndcrefill.Main - {"creation_date":"2022-06-04","creation_time":"15:34:53","trail_date":"2022-06-04","trail_time":"15:32:00","trail_latitude":"39.75133333","trail_longitude":"2.618","trail_speed":"0","trail_heading":"207","i_m_o_number":"8789535","DC_ID":"1072"}
14:49:54.595 [main] DEBUG com.polestar.ndcrefill.Main - {"creation_date":"2022-06-04","creation_time":"09:33:46","trail_date":"2022-06-04","trail_time":"09:32:00","trail_latitude":"39.76933333","trail_longitude":"2.642666667","trail_speed":"1","trail_heading":"233","i_m_o_number":"8789535","DC_ID":"1072"}
14:49:54.596 [main] DEBUG com.polestar.ndcrefill.Main - {"creation_date":"2022-06-03","creation_time":"03:33:24","trail_date":"2022-06-03","trail_time":"03:32:00","trail_latitude":"39.75066667","trail_longitude":"2.618666667","trail_speed":"0","trail_heading":"283","i_m_o_number":"8789535","DC_ID":"1072"}
14:49:54.596 [main] DEBUG com.polestar.ndcrefill.Main - {"creation_date":"2022-06-02","creation_time":"21:34:21","trail_date":"2022-06-02","trail_time":"21:32:00","trail_latitude":"39.75066667","trail_longitude":"2.619333333","trail_speed":"0","trail_heading":"122","i_m_o_number":"8789535","DC_ID":"1072"}
14:49:54.596 [main] DEBUG com.polestar.ndcrefill.Main - {"creation_date":"2022-06-02","creation_time":"15:34:52","trail_date":"2022-06-02","trail_time":"15:32:00","trail_latitude":"39.75133333","trail_longitude":"2.619333333","trail_speed":"0.2","trail_heading":"263","i_m_o_number":"8789535","DC_ID":"1072"}
14:49:54.596 [main] DEBUG com.polestar.ndcrefill.Main - {"creation_date":"2022-06-02","creation_time":"09:34:28","trail_date":"2022-06-02","trail_time":"09:32:00","trail_latitude":"39.55","trail_longitude":"2.356","trail_speed":"8.6","trail_heading":"312","i_m_o_number":"8789535","DC_ID":"1072"}
14:49:54.596 [main] DEBUG com.polestar.ndcrefill.Main - {"creation_date":"2022-06-02","creation_time":"03:33:52","trail_date":"2022-06-02","trail_time":"03:32:00","trail_latitude":"39.54","trail_longitude":"2.372","trail_speed":"0.2","trail_heading":"143","i_m_o_number":"8789535","DC_ID":"1072"}
14:49:54.596 [main] DEBUG com.polestar.ndcrefill.Main - {"creation_date":"2022-06-05","creation_time":"23:21:28","trail_date":"2022-06-05","trail_time":"23:18:00","trail_latitude":"35.85933333","trail_longitude":"120.8853333","trail_speed":"0.2","trail_heading":"320","i_m_o_number":"9634050","DC_ID":"1072"}
14:49:54.596 [main] DEBUG com.polestar.ndcrefill.Main - {"creation_date":"2022-06-05","creation_time":"17:21:53","trail_date":"2022-06-05","trail_time":"17:18:00","trail_latitude":"35.85933333","trail_longitude":"120.888","trail_speed":"0.2","trail_heading":"355","i_m_o_number":"9634050","DC_ID":"1072"}
14:49:54.596 [main] DEBUG com.polestar.ndcrefill.Main - {"creation_date":"2022-06-05","creation_time":"11:26:51","trail_date":"2022-06-05","trail_time":"11:18:00","trail_latitude":"35.858","trail_longitude":"120.8846667","trail_speed":"0.2","trail_heading":"119","i_m_o_number":"9634050","DC_ID":"1072"}
14:49:54.596 [main] DEBUG com.polestar.ndcrefill.Main - {"creation_date":"2022-06-05","creation_time":"05:21:42","trail_date":"2022-06-05","trail_time":"05:18:00","trail_latitude":"35.85933333","trail_longitude":"120.8853333","trail_speed":"0.2","trail_heading":"191","i_m_o_number":"9634050","DC_ID":"1072"}
14:49:54.597 [main] DEBUG com.polestar.ndcrefill.Main - {"creation_date":"2022-06-04","creation_time":"23:21:53","trail_date":"2022-06-04","trail_time":"23:18:00","trail_latitude":"35.858","trail_longitude":"120.8846667","trail_speed":"0.2","trail_heading":"41","i_m_o_number":"9634050","DC_ID":"1072"}
14:49:54.599 [main] DEBUG com.polestar.ndcrefill.Main - {"creation_date":"2022-06-04","creation_time":"17:22:09","trail_date":"2022-06-04","trail_time":"17:18:00","trail_latitude":"35.85933333","trail_longitude":"120.8866667","trail_speed":"0.2","trail_heading":"121","i_m_o_number":"9634050","DC_ID":"1072"}
14:49:54.599 [main] DEBUG com.polestar.ndcrefill.Main - {"creation_date":"2022-06-04","creation_time":"11:21:31","trail_date":"2022-06-04","trail_time":"11:18:00","trail_latitude":"35.85933333","trail_longitude":"120.8853333","trail_speed":"0.2","trail_heading":"252","i_m_o_number":"9634050","DC_ID":"1072"}
14:49:54.599 [main] DEBUG com.polestar.ndcrefill.Main - {"creation_date":"2022-06-04","creation_time":"05:21:49","trail_date":"2022-06-04","trail_time":"05:18:00","trail_latitude":"35.86","trail_longitude":"120.8866667","trail_speed":"0.2","trail_heading":"345","i_m_o_number":"9634050","DC_ID":"1072"}
14:49:55.765 [main] DEBUG com.polestar.ndcrefill.Main - [0,0,0,0,0,0,0,0,0,0,0,0,0,0,0,0,0,0,0,0,0,0,0,0,0,0,0,0,0,0,0,0,0,0,0,0,0,0,0,0,0,0,0,0,0,0,0,0,0,0,0,0,0,0,0,0,0,0,0,0,0,0,0,0,0,0,0,0,0,0,0,0,0,0,0,0,0,0,0,0,0,0,0,0,0,0,0,0,0,0,0,0,0,0,0,0,0,0,0,0]
14:49:55.765 [main] INFO  com.polestar.ndcrefill.Main - Current position: 100 out of 179
14:49:55.765 [main] DEBUG com.polestar.ndcrefill.Main - {"creation_date":"2022-06-03","creation_time":"23:21:47","trail_date":"2022-06-03","trail_time":"23:18:00","trail_latitude":"35.85933333","trail_longitude":"120.8853333","trail_speed":"0.2","trail_heading":"67","i_m_o_number":"9634050","DC_ID":"1072"}
14:49:55.766 [main] DEBUG com.polestar.ndcrefill.Main - {"creation_date":"2022-06-03","creation_time":"17:22:27","trail_date":"2022-06-03","trail_time":"17:18:00","trail_latitude":"35.638","trail_longitude":"120.936","trail_speed":"10.4","trail_heading":"346","i_m_o_number":"9634050","DC_ID":"1072"}
14:49:55.766 [main] DEBUG com.polestar.ndcrefill.Main - {"creation_date":"2022-06-03","creation_time":"11:45:12","trail_date":"2022-06-03","trail_time":"11:42:00","trail_latitude":"34.98933333","trail_longitude":"120.198","trail_speed":"9.8","trail_heading":"88","i_m_o_number":"9634050","DC_ID":"1072"}
14:49:55.766 [main] DEBUG com.polestar.ndcrefill.Main - {"creation_date":"2022-06-03","creation_time":"05:21:32","trail_date":"2022-06-03","trail_time":"05:18:00","trail_latitude":"34.74533333","trail_longitude":"119.4246667","trail_speed":"0","trail_heading":"350","i_m_o_number":"9634050","DC_ID":"1072"}
14:49:55.766 [main] DEBUG com.polestar.ndcrefill.Main - {"creation_date":"2022-06-02","creation_time":"23:25:37","trail_date":"2022-06-02","trail_time":"23:18:00","trail_latitude":"34.74533333","trail_longitude":"119.4246667","trail_speed":"0","trail_heading":"200","i_m_o_number":"9634050","DC_ID":"1072"}
14:49:55.766 [main] DEBUG com.polestar.ndcrefill.Main - {"creation_date":"2022-06-02","creation_time":"17:21:41","trail_date":"2022-06-02","trail_time":"17:18:00","trail_latitude":"34.74533333","trail_longitude":"119.4246667","trail_speed":"0","trail_heading":"157","i_m_o_number":"9634050","DC_ID":"1072"}
14:49:55.766 [main] DEBUG com.polestar.ndcrefill.Main - {"creation_date":"2022-06-02","creation_time":"11:21:25","trail_date":"2022-06-02","trail_time":"11:18:00","trail_latitude":"34.74533333","trail_longitude":"119.4246667","trail_speed":"0","trail_heading":"203","i_m_o_number":"9634050","DC_ID":"1072"}
14:49:55.766 [main] DEBUG com.polestar.ndcrefill.Main - {"creation_date":"2022-06-02","creation_time":"05:25:29","trail_date":"2022-06-02","trail_time":"05:18:00","trail_latitude":"34.82066667","trail_longitude":"119.6266667","trail_speed":"0.2","trail_heading":"318","i_m_o_number":"9634050","DC_ID":"1072"}
14:49:55.766 [main] DEBUG com.polestar.ndcrefill.Main - {"creation_date":"2022-06-05","creation_time":"20:52:45","trail_date":"2022-06-05","trail_time":"20:50:00","trail_latitude":"26.1","trail_longitude":"-80.11733333","trail_speed":"0","trail_heading":"0","i_m_o_number":"9093816","DC_ID":"1072"}
14:49:55.766 [main] DEBUG com.polestar.ndcrefill.Main - {"creation_date":"2022-06-04","creation_time":"02:52:46","trail_date":"2022-06-04","trail_time":"02:50:00","trail_latitude":"26.06","trail_longitude":"-80.13466667","trail_speed":"0","trail_heading":"111","i_m_o_number":"9093816","DC_ID":"1072"}
14:49:55.767 [main] DEBUG com.polestar.ndcrefill.Main - {"creation_date":"2022-06-02","creation_time":"20:51:39","trail_date":"2022-06-02","trail_time":"20:50:00","trail_latitude":"26.06066667","trail_longitude":"-80.13466667","trail_speed":"0","trail_heading":"5","i_m_o_number":"9093816","DC_ID":"1072"}
14:49:55.767 [main] DEBUG com.polestar.ndcrefill.Main - {"creation_date":"2022-06-02","creation_time":"14:54:22","trail_date":"2022-06-02","trail_time":"14:50:00","trail_latitude":"26.06","trail_longitude":"-80.13466667","trail_speed":"0","trail_heading":"201","i_m_o_number":"9093816","DC_ID":"1072"}
14:49:55.767 [main] DEBUG com.polestar.ndcrefill.Main - {"creation_date":"2022-06-02","creation_time":"08:53:50","trail_date":"2022-06-02","trail_time":"08:50:00","trail_latitude":"26.06","trail_longitude":"-80.13466667","trail_speed":"0","trail_heading":"229","i_m_o_number":"9093816","DC_ID":"1072"}
14:49:55.767 [main] DEBUG com.polestar.ndcrefill.Main - {"creation_date":"2022-06-02","creation_time":"02:58:17","trail_date":"2022-06-02","trail_time":"02:50:00","trail_latitude":"26.06","trail_longitude":"-80.134","trail_speed":"1","trail_heading":"85","i_m_o_number":"9093816","DC_ID":"1072"}
14:49:55.767 [main] DEBUG com.polestar.ndcrefill.Main - {"creation_date":"2022-06-05","creation_time":"20:40:16","trail_date":"2022-06-05","trail_time":"20:38:00","trail_latitude":"-20.63","trail_longitude":"116.7566667","trail_speed":"0","trail_heading":"256","i_m_o_number":"9702170","DC_ID":"1072"}
14:49:55.767 [main] DEBUG com.polestar.ndcrefill.Main - {"creation_date":"2022-06-05","creation_time":"14:40:22","trail_date":"2022-06-05","trail_time":"14:38:00","trail_latitude":"-20.63","trail_longitude":"116.7566667","trail_speed":"0","trail_heading":"263","i_m_o_number":"9702170","DC_ID":"1072"}
14:49:55.767 [main] DEBUG com.polestar.ndcrefill.Main - {"creation_date":"2022-06-05","creation_time":"08:40:28","trail_date":"2022-06-05","trail_time":"08:38:00","trail_latitude":"-20.63","trail_longitude":"116.7566667","trail_speed":"0","trail_heading":"292","i_m_o_number":"9702170","DC_ID":"1072"}
14:49:55.767 [main] DEBUG com.polestar.ndcrefill.Main - {"creation_date":"2022-06-05","creation_time":"02:40:28","trail_date":"2022-06-05","trail_time":"02:38:00","trail_latitude":"-20.63","trail_longitude":"116.7566667","trail_speed":"0.2","trail_heading":"229","i_m_o_number":"9702170","DC_ID":"1072"}
14:49:55.768 [main] DEBUG com.polestar.ndcrefill.Main - {"creation_date":"2022-06-04","creation_time":"20:40:28","trail_date":"2022-06-04","trail_time":"20:38:00","trail_latitude":"-20.63","trail_longitude":"116.7566667","trail_speed":"0","trail_heading":"245","i_m_o_number":"9702170","DC_ID":"1072"}
14:49:55.768 [main] DEBUG com.polestar.ndcrefill.Main - {"creation_date":"2022-06-04","creation_time":"14:40:19","trail_date":"2022-06-04","trail_time":"14:38:00","trail_latitude":"-20.63","trail_longitude":"116.7566667","trail_speed":"0.2","trail_heading":"233","i_m_o_number":"9702170","DC_ID":"1072"}
14:49:55.768 [main] DEBUG com.polestar.ndcrefill.Main - {"creation_date":"2022-06-04","creation_time":"08:40:16","trail_date":"2022-06-04","trail_time":"08:38:00","trail_latitude":"-20.63","trail_longitude":"116.7566667","trail_speed":"0","trail_heading":"260","i_m_o_number":"9702170","DC_ID":"1072"}
14:49:55.768 [main] DEBUG com.polestar.ndcrefill.Main - {"creation_date":"2022-06-03","creation_time":"02:40:29","trail_date":"2022-06-03","trail_time":"02:38:00","trail_latitude":"-20.64933333","trail_longitude":"116.71","trail_speed":"0.2","trail_heading":"15","i_m_o_number":"9702170","DC_ID":"1072"}
14:49:55.768 [main] DEBUG com.polestar.ndcrefill.Main - {"creation_date":"2022-06-03","creation_time":"08:40:26","trail_date":"2022-06-03","trail_time":"08:38:00","trail_latitude":"-20.63","trail_longitude":"116.7566667","trail_speed":"0","trail_heading":"262","i_m_o_number":"9702170","DC_ID":"1072"}
14:49:55.768 [main] DEBUG com.polestar.ndcrefill.Main - {"creation_date":"2022-06-03","creation_time":"14:40:25","trail_date":"2022-06-03","trail_time":"14:38:00","trail_latitude":"-20.63","trail_longitude":"116.7566667","trail_speed":"0","trail_heading":"229","i_m_o_number":"9702170","DC_ID":"1072"}
14:49:55.768 [main] DEBUG com.polestar.ndcrefill.Main - {"creation_date":"2022-06-03","creation_time":"20:40:32","trail_date":"2022-06-03","trail_time":"20:38:00","trail_latitude":"-20.63","trail_longitude":"116.7566667","trail_speed":"0","trail_heading":"243","i_m_o_number":"9702170","DC_ID":"1072"}
14:49:55.768 [main] DEBUG com.polestar.ndcrefill.Main - {"creation_date":"2022-06-04","creation_time":"04:14:09","trail_date":"2022-06-04","trail_time":"04:12:00","trail_latitude":"-20.63","trail_longitude":"116.7566667","trail_speed":"0","trail_heading":"253","i_m_o_number":"9702170","DC_ID":"1072"}
14:49:55.769 [main] DEBUG com.polestar.ndcrefill.Main - {"creation_date":"2022-06-05","creation_time":"12:56:17","trail_date":"2022-06-05","trail_time":"12:52:00","trail_latitude":"-30.17266667","trail_longitude":"114.8893333","trail_speed":"10.6","trail_heading":"168","i_m_o_number":"9554652","DC_ID":"1072"}
14:49:55.769 [main] DEBUG com.polestar.ndcrefill.Main - {"creation_date":"2022-06-05","creation_time":"06:55:51","trail_date":"2022-06-05","trail_time":"06:52:00","trail_latitude":"-29.15466667","trail_longitude":"114.5713333","trail_speed":"10.6","trail_heading":"169","i_m_o_number":"9554652","DC_ID":"1072"}
14:49:55.769 [main] DEBUG com.polestar.ndcrefill.Main - {"creation_date":"2022-06-05","creation_time":"00:54:31","trail_date":"2022-06-05","trail_time":"00:52:00","trail_latitude":"-28.15733333","trail_longitude":"114.1593333","trail_speed":"10.6","trail_heading":"168","i_m_o_number":"9554652","DC_ID":"1072"}
14:49:55.769 [main] DEBUG com.polestar.ndcrefill.Main - {"creation_date":"2022-06-04","creation_time":"18:54:49","trail_date":"2022-06-04","trail_time":"18:52:00","trail_latitude":"-27.106","trail_longitude":"113.8693333","trail_speed":"9.6","trail_heading":"149","i_m_o_number":"9554652","DC_ID":"1072"}
14:49:55.769 [main] DEBUG com.polestar.ndcrefill.Main - {"creation_date":"2022-06-04","creation_time":"12:54:37","trail_date":"2022-06-04","trail_time":"12:52:00","trail_latitude":"-26.25","trail_longitude":"113.218","trail_speed":"10.8","trail_heading":"145","i_m_o_number":"9554652","DC_ID":"1072"}
14:49:55.769 [main] DEBUG com.polestar.ndcrefill.Main - {"creation_date":"2022-06-02","creation_time":"00:59:56","trail_date":"2022-06-02","trail_time":"00:52:00","trail_latitude":"-20.88066667","trail_longitude":"115.8086667","trail_speed":"10.8","trail_heading":"227","i_m_o_number":"9554652","DC_ID":"1072"}
14:49:55.769 [main] DEBUG com.polestar.ndcrefill.Main - {"creation_date":"2022-06-02","creation_time":"06:55:47","trail_date":"2022-06-02","trail_time":"06:52:00","trail_latitude":"-21.558","trail_longitude":"114.878","trail_speed":"10.4","trail_heading":"251","i_m_o_number":"9554652","DC_ID":"1072"}
14:49:55.769 [main] DEBUG com.polestar.ndcrefill.Main - {"creation_date":"2022-06-02","creation_time":"12:55:24","trail_date":"2022-06-02","trail_time":"12:52:00","trail_latitude":"-21.96333333","trail_longitude":"114.1486667","trail_speed":"0","trail_heading":"7","i_m_o_number":"9554652","DC_ID":"1072"}
14:49:55.769 [main] DEBUG com.polestar.ndcrefill.Main - {"creation_date":"2022-06-02","creation_time":"18:56:21","trail_date":"2022-06-02","trail_time":"18:52:00","trail_latitude":"-21.96266667","trail_longitude":"114.1486667","trail_speed":"0","trail_heading":"259","i_m_o_number":"9554652","DC_ID":"1072"}
14:49:55.769 [main] DEBUG com.polestar.ndcrefill.Main - {"creation_date":"2022-06-03","creation_time":"00:54:42","trail_date":"2022-06-03","trail_time":"00:52:00","trail_latitude":"-21.96333333","trail_longitude":"114.1486667","trail_speed":"0.2","trail_heading":"118","i_m_o_number":"9554652","DC_ID":"1072"}
14:49:55.770 [main] DEBUG com.polestar.ndcrefill.Main - {"creation_date":"2022-06-03","creation_time":"06:55:20","trail_date":"2022-06-03","trail_time":"06:52:00","trail_latitude":"-21.96266667","trail_longitude":"114.1486667","trail_speed":"0.2","trail_heading":"167","i_m_o_number":"9554652","DC_ID":"1072"}
14:49:55.770 [main] DEBUG com.polestar.ndcrefill.Main - {"creation_date":"2022-06-03","creation_time":"12:55:52","trail_date":"2022-06-03","trail_time":"12:52:00","trail_latitude":"-22.40733333","trail_longitude":"113.7106667","trail_speed":"10.2","trail_heading":"204","i_m_o_number":"9554652","DC_ID":"1072"}
14:49:55.770 [main] DEBUG com.polestar.ndcrefill.Main - {"creation_date":"2022-06-03","creation_time":"19:00:44","trail_date":"2022-06-03","trail_time":"18:52:00","trail_latitude":"-23.39066667","trail_longitude":"113.7033333","trail_speed":"9.8","trail_heading":"192","i_m_o_number":"9554652","DC_ID":"1072"}
14:49:55.770 [main] DEBUG com.polestar.ndcrefill.Main - {"creation_date":"2022-06-04","creation_time":"00:58:04","trail_date":"2022-06-04","trail_time":"00:52:00","trail_latitude":"-24.34933333","trail_longitude":"113.3766667","trail_speed":"10","trail_heading":"180","i_m_o_number":"9554652","DC_ID":"1072"}
14:49:55.770 [main] DEBUG com.polestar.ndcrefill.Main - {"creation_date":"2022-06-04","creation_time":"06:56:12","trail_date":"2022-06-04","trail_time":"06:52:00","trail_latitude":"-25.29466667","trail_longitude":"112.9986667","trail_speed":"10.2","trail_heading":"198","i_m_o_number":"9554652","DC_ID":"1072"}
14:49:55.770 [main] DEBUG com.polestar.ndcrefill.Main - {"creation_date":"2022-06-05","creation_time":"21:07:18","trail_date":"2022-06-05","trail_time":"21:04:00","trail_latitude":"42.65266667","trail_longitude":"10.48333333","trail_speed":"13","trail_heading":"185","i_m_o_number":"8735730","DC_ID":"1072"}
14:49:55.770 [main] DEBUG com.polestar.ndcrefill.Main - {"creation_date":"2022-06-05","creation_time":"15:07:22","trail_date":"2022-06-05","trail_time":"15:04:00","trail_latitude":"43.766","trail_longitude":"9.733333333","trail_speed":"13.2","trail_heading":"141","i_m_o_number":"8735730","DC_ID":"1072"}
14:49:55.771 [main] DEBUG com.polestar.ndcrefill.Main - {"creation_date":"2022-06-05","creation_time":"09:07:07","trail_date":"2022-06-05","trail_time":"09:04:00","trail_latitude":"44.31866667","trail_longitude":"9.218","trail_speed":"0.2","trail_heading":"332","i_m_o_number":"8735730","DC_ID":"1072"}
14:49:55.771 [main] DEBUG com.polestar.ndcrefill.Main - {"creation_date":"2022-06-05","creation_time":"03:10:25","trail_date":"2022-06-05","trail_time":"03:04:00","trail_latitude":"44.31866667","trail_longitude":"9.218","trail_speed":"0.2","trail_heading":"203","i_m_o_number":"8735730","DC_ID":"1072"}
14:49:55.771 [main] DEBUG com.polestar.ndcrefill.Main - {"creation_date":"2022-06-04","creation_time":"21:07:22","trail_date":"2022-06-04","trail_time":"21:04:00","trail_latitude":"44.318","trail_longitude":"9.218666667","trail_speed":"0","trail_heading":"151","i_m_o_number":"8735730","DC_ID":"1072"}
14:49:55.771 [main] DEBUG com.polestar.ndcrefill.Main - {"creation_date":"2022-06-04","creation_time":"15:07:06","trail_date":"2022-06-04","trail_time":"15:04:00","trail_latitude":"44.318","trail_longitude":"9.218666667","trail_speed":"0.2","trail_heading":"133","i_m_o_number":"8735730","DC_ID":"1072"}
14:49:55.771 [main] DEBUG com.polestar.ndcrefill.Main - {"creation_date":"2022-06-05","creation_time":"21:49:07","trail_date":"2022-06-05","trail_time":"21:46:00","trail_latitude":"36.01733333","trail_longitude":"120.2146667","trail_speed":"0","trail_heading":"273","i_m_o_number":"9855757","DC_ID":"1072"}
14:49:55.772 [main] DEBUG com.polestar.ndcrefill.Main - {"creation_date":"2022-06-05","creation_time":"15:48:14","trail_date":"2022-06-05","trail_time":"15:46:00","trail_latitude":"36.01733333","trail_longitude":"120.2146667","trail_speed":"0","trail_heading":"222","i_m_o_number":"9855757","DC_ID":"1072"}
14:49:55.772 [main] DEBUG com.polestar.ndcrefill.Main - {"creation_date":"2022-06-05","creation_time":"09:48:18","trail_date":"2022-06-05","trail_time":"09:46:00","trail_latitude":"36.01733333","trail_longitude":"120.2146667","trail_speed":"0","trail_heading":"222","i_m_o_number":"9855757","DC_ID":"1072"}
14:49:55.772 [main] DEBUG com.polestar.ndcrefill.Main - {"creation_date":"2022-06-05","creation_time":"03:51:42","trail_date":"2022-06-05","trail_time":"03:46:00","trail_latitude":"36.03466667","trail_longitude":"120.274","trail_speed":"9.2","trail_heading":"279","i_m_o_number":"9855757","DC_ID":"1072"}
14:49:55.772 [main] DEBUG com.polestar.ndcrefill.Main - {"creation_date":"2022-06-04","creation_time":"21:48:22","trail_date":"2022-06-04","trail_time":"21:46:00","trail_latitude":"35.852","trail_longitude":"120.8626667","trail_speed":"0.2","trail_heading":"15","i_m_o_number":"9855757","DC_ID":"1072"}
14:49:55.772 [main] DEBUG com.polestar.ndcrefill.Main - {"creation_date":"2022-06-04","creation_time":"15:48:14","trail_date":"2022-06-04","trail_time":"15:46:00","trail_latitude":"35.85266667","trail_longitude":"120.8646667","trail_speed":"0.2","trail_heading":"140","i_m_o_number":"9855757","DC_ID":"1072"}
14:49:55.772 [main] DEBUG com.polestar.ndcrefill.Main - {"creation_date":"2022-06-04","creation_time":"09:48:22","trail_date":"2022-06-04","trail_time":"09:46:00","trail_latitude":"35.85333333","trail_longitude":"120.8633333","trail_speed":"0","trail_heading":"240","i_m_o_number":"9855757","DC_ID":"1072"}
14:49:55.772 [main] DEBUG com.polestar.ndcrefill.Main - {"creation_date":"2022-06-02","creation_time":"03:49:07","trail_date":"2022-06-02","trail_time":"03:46:00","trail_latitude":"35.85266667","trail_longitude":"120.8646667","trail_speed":"0","trail_heading":"30","i_m_o_number":"9855757","DC_ID":"1072"}
14:49:55.772 [main] DEBUG com.polestar.ndcrefill.Main - {"creation_date":"2022-06-02","creation_time":"09:48:24","trail_date":"2022-06-02","trail_time":"09:46:00","trail_latitude":"35.852","trail_longitude":"120.8633333","trail_speed":"0","trail_heading":"203","i_m_o_number":"9855757","DC_ID":"1072"}
14:49:55.773 [main] DEBUG com.polestar.ndcrefill.Main - {"creation_date":"2022-06-02","creation_time":"15:48:27","trail_date":"2022-06-02","trail_time":"15:46:00","trail_latitude":"35.85133333","trail_longitude":"120.866","trail_speed":"0","trail_heading":"156","i_m_o_number":"9855757","DC_ID":"1072"}
14:49:55.773 [main] DEBUG com.polestar.ndcrefill.Main - {"creation_date":"2022-06-02","creation_time":"21:48:24","trail_date":"2022-06-02","trail_time":"21:46:00","trail_latitude":"35.852","trail_longitude":"120.864","trail_speed":"0","trail_heading":"253","i_m_o_number":"9855757","DC_ID":"1072"}
14:49:55.773 [main] DEBUG com.polestar.ndcrefill.Main - {"creation_date":"2022-06-03","creation_time":"03:48:16","trail_date":"2022-06-03","trail_time":"03:46:00","trail_latitude":"35.85266667","trail_longitude":"120.866","trail_speed":"0.2","trail_heading":"292","i_m_o_number":"9855757","DC_ID":"1072"}
14:49:55.773 [main] DEBUG com.polestar.ndcrefill.Main - {"creation_date":"2022-06-03","creation_time":"09:48:16","trail_date":"2022-06-03","trail_time":"09:46:00","trail_latitude":"35.85266667","trail_longitude":"120.8646667","trail_speed":"0","trail_heading":"48","i_m_o_number":"9855757","DC_ID":"1072"}
14:49:55.773 [main] DEBUG com.polestar.ndcrefill.Main - {"creation_date":"2022-06-03","creation_time":"15:48:06","trail_date":"2022-06-03","trail_time":"15:46:00","trail_latitude":"35.85266667","trail_longitude":"120.866","trail_speed":"0","trail_heading":"76","i_m_o_number":"9855757","DC_ID":"1072"}
14:49:55.773 [main] DEBUG com.polestar.ndcrefill.Main - {"creation_date":"2022-06-03","creation_time":"21:48:23","trail_date":"2022-06-03","trail_time":"21:46:00","trail_latitude":"35.85266667","trail_longitude":"120.8633333","trail_speed":"0.2","trail_heading":"230","i_m_o_number":"9855757","DC_ID":"1072"}
14:49:55.773 [main] DEBUG com.polestar.ndcrefill.Main - {"creation_date":"2022-06-04","creation_time":"03:48:18","trail_date":"2022-06-04","trail_time":"03:46:00","trail_latitude":"35.85333333","trail_longitude":"120.8646667","trail_speed":"0","trail_heading":"59","i_m_o_number":"9855757","DC_ID":"1072"}
14:49:55.773 [main] DEBUG com.polestar.ndcrefill.Main - {"creation_date":"2022-06-05","creation_time":"21:30:47","trail_date":"2022-06-05","trail_time":"21:26:00","trail_latitude":"26.06066667","trail_longitude":"-80.13133333","trail_speed":"0","trail_heading":"321","i_m_o_number":"9831725","DC_ID":"1072"}
14:49:55.773 [main] DEBUG com.polestar.ndcrefill.Main - {"creation_date":"2022-06-05","creation_time":"15:27:18","trail_date":"2022-06-05","trail_time":"15:26:00","trail_latitude":"26.06066667","trail_longitude":"-80.13133333","trail_speed":"0","trail_heading":"321","i_m_o_number":"9831725","DC_ID":"1072"}
14:49:55.773 [main] DEBUG com.polestar.ndcrefill.Main - {"creation_date":"2022-06-05","creation_time":"09:29:21","trail_date":"2022-06-05","trail_time":"09:26:00","trail_latitude":"26.06066667","trail_longitude":"-80.13133333","trail_speed":"0","trail_heading":"321","i_m_o_number":"9831725","DC_ID":"1072"}
14:49:55.774 [main] DEBUG com.polestar.ndcrefill.Main - {"creation_date":"2022-06-05","creation_time":"03:28:46","trail_date":"2022-06-05","trail_time":"03:26:00","trail_latitude":"26.06066667","trail_longitude":"-80.13133333","trail_speed":"0","trail_heading":"321","i_m_o_number":"9831725","DC_ID":"1072"}
14:49:55.774 [main] DEBUG com.polestar.ndcrefill.Main - {"creation_date":"2022-06-04","creation_time":"21:29:30","trail_date":"2022-06-04","trail_time":"21:26:00","trail_latitude":"26.06066667","trail_longitude":"-80.13133333","trail_speed":"0","trail_heading":"321","i_m_o_number":"9831725","DC_ID":"1072"}
14:49:55.774 [main] DEBUG com.polestar.ndcrefill.Main - {"creation_date":"2022-06-04","creation_time":"15:27:36","trail_date":"2022-06-04","trail_time":"15:26:00","trail_latitude":"26.06066667","trail_longitude":"-80.13133333","trail_speed":"0","trail_heading":"321","i_m_o_number":"9831725","DC_ID":"1072"}
14:49:55.774 [main] DEBUG com.polestar.ndcrefill.Main - {"creation_date":"2022-06-04","creation_time":"09:28:44","trail_date":"2022-06-04","trail_time":"09:26:00","trail_latitude":"26.06066667","trail_longitude":"-80.13133333","trail_speed":"0","trail_heading":"105","i_m_o_number":"9831725","DC_ID":"1072"}
14:49:55.774 [main] DEBUG com.polestar.ndcrefill.Main - {"creation_date":"2022-06-02","creation_time":"03:29:27","trail_date":"2022-06-02","trail_time":"03:26:00","trail_latitude":"26.06066667","trail_longitude":"-80.13133333","trail_speed":"0","trail_heading":"63","i_m_o_number":"9831725","DC_ID":"1072"}
14:49:55.774 [main] DEBUG com.polestar.ndcrefill.Main - {"creation_date":"2022-06-02","creation_time":"09:28:59","trail_date":"2022-06-02","trail_time":"09:26:00","trail_latitude":"26.06066667","trail_longitude":"-80.13133333","trail_speed":"0","trail_heading":"63","i_m_o_number":"9831725","DC_ID":"1072"}
14:49:55.774 [main] DEBUG com.polestar.ndcrefill.Main - {"creation_date":"2022-06-02","creation_time":"15:27:28","trail_date":"2022-06-02","trail_time":"15:26:00","trail_latitude":"26.06066667","trail_longitude":"-80.13133333","trail_speed":"0","trail_heading":"63","i_m_o_number":"9831725","DC_ID":"1072"}
14:49:55.774 [main] DEBUG com.polestar.ndcrefill.Main - {"creation_date":"2022-06-02","creation_time":"21:32:26","trail_date":"2022-06-02","trail_time":"21:26:00","trail_latitude":"26.06066667","trail_longitude":"-80.13133333","trail_speed":"0","trail_heading":"63","i_m_o_number":"9831725","DC_ID":"1072"}
14:49:55.774 [main] DEBUG com.polestar.ndcrefill.Main - {"creation_date":"2022-06-03","creation_time":"03:27:27","trail_date":"2022-06-03","trail_time":"03:26:00","trail_latitude":"26.06066667","trail_longitude":"-80.13133333","trail_speed":"0","trail_heading":"63","i_m_o_number":"9831725","DC_ID":"1072"}
14:49:55.774 [main] DEBUG com.polestar.ndcrefill.Main - {"creation_date":"2022-06-03","creation_time":"09:28:40","trail_date":"2022-06-03","trail_time":"09:26:00","trail_latitude":"26.06066667","trail_longitude":"-80.13133333","trail_speed":"0","trail_heading":"63","i_m_o_number":"9831725","DC_ID":"1072"}
14:49:55.774 [main] DEBUG com.polestar.ndcrefill.Main - {"creation_date":"2022-06-03","creation_time":"15:28:08","trail_date":"2022-06-03","trail_time":"15:26:00","trail_latitude":"26.06066667","trail_longitude":"-80.13133333","trail_speed":"0","trail_heading":"63","i_m_o_number":"9831725","DC_ID":"1072"}
14:49:55.775 [main] DEBUG com.polestar.ndcrefill.Main - {"creation_date":"2022-06-03","creation_time":"21:28:55","trail_date":"2022-06-03","trail_time":"21:26:00","trail_latitude":"26.06066667","trail_longitude":"-80.13133333","trail_speed":"0","trail_heading":"105","i_m_o_number":"9831725","DC_ID":"1072"}
14:49:55.775 [main] DEBUG com.polestar.ndcrefill.Main - {"creation_date":"2022-06-04","creation_time":"03:28:46","trail_date":"2022-06-04","trail_time":"03:26:00","trail_latitude":"26.06066667","trail_longitude":"-80.13133333","trail_speed":"0","trail_heading":"105","i_m_o_number":"9831725","DC_ID":"1072"}
14:49:56.668 [main] DEBUG com.polestar.ndcrefill.Main - [0,0,0,0,0,0,0,0,0,0,0,0,0,0,0,0,0,0,0,0,0,0,0,0,0,0,0,0,0,0,0,0,0,0,0,0,0,0,0,0,0,0,0,0,0,0,0,0,0,0,0,0,0,0,0,0,0,0,0,0,0,0,0,0,0,0,0,0,0,0,0,0,0,0,0,0,0,0,0]
14:49:56.668 [main] INFO  com.polestar.ndcrefill.Main - Current position: 179 out of 179
14:49:56.668 [main] INFO  com.polestar.ndcrefill.Main - -----------------------------------------------------------------
14:49:57.491 [main] INFO  com.polestar.ndcrefill.Main - new max shippositionID: 340321
14:49:57.492 [main] INFO  com.polestar.ndcrefill.Main - new ship position generator value 6816
14:49:58.319 [main] INFO  com.polestar.ndcrefill.Main - Updated Ship Position Generator value successfully
14:49:58.320 [main] INFO  com.polestar.ndcrefill.Main - -----------------------------------------------------------------
14:49:58.616 [main] INFO  com.polestar.ndcrefill.Main - new max messageID: 851927
14:49:58.616 [main] INFO  com.polestar.ndcrefill.Main - new message generator value 17048
14:49:58.912 [main] INFO  com.polestar.ndcrefill.Main - Updated Message Generator value successfully
14:49:58.912 [main] INFO  com.polestar.ndcrefill.Main - -----------------------------------------------------------------
14:49:58.912 [main] INFO  com.polestar.ndcrefill.Main - finished: 2022-06-17 14:49:58.912
14:49:58.913 [main] INFO  com.polestar.ndcrefill.Main - time taken: PT8.133S
14:49:58.913 [main] INFO  com.polestar.ndcrefill.Main - -----------------------------------------------------------------
