14:51:01.327 [main] INFO  com.polestar.ndcrefill.Main - -----------------------------------------------------------------
14:51:01.329 [main] INFO  com.polestar.ndcrefill.Main - Start: 2022-06-17 14:51:01.329
14:51:01.330 [main] INFO  com.polestar.ndcrefill.Main - -----------------------------------------------------------------
14:51:01.330 [main] INFO  com.polestar.ndcrefill.Main - Starting Backfill
14:51:01.330 [main] INFO  com.polestar.ndcrefill.Main - HOST: jdbc:postgresql://localhost:6432/
14:51:01.330 [main] INFO  com.polestar.ndcrefill.Main - MASTER_USERNAME: lrit
14:51:01.330 [main] INFO  com.polestar.ndcrefill.Main - DO_INSERTS: true
14:51:01.330 [main] INFO  com.polestar.ndcrefill.Main - FILE_LOCATION: src/main/resources/missing_positions.csv
14:51:01.330 [main] INFO  com.polestar.ndcrefill.Main - FLAG_CODE: 1074
14:51:01.330 [main] INFO  com.polestar.ndcrefill.Main - DATA_CENTER_IDENTIFIER: 3074
14:51:02.873 [main] INFO  com.polestar.ndcrefill.Main - -----------------------------------------------------------------
14:51:02.873 [main] INFO  com.polestar.ndcrefill.Main - Starting Details
14:51:03.409 [main] INFO  com.polestar.ndcrefill.Main - ShipPosition Generator Value: 2270
14:51:03.993 [main] INFO  com.polestar.ndcrefill.Main - Message Generator Value: 12277
14:51:04.570 [main] INFO  com.polestar.ndcrefill.Main - current max ship position id is: 113460 starting shipPositionID: 115460
14:51:05.391 [main] INFO  com.polestar.ndcrefill.Main - current max message id is: 613825 starting messageID: 615825
14:51:05.391 [main] INFO  com.polestar.ndcrefill.Main - -----------------------------------------------------------------
14:51:05.391 [main] INFO  com.polestar.ndcrefill.Main - Updating Insert Positions function
14:51:06.171 [main] INFO  com.polestar.ndcrefill.Main - Updated Successfully
14:51:06.172 [main] INFO  com.polestar.ndcrefill.Main - -----------------------------------------------------------------
14:51:06.174 [main] INFO  com.polestar.ndcrefill.FileService - starting to process file
14:51:06.415 [main] INFO  com.polestar.ndcrefill.FileService - Positions count: 112
14:51:06.415 [main] INFO  com.polestar.ndcrefill.Main - -----------------------------------------------------------------
14:51:06.421 [main] DEBUG com.polestar.ndcrefill.Main - {"creation_date":"2022-06-05","creation_time":"21:54:48","trail_date":"2022-06-05","trail_time":"21:52:00","trail_latitude":"28.974","trail_longitude":"34.676","trail_speed":"6.4","trail_heading":"261","i_m_o_number":"9081590","DC_ID":"1074"}
14:51:06.422 [main] DEBUG com.polestar.ndcrefill.Main - {"creation_date":"2022-06-05","creation_time":"15:54:55","trail_date":"2022-06-05","trail_time":"15:52:00","trail_latitude":"29.462","trail_longitude":"34.974","trail_speed":"0","trail_heading":"60","i_m_o_number":"9081590","DC_ID":"1074"}
14:51:06.422 [main] DEBUG com.polestar.ndcrefill.Main - {"creation_date":"2022-06-05","creation_time":"09:54:31","trail_date":"2022-06-05","trail_time":"09:52:00","trail_latitude":"28.972","trail_longitude":"34.668","trail_speed":"0","trail_heading":"257","i_m_o_number":"9081590","DC_ID":"1074"}
14:51:06.422 [main] DEBUG com.polestar.ndcrefill.Main - {"creation_date":"2022-06-05","creation_time":"03:54:45","trail_date":"2022-06-05","trail_time":"03:52:00","trail_latitude":"28.972","trail_longitude":"34.668","trail_speed":"0","trail_heading":"257","i_m_o_number":"9081590","DC_ID":"1074"}
14:51:06.423 [main] DEBUG com.polestar.ndcrefill.Main - {"creation_date":"2022-06-04","creation_time":"21:54:36","trail_date":"2022-06-04","trail_time":"21:52:00","trail_latitude":"29.13","trail_longitude":"34.77466667","trail_speed":"14","trail_heading":"196","i_m_o_number":"9081590","DC_ID":"1074"}
14:51:06.423 [main] DEBUG com.polestar.ndcrefill.Main - {"creation_date":"2022-06-04","creation_time":"15:56:07","trail_date":"2022-06-04","trail_time":"15:52:00","trail_latitude":"29.462","trail_longitude":"34.974","trail_speed":"0","trail_heading":"71","i_m_o_number":"9081590","DC_ID":"1074"}
14:51:06.423 [main] DEBUG com.polestar.ndcrefill.Main - {"creation_date":"2022-06-04","creation_time":"09:54:32","trail_date":"2022-06-04","trail_time":"09:52:00","trail_latitude":"28.972","trail_longitude":"34.668","trail_speed":"0","trail_heading":"231","i_m_o_number":"9081590","DC_ID":"1074"}
14:51:06.424 [main] DEBUG com.polestar.ndcrefill.Main - {"creation_date":"2022-06-04","creation_time":"03:54:29","trail_date":"2022-06-04","trail_time":"03:52:00","trail_latitude":"28.972","trail_longitude":"34.668","trail_speed":"0","trail_heading":"231","i_m_o_number":"9081590","DC_ID":"1074"}
14:51:06.424 [main] DEBUG com.polestar.ndcrefill.Main - {"creation_date":"2022-06-03","creation_time":"21:54:44","trail_date":"2022-06-03","trail_time":"21:52:00","trail_latitude":"28.97733333","trail_longitude":"34.69133333","trail_speed":"13.6","trail_heading":"245","i_m_o_number":"9081590","DC_ID":"1074"}
14:51:06.424 [main] DEBUG com.polestar.ndcrefill.Main - {"creation_date":"2022-06-03","creation_time":"15:54:29","trail_date":"2022-06-03","trail_time":"15:52:00","trail_latitude":"29.462","trail_longitude":"34.974","trail_speed":"0","trail_heading":"69","i_m_o_number":"9081590","DC_ID":"1074"}
14:51:06.424 [main] DEBUG com.polestar.ndcrefill.Main - {"creation_date":"2022-06-03","creation_time":"09:54:28","trail_date":"2022-06-03","trail_time":"09:52:00","trail_latitude":"28.972","trail_longitude":"34.668","trail_speed":"0","trail_heading":"184","i_m_o_number":"9081590","DC_ID":"1074"}
14:51:06.425 [main] DEBUG com.polestar.ndcrefill.Main - {"creation_date":"2022-06-03","creation_time":"03:54:45","trail_date":"2022-06-03","trail_time":"03:52:00","trail_latitude":"28.972","trail_longitude":"34.668","trail_speed":"0","trail_heading":"184","i_m_o_number":"9081590","DC_ID":"1074"}
14:51:06.425 [main] DEBUG com.polestar.ndcrefill.Main - {"creation_date":"2022-06-02","creation_time":"21:54:43","trail_date":"2022-06-02","trail_time":"21:52:00","trail_latitude":"29.462","trail_longitude":"34.974","trail_speed":"0","trail_heading":"87","i_m_o_number":"9081590","DC_ID":"1074"}
14:51:06.425 [main] DEBUG com.polestar.ndcrefill.Main - {"creation_date":"2022-06-02","creation_time":"15:54:43","trail_date":"2022-06-02","trail_time":"15:52:00","trail_latitude":"29.462","trail_longitude":"34.974","trail_speed":"0","trail_heading":"87","i_m_o_number":"9081590","DC_ID":"1074"}
14:51:06.425 [main] DEBUG com.polestar.ndcrefill.Main - {"creation_date":"2022-06-02","creation_time":"09:54:27","trail_date":"2022-06-02","trail_time":"09:52:00","trail_latitude":"28.972","trail_longitude":"34.668","trail_speed":"0","trail_heading":"241","i_m_o_number":"9081590","DC_ID":"1074"}
14:51:06.426 [main] DEBUG com.polestar.ndcrefill.Main - {"creation_date":"2022-06-02","creation_time":"03:55:43","trail_date":"2022-06-02","trail_time":"03:52:00","trail_latitude":"28.972","trail_longitude":"34.668","trail_speed":"0","trail_heading":"241","i_m_o_number":"9081590","DC_ID":"1074"}
14:51:06.426 [main] DEBUG com.polestar.ndcrefill.Main - {"creation_date":"2022-06-05","creation_time":"19:01:06","trail_date":"2022-06-05","trail_time":"18:56:00","trail_latitude":"17.69933333","trail_longitude":"83.28266667","trail_speed":"0","trail_heading":"267","i_m_o_number":"9649964","DC_ID":"1074"}
14:51:06.426 [main] DEBUG com.polestar.ndcrefill.Main - {"creation_date":"2022-06-05","creation_time":"12:57:36","trail_date":"2022-06-05","trail_time":"12:56:00","trail_latitude":"17.69933333","trail_longitude":"83.28266667","trail_speed":"0","trail_heading":"267","i_m_o_number":"9649964","DC_ID":"1074"}
14:51:06.426 [main] DEBUG com.polestar.ndcrefill.Main - {"creation_date":"2022-06-05","creation_time":"06:58:10","trail_date":"2022-06-05","trail_time":"06:56:00","trail_latitude":"17.69933333","trail_longitude":"83.28266667","trail_speed":"0","trail_heading":"267","i_m_o_number":"9649964","DC_ID":"1074"}
14:51:06.426 [main] DEBUG com.polestar.ndcrefill.Main - {"creation_date":"2022-06-05","creation_time":"00:57:24","trail_date":"2022-06-05","trail_time":"00:56:00","trail_latitude":"17.69933333","trail_longitude":"83.28266667","trail_speed":"0","trail_heading":"262","i_m_o_number":"9649964","DC_ID":"1074"}
14:51:06.427 [main] DEBUG com.polestar.ndcrefill.Main - {"creation_date":"2022-06-04","creation_time":"18:57:48","trail_date":"2022-06-04","trail_time":"18:56:00","trail_latitude":"17.69933333","trail_longitude":"83.28266667","trail_speed":"0","trail_heading":"261","i_m_o_number":"9649964","DC_ID":"1074"}
14:51:06.427 [main] DEBUG com.polestar.ndcrefill.Main - {"creation_date":"2022-06-04","creation_time":"12:57:55","trail_date":"2022-06-04","trail_time":"12:56:00","trail_latitude":"17.69933333","trail_longitude":"83.28266667","trail_speed":"0","trail_heading":"265","i_m_o_number":"9649964","DC_ID":"1074"}
14:51:06.427 [main] DEBUG com.polestar.ndcrefill.Main - {"creation_date":"2022-06-04","creation_time":"06:57:13","trail_date":"2022-06-04","trail_time":"06:56:00","trail_latitude":"17.69933333","trail_longitude":"83.28266667","trail_speed":"0","trail_heading":"264","i_m_o_number":"9649964","DC_ID":"1074"}
14:51:06.427 [main] DEBUG com.polestar.ndcrefill.Main - {"creation_date":"2022-06-04","creation_time":"01:00:53","trail_date":"2022-06-04","trail_time":"00:56:00","trail_latitude":"17.69933333","trail_longitude":"83.28266667","trail_speed":"0","trail_heading":"171","i_m_o_number":"9649964","DC_ID":"1074"}
14:51:06.427 [main] DEBUG com.polestar.ndcrefill.Main - {"creation_date":"2022-06-03","creation_time":"18:57:50","trail_date":"2022-06-03","trail_time":"18:56:00","trail_latitude":"17.66266667","trail_longitude":"83.34666667","trail_speed":"2.8","trail_heading":"284","i_m_o_number":"9649964","DC_ID":"1074"}
14:51:06.428 [main] DEBUG com.polestar.ndcrefill.Main - {"creation_date":"2022-06-03","creation_time":"12:57:15","trail_date":"2022-06-03","trail_time":"12:56:00","trail_latitude":"17.64933333","trail_longitude":"83.38066667","trail_speed":"0","trail_heading":"67","i_m_o_number":"9649964","DC_ID":"1074"}
14:51:06.428 [main] DEBUG com.polestar.ndcrefill.Main - {"creation_date":"2022-06-03","creation_time":"06:58:13","trail_date":"2022-06-03","trail_time":"06:56:00","trail_latitude":"17.64866667","trail_longitude":"83.38133333","trail_speed":"0.2","trail_heading":"306","i_m_o_number":"9649964","DC_ID":"1074"}
14:51:06.428 [main] DEBUG com.polestar.ndcrefill.Main - {"creation_date":"2022-06-03","creation_time":"00:57:45","trail_date":"2022-06-03","trail_time":"00:56:00","trail_latitude":"17.298","trail_longitude":"83.44","trail_speed":"7","trail_heading":"336","i_m_o_number":"9649964","DC_ID":"1074"}
14:51:06.428 [main] DEBUG com.polestar.ndcrefill.Main - {"creation_date":"2022-06-02","creation_time":"18:58:56","trail_date":"2022-06-02","trail_time":"18:56:00","trail_latitude":"16.39866667","trail_longitude":"83.12466667","trail_speed":"12.6","trail_heading":"30","i_m_o_number":"9649964","DC_ID":"1074"}
14:51:06.429 [main] DEBUG com.polestar.ndcrefill.Main - {"creation_date":"2022-06-02","creation_time":"12:58:06","trail_date":"2022-06-02","trail_time":"12:56:00","trail_latitude":"15.35333333","trail_longitude":"83.104","trail_speed":"12.4","trail_heading":"338","i_m_o_number":"9649964","DC_ID":"1074"}
14:51:06.429 [main] DEBUG com.polestar.ndcrefill.Main - {"creation_date":"2022-06-02","creation_time":"06:57:35","trail_date":"2022-06-02","trail_time":"06:56:00","trail_latitude":"14.222","trail_longitude":"82.976","trail_speed":"11.8","trail_heading":"330","i_m_o_number":"9649964","DC_ID":"1074"}
14:51:06.429 [main] DEBUG com.polestar.ndcrefill.Main - {"creation_date":"2022-06-02","creation_time":"00:58:26","trail_date":"2022-06-02","trail_time":"00:56:00","trail_latitude":"13.31266667","trail_longitude":"82.588","trail_speed":"11.4","trail_heading":"342","i_m_o_number":"9649964","DC_ID":"1074"}
14:51:06.429 [main] DEBUG com.polestar.ndcrefill.Main - {"creation_date":"2022-06-05","creation_time":"23:06:18","trail_date":"2022-06-05","trail_time":"23:02:00","trail_latitude":"27.214","trail_longitude":"52.02933333","trail_speed":"10.4","trail_heading":"121","i_m_o_number":"9636242","DC_ID":"1074"}
14:51:06.430 [main] DEBUG com.polestar.ndcrefill.Main - {"creation_date":"2022-06-05","creation_time":"17:05:28","trail_date":"2022-06-05","trail_time":"17:02:00","trail_latitude":"27.824","trail_longitude":"51.05333333","trail_speed":"11.2","trail_heading":"135","i_m_o_number":"9636242","DC_ID":"1074"}
14:51:06.430 [main] DEBUG com.polestar.ndcrefill.Main - {"creation_date":"2022-06-05","creation_time":"11:05:42","trail_date":"2022-06-05","trail_time":"11:02:00","trail_latitude":"28.67133333","trail_longitude":"50.09266667","trail_speed":"12.2","trail_heading":"134","i_m_o_number":"9636242","DC_ID":"1074"}
14:51:06.430 [main] DEBUG com.polestar.ndcrefill.Main - {"creation_date":"2022-06-05","creation_time":"05:05:29","trail_date":"2022-06-05","trail_time":"05:02:00","trail_latitude":"29.39066667","trail_longitude":"49.15933333","trail_speed":"11","trail_heading":"120","i_m_o_number":"9636242","DC_ID":"1074"}
14:51:06.430 [main] DEBUG com.polestar.ndcrefill.Main - {"creation_date":"2022-06-04","creation_time":"23:05:57","trail_date":"2022-06-04","trail_time":"23:02:00","trail_latitude":"30.00066667","trail_longitude":"48.206","trail_speed":"9.6","trail_heading":"123","i_m_o_number":"9636242","DC_ID":"1074"}
14:51:06.430 [main] DEBUG com.polestar.ndcrefill.Main - {"creation_date":"2022-06-04","creation_time":"17:05:26","trail_date":"2022-06-04","trail_time":"17:02:00","trail_latitude":"30.06133333","trail_longitude":"47.926","trail_speed":"0","trail_heading":"317","i_m_o_number":"9636242","DC_ID":"1074"}
14:51:06.430 [main] DEBUG com.polestar.ndcrefill.Main - {"creation_date":"2022-06-04","creation_time":"11:05:33","trail_date":"2022-06-04","trail_time":"11:02:00","trail_latitude":"30.06133333","trail_longitude":"47.926","trail_speed":"0","trail_heading":"317","i_m_o_number":"9636242","DC_ID":"1074"}
14:51:06.431 [main] DEBUG com.polestar.ndcrefill.Main - {"creation_date":"2022-06-04","creation_time":"05:05:51","trail_date":"2022-06-04","trail_time":"05:02:00","trail_latitude":"30.04666667","trail_longitude":"47.94133333","trail_speed":"0","trail_heading":"220","i_m_o_number":"9636242","DC_ID":"1074"}
14:51:06.431 [main] DEBUG com.polestar.ndcrefill.Main - {"creation_date":"2022-06-03","creation_time":"23:05:28","trail_date":"2022-06-03","trail_time":"23:02:00","trail_latitude":"30.06","trail_longitude":"47.92733333","trail_speed":"0","trail_heading":"283","i_m_o_number":"9636242","DC_ID":"1074"}
14:51:06.431 [main] DEBUG com.polestar.ndcrefill.Main - {"creation_date":"2022-06-03","creation_time":"17:05:29","trail_date":"2022-06-03","trail_time":"17:02:00","trail_latitude":"30.06","trail_longitude":"47.92733333","trail_speed":"0","trail_heading":"283","i_m_o_number":"9636242","DC_ID":"1074"}
14:51:06.431 [main] DEBUG com.polestar.ndcrefill.Main - {"creation_date":"2022-06-03","creation_time":"11:06:51","trail_date":"2022-06-03","trail_time":"11:02:00","trail_latitude":"30.04666667","trail_longitude":"47.94266667","trail_speed":"7.8","trail_heading":"322","i_m_o_number":"9636242","DC_ID":"1074"}
14:51:06.431 [main] DEBUG com.polestar.ndcrefill.Main - {"creation_date":"2022-06-03","creation_time":"05:05:58","trail_date":"2022-06-03","trail_time":"05:02:00","trail_latitude":"29.712","trail_longitude":"48.66333333","trail_speed":"0.4","trail_heading":"300","i_m_o_number":"9636242","DC_ID":"1074"}
14:51:06.431 [main] DEBUG com.polestar.ndcrefill.Main - {"creation_date":"2022-06-02","creation_time":"23:05:32","trail_date":"2022-06-02","trail_time":"23:02:00","trail_latitude":"29.12266667","trail_longitude":"49.582","trail_speed":"11","trail_heading":"313","i_m_o_number":"9636242","DC_ID":"1074"}
14:51:06.431 [main] DEBUG com.polestar.ndcrefill.Main - {"creation_date":"2022-06-02","creation_time":"17:05:49","trail_date":"2022-06-02","trail_time":"17:02:00","trail_latitude":"28.33","trail_longitude":"50.48333333","trail_speed":"11.2","trail_heading":"315","i_m_o_number":"9636242","DC_ID":"1074"}
14:51:06.432 [main] DEBUG com.polestar.ndcrefill.Main - {"creation_date":"2022-06-02","creation_time":"11:05:47","trail_date":"2022-06-02","trail_time":"11:02:00","trail_latitude":"27.626","trail_longitude":"51.282","trail_speed":"9","trail_heading":"313","i_m_o_number":"9636242","DC_ID":"1074"}
14:51:06.432 [main] DEBUG com.polestar.ndcrefill.Main - {"creation_date":"2022-06-02","creation_time":"05:05:45","trail_date":"2022-06-02","trail_time":"05:02:00","trail_latitude":"27.166","trail_longitude":"52.10933333","trail_speed":"10.6","trail_heading":"303","i_m_o_number":"9636242","DC_ID":"1074"}
14:51:06.432 [main] DEBUG com.polestar.ndcrefill.Main - {"creation_date":"2022-06-05","creation_time":"19:03:29","trail_date":"2022-06-05","trail_time":"18:58:00","trail_latitude":"25.488","trail_longitude":"37.00933333","trail_speed":"0","trail_heading":"279","i_m_o_number":"9523380","DC_ID":"1074"}
14:51:06.432 [main] DEBUG com.polestar.ndcrefill.Main - {"creation_date":"2022-06-05","creation_time":"13:00:08","trail_date":"2022-06-05","trail_time":"12:58:00","trail_latitude":"25.53466667","trail_longitude":"36.78","trail_speed":"7.4","trail_heading":"352","i_m_o_number":"9523380","DC_ID":"1074"}
14:51:06.432 [main] DEBUG com.polestar.ndcrefill.Main - {"creation_date":"2022-06-05","creation_time":"07:00:15","trail_date":"2022-06-05","trail_time":"06:58:00","trail_latitude":"25.52933333","trail_longitude":"36.77733333","trail_speed":"0","trail_heading":"219","i_m_o_number":"9523380","DC_ID":"1074"}
14:51:06.432 [main] DEBUG com.polestar.ndcrefill.Main - {"creation_date":"2022-06-05","creation_time":"01:00:19","trail_date":"2022-06-05","trail_time":"00:58:00","trail_latitude":"25.48866667","trail_longitude":"37.00933333","trail_speed":"0","trail_heading":"293","i_m_o_number":"9523380","DC_ID":"1074"}
14:51:06.433 [main] DEBUG com.polestar.ndcrefill.Main - {"creation_date":"2022-06-04","creation_time":"19:00:15","trail_date":"2022-06-04","trail_time":"18:58:00","trail_latitude":"25.48866667","trail_longitude":"37.00933333","trail_speed":"0","trail_heading":"215","i_m_o_number":"9523380","DC_ID":"1074"}
14:51:06.433 [main] DEBUG com.polestar.ndcrefill.Main - {"creation_date":"2022-06-04","creation_time":"13:00:15","trail_date":"2022-06-04","trail_time":"12:58:00","trail_latitude":"25.53","trail_longitude":"36.778","trail_speed":"0.4","trail_heading":"61","i_m_o_number":"9523380","DC_ID":"1074"}
14:51:06.433 [main] DEBUG com.polestar.ndcrefill.Main - {"creation_date":"2022-06-04","creation_time":"07:00:06","trail_date":"2022-06-04","trail_time":"06:58:00","trail_latitude":"25.52933333","trail_longitude":"36.77733333","trail_speed":"0","trail_heading":"207","i_m_o_number":"9523380","DC_ID":"1074"}
14:51:06.433 [main] DEBUG com.polestar.ndcrefill.Main - {"creation_date":"2022-06-04","creation_time":"01:00:14","trail_date":"2022-06-04","trail_time":"00:58:00","trail_latitude":"25.48866667","trail_longitude":"37.00933333","trail_speed":"0","trail_heading":"277","i_m_o_number":"9523380","DC_ID":"1074"}
14:51:06.433 [main] DEBUG com.polestar.ndcrefill.Main - {"creation_date":"2022-06-03","creation_time":"19:00:10","trail_date":"2022-06-03","trail_time":"18:58:00","trail_latitude":"25.488","trail_longitude":"37.00933333","trail_speed":"0","trail_heading":"253","i_m_o_number":"9523380","DC_ID":"1074"}
14:51:06.434 [main] DEBUG com.polestar.ndcrefill.Main - {"creation_date":"2022-06-03","creation_time":"13:00:03","trail_date":"2022-06-03","trail_time":"12:58:00","trail_latitude":"25.48866667","trail_longitude":"37.00933333","trail_speed":"0","trail_heading":"258","i_m_o_number":"9523380","DC_ID":"1074"}
14:51:06.434 [main] DEBUG com.polestar.ndcrefill.Main - {"creation_date":"2022-06-03","creation_time":"07:03:12","trail_date":"2022-06-03","trail_time":"06:58:00","trail_latitude":"25.48866667","trail_longitude":"37.00933333","trail_speed":"0","trail_heading":"198","i_m_o_number":"9523380","DC_ID":"1074"}
14:51:06.434 [main] DEBUG com.polestar.ndcrefill.Main - {"creation_date":"2022-06-03","creation_time":"01:00:10","trail_date":"2022-06-03","trail_time":"00:58:00","trail_latitude":"25.48866667","trail_longitude":"37.00933333","trail_speed":"0","trail_heading":"252","i_m_o_number":"9523380","DC_ID":"1074"}
14:51:06.434 [main] DEBUG com.polestar.ndcrefill.Main - {"creation_date":"2022-06-02","creation_time":"19:00:03","trail_date":"2022-06-02","trail_time":"18:58:00","trail_latitude":"25.48866667","trail_longitude":"37.00933333","trail_speed":"0","trail_heading":"199","i_m_o_number":"9523380","DC_ID":"1074"}
14:51:06.434 [main] DEBUG com.polestar.ndcrefill.Main - {"creation_date":"2022-06-02","creation_time":"13:00:13","trail_date":"2022-06-02","trail_time":"12:58:00","trail_latitude":"25.52933333","trail_longitude":"36.77733333","trail_speed":"0.4","trail_heading":"229","i_m_o_number":"9523380","DC_ID":"1074"}
14:51:06.434 [main] DEBUG com.polestar.ndcrefill.Main - {"creation_date":"2022-06-02","creation_time":"07:00:10","trail_date":"2022-06-02","trail_time":"06:58:00","trail_latitude":"25.52933333","trail_longitude":"36.77733333","trail_speed":"0","trail_heading":"168","i_m_o_number":"9523380","DC_ID":"1074"}
14:51:06.434 [main] DEBUG com.polestar.ndcrefill.Main - {"creation_date":"2022-06-02","creation_time":"01:00:17","trail_date":"2022-06-02","trail_time":"00:58:00","trail_latitude":"25.48866667","trail_longitude":"37.00933333","trail_speed":"0","trail_heading":"240","i_m_o_number":"9523380","DC_ID":"1074"}
14:51:06.435 [main] DEBUG com.polestar.ndcrefill.Main - {"creation_date":"2022-06-05","creation_time":"18:06:28","trail_date":"2022-06-05","trail_time":"18:04:00","trail_latitude":"27.926","trail_longitude":"33.82666667","trail_speed":"7.8","trail_heading":"105","i_m_o_number":"9314519","DC_ID":"1074"}
14:51:06.435 [main] DEBUG com.polestar.ndcrefill.Main - {"creation_date":"2022-06-05","creation_time":"12:06:31","trail_date":"2022-06-05","trail_time":"12:04:00","trail_latitude":"27.836","trail_longitude":"33.87","trail_speed":"0","trail_heading":"196","i_m_o_number":"9314519","DC_ID":"1074"}
14:51:06.435 [main] DEBUG com.polestar.ndcrefill.Main - {"creation_date":"2022-06-05","creation_time":"06:06:49","trail_date":"2022-06-05","trail_time":"06:04:00","trail_latitude":"27.836","trail_longitude":"33.87","trail_speed":"1.4","trail_heading":"100","i_m_o_number":"9314519","DC_ID":"1074"}
14:51:06.435 [main] DEBUG com.polestar.ndcrefill.Main - {"creation_date":"2022-06-05","creation_time":"00:06:57","trail_date":"2022-06-05","trail_time":"00:04:00","trail_latitude":"27.854","trail_longitude":"33.86733333","trail_speed":"0","trail_heading":"239","i_m_o_number":"9314519","DC_ID":"1074"}
14:51:06.435 [main] DEBUG com.polestar.ndcrefill.Main - {"creation_date":"2022-06-04","creation_time":"18:16:20","trail_date":"2022-06-04","trail_time":"18:04:00","trail_latitude":"27.854","trail_longitude":"33.86733333","trail_speed":"0","trail_heading":"307","i_m_o_number":"9314519","DC_ID":"1074"}
14:51:06.435 [main] DEBUG com.polestar.ndcrefill.Main - {"creation_date":"2022-06-04","creation_time":"12:08:23","trail_date":"2022-06-04","trail_time":"12:04:00","trail_latitude":"27.84866667","trail_longitude":"33.86733333","trail_speed":"0","trail_heading":"344","i_m_o_number":"9314519","DC_ID":"1074"}
14:51:06.435 [main] DEBUG com.polestar.ndcrefill.Main - {"creation_date":"2022-06-02","creation_time":"06:07:54","trail_date":"2022-06-02","trail_time":"06:04:00","trail_latitude":"27.84866667","trail_longitude":"33.86666667","trail_speed":"0","trail_heading":"7","i_m_o_number":"9314519","DC_ID":"1074"}
14:51:06.436 [main] DEBUG com.polestar.ndcrefill.Main - {"creation_date":"2022-06-02","creation_time":"11:39:57","trail_date":"2022-06-02","trail_time":"11:34:00","trail_latitude":"27.834","trail_longitude":"33.87333333","trail_speed":"0","trail_heading":"248","i_m_o_number":"9314519","DC_ID":"1074"}
14:51:06.436 [main] DEBUG com.polestar.ndcrefill.Main - {"creation_date":"2022-06-02","creation_time":"12:07:50","trail_date":"2022-06-02","trail_time":"12:04:00","trail_latitude":"27.834","trail_longitude":"33.87333333","trail_speed":"0","trail_heading":"278","i_m_o_number":"9314519","DC_ID":"1074"}
14:51:06.436 [main] DEBUG com.polestar.ndcrefill.Main - {"creation_date":"2022-06-02","creation_time":"18:06:22","trail_date":"2022-06-02","trail_time":"18:04:00","trail_latitude":"27.834","trail_longitude":"33.87333333","trail_speed":"0","trail_heading":"316","i_m_o_number":"9314519","DC_ID":"1074"}
14:51:06.436 [main] DEBUG com.polestar.ndcrefill.Main - {"creation_date":"2022-06-03","creation_time":"00:06:17","trail_date":"2022-06-03","trail_time":"00:04:00","trail_latitude":"27.848","trail_longitude":"33.866","trail_speed":"0","trail_heading":"203","i_m_o_number":"9314519","DC_ID":"1074"}
14:51:06.436 [main] DEBUG com.polestar.ndcrefill.Main - {"creation_date":"2022-06-03","creation_time":"06:06:38","trail_date":"2022-06-03","trail_time":"06:04:00","trail_latitude":"27.84866667","trail_longitude":"33.868","trail_speed":"0.4","trail_heading":"154","i_m_o_number":"9314519","DC_ID":"1074"}
14:51:06.436 [main] DEBUG com.polestar.ndcrefill.Main - {"creation_date":"2022-06-03","creation_time":"12:11:13","trail_date":"2022-06-03","trail_time":"12:04:00","trail_latitude":"27.84866667","trail_longitude":"33.86733333","trail_speed":"0","trail_heading":"271","i_m_o_number":"9314519","DC_ID":"1074"}
14:51:06.436 [main] DEBUG com.polestar.ndcrefill.Main - {"creation_date":"2022-06-03","creation_time":"18:07:19","trail_date":"2022-06-03","trail_time":"18:04:00","trail_latitude":"28.02733333","trail_longitude":"33.50733333","trail_speed":"7.8","trail_heading":"273","i_m_o_number":"9314519","DC_ID":"1074"}
14:51:06.437 [main] DEBUG com.polestar.ndcrefill.Main - {"creation_date":"2022-06-04","creation_time":"00:06:22","trail_date":"2022-06-04","trail_time":"00:04:00","trail_latitude":"28.13533333","trail_longitude":"33.27866667","trail_speed":"0","trail_heading":"343","i_m_o_number":"9314519","DC_ID":"1074"}
14:51:06.437 [main] DEBUG com.polestar.ndcrefill.Main - {"creation_date":"2022-06-04","creation_time":"06:09:32","trail_date":"2022-06-04","trail_time":"06:04:00","trail_latitude":"27.94533333","trail_longitude":"33.76066667","trail_speed":"3.4","trail_heading":"280","i_m_o_number":"9314519","DC_ID":"1074"}
14:51:06.437 [main] DEBUG com.polestar.ndcrefill.Main - {"creation_date":"2022-06-05","creation_time":"22:46:32","trail_date":"2022-06-05","trail_time":"22:44:00","trail_latitude":"40.73333333","trail_longitude":"29.50666667","trail_speed":"0","trail_heading":"356","i_m_o_number":"9649976","DC_ID":"1074"}
14:51:06.437 [main] DEBUG com.polestar.ndcrefill.Main - {"creation_date":"2022-06-05","creation_time":"16:46:54","trail_date":"2022-06-05","trail_time":"16:46:00","trail_latitude":"40.73333333","trail_longitude":"29.50666667","trail_speed":"0","trail_heading":"249","i_m_o_number":"9649976","DC_ID":"1074"}
14:51:06.437 [main] DEBUG com.polestar.ndcrefill.Main - {"creation_date":"2022-06-05","creation_time":"10:47:41","trail_date":"2022-06-05","trail_time":"10:46:00","trail_latitude":"40.734","trail_longitude":"29.50666667","trail_speed":"0","trail_heading":"277","i_m_o_number":"9649976","DC_ID":"1074"}
14:51:06.437 [main] DEBUG com.polestar.ndcrefill.Main - {"creation_date":"2022-06-05","creation_time":"04:47:27","trail_date":"2022-06-05","trail_time":"04:46:00","trail_latitude":"40.734","trail_longitude":"29.50666667","trail_speed":"0","trail_heading":"155","i_m_o_number":"9649976","DC_ID":"1074"}
14:51:06.437 [main] DEBUG com.polestar.ndcrefill.Main - {"creation_date":"2022-06-04","creation_time":"22:47:31","trail_date":"2022-06-04","trail_time":"22:46:00","trail_latitude":"40.734","trail_longitude":"29.50666667","trail_speed":"0","trail_heading":"355","i_m_o_number":"9649976","DC_ID":"1074"}
14:51:06.437 [main] DEBUG com.polestar.ndcrefill.Main - {"creation_date":"2022-06-04","creation_time":"16:46:12","trail_date":"2022-06-04","trail_time":"16:44:00","trail_latitude":"40.734","trail_longitude":"29.50666667","trail_speed":"0","trail_heading":"311","i_m_o_number":"9649976","DC_ID":"1074"}
14:51:06.437 [main] DEBUG com.polestar.ndcrefill.Main - {"creation_date":"2022-06-04","creation_time":"10:46:44","trail_date":"2022-06-04","trail_time":"10:44:00","trail_latitude":"40.734","trail_longitude":"29.50666667","trail_speed":"0","trail_heading":"244","i_m_o_number":"9649976","DC_ID":"1074"}
14:51:06.438 [main] DEBUG com.polestar.ndcrefill.Main - {"creation_date":"2022-06-02","creation_time":"04:46:54","trail_date":"2022-06-02","trail_time":"04:46:00","trail_latitude":"40.734","trail_longitude":"29.50666667","trail_speed":"0","trail_heading":"103","i_m_o_number":"9649976","DC_ID":"1074"}
14:51:06.438 [main] DEBUG com.polestar.ndcrefill.Main - {"creation_date":"2022-06-02","creation_time":"10:46:54","trail_date":"2022-06-02","trail_time":"10:44:00","trail_latitude":"40.734","trail_longitude":"29.50666667","trail_speed":"0","trail_heading":"268","i_m_o_number":"9649976","DC_ID":"1074"}
14:51:06.438 [main] DEBUG com.polestar.ndcrefill.Main - {"creation_date":"2022-06-02","creation_time":"16:47:39","trail_date":"2022-06-02","trail_time":"16:46:00","trail_latitude":"40.734","trail_longitude":"29.50666667","trail_speed":"0","trail_heading":"324","i_m_o_number":"9649976","DC_ID":"1074"}
14:51:06.438 [main] DEBUG com.polestar.ndcrefill.Main - {"creation_date":"2022-06-02","creation_time":"22:46:50","trail_date":"2022-06-02","trail_time":"22:46:00","trail_latitude":"40.734","trail_longitude":"29.50666667","trail_speed":"0","trail_heading":"357","i_m_o_number":"9649976","DC_ID":"1074"}
14:51:06.438 [main] DEBUG com.polestar.ndcrefill.Main - {"creation_date":"2022-06-03","creation_time":"04:47:42","trail_date":"2022-06-03","trail_time":"04:46:00","trail_latitude":"40.734","trail_longitude":"29.50666667","trail_speed":"0","trail_heading":"107","i_m_o_number":"9649976","DC_ID":"1074"}
14:51:06.438 [main] DEBUG com.polestar.ndcrefill.Main - {"creation_date":"2022-06-03","creation_time":"10:47:32","trail_date":"2022-06-03","trail_time":"10:44:00","trail_latitude":"40.734","trail_longitude":"29.50666667","trail_speed":"0","trail_heading":"270","i_m_o_number":"9649976","DC_ID":"1074"}
14:51:06.438 [main] DEBUG com.polestar.ndcrefill.Main - {"creation_date":"2022-06-03","creation_time":"16:49:50","trail_date":"2022-06-03","trail_time":"16:44:00","trail_latitude":"40.734","trail_longitude":"29.50666667","trail_speed":"0","trail_heading":"319","i_m_o_number":"9649976","DC_ID":"1074"}
14:51:06.438 [main] DEBUG com.polestar.ndcrefill.Main - {"creation_date":"2022-06-03","creation_time":"22:52:36","trail_date":"2022-06-03","trail_time":"22:44:00","trail_latitude":"40.73333333","trail_longitude":"29.50666667","trail_speed":"0","trail_heading":"254","i_m_o_number":"9649976","DC_ID":"1074"}
14:51:06.438 [main] DEBUG com.polestar.ndcrefill.Main - {"creation_date":"2022-06-04","creation_time":"04:46:59","trail_date":"2022-06-04","trail_time":"04:46:00","trail_latitude":"40.734","trail_longitude":"29.50666667","trail_speed":"0","trail_heading":"97","i_m_o_number":"9649976","DC_ID":"1074"}
14:51:06.439 [main] DEBUG com.polestar.ndcrefill.Main - {"creation_date":"2022-06-05","creation_time":"22:35:00","trail_date":"2022-06-05","trail_time":"22:34:00","trail_latitude":"28.96333333","trail_longitude":"34.66066667","trail_speed":"0.6","trail_heading":"69","i_m_o_number":"9097331","DC_ID":"1074"}
14:51:06.440 [main] DEBUG com.polestar.ndcrefill.Main - {"creation_date":"2022-06-05","creation_time":"16:38:43","trail_date":"2022-06-05","trail_time":"16:34:00","trail_latitude":"28.96333333","trail_longitude":"34.66","trail_speed":"0","trail_heading":"356","i_m_o_number":"9097331","DC_ID":"1074"}
14:51:06.441 [main] DEBUG com.polestar.ndcrefill.Main - {"creation_date":"2022-06-05","creation_time":"10:35:18","trail_date":"2022-06-05","trail_time":"10:34:00","trail_latitude":"28.96333333","trail_longitude":"34.65866667","trail_speed":"0","trail_heading":"169","i_m_o_number":"9097331","DC_ID":"1074"}
14:51:06.441 [main] DEBUG com.polestar.ndcrefill.Main - {"creation_date":"2022-06-05","creation_time":"04:34:14","trail_date":"2022-06-05","trail_time":"04:32:00","trail_latitude":"28.96333333","trail_longitude":"34.65866667","trail_speed":"0","trail_heading":"298","i_m_o_number":"9097331","DC_ID":"1074"}
14:51:07.627 [main] DEBUG com.polestar.ndcrefill.Main - [0,0,0,0,0,0,0,0,0,0,0,0,0,0,0,0,0,0,0,0,0,0,0,0,0,0,0,0,0,0,0,0,0,0,0,0,0,0,0,0,0,0,0,0,0,0,0,0,0,0,0,0,0,0,0,0,0,0,0,0,0,0,0,0,0,0,0,0,0,0,0,0,0,0,0,0,0,0,0,0,0,0,0,0,0,0,0,0,0,0,0,0,0,0,0,0,0,0,0,0]
14:51:07.627 [main] INFO  com.polestar.ndcrefill.Main - Current position: 100 out of 112
14:51:07.627 [main] DEBUG com.polestar.ndcrefill.Main - {"creation_date":"2022-06-04","creation_time":"22:34:14","trail_date":"2022-06-04","trail_time":"22:32:00","trail_latitude":"28.96333333","trail_longitude":"34.65933333","trail_speed":"0.2","trail_heading":"277","i_m_o_number":"9097331","DC_ID":"1074"}
14:51:07.627 [main] DEBUG com.polestar.ndcrefill.Main - {"creation_date":"2022-06-04","creation_time":"16:35:08","trail_date":"2022-06-04","trail_time":"16:34:00","trail_latitude":"28.96333333","trail_longitude":"34.65933333","trail_speed":"0","trail_heading":"97","i_m_o_number":"9097331","DC_ID":"1074"}
14:51:07.627 [main] DEBUG com.polestar.ndcrefill.Main - {"creation_date":"2022-06-04","creation_time":"10:34:53","trail_date":"2022-06-04","trail_time":"10:34:00","trail_latitude":"28.96333333","trail_longitude":"34.65866667","trail_speed":"0","trail_heading":"76","i_m_o_number":"9097331","DC_ID":"1074"}
14:51:07.627 [main] DEBUG com.polestar.ndcrefill.Main - {"creation_date":"2022-06-02","creation_time":"04:38:12","trail_date":"2022-06-02","trail_time":"04:34:00","trail_latitude":"28.96333333","trail_longitude":"34.65866667","trail_speed":"0","trail_heading":"338","i_m_o_number":"9097331","DC_ID":"1074"}
14:51:07.628 [main] DEBUG com.polestar.ndcrefill.Main - {"creation_date":"2022-06-02","creation_time":"10:34:17","trail_date":"2022-06-02","trail_time":"10:32:00","trail_latitude":"28.96333333","trail_longitude":"34.65866667","trail_speed":"0","trail_heading":"311","i_m_o_number":"9097331","DC_ID":"1074"}
14:51:07.628 [main] DEBUG com.polestar.ndcrefill.Main - {"creation_date":"2022-06-02","creation_time":"16:34:49","trail_date":"2022-06-02","trail_time":"16:34:00","trail_latitude":"28.964","trail_longitude":"34.65933333","trail_speed":"0","trail_heading":"39","i_m_o_number":"9097331","DC_ID":"1074"}
14:51:07.628 [main] DEBUG com.polestar.ndcrefill.Main - {"creation_date":"2022-06-02","creation_time":"22:34:52","trail_date":"2022-06-02","trail_time":"22:32:00","trail_latitude":"28.96333333","trail_longitude":"34.65933333","trail_speed":"0.2","trail_heading":"116","i_m_o_number":"9097331","DC_ID":"1074"}
14:51:07.628 [main] DEBUG com.polestar.ndcrefill.Main - {"creation_date":"2022-06-03","creation_time":"04:34:52","trail_date":"2022-06-03","trail_time":"04:34:00","trail_latitude":"28.96333333","trail_longitude":"34.65933333","trail_speed":"0.2","trail_heading":"267","i_m_o_number":"9097331","DC_ID":"1074"}
14:51:07.628 [main] DEBUG com.polestar.ndcrefill.Main - {"creation_date":"2022-06-03","creation_time":"10:34:14","trail_date":"2022-06-03","trail_time":"10:32:00","trail_latitude":"28.96333333","trail_longitude":"34.65866667","trail_speed":"0","trail_heading":"188","i_m_o_number":"9097331","DC_ID":"1074"}
14:51:07.628 [main] DEBUG com.polestar.ndcrefill.Main - {"creation_date":"2022-06-03","creation_time":"16:38:17","trail_date":"2022-06-03","trail_time":"16:34:00","trail_latitude":"28.96466667","trail_longitude":"34.65933333","trail_speed":"0","trail_heading":"298","i_m_o_number":"9097331","DC_ID":"1074"}
14:51:07.628 [main] DEBUG com.polestar.ndcrefill.Main - {"creation_date":"2022-06-03","creation_time":"22:38:06","trail_date":"2022-06-03","trail_time":"22:34:00","trail_latitude":"28.96333333","trail_longitude":"34.65933333","trail_speed":"0.2","trail_heading":"57","i_m_o_number":"9097331","DC_ID":"1074"}
14:51:07.628 [main] DEBUG com.polestar.ndcrefill.Main - {"creation_date":"2022-06-04","creation_time":"04:34:32","trail_date":"2022-06-04","trail_time":"04:32:00","trail_latitude":"28.96333333","trail_longitude":"34.65933333","trail_speed":"0.2","trail_heading":"281","i_m_o_number":"9097331","DC_ID":"1074"}
14:51:08.215 [main] DEBUG com.polestar.ndcrefill.Main - [0,0,0,0,0,0,0,0,0,0,0,0]
14:51:08.216 [main] INFO  com.polestar.ndcrefill.Main - Current position: 112 out of 112
14:51:08.216 [main] INFO  com.polestar.ndcrefill.Main - -----------------------------------------------------------------
14:51:09.037 [main] INFO  com.polestar.ndcrefill.Main - new max shippositionID: 115571
14:51:09.038 [main] INFO  com.polestar.ndcrefill.Main - new ship position generator value 2321
14:51:09.868 [main] INFO  com.polestar.ndcrefill.Main - Updated Ship Position Generator value successfully
14:51:09.868 [main] INFO  com.polestar.ndcrefill.Main - -----------------------------------------------------------------
14:51:10.162 [main] INFO  com.polestar.ndcrefill.Main - new max messageID: 615936
14:51:10.163 [main] INFO  com.polestar.ndcrefill.Main - new message generator value 12328
14:51:10.459 [main] INFO  com.polestar.ndcrefill.Main - Updated Message Generator value successfully
14:51:10.460 [main] INFO  com.polestar.ndcrefill.Main - -----------------------------------------------------------------
14:51:10.461 [main] INFO  com.polestar.ndcrefill.Main - finished: 2022-06-17 14:51:10.46
14:51:10.462 [main] INFO  com.polestar.ndcrefill.Main - time taken: PT9.131S
14:51:10.462 [main] INFO  com.polestar.ndcrefill.Main - -----------------------------------------------------------------
