14:20:07.289 [main] INFO  com.polestar.ndcrefill.Main - -----------------------------------------------------------------
14:20:07.291 [main] INFO  com.polestar.ndcrefill.Main - Start: 2022-06-15 14:20:07.291
14:20:07.291 [main] INFO  com.polestar.ndcrefill.Main - -----------------------------------------------------------------
14:20:07.291 [main] INFO  com.polestar.ndcrefill.Main - Starting Backfill
14:20:07.291 [main] INFO  com.polestar.ndcrefill.Main - HOST: jdbc:postgresql://lrit-cluster-three.polestar-production.local:5432/
14:20:07.291 [main] INFO  com.polestar.ndcrefill.Main - MASTER_USERNAME: kir
14:20:07.291 [main] INFO  com.polestar.ndcrefill.Main - DO_INSERTS: false
14:20:07.291 [main] INFO  com.polestar.ndcrefill.Main - FILE_LOCATION: src/main/resources/missing_positions.csv
14:20:07.291 [main] INFO  com.polestar.ndcrefill.Main - FLAG_CODE: 1077
14:20:07.291 [main] INFO  com.polestar.ndcrefill.Main - DATA_CENTER_IDENTIFIER: 3148
14:20:14.024 [main] INFO  com.polestar.ndcrefill.Main - -----------------------------------------------------------------
14:20:14.024 [main] INFO  com.polestar.ndcrefill.Main - Starting Details
14:20:14.413 [main] INFO  com.polestar.ndcrefill.Main - ShipPosition Generator Value: 2121
14:20:14.784 [main] INFO  com.polestar.ndcrefill.Main - Message Generator Value: 5993
14:20:15.159 [main] INFO  com.polestar.ndcrefill.Main - current max ship position id is: 106014 starting shipPositionID: 108014
14:20:15.816 [main] INFO  com.polestar.ndcrefill.Main - current max message id is: 299647 starting messageID: 301647
14:20:15.816 [main] INFO  com.polestar.ndcrefill.Main - -----------------------------------------------------------------
14:20:16.202 [main] INFO  com.polestar.ndcrefill.Main - Updating Insert Positions function
14:20:16.938 [main] INFO  com.polestar.ndcrefill.Main - Updated Successfully
14:20:16.939 [main] INFO  com.polestar.ndcrefill.Main - -----------------------------------------------------------------
14:20:16.941 [main] INFO  com.polestar.ndcrefill.FileService - starting to process file
14:20:17.162 [main] INFO  com.polestar.ndcrefill.FileService - Positions count: 122
14:20:17.163 [main] INFO  com.polestar.ndcrefill.Main - -----------------------------------------------------------------
14:20:17.169 [main] DEBUG com.polestar.ndcrefill.Main - {"creation_date":"2022-06-05","creation_time":"23:05:34","trail_date":"2022-06-05","trail_time":"23:04:00","trail_latitude":"-3.151333333","trail_longitude":"142.476","trail_speed":"0.2","trail_heading":"286","i_m_o_number":"9237175","DC_ID":"1077"}
14:20:17.169 [main] DEBUG com.polestar.ndcrefill.Main - {"creation_date":"2022-06-05","creation_time":"17:05:26","trail_date":"2022-06-05","trail_time":"17:02:00","trail_latitude":"-3.151333333","trail_longitude":"142.4766667","trail_speed":"0.2","trail_heading":"73","i_m_o_number":"9237175","DC_ID":"1077"}
14:20:17.170 [main] DEBUG com.polestar.ndcrefill.Main - {"creation_date":"2022-06-05","creation_time":"11:05:36","trail_date":"2022-06-05","trail_time":"11:02:00","trail_latitude":"-3.151333333","trail_longitude":"142.476","trail_speed":"0.2","trail_heading":"6","i_m_o_number":"9237175","DC_ID":"1077"}
14:20:17.170 [main] DEBUG com.polestar.ndcrefill.Main - {"creation_date":"2022-06-05","creation_time":"05:05:19","trail_date":"2022-06-05","trail_time":"05:02:00","trail_latitude":"-3.152","trail_longitude":"142.476","trail_speed":"0.2","trail_heading":"232","i_m_o_number":"9237175","DC_ID":"1077"}
14:20:17.170 [main] DEBUG com.polestar.ndcrefill.Main - {"creation_date":"2022-06-04","creation_time":"23:05:18","trail_date":"2022-06-04","trail_time":"23:04:00","trail_latitude":"-3.150666667","trail_longitude":"142.4773333","trail_speed":"0.2","trail_heading":"184","i_m_o_number":"9237175","DC_ID":"1077"}
14:20:17.170 [main] DEBUG com.polestar.ndcrefill.Main - {"creation_date":"2022-06-04","creation_time":"17:05:17","trail_date":"2022-06-04","trail_time":"17:02:00","trail_latitude":"-3.150666667","trail_longitude":"142.4773333","trail_speed":"0","trail_heading":"174","i_m_o_number":"9237175","DC_ID":"1077"}
14:20:17.171 [main] DEBUG com.polestar.ndcrefill.Main - {"creation_date":"2022-06-04","creation_time":"11:05:32","trail_date":"2022-06-04","trail_time":"11:04:00","trail_latitude":"-3.151333333","trail_longitude":"142.476","trail_speed":"0.2","trail_heading":"222","i_m_o_number":"9237175","DC_ID":"1077"}
14:20:17.171 [main] DEBUG com.polestar.ndcrefill.Main - {"creation_date":"2022-06-04","creation_time":"05:05:29","trail_date":"2022-06-04","trail_time":"05:02:00","trail_latitude":"-3.152","trail_longitude":"142.476","trail_speed":"0.2","trail_heading":"3","i_m_o_number":"9237175","DC_ID":"1077"}
14:20:17.171 [main] DEBUG com.polestar.ndcrefill.Main - {"creation_date":"2022-06-03","creation_time":"23:05:27","trail_date":"2022-06-03","trail_time":"23:04:00","trail_latitude":"-3.152","trail_longitude":"142.4786667","trail_speed":"0.2","trail_heading":"276","i_m_o_number":"9237175","DC_ID":"1077"}
14:20:17.171 [main] DEBUG com.polestar.ndcrefill.Main - {"creation_date":"2022-06-03","creation_time":"17:05:26","trail_date":"2022-06-03","trail_time":"17:02:00","trail_latitude":"-3.150666667","trail_longitude":"142.4773333","trail_speed":"0.2","trail_heading":"81","i_m_o_number":"9237175","DC_ID":"1077"}
14:20:17.171 [main] DEBUG com.polestar.ndcrefill.Main - {"creation_date":"2022-06-03","creation_time":"11:05:19","trail_date":"2022-06-03","trail_time":"11:02:00","trail_latitude":"-3.151333333","trail_longitude":"142.4766667","trail_speed":"0.2","trail_heading":"93","i_m_o_number":"9237175","DC_ID":"1077"}
14:20:17.172 [main] DEBUG com.polestar.ndcrefill.Main - {"creation_date":"2022-06-03","creation_time":"05:05:45","trail_date":"2022-06-03","trail_time":"05:02:00","trail_latitude":"-3.151333333","trail_longitude":"142.4766667","trail_speed":"0.2","trail_heading":"103","i_m_o_number":"9237175","DC_ID":"1077"}
14:20:17.172 [main] DEBUG com.polestar.ndcrefill.Main - {"creation_date":"2022-06-02","creation_time":"23:05:30","trail_date":"2022-06-02","trail_time":"23:04:00","trail_latitude":"-3.151333333","trail_longitude":"142.478","trail_speed":"0.2","trail_heading":"27","i_m_o_number":"9237175","DC_ID":"1077"}
14:20:17.172 [main] DEBUG com.polestar.ndcrefill.Main - {"creation_date":"2022-06-02","creation_time":"17:05:21","trail_date":"2022-06-02","trail_time":"17:04:00","trail_latitude":"-3.152","trail_longitude":"142.476","trail_speed":"0.2","trail_heading":"242","i_m_o_number":"9237175","DC_ID":"1077"}
14:20:17.172 [main] DEBUG com.polestar.ndcrefill.Main - {"creation_date":"2022-06-02","creation_time":"11:05:15","trail_date":"2022-06-02","trail_time":"11:04:00","trail_latitude":"-3.151333333","trail_longitude":"142.476","trail_speed":"0.2","trail_heading":"114","i_m_o_number":"9237175","DC_ID":"1077"}
14:20:17.172 [main] DEBUG com.polestar.ndcrefill.Main - {"creation_date":"2022-06-02","creation_time":"05:05:26","trail_date":"2022-06-02","trail_time":"05:02:00","trail_latitude":"-3.152666667","trail_longitude":"142.476","trail_speed":"0.2","trail_heading":"288","i_m_o_number":"9237175","DC_ID":"1077"}
14:20:17.172 [main] DEBUG com.polestar.ndcrefill.Main - {"creation_date":"2022-06-05","creation_time":"22:53:40","trail_date":"2022-06-05","trail_time":"22:50:00","trail_latitude":"9.537333333","trail_longitude":"106.5573333","trail_speed":"9.2","trail_heading":"312","i_m_o_number":"9217814","DC_ID":"1077"}
14:20:17.173 [main] DEBUG com.polestar.ndcrefill.Main - {"creation_date":"2022-06-05","creation_time":"16:53:24","trail_date":"2022-06-05","trail_time":"16:50:00","trail_latitude":"9.517333333","trail_longitude":"106.5906667","trail_speed":"0","trail_heading":"184","i_m_o_number":"9217814","DC_ID":"1077"}
14:20:17.173 [main] DEBUG com.polestar.ndcrefill.Main - {"creation_date":"2022-06-05","creation_time":"10:55:26","trail_date":"2022-06-05","trail_time":"10:50:00","trail_latitude":"9.517333333","trail_longitude":"106.5906667","trail_speed":"0","trail_heading":"131","i_m_o_number":"9217814","DC_ID":"1077"}
14:20:17.173 [main] DEBUG com.polestar.ndcrefill.Main - {"creation_date":"2022-06-05","creation_time":"04:57:27","trail_date":"2022-06-05","trail_time":"04:50:00","trail_latitude":"9.516666667","trail_longitude":"106.59","trail_speed":"0","trail_heading":"54","i_m_o_number":"9217814","DC_ID":"1077"}
14:20:17.173 [main] DEBUG com.polestar.ndcrefill.Main - {"creation_date":"2022-06-04","creation_time":"22:53:21","trail_date":"2022-06-04","trail_time":"22:50:00","trail_latitude":"9.518","trail_longitude":"106.584","trail_speed":"0.8","trail_heading":"111","i_m_o_number":"9217814","DC_ID":"1077"}
14:20:17.173 [main] DEBUG com.polestar.ndcrefill.Main - {"creation_date":"2022-06-04","creation_time":"16:57:27","trail_date":"2022-06-04","trail_time":"16:50:00","trail_latitude":"9.493333333","trail_longitude":"106.8213333","trail_speed":"9.4","trail_heading":"279","i_m_o_number":"9217814","DC_ID":"1077"}
14:20:17.173 [main] DEBUG com.polestar.ndcrefill.Main - {"creation_date":"2022-06-04","creation_time":"10:53:57","trail_date":"2022-06-04","trail_time":"10:50:00","trail_latitude":"9.392","trail_longitude":"107.6513333","trail_speed":"8","trail_heading":"284","i_m_o_number":"9217814","DC_ID":"1077"}
14:20:17.174 [main] DEBUG com.polestar.ndcrefill.Main - {"creation_date":"2022-06-04","creation_time":"04:53:23","trail_date":"2022-06-04","trail_time":"04:50:00","trail_latitude":"9.273333333","trail_longitude":"108.5793333","trail_speed":"9.8","trail_heading":"273","i_m_o_number":"9217814","DC_ID":"1077"}
14:20:17.174 [main] DEBUG com.polestar.ndcrefill.Main - {"creation_date":"2022-06-03","creation_time":"22:53:39","trail_date":"2022-06-03","trail_time":"22:50:00","trail_latitude":"9.227333333","trail_longitude":"109.5226667","trail_speed":"9.4","trail_heading":"275","i_m_o_number":"9217814","DC_ID":"1077"}
14:20:17.174 [main] DEBUG com.polestar.ndcrefill.Main - {"creation_date":"2022-06-03","creation_time":"16:53:37","trail_date":"2022-06-03","trail_time":"16:50:00","trail_latitude":"9.178666667","trail_longitude":"110.4493333","trail_speed":"9.6","trail_heading":"274","i_m_o_number":"9217814","DC_ID":"1077"}
14:20:17.174 [main] DEBUG com.polestar.ndcrefill.Main - {"creation_date":"2022-06-03","creation_time":"10:53:23","trail_date":"2022-06-03","trail_time":"10:50:00","trail_latitude":"9.13","trail_longitude":"111.394","trail_speed":"9.2","trail_heading":"271","i_m_o_number":"9217814","DC_ID":"1077"}
14:20:17.174 [main] DEBUG com.polestar.ndcrefill.Main - {"creation_date":"2022-06-03","creation_time":"04:53:24","trail_date":"2022-06-03","trail_time":"04:50:00","trail_latitude":"9.066666667","trail_longitude":"112.3253333","trail_speed":"9.6","trail_heading":"276","i_m_o_number":"9217814","DC_ID":"1077"}
14:20:17.174 [main] DEBUG com.polestar.ndcrefill.Main - {"creation_date":"2022-06-02","creation_time":"22:54:02","trail_date":"2022-06-02","trail_time":"22:50:00","trail_latitude":"8.871333333","trail_longitude":"113.2746667","trail_speed":"10","trail_heading":"293","i_m_o_number":"9217814","DC_ID":"1077"}
14:20:17.174 [main] DEBUG com.polestar.ndcrefill.Main - {"creation_date":"2022-06-02","creation_time":"16:53:20","trail_date":"2022-06-02","trail_time":"16:50:00","trail_latitude":"8.472666667","trail_longitude":"114.2153333","trail_speed":"10","trail_heading":"285","i_m_o_number":"9217814","DC_ID":"1077"}
14:20:17.175 [main] DEBUG com.polestar.ndcrefill.Main - {"creation_date":"2022-06-02","creation_time":"10:53:37","trail_date":"2022-06-02","trail_time":"10:50:00","trail_latitude":"8.184666667","trail_longitude":"115.2226667","trail_speed":"10.2","trail_heading":"286","i_m_o_number":"9217814","DC_ID":"1077"}
14:20:17.175 [main] DEBUG com.polestar.ndcrefill.Main - {"creation_date":"2022-06-02","creation_time":"04:53:39","trail_date":"2022-06-02","trail_time":"04:50:00","trail_latitude":"7.909333333","trail_longitude":"116.244","trail_speed":"11","trail_heading":"286","i_m_o_number":"9217814","DC_ID":"1077"}
14:20:17.175 [main] DEBUG com.polestar.ndcrefill.Main - {"creation_date":"2022-06-05","creation_time":"21:14:50","trail_date":"2022-06-05","trail_time":"21:12:00","trail_latitude":"14.288","trail_longitude":"118.986","trail_speed":"12.2","trail_heading":"250","i_m_o_number":"9240536","DC_ID":"1077"}
14:20:17.175 [main] DEBUG com.polestar.ndcrefill.Main - {"creation_date":"2022-06-05","creation_time":"15:14:14","trail_date":"2022-06-05","trail_time":"15:12:00","trail_latitude":"14.65666667","trail_longitude":"120.18","trail_speed":"11","trail_heading":"228","i_m_o_number":"9240536","DC_ID":"1077"}
14:20:17.175 [main] DEBUG com.polestar.ndcrefill.Main - {"creation_date":"2022-06-05","creation_time":"09:14:30","trail_date":"2022-06-05","trail_time":"09:12:00","trail_latitude":"14.794","trail_longitude":"120.2886667","trail_speed":"0","trail_heading":"290","i_m_o_number":"9240536","DC_ID":"1077"}
14:20:17.175 [main] DEBUG com.polestar.ndcrefill.Main - {"creation_date":"2022-06-05","creation_time":"03:14:50","trail_date":"2022-06-05","trail_time":"03:12:00","trail_latitude":"14.794","trail_longitude":"120.2886667","trail_speed":"0","trail_heading":"274","i_m_o_number":"9240536","DC_ID":"1077"}
14:20:17.176 [main] DEBUG com.polestar.ndcrefill.Main - {"creation_date":"2022-06-04","creation_time":"21:14:49","trail_date":"2022-06-04","trail_time":"21:14:00","trail_latitude":"14.794","trail_longitude":"120.2886667","trail_speed":"0","trail_heading":"318","i_m_o_number":"9240536","DC_ID":"1077"}
14:20:17.176 [main] DEBUG com.polestar.ndcrefill.Main - {"creation_date":"2022-06-04","creation_time":"15:15:41","trail_date":"2022-06-04","trail_time":"15:14:00","trail_latitude":"14.794","trail_longitude":"120.2886667","trail_speed":"0","trail_heading":"121","i_m_o_number":"9240536","DC_ID":"1077"}
14:20:17.176 [main] DEBUG com.polestar.ndcrefill.Main - {"creation_date":"2022-06-04","creation_time":"09:14:50","trail_date":"2022-06-04","trail_time":"09:12:00","trail_latitude":"14.794","trail_longitude":"120.2886667","trail_speed":"0","trail_heading":"346","i_m_o_number":"9240536","DC_ID":"1077"}
14:20:17.176 [main] DEBUG com.polestar.ndcrefill.Main - {"creation_date":"2022-06-04","creation_time":"03:14:16","trail_date":"2022-06-04","trail_time":"03:12:00","trail_latitude":"14.794","trail_longitude":"120.2886667","trail_speed":"0","trail_heading":"175","i_m_o_number":"9240536","DC_ID":"1077"}
14:20:17.176 [main] DEBUG com.polestar.ndcrefill.Main - {"creation_date":"2022-06-03","creation_time":"21:15:19","trail_date":"2022-06-03","trail_time":"21:14:00","trail_latitude":"14.794","trail_longitude":"120.2886667","trail_speed":"0","trail_heading":"9","i_m_o_number":"9240536","DC_ID":"1077"}
14:20:17.176 [main] DEBUG com.polestar.ndcrefill.Main - {"creation_date":"2022-06-03","creation_time":"16:43:59","trail_date":"2022-06-03","trail_time":"16:42:00","trail_latitude":"14.794","trail_longitude":"120.2886667","trail_speed":"0","trail_heading":"3","i_m_o_number":"9240536","DC_ID":"1077"}
14:20:17.176 [main] DEBUG com.polestar.ndcrefill.Main - {"creation_date":"2022-06-03","creation_time":"09:14:46","trail_date":"2022-06-03","trail_time":"09:12:00","trail_latitude":"14.794","trail_longitude":"120.2886667","trail_speed":"0","trail_heading":"12","i_m_o_number":"9240536","DC_ID":"1077"}
14:20:17.177 [main] DEBUG com.polestar.ndcrefill.Main - {"creation_date":"2022-06-03","creation_time":"03:15:29","trail_date":"2022-06-03","trail_time":"03:14:00","trail_latitude":"14.794","trail_longitude":"120.2886667","trail_speed":"0","trail_heading":"339","i_m_o_number":"9240536","DC_ID":"1077"}
14:20:17.177 [main] DEBUG com.polestar.ndcrefill.Main - {"creation_date":"2022-06-02","creation_time":"21:15:09","trail_date":"2022-06-02","trail_time":"21:14:00","trail_latitude":"14.794","trail_longitude":"120.2886667","trail_speed":"0","trail_heading":"321","i_m_o_number":"9240536","DC_ID":"1077"}
14:20:17.177 [main] DEBUG com.polestar.ndcrefill.Main - {"creation_date":"2022-06-02","creation_time":"15:15:12","trail_date":"2022-06-02","trail_time":"15:12:00","trail_latitude":"14.794","trail_longitude":"120.2886667","trail_speed":"0","trail_heading":"282","i_m_o_number":"9240536","DC_ID":"1077"}
14:20:17.177 [main] DEBUG com.polestar.ndcrefill.Main - {"creation_date":"2022-06-02","creation_time":"09:14:20","trail_date":"2022-06-02","trail_time":"09:12:00","trail_latitude":"14.794","trail_longitude":"120.2886667","trail_speed":"0","trail_heading":"19","i_m_o_number":"9240536","DC_ID":"1077"}
14:20:17.177 [main] DEBUG com.polestar.ndcrefill.Main - {"creation_date":"2022-06-02","creation_time":"03:14:33","trail_date":"2022-06-02","trail_time":"03:12:00","trail_latitude":"14.794","trail_longitude":"120.2886667","trail_speed":"0","trail_heading":"165","i_m_o_number":"9240536","DC_ID":"1077"}
14:20:17.177 [main] DEBUG com.polestar.ndcrefill.Main - {"creation_date":"2022-06-05","creation_time":"22:00:58","trail_date":"2022-06-05","trail_time":"21:58:00","trail_latitude":"18.87933333","trail_longitude":"72.864","trail_speed":"0.2","trail_heading":"35","i_m_o_number":"9355862","DC_ID":"1077"}
14:20:17.177 [main] DEBUG com.polestar.ndcrefill.Main - {"creation_date":"2022-06-05","creation_time":"16:01:04","trail_date":"2022-06-05","trail_time":"15:58:00","trail_latitude":"18.87933333","trail_longitude":"72.864","trail_speed":"0.4","trail_heading":"35","i_m_o_number":"9355862","DC_ID":"1077"}
14:20:17.178 [main] DEBUG com.polestar.ndcrefill.Main - {"creation_date":"2022-06-05","creation_time":"10:01:10","trail_date":"2022-06-05","trail_time":"09:58:00","trail_latitude":"18.87866667","trail_longitude":"72.864","trail_speed":"0.6","trail_heading":"64","i_m_o_number":"9355862","DC_ID":"1077"}
14:20:17.178 [main] DEBUG com.polestar.ndcrefill.Main - {"creation_date":"2022-06-05","creation_time":"07:38:30","trail_date":"2022-06-05","trail_time":"07:36:00","trail_latitude":"18.87933333","trail_longitude":"72.864","trail_speed":"0.6","trail_heading":"54","i_m_o_number":"9355862","DC_ID":"1077"}
14:20:17.178 [main] DEBUG com.polestar.ndcrefill.Main - {"creation_date":"2022-06-04","creation_time":"16:00:55","trail_date":"2022-06-04","trail_time":"15:58:00","trail_latitude":"18.87933333","trail_longitude":"72.864","trail_speed":"0.4","trail_heading":"34","i_m_o_number":"9355862","DC_ID":"1077"}
14:20:17.178 [main] DEBUG com.polestar.ndcrefill.Main - {"creation_date":"2022-06-04","creation_time":"10:01:01","trail_date":"2022-06-04","trail_time":"09:58:00","trail_latitude":"18.87933333","trail_longitude":"72.864","trail_speed":"0.2","trail_heading":"33","i_m_o_number":"9355862","DC_ID":"1077"}
14:20:17.178 [main] DEBUG com.polestar.ndcrefill.Main - {"creation_date":"2022-06-04","creation_time":"04:00:55","trail_date":"2022-06-04","trail_time":"03:58:00","trail_latitude":"18.87933333","trail_longitude":"72.864","trail_speed":"0.4","trail_heading":"28","i_m_o_number":"9355862","DC_ID":"1077"}
14:20:17.178 [main] DEBUG com.polestar.ndcrefill.Main - {"creation_date":"2022-06-03","creation_time":"22:01:06","trail_date":"2022-06-03","trail_time":"21:58:00","trail_latitude":"18.87933333","trail_longitude":"72.864","trail_speed":"0.4","trail_heading":"29","i_m_o_number":"9355862","DC_ID":"1077"}
14:20:17.178 [main] DEBUG com.polestar.ndcrefill.Main - {"creation_date":"2022-06-03","creation_time":"16:00:56","trail_date":"2022-06-03","trail_time":"15:58:00","trail_latitude":"18.87933333","trail_longitude":"72.864","trail_speed":"0.2","trail_heading":"30","i_m_o_number":"9355862","DC_ID":"1077"}
14:20:17.178 [main] DEBUG com.polestar.ndcrefill.Main - {"creation_date":"2022-06-03","creation_time":"10:00:56","trail_date":"2022-06-03","trail_time":"09:58:00","trail_latitude":"18.87933333","trail_longitude":"72.864","trail_speed":"0.4","trail_heading":"30","i_m_o_number":"9355862","DC_ID":"1077"}
14:20:17.179 [main] DEBUG com.polestar.ndcrefill.Main - {"creation_date":"2022-06-03","creation_time":"04:01:06","trail_date":"2022-06-03","trail_time":"03:58:00","trail_latitude":"18.87933333","trail_longitude":"72.864","trail_speed":"0.2","trail_heading":"40","i_m_o_number":"9355862","DC_ID":"1077"}
14:20:17.179 [main] DEBUG com.polestar.ndcrefill.Main - {"creation_date":"2022-06-02","creation_time":"22:01:06","trail_date":"2022-06-02","trail_time":"21:58:00","trail_latitude":"18.87933333","trail_longitude":"72.864","trail_speed":"0.4","trail_heading":"24","i_m_o_number":"9355862","DC_ID":"1077"}
14:20:17.179 [main] DEBUG com.polestar.ndcrefill.Main - {"creation_date":"2022-06-02","creation_time":"16:00:53","trail_date":"2022-06-02","trail_time":"15:58:00","trail_latitude":"18.87933333","trail_longitude":"72.864","trail_speed":"0.2","trail_heading":"7","i_m_o_number":"9355862","DC_ID":"1077"}
14:20:17.179 [main] DEBUG com.polestar.ndcrefill.Main - {"creation_date":"2022-06-02","creation_time":"10:01:45","trail_date":"2022-06-02","trail_time":"09:58:00","trail_latitude":"18.87933333","trail_longitude":"72.864","trail_speed":"0.8","trail_heading":"32","i_m_o_number":"9355862","DC_ID":"1077"}
14:20:17.179 [main] DEBUG com.polestar.ndcrefill.Main - {"creation_date":"2022-06-02","creation_time":"04:00:53","trail_date":"2022-06-02","trail_time":"03:58:00","trail_latitude":"18.87933333","trail_longitude":"72.864","trail_speed":"0.2","trail_heading":"39","i_m_o_number":"9355862","DC_ID":"1077"}
14:20:17.179 [main] DEBUG com.polestar.ndcrefill.Main - {"creation_date":"2022-06-05","creation_time":"18:56:28","trail_date":"2022-06-05","trail_time":"18:54:00","trail_latitude":"25.29266667","trail_longitude":"56.85866667","trail_speed":"0.6","trail_heading":"335","i_m_o_number":"9226011","DC_ID":"1077"}
14:20:17.179 [main] DEBUG com.polestar.ndcrefill.Main - {"creation_date":"2022-06-05","creation_time":"12:57:31","trail_date":"2022-06-05","trail_time":"12:56:00","trail_latitude":"25.202","trail_longitude":"56.78666667","trail_speed":"0.4","trail_heading":"324","i_m_o_number":"9226011","DC_ID":"1077"}
14:20:17.180 [main] DEBUG com.polestar.ndcrefill.Main - {"creation_date":"2022-06-05","creation_time":"06:57:02","trail_date":"2022-06-05","trail_time":"06:56:00","trail_latitude":"25.192","trail_longitude":"56.83133333","trail_speed":"0.4","trail_heading":"234","i_m_o_number":"9226011","DC_ID":"1077"}
14:20:17.180 [main] DEBUG com.polestar.ndcrefill.Main - {"creation_date":"2022-06-05","creation_time":"00:56:41","trail_date":"2022-06-05","trail_time":"00:54:00","trail_latitude":"25.22066667","trail_longitude":"56.83666667","trail_speed":"3.8","trail_heading":"182","i_m_o_number":"9226011","DC_ID":"1077"}
14:20:17.180 [main] DEBUG com.polestar.ndcrefill.Main - {"creation_date":"2022-06-04","creation_time":"18:56:11","trail_date":"2022-06-04","trail_time":"18:54:00","trail_latitude":"25.21933333","trail_longitude":"56.86066667","trail_speed":"4","trail_heading":"183","i_m_o_number":"9226011","DC_ID":"1077"}
14:20:17.180 [main] DEBUG com.polestar.ndcrefill.Main - {"creation_date":"2022-06-04","creation_time":"12:56:46","trail_date":"2022-06-04","trail_time":"12:54:00","trail_latitude":"25.26466667","trail_longitude":"56.85333333","trail_speed":"0.8","trail_heading":"325","i_m_o_number":"9226011","DC_ID":"1077"}
14:20:17.180 [main] DEBUG com.polestar.ndcrefill.Main - {"creation_date":"2022-06-04","creation_time":"06:57:13","trail_date":"2022-06-04","trail_time":"06:56:00","trail_latitude":"25.25733333","trail_longitude":"56.79866667","trail_speed":"0.4","trail_heading":"261","i_m_o_number":"9226011","DC_ID":"1077"}
14:20:17.180 [main] DEBUG com.polestar.ndcrefill.Main - {"creation_date":"2022-06-04","creation_time":"00:56:26","trail_date":"2022-06-04","trail_time":"00:54:00","trail_latitude":"25.27266667","trail_longitude":"56.82266667","trail_speed":"0","trail_heading":"202","i_m_o_number":"9226011","DC_ID":"1077"}
14:20:17.180 [main] DEBUG com.polestar.ndcrefill.Main - {"creation_date":"2022-06-03","creation_time":"18:57:10","trail_date":"2022-06-03","trail_time":"18:56:00","trail_latitude":"25.252","trail_longitude":"56.848","trail_speed":"3.2","trail_heading":"233","i_m_o_number":"9226011","DC_ID":"1077"}
14:20:17.180 [main] DEBUG com.polestar.ndcrefill.Main - {"creation_date":"2022-06-03","creation_time":"12:59:19","trail_date":"2022-06-03","trail_time":"12:54:00","trail_latitude":"25.302","trail_longitude":"56.81333333","trail_speed":"2","trail_heading":"77","i_m_o_number":"9226011","DC_ID":"1077"}
14:20:17.180 [main] DEBUG com.polestar.ndcrefill.Main - {"creation_date":"2022-06-03","creation_time":"06:57:12","trail_date":"2022-06-03","trail_time":"06:56:00","trail_latitude":"25.27266667","trail_longitude":"56.84733333","trail_speed":"0.2","trail_heading":"321","i_m_o_number":"9226011","DC_ID":"1077"}
14:20:17.181 [main] DEBUG com.polestar.ndcrefill.Main - {"creation_date":"2022-06-03","creation_time":"00:56:03","trail_date":"2022-06-03","trail_time":"00:54:00","trail_latitude":"25.23866667","trail_longitude":"56.86","trail_speed":"0.2","trail_heading":"327","i_m_o_number":"9226011","DC_ID":"1077"}
14:20:17.181 [main] DEBUG com.polestar.ndcrefill.Main - {"creation_date":"2022-06-02","creation_time":"18:56:11","trail_date":"2022-06-02","trail_time":"18:54:00","trail_latitude":"25.25266667","trail_longitude":"56.84266667","trail_speed":"0.4","trail_heading":"323","i_m_o_number":"9226011","DC_ID":"1077"}
14:20:17.181 [main] DEBUG com.polestar.ndcrefill.Main - {"creation_date":"2022-06-02","creation_time":"12:57:02","trail_date":"2022-06-02","trail_time":"12:56:00","trail_latitude":"25.20933333","trail_longitude":"56.86733333","trail_speed":"0.2","trail_heading":"343","i_m_o_number":"9226011","DC_ID":"1077"}
14:20:17.181 [main] DEBUG com.polestar.ndcrefill.Main - {"creation_date":"2022-06-02","creation_time":"06:56:26","trail_date":"2022-06-02","trail_time":"06:54:00","trail_latitude":"25.25533333","trail_longitude":"56.89933333","trail_speed":"0.2","trail_heading":"0","i_m_o_number":"9226011","DC_ID":"1077"}
14:20:17.181 [main] DEBUG com.polestar.ndcrefill.Main - {"creation_date":"2022-06-02","creation_time":"00:57:27","trail_date":"2022-06-02","trail_time":"00:56:00","trail_latitude":"25.22933333","trail_longitude":"56.882","trail_speed":"0.4","trail_heading":"24","i_m_o_number":"9226011","DC_ID":"1077"}
14:20:17.181 [main] DEBUG com.polestar.ndcrefill.Main - {"creation_date":"2022-06-05","creation_time":"21:51:19","trail_date":"2022-06-05","trail_time":"21:48:00","trail_latitude":"29.894","trail_longitude":"122.362","trail_speed":"0","trail_heading":"298","i_m_o_number":"9065534","DC_ID":"1077"}
14:20:17.181 [main] DEBUG com.polestar.ndcrefill.Main - {"creation_date":"2022-06-05","creation_time":"15:51:14","trail_date":"2022-06-05","trail_time":"15:48:00","trail_latitude":"29.894","trail_longitude":"122.362","trail_speed":"0.2","trail_heading":"309","i_m_o_number":"9065534","DC_ID":"1077"}
14:20:17.182 [main] DEBUG com.polestar.ndcrefill.Main - {"creation_date":"2022-06-05","creation_time":"09:51:07","trail_date":"2022-06-05","trail_time":"09:48:00","trail_latitude":"29.894","trail_longitude":"122.362","trail_speed":"0","trail_heading":"286","i_m_o_number":"9065534","DC_ID":"1077"}
14:20:17.182 [main] DEBUG com.polestar.ndcrefill.Main - {"creation_date":"2022-06-05","creation_time":"03:51:02","trail_date":"2022-06-05","trail_time":"03:48:00","trail_latitude":"29.894","trail_longitude":"122.362","trail_speed":"0","trail_heading":"305","i_m_o_number":"9065534","DC_ID":"1077"}
14:20:17.182 [main] DEBUG com.polestar.ndcrefill.Main - {"creation_date":"2022-06-04","creation_time":"15:51:07","trail_date":"2022-06-04","trail_time":"15:48:00","trail_latitude":"29.894","trail_longitude":"122.362","trail_speed":"0","trail_heading":"296","i_m_o_number":"9065534","DC_ID":"1077"}
14:20:17.182 [main] DEBUG com.polestar.ndcrefill.Main - {"creation_date":"2022-06-04","creation_time":"09:51:01","trail_date":"2022-06-04","trail_time":"09:48:00","trail_latitude":"29.894","trail_longitude":"122.362","trail_speed":"0","trail_heading":"270","i_m_o_number":"9065534","DC_ID":"1077"}
14:20:17.182 [main] DEBUG com.polestar.ndcrefill.Main - {"creation_date":"2022-06-03","creation_time":"15:52:20","trail_date":"2022-06-03","trail_time":"15:48:00","trail_latitude":"29.894","trail_longitude":"122.362","trail_speed":"0","trail_heading":"298","i_m_o_number":"9065534","DC_ID":"1077"}
14:20:17.182 [main] DEBUG com.polestar.ndcrefill.Main - {"creation_date":"2022-06-03","creation_time":"09:51:28","trail_date":"2022-06-03","trail_time":"09:48:00","trail_latitude":"29.894","trail_longitude":"122.362","trail_speed":"0","trail_heading":"266","i_m_o_number":"9065534","DC_ID":"1077"}
14:20:17.182 [main] DEBUG com.polestar.ndcrefill.Main - {"creation_date":"2022-06-02","creation_time":"22:02:43","trail_date":"2022-06-02","trail_time":"21:56:00","trail_latitude":"29.894","trail_longitude":"122.362","trail_speed":"0","trail_heading":"285","i_m_o_number":"9065534","DC_ID":"1077"}
14:20:17.182 [main] DEBUG com.polestar.ndcrefill.Main - {"creation_date":"2022-06-02","creation_time":"09:53:15","trail_date":"2022-06-02","trail_time":"09:48:00","trail_latitude":"29.894","trail_longitude":"122.362","trail_speed":"0","trail_heading":"283","i_m_o_number":"9065534","DC_ID":"1077"}
14:20:17.183 [main] DEBUG com.polestar.ndcrefill.Main - {"creation_date":"2022-06-02","creation_time":"03:54:15","trail_date":"2022-06-02","trail_time":"03:48:00","trail_latitude":"29.894","trail_longitude":"122.362","trail_speed":"0","trail_heading":"302","i_m_o_number":"9065534","DC_ID":"1077"}
14:20:17.183 [main] DEBUG com.polestar.ndcrefill.Main - {"creation_date":"2022-06-05","creation_time":"18:59:15","trail_date":"2022-06-05","trail_time":"18:58:00","trail_latitude":"-6.096666667","trail_longitude":"106.8806667","trail_speed":"0","trail_heading":"213","i_m_o_number":"9741231","DC_ID":"1077"}
14:20:17.183 [main] DEBUG com.polestar.ndcrefill.Main - {"creation_date":"2022-06-05","creation_time":"12:59:34","trail_date":"2022-06-05","trail_time":"12:58:00","trail_latitude":"-6.096666667","trail_longitude":"106.8806667","trail_speed":"0","trail_heading":"213","i_m_o_number":"9741231","DC_ID":"1077"}
14:20:17.183 [main] DEBUG com.polestar.ndcrefill.Main - {"creation_date":"2022-06-05","creation_time":"06:59:20","trail_date":"2022-06-05","trail_time":"06:58:00","trail_latitude":"-6.096666667","trail_longitude":"106.8806667","trail_speed":"0","trail_heading":"213","i_m_o_number":"9741231","DC_ID":"1077"}
14:20:17.183 [main] DEBUG com.polestar.ndcrefill.Main - {"creation_date":"2022-06-05","creation_time":"00:59:28","trail_date":"2022-06-05","trail_time":"00:58:00","trail_latitude":"-6.096666667","trail_longitude":"106.8806667","trail_speed":"0","trail_heading":"213","i_m_o_number":"9741231","DC_ID":"1077"}
14:20:17.183 [main] DEBUG com.polestar.ndcrefill.Main - {"creation_date":"2022-06-04","creation_time":"18:59:16","trail_date":"2022-06-04","trail_time":"18:58:00","trail_latitude":"-6.096666667","trail_longitude":"106.8806667","trail_speed":"0","trail_heading":"213","i_m_o_number":"9741231","DC_ID":"1077"}
14:20:17.183 [main] DEBUG com.polestar.ndcrefill.Main - {"creation_date":"2022-06-04","creation_time":"12:59:32","trail_date":"2022-06-04","trail_time":"12:58:00","trail_latitude":"-6.096666667","trail_longitude":"106.8806667","trail_speed":"0","trail_heading":"213","i_m_o_number":"9741231","DC_ID":"1077"}
14:20:17.183 [main] DEBUG com.polestar.ndcrefill.Main - {"creation_date":"2022-06-02","creation_time":"00:59:29","trail_date":"2022-06-02","trail_time":"00:58:00","trail_latitude":"-6.096666667","trail_longitude":"106.8806667","trail_speed":"0","trail_heading":"213","i_m_o_number":"9741231","DC_ID":"1077"}
14:20:17.183 [main] DEBUG com.polestar.ndcrefill.Main - {"creation_date":"2022-06-02","creation_time":"06:59:37","trail_date":"2022-06-02","trail_time":"06:58:00","trail_latitude":"-6.096666667","trail_longitude":"106.8806667","trail_speed":"0","trail_heading":"213","i_m_o_number":"9741231","DC_ID":"1077"}
14:20:17.183 [main] DEBUG com.polestar.ndcrefill.Main - {"creation_date":"2022-06-02","creation_time":"12:59:22","trail_date":"2022-06-02","trail_time":"12:58:00","trail_latitude":"-6.096666667","trail_longitude":"106.8806667","trail_speed":"0","trail_heading":"213","i_m_o_number":"9741231","DC_ID":"1077"}
14:20:17.183 [main] DEBUG com.polestar.ndcrefill.Main - {"creation_date":"2022-06-02","creation_time":"18:59:20","trail_date":"2022-06-02","trail_time":"18:58:00","trail_latitude":"-6.096666667","trail_longitude":"106.8806667","trail_speed":"0","trail_heading":"213","i_m_o_number":"9741231","DC_ID":"1077"}
14:20:17.184 [main] DEBUG com.polestar.ndcrefill.Main - []
14:20:17.184 [main] INFO  com.polestar.ndcrefill.Main - Current position: 100 out of 122
14:20:17.184 [main] DEBUG com.polestar.ndcrefill.Main - {"creation_date":"2022-06-03","creation_time":"00:59:11","trail_date":"2022-06-03","trail_time":"00:58:00","trail_latitude":"-6.096666667","trail_longitude":"106.8806667","trail_speed":"0","trail_heading":"213","i_m_o_number":"9741231","DC_ID":"1077"}
14:20:17.184 [main] DEBUG com.polestar.ndcrefill.Main - {"creation_date":"2022-06-03","creation_time":"06:59:53","trail_date":"2022-06-03","trail_time":"06:58:00","trail_latitude":"-6.096666667","trail_longitude":"106.8806667","trail_speed":"0","trail_heading":"213","i_m_o_number":"9741231","DC_ID":"1077"}
14:20:17.184 [main] DEBUG com.polestar.ndcrefill.Main - {"creation_date":"2022-06-03","creation_time":"12:59:14","trail_date":"2022-06-03","trail_time":"12:58:00","trail_latitude":"-6.096666667","trail_longitude":"106.8806667","trail_speed":"0","trail_heading":"213","i_m_o_number":"9741231","DC_ID":"1077"}
14:20:17.185 [main] DEBUG com.polestar.ndcrefill.Main - {"creation_date":"2022-06-03","creation_time":"18:59:29","trail_date":"2022-06-03","trail_time":"18:58:00","trail_latitude":"-6.096666667","trail_longitude":"106.8806667","trail_speed":"0","trail_heading":"213","i_m_o_number":"9741231","DC_ID":"1077"}
14:20:17.185 [main] DEBUG com.polestar.ndcrefill.Main - {"creation_date":"2022-06-04","creation_time":"00:59:34","trail_date":"2022-06-04","trail_time":"00:58:00","trail_latitude":"-6.096666667","trail_longitude":"106.8806667","trail_speed":"0","trail_heading":"213","i_m_o_number":"9741231","DC_ID":"1077"}
14:20:17.185 [main] DEBUG com.polestar.ndcrefill.Main - {"creation_date":"2022-06-04","creation_time":"06:59:29","trail_date":"2022-06-04","trail_time":"06:58:00","trail_latitude":"-6.096666667","trail_longitude":"106.8806667","trail_speed":"0","trail_heading":"213","i_m_o_number":"9741231","DC_ID":"1077"}
14:20:17.185 [main] DEBUG com.polestar.ndcrefill.Main - {"creation_date":"2022-06-05","creation_time":"18:37:46","trail_date":"2022-06-05","trail_time":"18:36:00","trail_latitude":"2.218","trail_longitude":"145.1686667","trail_speed":"0.2","trail_heading":"210","i_m_o_number":"9114842","DC_ID":"1077"}
14:20:17.185 [main] DEBUG com.polestar.ndcrefill.Main - {"creation_date":"2022-06-05","creation_time":"12:36:36","trail_date":"2022-06-05","trail_time":"12:34:00","trail_latitude":"2.229333333","trail_longitude":"145.1946667","trail_speed":"0.6","trail_heading":"291","i_m_o_number":"9114842","DC_ID":"1077"}
14:20:17.185 [main] DEBUG com.polestar.ndcrefill.Main - {"creation_date":"2022-06-05","creation_time":"06:37:20","trail_date":"2022-06-05","trail_time":"06:36:00","trail_latitude":"2.223333333","trail_longitude":"145.246","trail_speed":"0.4","trail_heading":"265","i_m_o_number":"9114842","DC_ID":"1077"}
14:20:17.185 [main] DEBUG com.polestar.ndcrefill.Main - {"creation_date":"2022-06-05","creation_time":"00:36:40","trail_date":"2022-06-05","trail_time":"00:34:00","trail_latitude":"2.212666667","trail_longitude":"145.2946667","trail_speed":"0.6","trail_heading":"302","i_m_o_number":"9114842","DC_ID":"1077"}
14:20:17.185 [main] DEBUG com.polestar.ndcrefill.Main - {"creation_date":"2022-06-04","creation_time":"18:37:58","trail_date":"2022-06-04","trail_time":"18:34:00","trail_latitude":"2.21","trail_longitude":"145.35","trail_speed":"0.6","trail_heading":"250","i_m_o_number":"9114842","DC_ID":"1077"}
14:20:17.185 [main] DEBUG com.polestar.ndcrefill.Main - {"creation_date":"2022-06-04","creation_time":"12:37:42","trail_date":"2022-06-04","trail_time":"12:34:00","trail_latitude":"2.264666667","trail_longitude":"145.4053333","trail_speed":"0.4","trail_heading":"247","i_m_o_number":"9114842","DC_ID":"1077"}
14:20:17.185 [main] DEBUG com.polestar.ndcrefill.Main - {"creation_date":"2022-06-02","creation_time":"00:37:10","trail_date":"2022-06-02","trail_time":"00:36:00","trail_latitude":"-0.5806666667","trail_longitude":"149.7366667","trail_speed":"1","trail_heading":"284","i_m_o_number":"9114842","DC_ID":"1077"}
14:20:17.185 [main] DEBUG com.polestar.ndcrefill.Main - {"creation_date":"2022-06-02","creation_time":"06:36:36","trail_date":"2022-06-02","trail_time":"06:34:00","trail_latitude":"-0.3126666667","trail_longitude":"149.3086667","trail_speed":"7.8","trail_heading":"311","i_m_o_number":"9114842","DC_ID":"1077"}
14:20:17.186 [main] DEBUG com.polestar.ndcrefill.Main - {"creation_date":"2022-06-02","creation_time":"12:36:50","trail_date":"2022-06-02","trail_time":"12:34:00","trail_latitude":"0.1206666667","trail_longitude":"148.6946667","trail_speed":"7.6","trail_heading":"298","i_m_o_number":"9114842","DC_ID":"1077"}
14:20:17.186 [main] DEBUG com.polestar.ndcrefill.Main - {"creation_date":"2022-06-02","creation_time":"18:37:11","trail_date":"2022-06-02","trail_time":"18:34:00","trail_latitude":"0.5553333333","trail_longitude":"148.066","trail_speed":"7.6","trail_heading":"306","i_m_o_number":"9114842","DC_ID":"1077"}
14:20:17.186 [main] DEBUG com.polestar.ndcrefill.Main - {"creation_date":"2022-06-03","creation_time":"00:36:59","trail_date":"2022-06-03","trail_time":"00:34:00","trail_latitude":"1.007333333","trail_longitude":"147.4213333","trail_speed":"7.8","trail_heading":"315","i_m_o_number":"9114842","DC_ID":"1077"}
14:20:17.186 [main] DEBUG com.polestar.ndcrefill.Main - {"creation_date":"2022-06-03","creation_time":"06:36:40","trail_date":"2022-06-03","trail_time":"06:34:00","trail_latitude":"1.474666667","trail_longitude":"146.756","trail_speed":"8.2","trail_heading":"303","i_m_o_number":"9114842","DC_ID":"1077"}
14:20:17.186 [main] DEBUG com.polestar.ndcrefill.Main - {"creation_date":"2022-06-03","creation_time":"12:37:02","trail_date":"2022-06-03","trail_time":"12:34:00","trail_latitude":"1.967333333","trail_longitude":"146.064","trail_speed":"8.6","trail_heading":"302","i_m_o_number":"9114842","DC_ID":"1077"}
14:20:17.186 [main] DEBUG com.polestar.ndcrefill.Main - {"creation_date":"2022-06-03","creation_time":"18:36:49","trail_date":"2022-06-03","trail_time":"18:34:00","trail_latitude":"2.068666667","trail_longitude":"145.8946667","trail_speed":"1.4","trail_heading":"300","i_m_o_number":"9114842","DC_ID":"1077"}
14:20:17.186 [main] DEBUG com.polestar.ndcrefill.Main - {"creation_date":"2022-06-04","creation_time":"00:36:27","trail_date":"2022-06-04","trail_time":"00:34:00","trail_latitude":"2.209333333","trail_longitude":"145.5913333","trail_speed":"7","trail_heading":"291","i_m_o_number":"9114842","DC_ID":"1077"}
14:20:17.186 [main] DEBUG com.polestar.ndcrefill.Main - {"creation_date":"2022-06-04","creation_time":"06:37:22","trail_date":"2022-06-04","trail_time":"06:36:00","trail_latitude":"2.33","trail_longitude":"145.2453333","trail_speed":"1.2","trail_heading":"250","i_m_o_number":"9114842","DC_ID":"1077"}
14:20:17.186 [main] DEBUG com.polestar.ndcrefill.Main - []
14:20:17.186 [main] INFO  com.polestar.ndcrefill.Main - Current position: 122 out of 122
14:20:17.186 [main] INFO  com.polestar.ndcrefill.Main - -----------------------------------------------------------------
14:20:17.884 [main] INFO  com.polestar.ndcrefill.Main - new max shippositionID: 106014
14:20:17.885 [main] INFO  com.polestar.ndcrefill.Main - new ship position generator value 2130
14:20:17.886 [main] INFO  com.polestar.ndcrefill.Main - Did not update ship position generator value, UPDATE_GENERATOR is false
14:20:17.886 [main] INFO  com.polestar.ndcrefill.Main - -----------------------------------------------------------------
14:20:18.784 [main] INFO  com.polestar.ndcrefill.Main - new max messageID: 299647
14:20:18.784 [main] INFO  com.polestar.ndcrefill.Main - new message generator value 6002
14:20:18.784 [main] INFO  com.polestar.ndcrefill.Main - Did not update message generator value, UPDATE_GENERATOR is false
14:20:18.786 [main] INFO  com.polestar.ndcrefill.Main - -----------------------------------------------------------------
14:20:18.786 [main] INFO  com.polestar.ndcrefill.Main - finished: 2022-06-15 14:20:18.786
14:20:18.788 [main] INFO  com.polestar.ndcrefill.Main - time taken: PT11.495S
14:20:18.788 [main] INFO  com.polestar.ndcrefill.Main - -----------------------------------------------------------------
14:24:00.144 [main] INFO  com.polestar.ndcrefill.Main - -----------------------------------------------------------------
14:24:00.146 [main] INFO  com.polestar.ndcrefill.Main - Start: 2022-06-15 14:24:00.145
14:24:00.146 [main] INFO  com.polestar.ndcrefill.Main - -----------------------------------------------------------------
14:24:00.146 [main] INFO  com.polestar.ndcrefill.Main - Starting Backfill
14:24:00.146 [main] INFO  com.polestar.ndcrefill.Main - HOST: jdbc:postgresql://lrit-cluster-three.polestar-production.local:5432/
14:24:00.146 [main] INFO  com.polestar.ndcrefill.Main - MASTER_USERNAME: kir
14:24:00.146 [main] INFO  com.polestar.ndcrefill.Main - DO_INSERTS: true
14:24:00.146 [main] INFO  com.polestar.ndcrefill.Main - FILE_LOCATION: src/main/resources/missing_positions.csv
14:24:00.146 [main] INFO  com.polestar.ndcrefill.Main - FLAG_CODE: 1077
14:24:00.146 [main] INFO  com.polestar.ndcrefill.Main - DATA_CENTER_IDENTIFIER: 3148
14:24:06.194 [main] INFO  com.polestar.ndcrefill.Main - -----------------------------------------------------------------
14:24:06.194 [main] INFO  com.polestar.ndcrefill.Main - Starting Details
14:24:06.872 [main] INFO  com.polestar.ndcrefill.Main - ShipPosition Generator Value: 2121
14:24:07.281 [main] INFO  com.polestar.ndcrefill.Main - Message Generator Value: 5993
14:24:07.811 [main] INFO  com.polestar.ndcrefill.Main - current max ship position id is: 106014 starting shipPositionID: 108014
14:24:08.713 [main] INFO  com.polestar.ndcrefill.Main - current max message id is: 299647 starting messageID: 301647
14:24:08.714 [main] INFO  com.polestar.ndcrefill.Main - -----------------------------------------------------------------
14:24:09.093 [main] INFO  com.polestar.ndcrefill.Main - Updating Insert Positions function
14:24:09.472 [main] INFO  com.polestar.ndcrefill.Main - Updated Successfully
14:24:09.473 [main] INFO  com.polestar.ndcrefill.Main - -----------------------------------------------------------------
14:24:09.475 [main] INFO  com.polestar.ndcrefill.FileService - starting to process file
14:24:09.694 [main] INFO  com.polestar.ndcrefill.FileService - Positions count: 122
14:24:09.694 [main] INFO  com.polestar.ndcrefill.Main - -----------------------------------------------------------------
14:24:09.701 [main] DEBUG com.polestar.ndcrefill.Main - {"creation_date":"2022-06-05","creation_time":"23:05:34","trail_date":"2022-06-05","trail_time":"23:04:00","trail_latitude":"-3.151333333","trail_longitude":"142.476","trail_speed":"0.2","trail_heading":"286","i_m_o_number":"9237175","DC_ID":"1077"}
14:24:09.701 [main] DEBUG com.polestar.ndcrefill.Main - {"creation_date":"2022-06-05","creation_time":"17:05:26","trail_date":"2022-06-05","trail_time":"17:02:00","trail_latitude":"-3.151333333","trail_longitude":"142.4766667","trail_speed":"0.2","trail_heading":"73","i_m_o_number":"9237175","DC_ID":"1077"}
14:24:09.701 [main] DEBUG com.polestar.ndcrefill.Main - {"creation_date":"2022-06-05","creation_time":"11:05:36","trail_date":"2022-06-05","trail_time":"11:02:00","trail_latitude":"-3.151333333","trail_longitude":"142.476","trail_speed":"0.2","trail_heading":"6","i_m_o_number":"9237175","DC_ID":"1077"}
14:24:09.701 [main] DEBUG com.polestar.ndcrefill.Main - {"creation_date":"2022-06-05","creation_time":"05:05:19","trail_date":"2022-06-05","trail_time":"05:02:00","trail_latitude":"-3.152","trail_longitude":"142.476","trail_speed":"0.2","trail_heading":"232","i_m_o_number":"9237175","DC_ID":"1077"}
14:24:09.702 [main] DEBUG com.polestar.ndcrefill.Main - {"creation_date":"2022-06-04","creation_time":"23:05:18","trail_date":"2022-06-04","trail_time":"23:04:00","trail_latitude":"-3.150666667","trail_longitude":"142.4773333","trail_speed":"0.2","trail_heading":"184","i_m_o_number":"9237175","DC_ID":"1077"}
14:24:09.702 [main] DEBUG com.polestar.ndcrefill.Main - {"creation_date":"2022-06-04","creation_time":"17:05:17","trail_date":"2022-06-04","trail_time":"17:02:00","trail_latitude":"-3.150666667","trail_longitude":"142.4773333","trail_speed":"0","trail_heading":"174","i_m_o_number":"9237175","DC_ID":"1077"}
14:24:09.702 [main] DEBUG com.polestar.ndcrefill.Main - {"creation_date":"2022-06-04","creation_time":"11:05:32","trail_date":"2022-06-04","trail_time":"11:04:00","trail_latitude":"-3.151333333","trail_longitude":"142.476","trail_speed":"0.2","trail_heading":"222","i_m_o_number":"9237175","DC_ID":"1077"}
14:24:09.703 [main] DEBUG com.polestar.ndcrefill.Main - {"creation_date":"2022-06-04","creation_time":"05:05:29","trail_date":"2022-06-04","trail_time":"05:02:00","trail_latitude":"-3.152","trail_longitude":"142.476","trail_speed":"0.2","trail_heading":"3","i_m_o_number":"9237175","DC_ID":"1077"}
14:24:09.703 [main] DEBUG com.polestar.ndcrefill.Main - {"creation_date":"2022-06-03","creation_time":"23:05:27","trail_date":"2022-06-03","trail_time":"23:04:00","trail_latitude":"-3.152","trail_longitude":"142.4786667","trail_speed":"0.2","trail_heading":"276","i_m_o_number":"9237175","DC_ID":"1077"}
14:24:09.703 [main] DEBUG com.polestar.ndcrefill.Main - {"creation_date":"2022-06-03","creation_time":"17:05:26","trail_date":"2022-06-03","trail_time":"17:02:00","trail_latitude":"-3.150666667","trail_longitude":"142.4773333","trail_speed":"0.2","trail_heading":"81","i_m_o_number":"9237175","DC_ID":"1077"}
14:24:09.703 [main] DEBUG com.polestar.ndcrefill.Main - {"creation_date":"2022-06-03","creation_time":"11:05:19","trail_date":"2022-06-03","trail_time":"11:02:00","trail_latitude":"-3.151333333","trail_longitude":"142.4766667","trail_speed":"0.2","trail_heading":"93","i_m_o_number":"9237175","DC_ID":"1077"}
14:24:09.704 [main] DEBUG com.polestar.ndcrefill.Main - {"creation_date":"2022-06-03","creation_time":"05:05:45","trail_date":"2022-06-03","trail_time":"05:02:00","trail_latitude":"-3.151333333","trail_longitude":"142.4766667","trail_speed":"0.2","trail_heading":"103","i_m_o_number":"9237175","DC_ID":"1077"}
14:24:09.704 [main] DEBUG com.polestar.ndcrefill.Main - {"creation_date":"2022-06-02","creation_time":"23:05:30","trail_date":"2022-06-02","trail_time":"23:04:00","trail_latitude":"-3.151333333","trail_longitude":"142.478","trail_speed":"0.2","trail_heading":"27","i_m_o_number":"9237175","DC_ID":"1077"}
14:24:09.704 [main] DEBUG com.polestar.ndcrefill.Main - {"creation_date":"2022-06-02","creation_time":"17:05:21","trail_date":"2022-06-02","trail_time":"17:04:00","trail_latitude":"-3.152","trail_longitude":"142.476","trail_speed":"0.2","trail_heading":"242","i_m_o_number":"9237175","DC_ID":"1077"}
14:24:09.704 [main] DEBUG com.polestar.ndcrefill.Main - {"creation_date":"2022-06-02","creation_time":"11:05:15","trail_date":"2022-06-02","trail_time":"11:04:00","trail_latitude":"-3.151333333","trail_longitude":"142.476","trail_speed":"0.2","trail_heading":"114","i_m_o_number":"9237175","DC_ID":"1077"}
14:24:09.704 [main] DEBUG com.polestar.ndcrefill.Main - {"creation_date":"2022-06-02","creation_time":"05:05:26","trail_date":"2022-06-02","trail_time":"05:02:00","trail_latitude":"-3.152666667","trail_longitude":"142.476","trail_speed":"0.2","trail_heading":"288","i_m_o_number":"9237175","DC_ID":"1077"}
14:24:09.705 [main] DEBUG com.polestar.ndcrefill.Main - {"creation_date":"2022-06-05","creation_time":"22:53:40","trail_date":"2022-06-05","trail_time":"22:50:00","trail_latitude":"9.537333333","trail_longitude":"106.5573333","trail_speed":"9.2","trail_heading":"312","i_m_o_number":"9217814","DC_ID":"1077"}
14:24:09.705 [main] DEBUG com.polestar.ndcrefill.Main - {"creation_date":"2022-06-05","creation_time":"16:53:24","trail_date":"2022-06-05","trail_time":"16:50:00","trail_latitude":"9.517333333","trail_longitude":"106.5906667","trail_speed":"0","trail_heading":"184","i_m_o_number":"9217814","DC_ID":"1077"}
14:24:09.705 [main] DEBUG com.polestar.ndcrefill.Main - {"creation_date":"2022-06-05","creation_time":"10:55:26","trail_date":"2022-06-05","trail_time":"10:50:00","trail_latitude":"9.517333333","trail_longitude":"106.5906667","trail_speed":"0","trail_heading":"131","i_m_o_number":"9217814","DC_ID":"1077"}
14:24:09.705 [main] DEBUG com.polestar.ndcrefill.Main - {"creation_date":"2022-06-05","creation_time":"04:57:27","trail_date":"2022-06-05","trail_time":"04:50:00","trail_latitude":"9.516666667","trail_longitude":"106.59","trail_speed":"0","trail_heading":"54","i_m_o_number":"9217814","DC_ID":"1077"}
14:24:09.705 [main] DEBUG com.polestar.ndcrefill.Main - {"creation_date":"2022-06-04","creation_time":"22:53:21","trail_date":"2022-06-04","trail_time":"22:50:00","trail_latitude":"9.518","trail_longitude":"106.584","trail_speed":"0.8","trail_heading":"111","i_m_o_number":"9217814","DC_ID":"1077"}
14:24:09.706 [main] DEBUG com.polestar.ndcrefill.Main - {"creation_date":"2022-06-04","creation_time":"16:57:27","trail_date":"2022-06-04","trail_time":"16:50:00","trail_latitude":"9.493333333","trail_longitude":"106.8213333","trail_speed":"9.4","trail_heading":"279","i_m_o_number":"9217814","DC_ID":"1077"}
14:24:09.706 [main] DEBUG com.polestar.ndcrefill.Main - {"creation_date":"2022-06-04","creation_time":"10:53:57","trail_date":"2022-06-04","trail_time":"10:50:00","trail_latitude":"9.392","trail_longitude":"107.6513333","trail_speed":"8","trail_heading":"284","i_m_o_number":"9217814","DC_ID":"1077"}
14:24:09.706 [main] DEBUG com.polestar.ndcrefill.Main - {"creation_date":"2022-06-04","creation_time":"04:53:23","trail_date":"2022-06-04","trail_time":"04:50:00","trail_latitude":"9.273333333","trail_longitude":"108.5793333","trail_speed":"9.8","trail_heading":"273","i_m_o_number":"9217814","DC_ID":"1077"}
14:24:09.706 [main] DEBUG com.polestar.ndcrefill.Main - {"creation_date":"2022-06-03","creation_time":"22:53:39","trail_date":"2022-06-03","trail_time":"22:50:00","trail_latitude":"9.227333333","trail_longitude":"109.5226667","trail_speed":"9.4","trail_heading":"275","i_m_o_number":"9217814","DC_ID":"1077"}
14:24:09.706 [main] DEBUG com.polestar.ndcrefill.Main - {"creation_date":"2022-06-03","creation_time":"16:53:37","trail_date":"2022-06-03","trail_time":"16:50:00","trail_latitude":"9.178666667","trail_longitude":"110.4493333","trail_speed":"9.6","trail_heading":"274","i_m_o_number":"9217814","DC_ID":"1077"}
14:24:09.707 [main] DEBUG com.polestar.ndcrefill.Main - {"creation_date":"2022-06-03","creation_time":"10:53:23","trail_date":"2022-06-03","trail_time":"10:50:00","trail_latitude":"9.13","trail_longitude":"111.394","trail_speed":"9.2","trail_heading":"271","i_m_o_number":"9217814","DC_ID":"1077"}
14:24:09.707 [main] DEBUG com.polestar.ndcrefill.Main - {"creation_date":"2022-06-03","creation_time":"04:53:24","trail_date":"2022-06-03","trail_time":"04:50:00","trail_latitude":"9.066666667","trail_longitude":"112.3253333","trail_speed":"9.6","trail_heading":"276","i_m_o_number":"9217814","DC_ID":"1077"}
14:24:09.707 [main] DEBUG com.polestar.ndcrefill.Main - {"creation_date":"2022-06-02","creation_time":"22:54:02","trail_date":"2022-06-02","trail_time":"22:50:00","trail_latitude":"8.871333333","trail_longitude":"113.2746667","trail_speed":"10","trail_heading":"293","i_m_o_number":"9217814","DC_ID":"1077"}
14:24:09.707 [main] DEBUG com.polestar.ndcrefill.Main - {"creation_date":"2022-06-02","creation_time":"16:53:20","trail_date":"2022-06-02","trail_time":"16:50:00","trail_latitude":"8.472666667","trail_longitude":"114.2153333","trail_speed":"10","trail_heading":"285","i_m_o_number":"9217814","DC_ID":"1077"}
14:24:09.707 [main] DEBUG com.polestar.ndcrefill.Main - {"creation_date":"2022-06-02","creation_time":"10:53:37","trail_date":"2022-06-02","trail_time":"10:50:00","trail_latitude":"8.184666667","trail_longitude":"115.2226667","trail_speed":"10.2","trail_heading":"286","i_m_o_number":"9217814","DC_ID":"1077"}
14:24:09.707 [main] DEBUG com.polestar.ndcrefill.Main - {"creation_date":"2022-06-02","creation_time":"04:53:39","trail_date":"2022-06-02","trail_time":"04:50:00","trail_latitude":"7.909333333","trail_longitude":"116.244","trail_speed":"11","trail_heading":"286","i_m_o_number":"9217814","DC_ID":"1077"}
14:24:09.708 [main] DEBUG com.polestar.ndcrefill.Main - {"creation_date":"2022-06-05","creation_time":"21:14:50","trail_date":"2022-06-05","trail_time":"21:12:00","trail_latitude":"14.288","trail_longitude":"118.986","trail_speed":"12.2","trail_heading":"250","i_m_o_number":"9240536","DC_ID":"1077"}
14:24:09.708 [main] DEBUG com.polestar.ndcrefill.Main - {"creation_date":"2022-06-05","creation_time":"15:14:14","trail_date":"2022-06-05","trail_time":"15:12:00","trail_latitude":"14.65666667","trail_longitude":"120.18","trail_speed":"11","trail_heading":"228","i_m_o_number":"9240536","DC_ID":"1077"}
14:24:09.708 [main] DEBUG com.polestar.ndcrefill.Main - {"creation_date":"2022-06-05","creation_time":"09:14:30","trail_date":"2022-06-05","trail_time":"09:12:00","trail_latitude":"14.794","trail_longitude":"120.2886667","trail_speed":"0","trail_heading":"290","i_m_o_number":"9240536","DC_ID":"1077"}
14:24:09.708 [main] DEBUG com.polestar.ndcrefill.Main - {"creation_date":"2022-06-05","creation_time":"03:14:50","trail_date":"2022-06-05","trail_time":"03:12:00","trail_latitude":"14.794","trail_longitude":"120.2886667","trail_speed":"0","trail_heading":"274","i_m_o_number":"9240536","DC_ID":"1077"}
14:24:09.708 [main] DEBUG com.polestar.ndcrefill.Main - {"creation_date":"2022-06-04","creation_time":"21:14:49","trail_date":"2022-06-04","trail_time":"21:14:00","trail_latitude":"14.794","trail_longitude":"120.2886667","trail_speed":"0","trail_heading":"318","i_m_o_number":"9240536","DC_ID":"1077"}
14:24:09.708 [main] DEBUG com.polestar.ndcrefill.Main - {"creation_date":"2022-06-04","creation_time":"15:15:41","trail_date":"2022-06-04","trail_time":"15:14:00","trail_latitude":"14.794","trail_longitude":"120.2886667","trail_speed":"0","trail_heading":"121","i_m_o_number":"9240536","DC_ID":"1077"}
14:24:09.709 [main] DEBUG com.polestar.ndcrefill.Main - {"creation_date":"2022-06-04","creation_time":"09:14:50","trail_date":"2022-06-04","trail_time":"09:12:00","trail_latitude":"14.794","trail_longitude":"120.2886667","trail_speed":"0","trail_heading":"346","i_m_o_number":"9240536","DC_ID":"1077"}
14:24:09.709 [main] DEBUG com.polestar.ndcrefill.Main - {"creation_date":"2022-06-04","creation_time":"03:14:16","trail_date":"2022-06-04","trail_time":"03:12:00","trail_latitude":"14.794","trail_longitude":"120.2886667","trail_speed":"0","trail_heading":"175","i_m_o_number":"9240536","DC_ID":"1077"}
14:24:09.709 [main] DEBUG com.polestar.ndcrefill.Main - {"creation_date":"2022-06-03","creation_time":"21:15:19","trail_date":"2022-06-03","trail_time":"21:14:00","trail_latitude":"14.794","trail_longitude":"120.2886667","trail_speed":"0","trail_heading":"9","i_m_o_number":"9240536","DC_ID":"1077"}
14:24:09.709 [main] DEBUG com.polestar.ndcrefill.Main - {"creation_date":"2022-06-03","creation_time":"16:43:59","trail_date":"2022-06-03","trail_time":"16:42:00","trail_latitude":"14.794","trail_longitude":"120.2886667","trail_speed":"0","trail_heading":"3","i_m_o_number":"9240536","DC_ID":"1077"}
14:24:09.709 [main] DEBUG com.polestar.ndcrefill.Main - {"creation_date":"2022-06-03","creation_time":"09:14:46","trail_date":"2022-06-03","trail_time":"09:12:00","trail_latitude":"14.794","trail_longitude":"120.2886667","trail_speed":"0","trail_heading":"12","i_m_o_number":"9240536","DC_ID":"1077"}
14:24:09.709 [main] DEBUG com.polestar.ndcrefill.Main - {"creation_date":"2022-06-03","creation_time":"03:15:29","trail_date":"2022-06-03","trail_time":"03:14:00","trail_latitude":"14.794","trail_longitude":"120.2886667","trail_speed":"0","trail_heading":"339","i_m_o_number":"9240536","DC_ID":"1077"}
14:24:09.709 [main] DEBUG com.polestar.ndcrefill.Main - {"creation_date":"2022-06-02","creation_time":"21:15:09","trail_date":"2022-06-02","trail_time":"21:14:00","trail_latitude":"14.794","trail_longitude":"120.2886667","trail_speed":"0","trail_heading":"321","i_m_o_number":"9240536","DC_ID":"1077"}
14:24:09.710 [main] DEBUG com.polestar.ndcrefill.Main - {"creation_date":"2022-06-02","creation_time":"15:15:12","trail_date":"2022-06-02","trail_time":"15:12:00","trail_latitude":"14.794","trail_longitude":"120.2886667","trail_speed":"0","trail_heading":"282","i_m_o_number":"9240536","DC_ID":"1077"}
14:24:09.710 [main] DEBUG com.polestar.ndcrefill.Main - {"creation_date":"2022-06-02","creation_time":"09:14:20","trail_date":"2022-06-02","trail_time":"09:12:00","trail_latitude":"14.794","trail_longitude":"120.2886667","trail_speed":"0","trail_heading":"19","i_m_o_number":"9240536","DC_ID":"1077"}
14:24:09.710 [main] DEBUG com.polestar.ndcrefill.Main - {"creation_date":"2022-06-02","creation_time":"03:14:33","trail_date":"2022-06-02","trail_time":"03:12:00","trail_latitude":"14.794","trail_longitude":"120.2886667","trail_speed":"0","trail_heading":"165","i_m_o_number":"9240536","DC_ID":"1077"}
14:24:09.710 [main] DEBUG com.polestar.ndcrefill.Main - {"creation_date":"2022-06-05","creation_time":"22:00:58","trail_date":"2022-06-05","trail_time":"21:58:00","trail_latitude":"18.87933333","trail_longitude":"72.864","trail_speed":"0.2","trail_heading":"35","i_m_o_number":"9355862","DC_ID":"1077"}
14:24:09.710 [main] DEBUG com.polestar.ndcrefill.Main - {"creation_date":"2022-06-05","creation_time":"16:01:04","trail_date":"2022-06-05","trail_time":"15:58:00","trail_latitude":"18.87933333","trail_longitude":"72.864","trail_speed":"0.4","trail_heading":"35","i_m_o_number":"9355862","DC_ID":"1077"}
14:24:09.710 [main] DEBUG com.polestar.ndcrefill.Main - {"creation_date":"2022-06-05","creation_time":"10:01:10","trail_date":"2022-06-05","trail_time":"09:58:00","trail_latitude":"18.87866667","trail_longitude":"72.864","trail_speed":"0.6","trail_heading":"64","i_m_o_number":"9355862","DC_ID":"1077"}
14:24:09.711 [main] DEBUG com.polestar.ndcrefill.Main - {"creation_date":"2022-06-05","creation_time":"07:38:30","trail_date":"2022-06-05","trail_time":"07:36:00","trail_latitude":"18.87933333","trail_longitude":"72.864","trail_speed":"0.6","trail_heading":"54","i_m_o_number":"9355862","DC_ID":"1077"}
14:24:09.711 [main] DEBUG com.polestar.ndcrefill.Main - {"creation_date":"2022-06-04","creation_time":"16:00:55","trail_date":"2022-06-04","trail_time":"15:58:00","trail_latitude":"18.87933333","trail_longitude":"72.864","trail_speed":"0.4","trail_heading":"34","i_m_o_number":"9355862","DC_ID":"1077"}
14:24:09.711 [main] DEBUG com.polestar.ndcrefill.Main - {"creation_date":"2022-06-04","creation_time":"10:01:01","trail_date":"2022-06-04","trail_time":"09:58:00","trail_latitude":"18.87933333","trail_longitude":"72.864","trail_speed":"0.2","trail_heading":"33","i_m_o_number":"9355862","DC_ID":"1077"}
14:24:09.711 [main] DEBUG com.polestar.ndcrefill.Main - {"creation_date":"2022-06-04","creation_time":"04:00:55","trail_date":"2022-06-04","trail_time":"03:58:00","trail_latitude":"18.87933333","trail_longitude":"72.864","trail_speed":"0.4","trail_heading":"28","i_m_o_number":"9355862","DC_ID":"1077"}
14:24:09.711 [main] DEBUG com.polestar.ndcrefill.Main - {"creation_date":"2022-06-03","creation_time":"22:01:06","trail_date":"2022-06-03","trail_time":"21:58:00","trail_latitude":"18.87933333","trail_longitude":"72.864","trail_speed":"0.4","trail_heading":"29","i_m_o_number":"9355862","DC_ID":"1077"}
14:24:09.711 [main] DEBUG com.polestar.ndcrefill.Main - {"creation_date":"2022-06-03","creation_time":"16:00:56","trail_date":"2022-06-03","trail_time":"15:58:00","trail_latitude":"18.87933333","trail_longitude":"72.864","trail_speed":"0.2","trail_heading":"30","i_m_o_number":"9355862","DC_ID":"1077"}
14:24:09.711 [main] DEBUG com.polestar.ndcrefill.Main - {"creation_date":"2022-06-03","creation_time":"10:00:56","trail_date":"2022-06-03","trail_time":"09:58:00","trail_latitude":"18.87933333","trail_longitude":"72.864","trail_speed":"0.4","trail_heading":"30","i_m_o_number":"9355862","DC_ID":"1077"}
14:24:09.712 [main] DEBUG com.polestar.ndcrefill.Main - {"creation_date":"2022-06-03","creation_time":"04:01:06","trail_date":"2022-06-03","trail_time":"03:58:00","trail_latitude":"18.87933333","trail_longitude":"72.864","trail_speed":"0.2","trail_heading":"40","i_m_o_number":"9355862","DC_ID":"1077"}
14:24:09.712 [main] DEBUG com.polestar.ndcrefill.Main - {"creation_date":"2022-06-02","creation_time":"22:01:06","trail_date":"2022-06-02","trail_time":"21:58:00","trail_latitude":"18.87933333","trail_longitude":"72.864","trail_speed":"0.4","trail_heading":"24","i_m_o_number":"9355862","DC_ID":"1077"}
14:24:09.712 [main] DEBUG com.polestar.ndcrefill.Main - {"creation_date":"2022-06-02","creation_time":"16:00:53","trail_date":"2022-06-02","trail_time":"15:58:00","trail_latitude":"18.87933333","trail_longitude":"72.864","trail_speed":"0.2","trail_heading":"7","i_m_o_number":"9355862","DC_ID":"1077"}
14:24:09.712 [main] DEBUG com.polestar.ndcrefill.Main - {"creation_date":"2022-06-02","creation_time":"10:01:45","trail_date":"2022-06-02","trail_time":"09:58:00","trail_latitude":"18.87933333","trail_longitude":"72.864","trail_speed":"0.8","trail_heading":"32","i_m_o_number":"9355862","DC_ID":"1077"}
14:24:09.712 [main] DEBUG com.polestar.ndcrefill.Main - {"creation_date":"2022-06-02","creation_time":"04:00:53","trail_date":"2022-06-02","trail_time":"03:58:00","trail_latitude":"18.87933333","trail_longitude":"72.864","trail_speed":"0.2","trail_heading":"39","i_m_o_number":"9355862","DC_ID":"1077"}
14:24:09.712 [main] DEBUG com.polestar.ndcrefill.Main - {"creation_date":"2022-06-05","creation_time":"18:56:28","trail_date":"2022-06-05","trail_time":"18:54:00","trail_latitude":"25.29266667","trail_longitude":"56.85866667","trail_speed":"0.6","trail_heading":"335","i_m_o_number":"9226011","DC_ID":"1077"}
14:24:09.713 [main] DEBUG com.polestar.ndcrefill.Main - {"creation_date":"2022-06-05","creation_time":"12:57:31","trail_date":"2022-06-05","trail_time":"12:56:00","trail_latitude":"25.202","trail_longitude":"56.78666667","trail_speed":"0.4","trail_heading":"324","i_m_o_number":"9226011","DC_ID":"1077"}
14:24:09.713 [main] DEBUG com.polestar.ndcrefill.Main - {"creation_date":"2022-06-05","creation_time":"06:57:02","trail_date":"2022-06-05","trail_time":"06:56:00","trail_latitude":"25.192","trail_longitude":"56.83133333","trail_speed":"0.4","trail_heading":"234","i_m_o_number":"9226011","DC_ID":"1077"}
14:24:09.713 [main] DEBUG com.polestar.ndcrefill.Main - {"creation_date":"2022-06-05","creation_time":"00:56:41","trail_date":"2022-06-05","trail_time":"00:54:00","trail_latitude":"25.22066667","trail_longitude":"56.83666667","trail_speed":"3.8","trail_heading":"182","i_m_o_number":"9226011","DC_ID":"1077"}
14:24:09.713 [main] DEBUG com.polestar.ndcrefill.Main - {"creation_date":"2022-06-04","creation_time":"18:56:11","trail_date":"2022-06-04","trail_time":"18:54:00","trail_latitude":"25.21933333","trail_longitude":"56.86066667","trail_speed":"4","trail_heading":"183","i_m_o_number":"9226011","DC_ID":"1077"}
14:24:09.713 [main] DEBUG com.polestar.ndcrefill.Main - {"creation_date":"2022-06-04","creation_time":"12:56:46","trail_date":"2022-06-04","trail_time":"12:54:00","trail_latitude":"25.26466667","trail_longitude":"56.85333333","trail_speed":"0.8","trail_heading":"325","i_m_o_number":"9226011","DC_ID":"1077"}
14:24:09.713 [main] DEBUG com.polestar.ndcrefill.Main - {"creation_date":"2022-06-04","creation_time":"06:57:13","trail_date":"2022-06-04","trail_time":"06:56:00","trail_latitude":"25.25733333","trail_longitude":"56.79866667","trail_speed":"0.4","trail_heading":"261","i_m_o_number":"9226011","DC_ID":"1077"}
14:24:09.713 [main] DEBUG com.polestar.ndcrefill.Main - {"creation_date":"2022-06-04","creation_time":"00:56:26","trail_date":"2022-06-04","trail_time":"00:54:00","trail_latitude":"25.27266667","trail_longitude":"56.82266667","trail_speed":"0","trail_heading":"202","i_m_o_number":"9226011","DC_ID":"1077"}
14:24:09.714 [main] DEBUG com.polestar.ndcrefill.Main - {"creation_date":"2022-06-03","creation_time":"18:57:10","trail_date":"2022-06-03","trail_time":"18:56:00","trail_latitude":"25.252","trail_longitude":"56.848","trail_speed":"3.2","trail_heading":"233","i_m_o_number":"9226011","DC_ID":"1077"}
14:24:09.714 [main] DEBUG com.polestar.ndcrefill.Main - {"creation_date":"2022-06-03","creation_time":"12:59:19","trail_date":"2022-06-03","trail_time":"12:54:00","trail_latitude":"25.302","trail_longitude":"56.81333333","trail_speed":"2","trail_heading":"77","i_m_o_number":"9226011","DC_ID":"1077"}
14:24:09.714 [main] DEBUG com.polestar.ndcrefill.Main - {"creation_date":"2022-06-03","creation_time":"06:57:12","trail_date":"2022-06-03","trail_time":"06:56:00","trail_latitude":"25.27266667","trail_longitude":"56.84733333","trail_speed":"0.2","trail_heading":"321","i_m_o_number":"9226011","DC_ID":"1077"}
14:24:09.714 [main] DEBUG com.polestar.ndcrefill.Main - {"creation_date":"2022-06-03","creation_time":"00:56:03","trail_date":"2022-06-03","trail_time":"00:54:00","trail_latitude":"25.23866667","trail_longitude":"56.86","trail_speed":"0.2","trail_heading":"327","i_m_o_number":"9226011","DC_ID":"1077"}
14:24:09.714 [main] DEBUG com.polestar.ndcrefill.Main - {"creation_date":"2022-06-02","creation_time":"18:56:11","trail_date":"2022-06-02","trail_time":"18:54:00","trail_latitude":"25.25266667","trail_longitude":"56.84266667","trail_speed":"0.4","trail_heading":"323","i_m_o_number":"9226011","DC_ID":"1077"}
14:24:09.714 [main] DEBUG com.polestar.ndcrefill.Main - {"creation_date":"2022-06-02","creation_time":"12:57:02","trail_date":"2022-06-02","trail_time":"12:56:00","trail_latitude":"25.20933333","trail_longitude":"56.86733333","trail_speed":"0.2","trail_heading":"343","i_m_o_number":"9226011","DC_ID":"1077"}
14:24:09.714 [main] DEBUG com.polestar.ndcrefill.Main - {"creation_date":"2022-06-02","creation_time":"06:56:26","trail_date":"2022-06-02","trail_time":"06:54:00","trail_latitude":"25.25533333","trail_longitude":"56.89933333","trail_speed":"0.2","trail_heading":"0","i_m_o_number":"9226011","DC_ID":"1077"}
14:24:09.715 [main] DEBUG com.polestar.ndcrefill.Main - {"creation_date":"2022-06-02","creation_time":"00:57:27","trail_date":"2022-06-02","trail_time":"00:56:00","trail_latitude":"25.22933333","trail_longitude":"56.882","trail_speed":"0.4","trail_heading":"24","i_m_o_number":"9226011","DC_ID":"1077"}
14:24:09.715 [main] DEBUG com.polestar.ndcrefill.Main - {"creation_date":"2022-06-05","creation_time":"21:51:19","trail_date":"2022-06-05","trail_time":"21:48:00","trail_latitude":"29.894","trail_longitude":"122.362","trail_speed":"0","trail_heading":"298","i_m_o_number":"9065534","DC_ID":"1077"}
14:24:09.715 [main] DEBUG com.polestar.ndcrefill.Main - {"creation_date":"2022-06-05","creation_time":"15:51:14","trail_date":"2022-06-05","trail_time":"15:48:00","trail_latitude":"29.894","trail_longitude":"122.362","trail_speed":"0.2","trail_heading":"309","i_m_o_number":"9065534","DC_ID":"1077"}
14:24:09.715 [main] DEBUG com.polestar.ndcrefill.Main - {"creation_date":"2022-06-05","creation_time":"09:51:07","trail_date":"2022-06-05","trail_time":"09:48:00","trail_latitude":"29.894","trail_longitude":"122.362","trail_speed":"0","trail_heading":"286","i_m_o_number":"9065534","DC_ID":"1077"}
14:24:09.715 [main] DEBUG com.polestar.ndcrefill.Main - {"creation_date":"2022-06-05","creation_time":"03:51:02","trail_date":"2022-06-05","trail_time":"03:48:00","trail_latitude":"29.894","trail_longitude":"122.362","trail_speed":"0","trail_heading":"305","i_m_o_number":"9065534","DC_ID":"1077"}
14:24:09.715 [main] DEBUG com.polestar.ndcrefill.Main - {"creation_date":"2022-06-04","creation_time":"15:51:07","trail_date":"2022-06-04","trail_time":"15:48:00","trail_latitude":"29.894","trail_longitude":"122.362","trail_speed":"0","trail_heading":"296","i_m_o_number":"9065534","DC_ID":"1077"}
14:24:09.715 [main] DEBUG com.polestar.ndcrefill.Main - {"creation_date":"2022-06-04","creation_time":"09:51:01","trail_date":"2022-06-04","trail_time":"09:48:00","trail_latitude":"29.894","trail_longitude":"122.362","trail_speed":"0","trail_heading":"270","i_m_o_number":"9065534","DC_ID":"1077"}
14:24:09.716 [main] DEBUG com.polestar.ndcrefill.Main - {"creation_date":"2022-06-03","creation_time":"15:52:20","trail_date":"2022-06-03","trail_time":"15:48:00","trail_latitude":"29.894","trail_longitude":"122.362","trail_speed":"0","trail_heading":"298","i_m_o_number":"9065534","DC_ID":"1077"}
14:24:09.716 [main] DEBUG com.polestar.ndcrefill.Main - {"creation_date":"2022-06-03","creation_time":"09:51:28","trail_date":"2022-06-03","trail_time":"09:48:00","trail_latitude":"29.894","trail_longitude":"122.362","trail_speed":"0","trail_heading":"266","i_m_o_number":"9065534","DC_ID":"1077"}
14:24:09.716 [main] DEBUG com.polestar.ndcrefill.Main - {"creation_date":"2022-06-02","creation_time":"22:02:43","trail_date":"2022-06-02","trail_time":"21:56:00","trail_latitude":"29.894","trail_longitude":"122.362","trail_speed":"0","trail_heading":"285","i_m_o_number":"9065534","DC_ID":"1077"}
14:24:09.716 [main] DEBUG com.polestar.ndcrefill.Main - {"creation_date":"2022-06-02","creation_time":"09:53:15","trail_date":"2022-06-02","trail_time":"09:48:00","trail_latitude":"29.894","trail_longitude":"122.362","trail_speed":"0","trail_heading":"283","i_m_o_number":"9065534","DC_ID":"1077"}
14:24:09.716 [main] DEBUG com.polestar.ndcrefill.Main - {"creation_date":"2022-06-02","creation_time":"03:54:15","trail_date":"2022-06-02","trail_time":"03:48:00","trail_latitude":"29.894","trail_longitude":"122.362","trail_speed":"0","trail_heading":"302","i_m_o_number":"9065534","DC_ID":"1077"}
14:24:09.716 [main] DEBUG com.polestar.ndcrefill.Main - {"creation_date":"2022-06-05","creation_time":"18:59:15","trail_date":"2022-06-05","trail_time":"18:58:00","trail_latitude":"-6.096666667","trail_longitude":"106.8806667","trail_speed":"0","trail_heading":"213","i_m_o_number":"9741231","DC_ID":"1077"}
14:24:09.716 [main] DEBUG com.polestar.ndcrefill.Main - {"creation_date":"2022-06-05","creation_time":"12:59:34","trail_date":"2022-06-05","trail_time":"12:58:00","trail_latitude":"-6.096666667","trail_longitude":"106.8806667","trail_speed":"0","trail_heading":"213","i_m_o_number":"9741231","DC_ID":"1077"}
14:24:09.716 [main] DEBUG com.polestar.ndcrefill.Main - {"creation_date":"2022-06-05","creation_time":"06:59:20","trail_date":"2022-06-05","trail_time":"06:58:00","trail_latitude":"-6.096666667","trail_longitude":"106.8806667","trail_speed":"0","trail_heading":"213","i_m_o_number":"9741231","DC_ID":"1077"}
14:24:09.717 [main] DEBUG com.polestar.ndcrefill.Main - {"creation_date":"2022-06-05","creation_time":"00:59:28","trail_date":"2022-06-05","trail_time":"00:58:00","trail_latitude":"-6.096666667","trail_longitude":"106.8806667","trail_speed":"0","trail_heading":"213","i_m_o_number":"9741231","DC_ID":"1077"}
14:24:09.717 [main] DEBUG com.polestar.ndcrefill.Main - {"creation_date":"2022-06-04","creation_time":"18:59:16","trail_date":"2022-06-04","trail_time":"18:58:00","trail_latitude":"-6.096666667","trail_longitude":"106.8806667","trail_speed":"0","trail_heading":"213","i_m_o_number":"9741231","DC_ID":"1077"}
14:24:09.717 [main] DEBUG com.polestar.ndcrefill.Main - {"creation_date":"2022-06-04","creation_time":"12:59:32","trail_date":"2022-06-04","trail_time":"12:58:00","trail_latitude":"-6.096666667","trail_longitude":"106.8806667","trail_speed":"0","trail_heading":"213","i_m_o_number":"9741231","DC_ID":"1077"}
14:24:09.717 [main] DEBUG com.polestar.ndcrefill.Main - {"creation_date":"2022-06-02","creation_time":"00:59:29","trail_date":"2022-06-02","trail_time":"00:58:00","trail_latitude":"-6.096666667","trail_longitude":"106.8806667","trail_speed":"0","trail_heading":"213","i_m_o_number":"9741231","DC_ID":"1077"}
14:24:09.717 [main] DEBUG com.polestar.ndcrefill.Main - {"creation_date":"2022-06-02","creation_time":"06:59:37","trail_date":"2022-06-02","trail_time":"06:58:00","trail_latitude":"-6.096666667","trail_longitude":"106.8806667","trail_speed":"0","trail_heading":"213","i_m_o_number":"9741231","DC_ID":"1077"}
14:24:09.717 [main] DEBUG com.polestar.ndcrefill.Main - {"creation_date":"2022-06-02","creation_time":"12:59:22","trail_date":"2022-06-02","trail_time":"12:58:00","trail_latitude":"-6.096666667","trail_longitude":"106.8806667","trail_speed":"0","trail_heading":"213","i_m_o_number":"9741231","DC_ID":"1077"}
14:24:09.717 [main] DEBUG com.polestar.ndcrefill.Main - {"creation_date":"2022-06-02","creation_time":"18:59:20","trail_date":"2022-06-02","trail_time":"18:58:00","trail_latitude":"-6.096666667","trail_longitude":"106.8806667","trail_speed":"0","trail_heading":"213","i_m_o_number":"9741231","DC_ID":"1077"}
14:24:10.702 [main] DEBUG com.polestar.ndcrefill.Main - [0,0,0,0,0,0,0,0,0,0,0,0,0,0,0,0,0,0,0,0,0,0,0,0,0,0,0,0,0,0,0,0,0,0,0,0,0,0,0,0,0,0,0,0,0,0,0,0,0,0,0,0,0,0,0,0,0,0,0,0,0,0,0,0,0,0,0,0,0,0,0,0,0,0,0,0,0,0,0,0,0,0,0,0,0,0,0,0,0,0,0,0,0,0,0,0,0,0,0,0]
14:24:10.702 [main] INFO  com.polestar.ndcrefill.Main - Current position: 100 out of 122
14:24:10.703 [main] DEBUG com.polestar.ndcrefill.Main - {"creation_date":"2022-06-03","creation_time":"00:59:11","trail_date":"2022-06-03","trail_time":"00:58:00","trail_latitude":"-6.096666667","trail_longitude":"106.8806667","trail_speed":"0","trail_heading":"213","i_m_o_number":"9741231","DC_ID":"1077"}
14:24:10.704 [main] DEBUG com.polestar.ndcrefill.Main - {"creation_date":"2022-06-03","creation_time":"06:59:53","trail_date":"2022-06-03","trail_time":"06:58:00","trail_latitude":"-6.096666667","trail_longitude":"106.8806667","trail_speed":"0","trail_heading":"213","i_m_o_number":"9741231","DC_ID":"1077"}
14:24:10.704 [main] DEBUG com.polestar.ndcrefill.Main - {"creation_date":"2022-06-03","creation_time":"12:59:14","trail_date":"2022-06-03","trail_time":"12:58:00","trail_latitude":"-6.096666667","trail_longitude":"106.8806667","trail_speed":"0","trail_heading":"213","i_m_o_number":"9741231","DC_ID":"1077"}
14:24:10.705 [main] DEBUG com.polestar.ndcrefill.Main - {"creation_date":"2022-06-03","creation_time":"18:59:29","trail_date":"2022-06-03","trail_time":"18:58:00","trail_latitude":"-6.096666667","trail_longitude":"106.8806667","trail_speed":"0","trail_heading":"213","i_m_o_number":"9741231","DC_ID":"1077"}
14:24:10.706 [main] DEBUG com.polestar.ndcrefill.Main - {"creation_date":"2022-06-04","creation_time":"00:59:34","trail_date":"2022-06-04","trail_time":"00:58:00","trail_latitude":"-6.096666667","trail_longitude":"106.8806667","trail_speed":"0","trail_heading":"213","i_m_o_number":"9741231","DC_ID":"1077"}
14:24:10.706 [main] DEBUG com.polestar.ndcrefill.Main - {"creation_date":"2022-06-04","creation_time":"06:59:29","trail_date":"2022-06-04","trail_time":"06:58:00","trail_latitude":"-6.096666667","trail_longitude":"106.8806667","trail_speed":"0","trail_heading":"213","i_m_o_number":"9741231","DC_ID":"1077"}
14:24:10.707 [main] DEBUG com.polestar.ndcrefill.Main - {"creation_date":"2022-06-05","creation_time":"18:37:46","trail_date":"2022-06-05","trail_time":"18:36:00","trail_latitude":"2.218","trail_longitude":"145.1686667","trail_speed":"0.2","trail_heading":"210","i_m_o_number":"9114842","DC_ID":"1077"}
14:24:10.707 [main] DEBUG com.polestar.ndcrefill.Main - {"creation_date":"2022-06-05","creation_time":"12:36:36","trail_date":"2022-06-05","trail_time":"12:34:00","trail_latitude":"2.229333333","trail_longitude":"145.1946667","trail_speed":"0.6","trail_heading":"291","i_m_o_number":"9114842","DC_ID":"1077"}
14:24:10.708 [main] DEBUG com.polestar.ndcrefill.Main - {"creation_date":"2022-06-05","creation_time":"06:37:20","trail_date":"2022-06-05","trail_time":"06:36:00","trail_latitude":"2.223333333","trail_longitude":"145.246","trail_speed":"0.4","trail_heading":"265","i_m_o_number":"9114842","DC_ID":"1077"}
14:24:10.708 [main] DEBUG com.polestar.ndcrefill.Main - {"creation_date":"2022-06-05","creation_time":"00:36:40","trail_date":"2022-06-05","trail_time":"00:34:00","trail_latitude":"2.212666667","trail_longitude":"145.2946667","trail_speed":"0.6","trail_heading":"302","i_m_o_number":"9114842","DC_ID":"1077"}
14:24:10.709 [main] DEBUG com.polestar.ndcrefill.Main - {"creation_date":"2022-06-04","creation_time":"18:37:58","trail_date":"2022-06-04","trail_time":"18:34:00","trail_latitude":"2.21","trail_longitude":"145.35","trail_speed":"0.6","trail_heading":"250","i_m_o_number":"9114842","DC_ID":"1077"}
14:24:10.709 [main] DEBUG com.polestar.ndcrefill.Main - {"creation_date":"2022-06-04","creation_time":"12:37:42","trail_date":"2022-06-04","trail_time":"12:34:00","trail_latitude":"2.264666667","trail_longitude":"145.4053333","trail_speed":"0.4","trail_heading":"247","i_m_o_number":"9114842","DC_ID":"1077"}
14:24:10.710 [main] DEBUG com.polestar.ndcrefill.Main - {"creation_date":"2022-06-02","creation_time":"00:37:10","trail_date":"2022-06-02","trail_time":"00:36:00","trail_latitude":"-0.5806666667","trail_longitude":"149.7366667","trail_speed":"1","trail_heading":"284","i_m_o_number":"9114842","DC_ID":"1077"}
14:24:10.711 [main] DEBUG com.polestar.ndcrefill.Main - {"creation_date":"2022-06-02","creation_time":"06:36:36","trail_date":"2022-06-02","trail_time":"06:34:00","trail_latitude":"-0.3126666667","trail_longitude":"149.3086667","trail_speed":"7.8","trail_heading":"311","i_m_o_number":"9114842","DC_ID":"1077"}
14:24:10.711 [main] DEBUG com.polestar.ndcrefill.Main - {"creation_date":"2022-06-02","creation_time":"12:36:50","trail_date":"2022-06-02","trail_time":"12:34:00","trail_latitude":"0.1206666667","trail_longitude":"148.6946667","trail_speed":"7.6","trail_heading":"298","i_m_o_number":"9114842","DC_ID":"1077"}
14:24:10.712 [main] DEBUG com.polestar.ndcrefill.Main - {"creation_date":"2022-06-02","creation_time":"18:37:11","trail_date":"2022-06-02","trail_time":"18:34:00","trail_latitude":"0.5553333333","trail_longitude":"148.066","trail_speed":"7.6","trail_heading":"306","i_m_o_number":"9114842","DC_ID":"1077"}
14:24:10.712 [main] DEBUG com.polestar.ndcrefill.Main - {"creation_date":"2022-06-03","creation_time":"00:36:59","trail_date":"2022-06-03","trail_time":"00:34:00","trail_latitude":"1.007333333","trail_longitude":"147.4213333","trail_speed":"7.8","trail_heading":"315","i_m_o_number":"9114842","DC_ID":"1077"}
14:24:10.713 [main] DEBUG com.polestar.ndcrefill.Main - {"creation_date":"2022-06-03","creation_time":"06:36:40","trail_date":"2022-06-03","trail_time":"06:34:00","trail_latitude":"1.474666667","trail_longitude":"146.756","trail_speed":"8.2","trail_heading":"303","i_m_o_number":"9114842","DC_ID":"1077"}
14:24:10.713 [main] DEBUG com.polestar.ndcrefill.Main - {"creation_date":"2022-06-03","creation_time":"12:37:02","trail_date":"2022-06-03","trail_time":"12:34:00","trail_latitude":"1.967333333","trail_longitude":"146.064","trail_speed":"8.6","trail_heading":"302","i_m_o_number":"9114842","DC_ID":"1077"}
14:24:10.714 [main] DEBUG com.polestar.ndcrefill.Main - {"creation_date":"2022-06-03","creation_time":"18:36:49","trail_date":"2022-06-03","trail_time":"18:34:00","trail_latitude":"2.068666667","trail_longitude":"145.8946667","trail_speed":"1.4","trail_heading":"300","i_m_o_number":"9114842","DC_ID":"1077"}
14:24:10.714 [main] DEBUG com.polestar.ndcrefill.Main - {"creation_date":"2022-06-04","creation_time":"00:36:27","trail_date":"2022-06-04","trail_time":"00:34:00","trail_latitude":"2.209333333","trail_longitude":"145.5913333","trail_speed":"7","trail_heading":"291","i_m_o_number":"9114842","DC_ID":"1077"}
14:24:10.715 [main] DEBUG com.polestar.ndcrefill.Main - {"creation_date":"2022-06-04","creation_time":"06:37:22","trail_date":"2022-06-04","trail_time":"06:36:00","trail_latitude":"2.33","trail_longitude":"145.2453333","trail_speed":"1.2","trail_heading":"250","i_m_o_number":"9114842","DC_ID":"1077"}
14:24:11.422 [main] DEBUG com.polestar.ndcrefill.Main - [0,0,0,0,0,0,0,0,0,0,0,0,0,0,0,0,0,0,0,0,0,0]
14:24:11.422 [main] INFO  com.polestar.ndcrefill.Main - Current position: 122 out of 122
14:24:11.423 [main] INFO  com.polestar.ndcrefill.Main - -----------------------------------------------------------------
14:24:12.032 [main] INFO  com.polestar.ndcrefill.Main - new max shippositionID: 108133
14:24:12.033 [main] INFO  com.polestar.ndcrefill.Main - new ship position generator value 2172
14:24:12.695 [main] INFO  com.polestar.ndcrefill.Main - Updated Ship Position Generator value successfully
14:24:12.695 [main] INFO  com.polestar.ndcrefill.Main - -----------------------------------------------------------------
14:24:13.332 [main] INFO  com.polestar.ndcrefill.Main - new max messageID: 301766
14:24:13.333 [main] INFO  com.polestar.ndcrefill.Main - new message generator value 6045
14:24:13.707 [main] INFO  com.polestar.ndcrefill.Main - Updated Message Generator value successfully
14:24:13.709 [main] INFO  com.polestar.ndcrefill.Main - -----------------------------------------------------------------
14:24:13.709 [main] INFO  com.polestar.ndcrefill.Main - finished: 2022-06-15 14:24:13.709
14:24:13.711 [main] INFO  com.polestar.ndcrefill.Main - time taken: PT13.564S
14:24:13.711 [main] INFO  com.polestar.ndcrefill.Main - -----------------------------------------------------------------
