14:53:49.241 [main] INFO  com.polestar.ndcrefill.Main - -----------------------------------------------------------------
14:53:49.244 [main] INFO  com.polestar.ndcrefill.Main - Start: 2022-06-17 14:53:49.243
14:53:49.244 [main] INFO  com.polestar.ndcrefill.Main - -----------------------------------------------------------------
14:53:49.244 [main] INFO  com.polestar.ndcrefill.Main - Starting Backfill
14:53:49.244 [main] INFO  com.polestar.ndcrefill.Main - HOST: jdbc:postgresql://localhost:6432/
14:53:49.244 [main] INFO  com.polestar.ndcrefill.Main - MASTER_USERNAME: lrit
14:53:49.244 [main] INFO  com.polestar.ndcrefill.Main - DO_INSERTS: true
14:53:49.244 [main] INFO  com.polestar.ndcrefill.Main - FILE_LOCATION: src/main/resources/missing_positions.csv
14:53:49.244 [main] INFO  com.polestar.ndcrefill.Main - FLAG_CODE: 1097
14:53:49.244 [main] INFO  com.polestar.ndcrefill.Main - DATA_CENTER_IDENTIFIER: 3097
14:53:50.530 [main] INFO  com.polestar.ndcrefill.Main - -----------------------------------------------------------------
14:53:50.531 [main] INFO  com.polestar.ndcrefill.Main - Starting Details
14:53:50.840 [main] INFO  com.polestar.ndcrefill.Main - ShipPosition Generator Value: 858
14:53:51.134 [main] INFO  com.polestar.ndcrefill.Main - Message Generator Value: 2844
14:53:51.442 [main] INFO  com.polestar.ndcrefill.Main - current max ship position id is: 42860 starting shipPositionID: 44860
14:53:52.029 [main] INFO  com.polestar.ndcrefill.Main - current max message id is: 142177 starting messageID: 144177
14:53:52.030 [main] INFO  com.polestar.ndcrefill.Main - -----------------------------------------------------------------
14:53:52.030 [main] INFO  com.polestar.ndcrefill.Main - Updating Insert Positions function
14:53:52.782 [main] INFO  com.polestar.ndcrefill.Main - Updated Successfully
14:53:52.782 [main] INFO  com.polestar.ndcrefill.Main - -----------------------------------------------------------------
14:53:52.784 [main] INFO  com.polestar.ndcrefill.FileService - starting to process file
14:53:53.053 [main] INFO  com.polestar.ndcrefill.FileService - Positions count: 191
14:53:53.053 [main] INFO  com.polestar.ndcrefill.Main - -----------------------------------------------------------------
14:53:53.060 [main] DEBUG com.polestar.ndcrefill.Main - {"creation_date":"2022-06-05","creation_time":"22:20:31","trail_date":"2022-06-05","trail_time":"22:18:00","trail_latitude":"36.14733333","trail_longitude":"-5.365333333","trail_speed":"0","trail_heading":"186","i_m_o_number":"9112777","DC_ID":"1097"}
14:53:53.061 [main] DEBUG com.polestar.ndcrefill.Main - {"creation_date":"2022-06-05","creation_time":"16:20:21","trail_date":"2022-06-05","trail_time":"16:18:00","trail_latitude":"36.132","trail_longitude":"-5.437333333","trail_speed":"0","trail_heading":"354","i_m_o_number":"9112777","DC_ID":"1097"}
14:53:53.061 [main] DEBUG com.polestar.ndcrefill.Main - {"creation_date":"2022-06-05","creation_time":"10:20:28","trail_date":"2022-06-05","trail_time":"10:18:00","trail_latitude":"36.132","trail_longitude":"-5.437333333","trail_speed":"0","trail_heading":"51","i_m_o_number":"9112777","DC_ID":"1097"}
14:53:53.061 [main] DEBUG com.polestar.ndcrefill.Main - {"creation_date":"2022-06-05","creation_time":"04:20:16","trail_date":"2022-06-05","trail_time":"04:18:00","trail_latitude":"36.132","trail_longitude":"-5.437333333","trail_speed":"0","trail_heading":"69","i_m_o_number":"9112777","DC_ID":"1097"}
14:53:53.062 [main] DEBUG com.polestar.ndcrefill.Main - {"creation_date":"2022-06-04","creation_time":"22:20:31","trail_date":"2022-06-04","trail_time":"22:18:00","trail_latitude":"36.132","trail_longitude":"-5.437333333","trail_speed":"0","trail_heading":"12","i_m_o_number":"9112777","DC_ID":"1097"}
14:53:53.062 [main] DEBUG com.polestar.ndcrefill.Main - {"creation_date":"2022-06-04","creation_time":"16:20:46","trail_date":"2022-06-04","trail_time":"16:18:00","trail_latitude":"36.132","trail_longitude":"-5.437333333","trail_speed":"0","trail_heading":"359","i_m_o_number":"9112777","DC_ID":"1097"}
14:53:53.062 [main] DEBUG com.polestar.ndcrefill.Main - {"creation_date":"2022-06-04","creation_time":"10:20:14","trail_date":"2022-06-04","trail_time":"10:18:00","trail_latitude":"36.132","trail_longitude":"-5.437333333","trail_speed":"0","trail_heading":"322","i_m_o_number":"9112777","DC_ID":"1097"}
14:53:53.062 [main] DEBUG com.polestar.ndcrefill.Main - {"creation_date":"2022-06-04","creation_time":"04:20:31","trail_date":"2022-06-04","trail_time":"04:18:00","trail_latitude":"36.132","trail_longitude":"-5.437333333","trail_speed":"2.8","trail_heading":"49","i_m_o_number":"9112777","DC_ID":"1097"}
14:53:53.063 [main] DEBUG com.polestar.ndcrefill.Main - {"creation_date":"2022-06-03","creation_time":"22:20:36","trail_date":"2022-06-03","trail_time":"22:18:00","trail_latitude":"36.132","trail_longitude":"-5.437333333","trail_speed":"0","trail_heading":"184","i_m_o_number":"9112777","DC_ID":"1097"}
14:53:53.063 [main] DEBUG com.polestar.ndcrefill.Main - {"creation_date":"2022-06-03","creation_time":"16:20:44","trail_date":"2022-06-03","trail_time":"16:18:00","trail_latitude":"36.132","trail_longitude":"-5.437333333","trail_speed":"0","trail_heading":"13","i_m_o_number":"9112777","DC_ID":"1097"}
14:53:53.063 [main] DEBUG com.polestar.ndcrefill.Main - {"creation_date":"2022-06-03","creation_time":"10:20:49","trail_date":"2022-06-03","trail_time":"10:18:00","trail_latitude":"36.132","trail_longitude":"-5.437333333","trail_speed":"0","trail_heading":"115","i_m_o_number":"9112777","DC_ID":"1097"}
14:53:53.063 [main] DEBUG com.polestar.ndcrefill.Main - {"creation_date":"2022-06-03","creation_time":"04:25:53","trail_date":"2022-06-03","trail_time":"04:18:00","trail_latitude":"36.14933333","trail_longitude":"-5.422666667","trail_speed":"12.6","trail_heading":"280","i_m_o_number":"9112777","DC_ID":"1097"}
14:53:53.063 [main] DEBUG com.polestar.ndcrefill.Main - {"creation_date":"2022-06-02","creation_time":"22:20:22","trail_date":"2022-06-02","trail_time":"22:18:00","trail_latitude":"36.044","trail_longitude":"-5.4","trail_speed":"19.4","trail_heading":"23","i_m_o_number":"9112777","DC_ID":"1097"}
14:53:53.064 [main] DEBUG com.polestar.ndcrefill.Main - {"creation_date":"2022-06-02","creation_time":"16:20:20","trail_date":"2022-06-02","trail_time":"16:18:00","trail_latitude":"35.88","trail_longitude":"-5.515333333","trail_speed":"0.2","trail_heading":"25","i_m_o_number":"9112777","DC_ID":"1097"}
14:53:53.064 [main] DEBUG com.polestar.ndcrefill.Main - {"creation_date":"2022-06-02","creation_time":"10:20:17","trail_date":"2022-06-02","trail_time":"10:18:00","trail_latitude":"36.132","trail_longitude":"-5.437333333","trail_speed":"0","trail_heading":"107","i_m_o_number":"9112777","DC_ID":"1097"}
14:53:53.064 [main] DEBUG com.polestar.ndcrefill.Main - {"creation_date":"2022-06-02","creation_time":"04:20:34","trail_date":"2022-06-02","trail_time":"04:18:00","trail_latitude":"36.13333333","trail_longitude":"-5.434666667","trail_speed":"8","trail_heading":"55","i_m_o_number":"9112777","DC_ID":"1097"}
14:53:53.064 [main] DEBUG com.polestar.ndcrefill.Main - {"creation_date":"2022-06-05","creation_time":"19:11:28","trail_date":"2022-06-05","trail_time":"19:08:00","trail_latitude":"37.55466667","trail_longitude":"5.806","trail_speed":"0","trail_heading":"0","i_m_o_number":"9354349","DC_ID":"1097"}
14:53:53.065 [main] DEBUG com.polestar.ndcrefill.Main - {"creation_date":"2022-06-05","creation_time":"13:11:27","trail_date":"2022-06-05","trail_time":"13:08:00","trail_latitude":"37.65466667","trail_longitude":"7.37","trail_speed":"0","trail_heading":"0","i_m_o_number":"9354349","DC_ID":"1097"}
14:53:53.065 [main] DEBUG com.polestar.ndcrefill.Main - {"creation_date":"2022-06-05","creation_time":"07:26:34","trail_date":"2022-06-05","trail_time":"07:08:00","trail_latitude":"37.726","trail_longitude":"8.958666667","trail_speed":"0","trail_heading":"0","i_m_o_number":"9354349","DC_ID":"1097"}
14:53:53.065 [main] DEBUG com.polestar.ndcrefill.Main - {"creation_date":"2022-06-05","creation_time":"01:12:23","trail_date":"2022-06-05","trail_time":"01:08:00","trail_latitude":"37.65533333","trail_longitude":"10.318","trail_speed":"0","trail_heading":"0","i_m_o_number":"9354349","DC_ID":"1097"}
14:53:53.065 [main] DEBUG com.polestar.ndcrefill.Main - {"creation_date":"2022-06-04","creation_time":"19:13:02","trail_date":"2022-06-04","trail_time":"19:08:00","trail_latitude":"36.80666667","trail_longitude":"10.26866667","trail_speed":"0","trail_heading":"0","i_m_o_number":"9354349","DC_ID":"1097"}
14:53:53.065 [main] DEBUG com.polestar.ndcrefill.Main - {"creation_date":"2022-06-04","creation_time":"13:16:15","trail_date":"2022-06-04","trail_time":"13:08:00","trail_latitude":"36.80666667","trail_longitude":"10.268","trail_speed":"0","trail_heading":"0","i_m_o_number":"9354349","DC_ID":"1097"}
14:53:53.066 [main] DEBUG com.polestar.ndcrefill.Main - {"creation_date":"2022-06-04","creation_time":"07:13:06","trail_date":"2022-06-04","trail_time":"07:08:00","trail_latitude":"36.80666667","trail_longitude":"10.268","trail_speed":"0","trail_heading":"0","i_m_o_number":"9354349","DC_ID":"1097"}
14:53:53.066 [main] DEBUG com.polestar.ndcrefill.Main - {"creation_date":"2022-06-04","creation_time":"01:11:19","trail_date":"2022-06-04","trail_time":"01:08:00","trail_latitude":"36.80666667","trail_longitude":"10.26866667","trail_speed":"0","trail_heading":"0","i_m_o_number":"9354349","DC_ID":"1097"}
14:53:53.066 [main] DEBUG com.polestar.ndcrefill.Main - {"creation_date":"2022-06-03","creation_time":"19:13:00","trail_date":"2022-06-03","trail_time":"19:08:00","trail_latitude":"36.80666667","trail_longitude":"10.26866667","trail_speed":"0","trail_heading":"0","i_m_o_number":"9354349","DC_ID":"1097"}
14:53:53.066 [main] DEBUG com.polestar.ndcrefill.Main - {"creation_date":"2022-06-03","creation_time":"13:10:43","trail_date":"2022-06-03","trail_time":"13:08:00","trail_latitude":"36.80666667","trail_longitude":"10.268","trail_speed":"0","trail_heading":"0","i_m_o_number":"9354349","DC_ID":"1097"}
14:53:53.066 [main] DEBUG com.polestar.ndcrefill.Main - {"creation_date":"2022-06-03","creation_time":"07:12:12","trail_date":"2022-06-03","trail_time":"07:08:00","trail_latitude":"36.80666667","trail_longitude":"10.268","trail_speed":"0","trail_heading":"0","i_m_o_number":"9354349","DC_ID":"1097"}
14:53:53.066 [main] DEBUG com.polestar.ndcrefill.Main - {"creation_date":"2022-06-03","creation_time":"01:11:38","trail_date":"2022-06-03","trail_time":"01:08:00","trail_latitude":"36.80666667","trail_longitude":"10.268","trail_speed":"0","trail_heading":"0","i_m_o_number":"9354349","DC_ID":"1097"}
14:53:53.067 [main] DEBUG com.polestar.ndcrefill.Main - {"creation_date":"2022-06-02","creation_time":"19:10:59","trail_date":"2022-06-02","trail_time":"19:08:00","trail_latitude":"36.80666667","trail_longitude":"10.26866667","trail_speed":"0","trail_heading":"0","i_m_o_number":"9354349","DC_ID":"1097"}
14:53:53.067 [main] DEBUG com.polestar.ndcrefill.Main - {"creation_date":"2022-06-02","creation_time":"13:12:33","trail_date":"2022-06-02","trail_time":"13:08:00","trail_latitude":"36.80666667","trail_longitude":"10.268","trail_speed":"0","trail_heading":"0","i_m_o_number":"9354349","DC_ID":"1097"}
14:53:53.067 [main] DEBUG com.polestar.ndcrefill.Main - {"creation_date":"2022-06-02","creation_time":"07:12:13","trail_date":"2022-06-02","trail_time":"07:08:00","trail_latitude":"36.80666667","trail_longitude":"10.268","trail_speed":"0","trail_heading":"0","i_m_o_number":"9354349","DC_ID":"1097"}
14:53:53.067 [main] DEBUG com.polestar.ndcrefill.Main - {"creation_date":"2022-06-02","creation_time":"01:12:48","trail_date":"2022-06-02","trail_time":"01:08:00","trail_latitude":"36.80666667","trail_longitude":"10.26866667","trail_speed":"0","trail_heading":"0","i_m_o_number":"9354349","DC_ID":"1097"}
14:53:53.067 [main] DEBUG com.polestar.ndcrefill.Main - {"creation_date":"2022-06-05","creation_time":"21:34:49","trail_date":"2022-06-05","trail_time":"21:32:00","trail_latitude":"30.16866667","trail_longitude":"-11.504","trail_speed":"10.2","trail_heading":"210","i_m_o_number":"9426491","DC_ID":"1097"}
14:53:53.068 [main] DEBUG com.polestar.ndcrefill.Main - {"creation_date":"2022-06-05","creation_time":"15:36:03","trail_date":"2022-06-05","trail_time":"15:32:00","trail_latitude":"30.978","trail_longitude":"-10.84066667","trail_speed":"9.6","trail_heading":"212","i_m_o_number":"9426491","DC_ID":"1097"}
14:53:53.068 [main] DEBUG com.polestar.ndcrefill.Main - {"creation_date":"2022-06-05","creation_time":"09:34:25","trail_date":"2022-06-05","trail_time":"09:32:00","trail_latitude":"31.77933333","trail_longitude":"-10.18266667","trail_speed":"9.8","trail_heading":"209","i_m_o_number":"9426491","DC_ID":"1097"}
14:53:53.068 [main] DEBUG com.polestar.ndcrefill.Main - {"creation_date":"2022-06-05","creation_time":"03:34:22","trail_date":"2022-06-05","trail_time":"03:32:00","trail_latitude":"32.61133333","trail_longitude":"-9.499333333","trail_speed":"10.2","trail_heading":"217","i_m_o_number":"9426491","DC_ID":"1097"}
14:53:53.068 [main] DEBUG com.polestar.ndcrefill.Main - {"creation_date":"2022-06-04","creation_time":"21:35:18","trail_date":"2022-06-04","trail_time":"21:32:00","trail_latitude":"33.47466667","trail_longitude":"-8.800666667","trail_speed":"10.4","trail_heading":"217","i_m_o_number":"9426491","DC_ID":"1097"}
14:53:53.068 [main] DEBUG com.polestar.ndcrefill.Main - {"creation_date":"2022-06-04","creation_time":"15:34:53","trail_date":"2022-06-04","trail_time":"15:32:00","trail_latitude":"34.25733333","trail_longitude":"-8.042666667","trail_speed":"10","trail_heading":"217","i_m_o_number":"9426491","DC_ID":"1097"}
14:53:53.068 [main] DEBUG com.polestar.ndcrefill.Main - {"creation_date":"2022-06-04","creation_time":"09:34:45","trail_date":"2022-06-04","trail_time":"09:32:00","trail_latitude":"34.99466667","trail_longitude":"-7.275333333","trail_speed":"9.8","trail_heading":"217","i_m_o_number":"9426491","DC_ID":"1097"}
14:53:53.069 [main] DEBUG com.polestar.ndcrefill.Main - {"creation_date":"2022-06-04","creation_time":"03:34:59","trail_date":"2022-06-04","trail_time":"03:32:00","trail_latitude":"35.722","trail_longitude":"-6.522666667","trail_speed":"9.6","trail_heading":"211","i_m_o_number":"9426491","DC_ID":"1097"}
14:53:53.069 [main] DEBUG com.polestar.ndcrefill.Main - {"creation_date":"2022-06-03","creation_time":"21:35:17","trail_date":"2022-06-03","trail_time":"21:32:00","trail_latitude":"35.97466667","trail_longitude":"-5.527333333","trail_speed":"6.2","trail_heading":"253","i_m_o_number":"9426491","DC_ID":"1097"}
14:53:53.069 [main] DEBUG com.polestar.ndcrefill.Main - {"creation_date":"2022-06-03","creation_time":"15:36:05","trail_date":"2022-06-03","trail_time":"15:32:00","trail_latitude":"36.16466667","trail_longitude":"-4.941333333","trail_speed":"1.8","trail_heading":"283","i_m_o_number":"9426491","DC_ID":"1097"}
14:53:53.069 [main] DEBUG com.polestar.ndcrefill.Main - {"creation_date":"2022-06-03","creation_time":"09:34:16","trail_date":"2022-06-03","trail_time":"09:32:00","trail_latitude":"36.088","trail_longitude":"-5.15","trail_speed":"4.8","trail_heading":"82","i_m_o_number":"9426491","DC_ID":"1097"}
14:53:53.069 [main] DEBUG com.polestar.ndcrefill.Main - {"creation_date":"2022-06-03","creation_time":"03:36:11","trail_date":"2022-06-03","trail_time":"03:32:00","trail_latitude":"36.072","trail_longitude":"-5.379333333","trail_speed":"0.2","trail_heading":"195","i_m_o_number":"9426491","DC_ID":"1097"}
14:53:53.069 [main] DEBUG com.polestar.ndcrefill.Main - {"creation_date":"2022-06-02","creation_time":"21:36:19","trail_date":"2022-06-02","trail_time":"21:32:00","trail_latitude":"35.91933333","trail_longitude":"-5.776","trail_speed":"6.6","trail_heading":"91","i_m_o_number":"9426491","DC_ID":"1097"}
14:53:53.070 [main] DEBUG com.polestar.ndcrefill.Main - {"creation_date":"2022-06-02","creation_time":"15:36:12","trail_date":"2022-06-02","trail_time":"15:32:00","trail_latitude":"35.69533333","trail_longitude":"-6.637333333","trail_speed":"8.8","trail_heading":"289","i_m_o_number":"9426491","DC_ID":"1097"}
14:53:53.070 [main] DEBUG com.polestar.ndcrefill.Main - {"creation_date":"2022-06-02","creation_time":"09:34:29","trail_date":"2022-06-02","trail_time":"09:32:00","trail_latitude":"35.71266667","trail_longitude":"-6.698666667","trail_speed":"1","trail_heading":"123","i_m_o_number":"9426491","DC_ID":"1097"}
14:53:53.070 [main] DEBUG com.polestar.ndcrefill.Main - {"creation_date":"2022-06-02","creation_time":"03:35:52","trail_date":"2022-06-02","trail_time":"03:32:00","trail_latitude":"35.85333333","trail_longitude":"-6.48","trail_speed":"3.8","trail_heading":"264","i_m_o_number":"9426491","DC_ID":"1097"}
14:53:53.070 [main] DEBUG com.polestar.ndcrefill.Main - {"creation_date":"2022-06-05","creation_time":"22:47:31","trail_date":"2022-06-05","trail_time":"22:44:00","trail_latitude":"33.946","trail_longitude":"-7.666","trail_speed":"12.2","trail_heading":"50","i_m_o_number":"9265586","DC_ID":"1097"}
14:53:53.070 [main] DEBUG com.polestar.ndcrefill.Main - {"creation_date":"2022-06-05","creation_time":"22:07:12","trail_date":"2022-06-05","trail_time":"22:04:00","trail_latitude":"33.85466667","trail_longitude":"-7.778666667","trail_speed":"12","trail_heading":"61","i_m_o_number":"9265586","DC_ID":"1097"}
14:53:53.070 [main] DEBUG com.polestar.ndcrefill.Main - {"creation_date":"2022-06-05","creation_time":"16:46:42","trail_date":"2022-06-05","trail_time":"16:44:00","trail_latitude":"33.28266667","trail_longitude":"-8.788","trail_speed":"11.4","trail_heading":"43","i_m_o_number":"9265586","DC_ID":"1097"}
14:53:53.071 [main] DEBUG com.polestar.ndcrefill.Main - {"creation_date":"2022-06-05","creation_time":"16:07:47","trail_date":"2022-06-05","trail_time":"16:04:00","trail_latitude":"33.19733333","trail_longitude":"-8.894","trail_speed":"11.2","trail_heading":"45","i_m_o_number":"9265586","DC_ID":"1097"}
14:53:53.071 [main] DEBUG com.polestar.ndcrefill.Main - {"creation_date":"2022-06-05","creation_time":"10:47:06","trail_date":"2022-06-05","trail_time":"10:44:00","trail_latitude":"32.35533333","trail_longitude":"-9.570666667","trail_speed":"12.2","trail_heading":"29","i_m_o_number":"9265586","DC_ID":"1097"}
14:53:53.071 [main] DEBUG com.polestar.ndcrefill.Main - {"creation_date":"2022-06-05","creation_time":"10:11:50","trail_date":"2022-06-05","trail_time":"10:04:00","trail_latitude":"32.24066667","trail_longitude":"-9.634","trail_speed":"11.6","trail_heading":"24","i_m_o_number":"9265586","DC_ID":"1097"}
14:53:53.071 [main] DEBUG com.polestar.ndcrefill.Main - {"creation_date":"2022-06-05","creation_time":"04:46:18","trail_date":"2022-06-05","trail_time":"04:44:00","trail_latitude":"31.27133333","trail_longitude":"-10.02","trail_speed":"11.4","trail_heading":"3","i_m_o_number":"9265586","DC_ID":"1097"}
14:53:53.071 [main] DEBUG com.polestar.ndcrefill.Main - {"creation_date":"2022-06-05","creation_time":"04:11:18","trail_date":"2022-06-05","trail_time":"04:04:00","trail_latitude":"31.14666667","trail_longitude":"-10.02","trail_speed":"11","trail_heading":"358","i_m_o_number":"9265586","DC_ID":"1097"}
14:53:53.071 [main] DEBUG com.polestar.ndcrefill.Main - {"creation_date":"2022-06-04","creation_time":"22:46:06","trail_date":"2022-06-04","trail_time":"22:44:00","trail_latitude":"30.428","trail_longitude":"-9.646","trail_speed":"0.4","trail_heading":"140","i_m_o_number":"9265586","DC_ID":"1097"}
14:53:53.071 [main] DEBUG com.polestar.ndcrefill.Main - {"creation_date":"2022-06-04","creation_time":"22:10:11","trail_date":"2022-06-04","trail_time":"22:04:00","trail_latitude":"30.42866667","trail_longitude":"-9.646","trail_speed":"0","trail_heading":"166","i_m_o_number":"9265586","DC_ID":"1097"}
14:53:53.071 [main] DEBUG com.polestar.ndcrefill.Main - {"creation_date":"2022-06-04","creation_time":"16:46:17","trail_date":"2022-06-04","trail_time":"16:44:00","trail_latitude":"30.42866667","trail_longitude":"-9.646666667","trail_speed":"0","trail_heading":"132","i_m_o_number":"9265586","DC_ID":"1097"}
14:53:53.072 [main] DEBUG com.polestar.ndcrefill.Main - {"creation_date":"2022-06-04","creation_time":"16:08:28","trail_date":"2022-06-04","trail_time":"16:04:00","trail_latitude":"30.42866667","trail_longitude":"-9.646","trail_speed":"0","trail_heading":"292","i_m_o_number":"9265586","DC_ID":"1097"}
14:53:53.072 [main] DEBUG com.polestar.ndcrefill.Main - {"creation_date":"2022-06-04","creation_time":"10:46:26","trail_date":"2022-06-04","trail_time":"10:44:00","trail_latitude":"30.42866667","trail_longitude":"-9.646","trail_speed":"0","trail_heading":"274","i_m_o_number":"9265586","DC_ID":"1097"}
14:53:53.072 [main] DEBUG com.polestar.ndcrefill.Main - {"creation_date":"2022-06-04","creation_time":"10:06:25","trail_date":"2022-06-04","trail_time":"10:04:00","trail_latitude":"30.42866667","trail_longitude":"-9.646","trail_speed":"0","trail_heading":"85","i_m_o_number":"9265586","DC_ID":"1097"}
14:53:53.072 [main] DEBUG com.polestar.ndcrefill.Main - {"creation_date":"2022-06-04","creation_time":"04:46:07","trail_date":"2022-06-04","trail_time":"04:44:00","trail_latitude":"30.42866667","trail_longitude":"-9.646","trail_speed":"0","trail_heading":"46","i_m_o_number":"9265586","DC_ID":"1097"}
14:53:53.072 [main] DEBUG com.polestar.ndcrefill.Main - {"creation_date":"2022-06-04","creation_time":"04:06:22","trail_date":"2022-06-04","trail_time":"04:04:00","trail_latitude":"30.42866667","trail_longitude":"-9.646","trail_speed":"0","trail_heading":"338","i_m_o_number":"9265586","DC_ID":"1097"}
14:53:53.072 [main] DEBUG com.polestar.ndcrefill.Main - {"creation_date":"2022-06-03","creation_time":"22:46:42","trail_date":"2022-06-03","trail_time":"22:44:00","trail_latitude":"30.42866667","trail_longitude":"-9.646","trail_speed":"0","trail_heading":"35","i_m_o_number":"9265586","DC_ID":"1097"}
14:53:53.072 [main] DEBUG com.polestar.ndcrefill.Main - {"creation_date":"2022-06-03","creation_time":"22:06:43","trail_date":"2022-06-03","trail_time":"22:04:00","trail_latitude":"30.42866667","trail_longitude":"-9.646","trail_speed":"0","trail_heading":"129","i_m_o_number":"9265586","DC_ID":"1097"}
14:53:53.073 [main] DEBUG com.polestar.ndcrefill.Main - {"creation_date":"2022-06-03","creation_time":"16:46:56","trail_date":"2022-06-03","trail_time":"16:44:00","trail_latitude":"30.42866667","trail_longitude":"-9.646","trail_speed":"0","trail_heading":"106","i_m_o_number":"9265586","DC_ID":"1097"}
14:53:53.073 [main] DEBUG com.polestar.ndcrefill.Main - {"creation_date":"2022-06-03","creation_time":"16:07:15","trail_date":"2022-06-03","trail_time":"16:04:00","trail_latitude":"30.42333333","trail_longitude":"-9.643333333","trail_speed":"3.2","trail_heading":"321","i_m_o_number":"9265586","DC_ID":"1097"}
14:53:53.074 [main] DEBUG com.polestar.ndcrefill.Main - {"creation_date":"2022-06-03","creation_time":"10:45:36","trail_date":"2022-06-03","trail_time":"10:44:00","trail_latitude":"31.49266667","trail_longitude":"-10.016","trail_speed":"15.8","trail_heading":"177","i_m_o_number":"9265586","DC_ID":"1097"}
14:53:53.074 [main] DEBUG com.polestar.ndcrefill.Main - {"creation_date":"2022-06-03","creation_time":"10:07:48","trail_date":"2022-06-03","trail_time":"10:04:00","trail_latitude":"31.65666667","trail_longitude":"-10","trail_speed":"14.4","trail_heading":"180","i_m_o_number":"9265586","DC_ID":"1097"}
14:53:53.074 [main] DEBUG com.polestar.ndcrefill.Main - {"creation_date":"2022-06-03","creation_time":"04:46:20","trail_date":"2022-06-03","trail_time":"04:44:00","trail_latitude":"32.73533333","trail_longitude":"-9.298666667","trail_speed":"14","trail_heading":"223","i_m_o_number":"9265586","DC_ID":"1097"}
14:53:53.074 [main] DEBUG com.polestar.ndcrefill.Main - {"creation_date":"2022-06-03","creation_time":"04:13:11","trail_date":"2022-06-03","trail_time":"04:04:00","trail_latitude":"32.854","trail_longitude":"-9.190666667","trail_speed":"14.4","trail_heading":"219","i_m_o_number":"9265586","DC_ID":"1097"}
14:53:53.074 [main] DEBUG com.polestar.ndcrefill.Main - {"creation_date":"2022-06-02","creation_time":"22:45:38","trail_date":"2022-06-02","trail_time":"22:44:00","trail_latitude":"33.61133333","trail_longitude":"-8.088","trail_speed":"14","trail_heading":"250","i_m_o_number":"9265586","DC_ID":"1097"}
14:53:53.074 [main] DEBUG com.polestar.ndcrefill.Main - {"creation_date":"2022-06-02","creation_time":"22:08:00","trail_date":"2022-06-02","trail_time":"22:04:00","trail_latitude":"33.666","trail_longitude":"-7.924","trail_speed":"14.4","trail_heading":"249","i_m_o_number":"9265586","DC_ID":"1097"}
14:53:53.074 [main] DEBUG com.polestar.ndcrefill.Main - {"creation_date":"2022-06-02","creation_time":"16:45:48","trail_date":"2022-06-02","trail_time":"16:44:00","trail_latitude":"33.60533333","trail_longitude":"-7.604","trail_speed":"0","trail_heading":"203","i_m_o_number":"9265586","DC_ID":"1097"}
14:53:53.075 [main] DEBUG com.polestar.ndcrefill.Main - {"creation_date":"2022-06-02","creation_time":"16:07:36","trail_date":"2022-06-02","trail_time":"16:04:00","trail_latitude":"33.60533333","trail_longitude":"-7.604","trail_speed":"0","trail_heading":"261","i_m_o_number":"9265586","DC_ID":"1097"}
14:53:53.075 [main] DEBUG com.polestar.ndcrefill.Main - {"creation_date":"2022-06-02","creation_time":"10:45:15","trail_date":"2022-06-02","trail_time":"10:44:00","trail_latitude":"33.60533333","trail_longitude":"-7.604","trail_speed":"0","trail_heading":"292","i_m_o_number":"9265586","DC_ID":"1097"}
14:53:53.075 [main] DEBUG com.polestar.ndcrefill.Main - {"creation_date":"2022-06-02","creation_time":"10:06:37","trail_date":"2022-06-02","trail_time":"10:04:00","trail_latitude":"33.60533333","trail_longitude":"-7.604","trail_speed":"0","trail_heading":"308","i_m_o_number":"9265586","DC_ID":"1097"}
14:53:53.075 [main] DEBUG com.polestar.ndcrefill.Main - {"creation_date":"2022-06-02","creation_time":"04:47:23","trail_date":"2022-06-02","trail_time":"04:44:00","trail_latitude":"33.60533333","trail_longitude":"-7.604","trail_speed":"0","trail_heading":"278","i_m_o_number":"9265586","DC_ID":"1097"}
14:53:53.075 [main] DEBUG com.polestar.ndcrefill.Main - {"creation_date":"2022-06-02","creation_time":"04:06:34","trail_date":"2022-06-02","trail_time":"04:04:00","trail_latitude":"33.60533333","trail_longitude":"-7.604","trail_speed":"0","trail_heading":"187","i_m_o_number":"9265586","DC_ID":"1097"}
14:53:53.075 [main] DEBUG com.polestar.ndcrefill.Main - {"creation_date":"2022-06-05","creation_time":"18:59:03","trail_date":"2022-06-05","trail_time":"18:56:00","trail_latitude":"33.52933333","trail_longitude":"-8.391333333","trail_speed":"11.4","trail_heading":"61","i_m_o_number":"9265586","DC_ID":"1097"}
14:53:53.075 [main] DEBUG com.polestar.ndcrefill.Main - {"creation_date":"2022-06-05","creation_time":"13:00:14","trail_date":"2022-06-05","trail_time":"12:56:00","trail_latitude":"32.72","trail_longitude":"-9.312","trail_speed":"11","trail_heading":"32","i_m_o_number":"9265586","DC_ID":"1097"}
14:53:53.076 [main] DEBUG com.polestar.ndcrefill.Main - {"creation_date":"2022-06-05","creation_time":"06:59:19","trail_date":"2022-06-05","trail_time":"06:56:00","trail_latitude":"31.68533333","trail_longitude":"-9.947333333","trail_speed":"11.2","trail_heading":"21","i_m_o_number":"9265586","DC_ID":"1097"}
14:53:53.076 [main] DEBUG com.polestar.ndcrefill.Main - {"creation_date":"2022-06-05","creation_time":"00:58:27","trail_date":"2022-06-05","trail_time":"00:56:00","trail_latitude":"30.55066667","trail_longitude":"-10.012","trail_speed":"11.2","trail_heading":"330","i_m_o_number":"9265586","DC_ID":"1097"}
14:53:53.076 [main] DEBUG com.polestar.ndcrefill.Main - {"creation_date":"2022-06-04","creation_time":"18:59:57","trail_date":"2022-06-04","trail_time":"18:56:00","trail_latitude":"30.42866667","trail_longitude":"-9.646","trail_speed":"0","trail_heading":"132","i_m_o_number":"9265586","DC_ID":"1097"}
14:53:53.076 [main] DEBUG com.polestar.ndcrefill.Main - {"creation_date":"2022-06-04","creation_time":"12:59:42","trail_date":"2022-06-04","trail_time":"12:56:00","trail_latitude":"30.42866667","trail_longitude":"-9.646","trail_speed":"0","trail_heading":"278","i_m_o_number":"9265586","DC_ID":"1097"}
14:53:53.076 [main] DEBUG com.polestar.ndcrefill.Main - {"creation_date":"2022-06-04","creation_time":"06:59:40","trail_date":"2022-06-04","trail_time":"06:56:00","trail_latitude":"30.42866667","trail_longitude":"-9.646","trail_speed":"0","trail_heading":"46","i_m_o_number":"9265586","DC_ID":"1097"}
14:53:53.076 [main] DEBUG com.polestar.ndcrefill.Main - {"creation_date":"2022-06-04","creation_time":"00:59:05","trail_date":"2022-06-04","trail_time":"00:56:00","trail_latitude":"30.42866667","trail_longitude":"-9.646","trail_speed":"0","trail_heading":"35","i_m_o_number":"9265586","DC_ID":"1097"}
14:53:53.076 [main] DEBUG com.polestar.ndcrefill.Main - {"creation_date":"2022-06-03","creation_time":"18:59:28","trail_date":"2022-06-03","trail_time":"18:56:00","trail_latitude":"30.42866667","trail_longitude":"-9.646","trail_speed":"0","trail_heading":"106","i_m_o_number":"9265586","DC_ID":"1097"}
14:53:53.076 [main] DEBUG com.polestar.ndcrefill.Main - {"creation_date":"2022-06-03","creation_time":"12:58:55","trail_date":"2022-06-03","trail_time":"12:56:00","trail_latitude":"30.90133333","trail_longitude":"-10.00466667","trail_speed":"15.6","trail_heading":"180","i_m_o_number":"9265586","DC_ID":"1097"}
14:53:53.076 [main] DEBUG com.polestar.ndcrefill.Main - {"creation_date":"2022-06-03","creation_time":"06:58:28","trail_date":"2022-06-03","trail_time":"06:56:00","trail_latitude":"32.29866667","trail_longitude":"-9.597333333","trail_speed":"13.4","trail_heading":"205","i_m_o_number":"9265586","DC_ID":"1097"}
14:53:53.077 [main] DEBUG com.polestar.ndcrefill.Main - {"creation_date":"2022-06-03","creation_time":"01:00:20","trail_date":"2022-06-03","trail_time":"00:56:00","trail_latitude":"33.41333333","trail_longitude":"-8.643333333","trail_speed":"13","trail_heading":"247","i_m_o_number":"9265586","DC_ID":"1097"}
14:53:53.077 [main] DEBUG com.polestar.ndcrefill.Main - {"creation_date":"2022-06-02","creation_time":"18:58:56","trail_date":"2022-06-02","trail_time":"18:56:00","trail_latitude":"33.60533333","trail_longitude":"-7.604","trail_speed":"0","trail_heading":"126","i_m_o_number":"9265586","DC_ID":"1097"}
14:53:53.077 [main] DEBUG com.polestar.ndcrefill.Main - {"creation_date":"2022-06-02","creation_time":"13:03:11","trail_date":"2022-06-02","trail_time":"12:56:00","trail_latitude":"33.60533333","trail_longitude":"-7.604","trail_speed":"0","trail_heading":"35","i_m_o_number":"9265586","DC_ID":"1097"}
14:53:53.077 [main] DEBUG com.polestar.ndcrefill.Main - {"creation_date":"2022-06-02","creation_time":"06:58:56","trail_date":"2022-06-02","trail_time":"06:56:00","trail_latitude":"33.60533333","trail_longitude":"-7.604","trail_speed":"0","trail_heading":"82","i_m_o_number":"9265586","DC_ID":"1097"}
14:53:53.077 [main] DEBUG com.polestar.ndcrefill.Main - {"creation_date":"2022-06-02","creation_time":"00:58:35","trail_date":"2022-06-02","trail_time":"00:56:00","trail_latitude":"33.60533333","trail_longitude":"-7.604","trail_speed":"0","trail_heading":"290","i_m_o_number":"9265586","DC_ID":"1097"}
14:53:53.077 [main] DEBUG com.polestar.ndcrefill.Main - {"creation_date":"2022-06-05","creation_time":"14:43:36","trail_date":"2022-06-05","trail_time":"14:42:00","trail_latitude":"35.81333333","trail_longitude":"-5.125333333","trail_speed":"2","trail_heading":"3","i_m_o_number":"9259836","DC_ID":"1097"}
14:53:53.079 [main] DEBUG com.polestar.ndcrefill.Main - {"creation_date":"2022-06-05","creation_time":"08:44:23","trail_date":"2022-06-05","trail_time":"08:42:00","trail_latitude":"35.78266667","trail_longitude":"-5.053333333","trail_speed":"2.2","trail_heading":"96","i_m_o_number":"9259836","DC_ID":"1097"}
14:53:53.079 [main] DEBUG com.polestar.ndcrefill.Main - {"creation_date":"2022-06-05","creation_time":"02:44:52","trail_date":"2022-06-05","trail_time":"02:42:00","trail_latitude":"35.802","trail_longitude":"-5.056666667","trail_speed":"3.2","trail_heading":"205","i_m_o_number":"9259836","DC_ID":"1097"}
14:53:53.079 [main] DEBUG com.polestar.ndcrefill.Main - {"creation_date":"2022-06-04","creation_time":"20:43:45","trail_date":"2022-06-04","trail_time":"20:42:00","trail_latitude":"35.83466667","trail_longitude":"-5.056","trail_speed":"1","trail_heading":"171","i_m_o_number":"9259836","DC_ID":"1097"}
14:53:54.775 [main] DEBUG com.polestar.ndcrefill.Main - [0,0,0,0,0,0,0,0,0,0,0,0,0,0,0,0,0,0,0,0,0,0,0,0,0,0,0,0,0,0,0,0,0,0,0,0,0,0,0,0,0,0,0,0,0,0,0,0,0,0,0,0,0,0,0,0,0,0,0,0,0,0,0,0,0,0,0,0,0,0,0,0,0,0,0,0,0,0,0,0,0,0,0,0,0,0,0,0,0,0,0,0,0,0,0,0,0,0,0,0]
14:53:54.775 [main] INFO  com.polestar.ndcrefill.Main - Current position: 100 out of 191
14:53:54.776 [main] DEBUG com.polestar.ndcrefill.Main - {"creation_date":"2022-06-04","creation_time":"14:45:32","trail_date":"2022-06-04","trail_time":"14:42:00","trail_latitude":"35.84066667","trail_longitude":"-5.051333333","trail_speed":"2.6","trail_heading":"200","i_m_o_number":"9259836","DC_ID":"1097"}
14:53:54.776 [main] DEBUG com.polestar.ndcrefill.Main - {"creation_date":"2022-06-04","creation_time":"08:44:10","trail_date":"2022-06-04","trail_time":"08:42:00","trail_latitude":"35.738","trail_longitude":"-5.11","trail_speed":"1.2","trail_heading":"230","i_m_o_number":"9259836","DC_ID":"1097"}
14:53:54.776 [main] DEBUG com.polestar.ndcrefill.Main - {"creation_date":"2022-06-04","creation_time":"02:44:05","trail_date":"2022-06-04","trail_time":"02:42:00","trail_latitude":"35.806","trail_longitude":"-5.106","trail_speed":"3.4","trail_heading":"149","i_m_o_number":"9259836","DC_ID":"1097"}
14:53:54.776 [main] DEBUG com.polestar.ndcrefill.Main - {"creation_date":"2022-06-03","creation_time":"20:46:40","trail_date":"2022-06-03","trail_time":"20:42:00","trail_latitude":"35.74066667","trail_longitude":"-5.101333333","trail_speed":"2","trail_heading":"188","i_m_o_number":"9259836","DC_ID":"1097"}
14:53:54.776 [main] DEBUG com.polestar.ndcrefill.Main - {"creation_date":"2022-06-03","creation_time":"14:44:02","trail_date":"2022-06-03","trail_time":"14:42:00","trail_latitude":"35.75666667","trail_longitude":"-5.079333333","trail_speed":"1.6","trail_heading":"250","i_m_o_number":"9259836","DC_ID":"1097"}
14:53:54.777 [main] DEBUG com.polestar.ndcrefill.Main - {"creation_date":"2022-06-03","creation_time":"08:44:14","trail_date":"2022-06-03","trail_time":"08:42:00","trail_latitude":"35.80266667","trail_longitude":"-5.105333333","trail_speed":"3.6","trail_heading":"197","i_m_o_number":"9259836","DC_ID":"1097"}
14:53:54.777 [main] DEBUG com.polestar.ndcrefill.Main - {"creation_date":"2022-06-03","creation_time":"02:43:18","trail_date":"2022-06-03","trail_time":"02:42:00","trail_latitude":"35.73733333","trail_longitude":"-5.099333333","trail_speed":"1.6","trail_heading":"342","i_m_o_number":"9259836","DC_ID":"1097"}
14:53:54.777 [main] DEBUG com.polestar.ndcrefill.Main - {"creation_date":"2022-06-02","creation_time":"20:44:40","trail_date":"2022-06-02","trail_time":"20:42:00","trail_latitude":"35.74666667","trail_longitude":"-5.088","trail_speed":"2.2","trail_heading":"291","i_m_o_number":"9259836","DC_ID":"1097"}
14:53:54.777 [main] DEBUG com.polestar.ndcrefill.Main - {"creation_date":"2022-06-02","creation_time":"14:45:50","trail_date":"2022-06-02","trail_time":"14:42:00","trail_latitude":"35.81466667","trail_longitude":"-5.114","trail_speed":"2.2","trail_heading":"103","i_m_o_number":"9259836","DC_ID":"1097"}
14:53:54.777 [main] DEBUG com.polestar.ndcrefill.Main - {"creation_date":"2022-06-02","creation_time":"08:43:16","trail_date":"2022-06-02","trail_time":"08:42:00","trail_latitude":"35.76066667","trail_longitude":"-5.118666667","trail_speed":"1.6","trail_heading":"34","i_m_o_number":"9259836","DC_ID":"1097"}
14:53:54.777 [main] DEBUG com.polestar.ndcrefill.Main - {"creation_date":"2022-06-02","creation_time":"02:45:18","trail_date":"2022-06-02","trail_time":"02:42:00","trail_latitude":"35.76466667","trail_longitude":"-5.133333333","trail_speed":"1.6","trail_heading":"61","i_m_o_number":"9259836","DC_ID":"1097"}
14:53:54.777 [main] DEBUG com.polestar.ndcrefill.Main - {"creation_date":"2022-06-05","creation_time":"20:32:26","trail_date":"2022-06-05","trail_time":"20:02:00","trail_latitude":"35.858","trail_longitude":"14.826","trail_speed":"0","trail_heading":"144","i_m_o_number":"9143855","DC_ID":"1097"}
14:53:54.777 [main] DEBUG com.polestar.ndcrefill.Main - {"creation_date":"2022-06-05","creation_time":"14:32:47","trail_date":"2022-06-05","trail_time":"14:30:00","trail_latitude":"35.85666667","trail_longitude":"14.82333333","trail_speed":"0","trail_heading":"144","i_m_o_number":"9143855","DC_ID":"1097"}
14:53:54.777 [main] DEBUG com.polestar.ndcrefill.Main - {"creation_date":"2022-06-05","creation_time":"08:32:13","trail_date":"2022-06-05","trail_time":"08:30:00","trail_latitude":"35.85666667","trail_longitude":"14.82466667","trail_speed":"0.2","trail_heading":"46","i_m_o_number":"9143855","DC_ID":"1097"}
14:53:54.777 [main] DEBUG com.polestar.ndcrefill.Main - {"creation_date":"2022-06-05","creation_time":"02:32:53","trail_date":"2022-06-05","trail_time":"02:30:00","trail_latitude":"35.858","trail_longitude":"14.82533333","trail_speed":"0","trail_heading":"136","i_m_o_number":"9143855","DC_ID":"1097"}
14:53:54.778 [main] DEBUG com.polestar.ndcrefill.Main - {"creation_date":"2022-06-04","creation_time":"20:35:56","trail_date":"2022-06-04","trail_time":"20:30:00","trail_latitude":"35.736","trail_longitude":"14.38666667","trail_speed":"14.2","trail_heading":"118","i_m_o_number":"9143855","DC_ID":"1097"}
14:53:54.778 [main] DEBUG com.polestar.ndcrefill.Main - {"creation_date":"2022-06-04","creation_time":"14:32:55","trail_date":"2022-06-04","trail_time":"14:30:00","trail_latitude":"36.50333333","trail_longitude":"12.86","trail_speed":"15.4","trail_heading":"121","i_m_o_number":"9143855","DC_ID":"1097"}
14:53:54.778 [main] DEBUG com.polestar.ndcrefill.Main - {"creation_date":"2022-06-04","creation_time":"08:33:26","trail_date":"2022-06-04","trail_time":"08:30:00","trail_latitude":"37.30933333","trail_longitude":"11.29666667","trail_speed":"13.8","trail_heading":"123","i_m_o_number":"9143855","DC_ID":"1097"}
14:53:54.778 [main] DEBUG com.polestar.ndcrefill.Main - {"creation_date":"2022-06-04","creation_time":"02:41:13","trail_date":"2022-06-04","trail_time":"02:30:00","trail_latitude":"36.804","trail_longitude":"10.26866667","trail_speed":"0","trail_heading":"54","i_m_o_number":"9143855","DC_ID":"1097"}
14:53:54.778 [main] DEBUG com.polestar.ndcrefill.Main - {"creation_date":"2022-06-03","creation_time":"20:32:29","trail_date":"2022-06-03","trail_time":"20:30:00","trail_latitude":"36.80333333","trail_longitude":"10.26866667","trail_speed":"0","trail_heading":"67","i_m_o_number":"9143855","DC_ID":"1097"}
14:53:54.778 [main] DEBUG com.polestar.ndcrefill.Main - {"creation_date":"2022-06-03","creation_time":"14:32:24","trail_date":"2022-06-03","trail_time":"14:30:00","trail_latitude":"36.80333333","trail_longitude":"10.26866667","trail_speed":"0","trail_heading":"92","i_m_o_number":"9143855","DC_ID":"1097"}
14:53:54.778 [main] DEBUG com.polestar.ndcrefill.Main - {"creation_date":"2022-06-03","creation_time":"08:32:37","trail_date":"2022-06-03","trail_time":"08:30:00","trail_latitude":"36.804","trail_longitude":"10.26933333","trail_speed":"0","trail_heading":"176","i_m_o_number":"9143855","DC_ID":"1097"}
14:53:54.778 [main] DEBUG com.polestar.ndcrefill.Main - {"creation_date":"2022-06-03","creation_time":"02:32:45","trail_date":"2022-06-03","trail_time":"02:30:00","trail_latitude":"36.804","trail_longitude":"10.26933333","trail_speed":"0","trail_heading":"70","i_m_o_number":"9143855","DC_ID":"1097"}
14:53:54.778 [main] DEBUG com.polestar.ndcrefill.Main - {"creation_date":"2022-06-02","creation_time":"20:32:21","trail_date":"2022-06-02","trail_time":"20:30:00","trail_latitude":"36.804","trail_longitude":"10.26933333","trail_speed":"0","trail_heading":"93","i_m_o_number":"9143855","DC_ID":"1097"}
14:53:54.779 [main] DEBUG com.polestar.ndcrefill.Main - {"creation_date":"2022-06-02","creation_time":"14:32:32","trail_date":"2022-06-02","trail_time":"14:30:00","trail_latitude":"36.804","trail_longitude":"10.26933333","trail_speed":"0","trail_heading":"64","i_m_o_number":"9143855","DC_ID":"1097"}
14:53:54.779 [main] DEBUG com.polestar.ndcrefill.Main - {"creation_date":"2022-06-02","creation_time":"08:32:19","trail_date":"2022-06-02","trail_time":"08:30:00","trail_latitude":"36.804","trail_longitude":"10.26933333","trail_speed":"0","trail_heading":"170","i_m_o_number":"9143855","DC_ID":"1097"}
14:53:54.779 [main] DEBUG com.polestar.ndcrefill.Main - {"creation_date":"2022-06-02","creation_time":"02:32:56","trail_date":"2022-06-02","trail_time":"02:30:00","trail_latitude":"36.80333333","trail_longitude":"10.26866667","trail_speed":"0","trail_heading":"10","i_m_o_number":"9143855","DC_ID":"1097"}
14:53:54.779 [main] DEBUG com.polestar.ndcrefill.Main - {"creation_date":"2022-06-05","creation_time":"21:43:24","trail_date":"2022-06-05","trail_time":"21:42:00","trail_latitude":"30.42333333","trail_longitude":"-9.638","trail_speed":"0","trail_heading":"94","i_m_o_number":"9310197","DC_ID":"1097"}
14:53:54.779 [main] DEBUG com.polestar.ndcrefill.Main - {"creation_date":"2022-06-05","creation_time":"15:43:57","trail_date":"2022-06-05","trail_time":"15:42:00","trail_latitude":"30.42333333","trail_longitude":"-9.638","trail_speed":"0","trail_heading":"78","i_m_o_number":"9310197","DC_ID":"1097"}
14:53:54.779 [main] DEBUG com.polestar.ndcrefill.Main - {"creation_date":"2022-06-05","creation_time":"09:43:39","trail_date":"2022-06-05","trail_time":"09:42:00","trail_latitude":"30.422","trail_longitude":"-9.638666667","trail_speed":"0","trail_heading":"114","i_m_o_number":"9310197","DC_ID":"1097"}
14:53:54.779 [main] DEBUG com.polestar.ndcrefill.Main - {"creation_date":"2022-06-05","creation_time":"03:44:03","trail_date":"2022-06-05","trail_time":"03:42:00","trail_latitude":"30.424","trail_longitude":"-9.638","trail_speed":"0","trail_heading":"132","i_m_o_number":"9310197","DC_ID":"1097"}
14:53:54.779 [main] DEBUG com.polestar.ndcrefill.Main - {"creation_date":"2022-06-04","creation_time":"21:43:14","trail_date":"2022-06-04","trail_time":"21:42:00","trail_latitude":"30.42466667","trail_longitude":"-9.639333333","trail_speed":"0","trail_heading":"122","i_m_o_number":"9310197","DC_ID":"1097"}
14:53:54.779 [main] DEBUG com.polestar.ndcrefill.Main - {"creation_date":"2022-06-04","creation_time":"15:44:04","trail_date":"2022-06-04","trail_time":"15:42:00","trail_latitude":"30.42666667","trail_longitude":"-9.684666667","trail_speed":"0.2","trail_heading":"83","i_m_o_number":"9310197","DC_ID":"1097"}
14:53:54.779 [main] DEBUG com.polestar.ndcrefill.Main - {"creation_date":"2022-06-04","creation_time":"09:43:49","trail_date":"2022-06-04","trail_time":"09:42:00","trail_latitude":"30.42666667","trail_longitude":"-9.684666667","trail_speed":"0","trail_heading":"42","i_m_o_number":"9310197","DC_ID":"1097"}
14:53:54.780 [main] DEBUG com.polestar.ndcrefill.Main - {"creation_date":"2022-06-02","creation_time":"03:43:37","trail_date":"2022-06-02","trail_time":"03:42:00","trail_latitude":"30.69133333","trail_longitude":"-9.983333333","trail_speed":"11.2","trail_heading":"183","i_m_o_number":"9310197","DC_ID":"1097"}
14:53:54.780 [main] DEBUG com.polestar.ndcrefill.Main - {"creation_date":"2022-06-02","creation_time":"09:43:28","trail_date":"2022-06-02","trail_time":"09:42:00","trail_latitude":"30.42733333","trail_longitude":"-9.686","trail_speed":"0","trail_heading":"98","i_m_o_number":"9310197","DC_ID":"1097"}
14:53:54.780 [main] DEBUG com.polestar.ndcrefill.Main - {"creation_date":"2022-06-02","creation_time":"15:44:06","trail_date":"2022-06-02","trail_time":"15:42:00","trail_latitude":"30.42733333","trail_longitude":"-9.684666667","trail_speed":"0","trail_heading":"151","i_m_o_number":"9310197","DC_ID":"1097"}
14:53:54.780 [main] DEBUG com.polestar.ndcrefill.Main - {"creation_date":"2022-06-02","creation_time":"21:43:15","trail_date":"2022-06-02","trail_time":"21:42:00","trail_latitude":"30.426","trail_longitude":"-9.686","trail_speed":"0.2","trail_heading":"116","i_m_o_number":"9310197","DC_ID":"1097"}
14:53:54.780 [main] DEBUG com.polestar.ndcrefill.Main - {"creation_date":"2022-06-03","creation_time":"03:44:11","trail_date":"2022-06-03","trail_time":"03:42:00","trail_latitude":"30.428","trail_longitude":"-9.684666667","trail_speed":"0","trail_heading":"79","i_m_o_number":"9310197","DC_ID":"1097"}
14:53:54.780 [main] DEBUG com.polestar.ndcrefill.Main - {"creation_date":"2022-06-03","creation_time":"09:43:47","trail_date":"2022-06-03","trail_time":"09:42:00","trail_latitude":"30.42733333","trail_longitude":"-9.684666667","trail_speed":"0","trail_heading":"122","i_m_o_number":"9310197","DC_ID":"1097"}
14:53:54.780 [main] DEBUG com.polestar.ndcrefill.Main - {"creation_date":"2022-06-03","creation_time":"15:43:47","trail_date":"2022-06-03","trail_time":"15:42:00","trail_latitude":"30.42733333","trail_longitude":"-9.684666667","trail_speed":"0","trail_heading":"84","i_m_o_number":"9310197","DC_ID":"1097"}
14:53:54.780 [main] DEBUG com.polestar.ndcrefill.Main - {"creation_date":"2022-06-03","creation_time":"21:43:57","trail_date":"2022-06-03","trail_time":"21:42:00","trail_latitude":"30.428","trail_longitude":"-9.686666667","trail_speed":"0","trail_heading":"143","i_m_o_number":"9310197","DC_ID":"1097"}
14:53:54.780 [main] DEBUG com.polestar.ndcrefill.Main - {"creation_date":"2022-06-04","creation_time":"03:43:33","trail_date":"2022-06-04","trail_time":"03:42:00","trail_latitude":"30.428","trail_longitude":"-9.685333333","trail_speed":"0","trail_heading":"91","i_m_o_number":"9310197","DC_ID":"1097"}
14:53:54.780 [main] DEBUG com.polestar.ndcrefill.Main - {"creation_date":"2022-06-05","creation_time":"21:03:11","trail_date":"2022-06-05","trail_time":"21:02:00","trail_latitude":"35.904","trail_longitude":"-5.515333333","trail_speed":"16.4","trail_heading":"6","i_m_o_number":"7803190","DC_ID":"1097"}
14:53:54.781 [main] DEBUG com.polestar.ndcrefill.Main - {"creation_date":"2022-06-05","creation_time":"15:03:34","trail_date":"2022-06-05","trail_time":"15:02:00","trail_latitude":"36.13266667","trail_longitude":"-5.438","trail_speed":"0","trail_heading":"105","i_m_o_number":"7803190","DC_ID":"1097"}
14:53:54.781 [main] DEBUG com.polestar.ndcrefill.Main - {"creation_date":"2022-06-05","creation_time":"09:03:45","trail_date":"2022-06-05","trail_time":"09:02:00","trail_latitude":"36.14533333","trail_longitude":"-5.431333333","trail_speed":"7.2","trail_heading":"10","i_m_o_number":"7803190","DC_ID":"1097"}
14:53:54.781 [main] DEBUG com.polestar.ndcrefill.Main - {"creation_date":"2022-06-05","creation_time":"03:03:46","trail_date":"2022-06-05","trail_time":"03:02:00","trail_latitude":"35.87933333","trail_longitude":"-5.517333333","trail_speed":"0","trail_heading":"83","i_m_o_number":"7803190","DC_ID":"1097"}
14:53:54.781 [main] DEBUG com.polestar.ndcrefill.Main - {"creation_date":"2022-06-04","creation_time":"21:03:28","trail_date":"2022-06-04","trail_time":"21:02:00","trail_latitude":"35.91666667","trail_longitude":"-5.496666667","trail_speed":"19","trail_heading":"45","i_m_o_number":"7803190","DC_ID":"1097"}
14:53:54.781 [main] DEBUG com.polestar.ndcrefill.Main - {"creation_date":"2022-06-04","creation_time":"15:03:47","trail_date":"2022-06-04","trail_time":"15:02:00","trail_latitude":"36.13266667","trail_longitude":"-5.437333333","trail_speed":"0","trail_heading":"110","i_m_o_number":"7803190","DC_ID":"1097"}
14:53:54.781 [main] DEBUG com.polestar.ndcrefill.Main - {"creation_date":"2022-06-04","creation_time":"09:03:55","trail_date":"2022-06-04","trail_time":"09:02:00","trail_latitude":"36.06733333","trail_longitude":"-5.396","trail_speed":"16","trail_heading":"196","i_m_o_number":"7803190","DC_ID":"1097"}
14:53:54.781 [main] DEBUG com.polestar.ndcrefill.Main - {"creation_date":"2022-06-02","creation_time":"03:03:36","trail_date":"2022-06-02","trail_time":"03:02:00","trail_latitude":"35.878","trail_longitude":"-5.519333333","trail_speed":"0","trail_heading":"68","i_m_o_number":"7803190","DC_ID":"1097"}
14:53:54.781 [main] DEBUG com.polestar.ndcrefill.Main - {"creation_date":"2022-06-02","creation_time":"09:06:46","trail_date":"2022-06-02","trail_time":"09:02:00","trail_latitude":"36.11333333","trail_longitude":"-5.397333333","trail_speed":"17.6","trail_heading":"164","i_m_o_number":"7803190","DC_ID":"1097"}
14:53:54.781 [main] DEBUG com.polestar.ndcrefill.Main - {"creation_date":"2022-06-02","creation_time":"15:03:51","trail_date":"2022-06-02","trail_time":"15:02:00","trail_latitude":"36.13266667","trail_longitude":"-5.438","trail_speed":"0","trail_heading":"84","i_m_o_number":"7803190","DC_ID":"1097"}
14:53:54.782 [main] DEBUG com.polestar.ndcrefill.Main - {"creation_date":"2022-06-02","creation_time":"21:07:02","trail_date":"2022-06-02","trail_time":"21:02:00","trail_latitude":"35.89866667","trail_longitude":"-5.512666667","trail_speed":"17.2","trail_heading":"34","i_m_o_number":"7803190","DC_ID":"1097"}
14:53:54.782 [main] DEBUG com.polestar.ndcrefill.Main - {"creation_date":"2022-06-03","creation_time":"03:03:46","trail_date":"2022-06-03","trail_time":"03:02:00","trail_latitude":"35.878","trail_longitude":"-5.519333333","trail_speed":"0","trail_heading":"43","i_m_o_number":"7803190","DC_ID":"1097"}
14:53:54.782 [main] DEBUG com.polestar.ndcrefill.Main - {"creation_date":"2022-06-03","creation_time":"09:03:54","trail_date":"2022-06-03","trail_time":"09:02:00","trail_latitude":"36.09466667","trail_longitude":"-5.394666667","trail_speed":"17.2","trail_heading":"176","i_m_o_number":"7803190","DC_ID":"1097"}
14:53:54.782 [main] DEBUG com.polestar.ndcrefill.Main - {"creation_date":"2022-06-03","creation_time":"15:03:45","trail_date":"2022-06-03","trail_time":"15:02:00","trail_latitude":"36.13266667","trail_longitude":"-5.438","trail_speed":"0","trail_heading":"118","i_m_o_number":"7803190","DC_ID":"1097"}
14:53:54.782 [main] DEBUG com.polestar.ndcrefill.Main - {"creation_date":"2022-06-03","creation_time":"21:03:32","trail_date":"2022-06-03","trail_time":"21:02:00","trail_latitude":"35.90266667","trail_longitude":"-5.514","trail_speed":"15.6","trail_heading":"8","i_m_o_number":"7803190","DC_ID":"1097"}
14:53:54.782 [main] DEBUG com.polestar.ndcrefill.Main - {"creation_date":"2022-06-04","creation_time":"03:03:34","trail_date":"2022-06-04","trail_time":"03:02:00","trail_latitude":"35.878","trail_longitude":"-5.519333333","trail_speed":"0","trail_heading":"52","i_m_o_number":"7803190","DC_ID":"1097"}
14:53:54.782 [main] DEBUG com.polestar.ndcrefill.Main - {"creation_date":"2022-06-05","creation_time":"20:25:52","trail_date":"2022-06-05","trail_time":"20:25:36","trail_latitude":"36.80666667","trail_longitude":"10.268","trail_speed":"0","trail_heading":"231","i_m_o_number":"9106467","DC_ID":"1097"}
14:53:54.782 [main] DEBUG com.polestar.ndcrefill.Main - {"creation_date":"2022-06-05","creation_time":"14:26:48","trail_date":"2022-06-05","trail_time":"14:26:37","trail_latitude":"36.80666667","trail_longitude":"10.268","trail_speed":"0","trail_heading":"231","i_m_o_number":"9106467","DC_ID":"1097"}
14:53:54.782 [main] DEBUG com.polestar.ndcrefill.Main - {"creation_date":"2022-06-05","creation_time":"08:26:14","trail_date":"2022-06-05","trail_time":"08:26:03","trail_latitude":"36.80666667","trail_longitude":"10.268","trail_speed":"0","trail_heading":"231","i_m_o_number":"9106467","DC_ID":"1097"}
14:53:54.782 [main] DEBUG com.polestar.ndcrefill.Main - {"creation_date":"2022-06-05","creation_time":"02:27:30","trail_date":"2022-06-05","trail_time":"02:27:20","trail_latitude":"36.80666667","trail_longitude":"10.268","trail_speed":"0","trail_heading":"231","i_m_o_number":"9106467","DC_ID":"1097"}
14:53:54.782 [main] DEBUG com.polestar.ndcrefill.Main - {"creation_date":"2022-06-04","creation_time":"20:27:29","trail_date":"2022-06-04","trail_time":"20:27:20","trail_latitude":"36.77866667","trail_longitude":"10.422","trail_speed":"2.6","trail_heading":"252","i_m_o_number":"9106467","DC_ID":"1097"}
14:53:54.783 [main] DEBUG com.polestar.ndcrefill.Main - {"creation_date":"2022-06-04","creation_time":"14:25:45","trail_date":"2022-06-04","trail_time":"14:25:37","trail_latitude":"36.81933333","trail_longitude":"10.414","trail_speed":"0","trail_heading":"27","i_m_o_number":"9106467","DC_ID":"1097"}
14:53:54.783 [main] DEBUG com.polestar.ndcrefill.Main - {"creation_date":"2022-06-04","creation_time":"08:26:39","trail_date":"2022-06-04","trail_time":"08:26:29","trail_latitude":"36.81933333","trail_longitude":"10.416","trail_speed":"0","trail_heading":"260","i_m_o_number":"9106467","DC_ID":"1097"}
14:53:54.783 [main] DEBUG com.polestar.ndcrefill.Main - {"creation_date":"2022-06-02","creation_time":"02:29:24","trail_date":"2022-06-02","trail_time":"02:29:13","trail_latitude":"36.81866667","trail_longitude":"10.41533333","trail_speed":"0","trail_heading":"25","i_m_o_number":"9106467","DC_ID":"1097"}
14:53:54.783 [main] DEBUG com.polestar.ndcrefill.Main - {"creation_date":"2022-06-02","creation_time":"08:29:28","trail_date":"2022-06-02","trail_time":"08:29:21","trail_latitude":"36.818","trail_longitude":"10.41333333","trail_speed":"0","trail_heading":"342","i_m_o_number":"9106467","DC_ID":"1097"}
14:53:54.783 [main] DEBUG com.polestar.ndcrefill.Main - {"creation_date":"2022-06-02","creation_time":"14:26:18","trail_date":"2022-06-02","trail_time":"14:26:03","trail_latitude":"36.81733333","trail_longitude":"10.41333333","trail_speed":"0","trail_heading":"284","i_m_o_number":"9106467","DC_ID":"1097"}
14:53:54.783 [main] DEBUG com.polestar.ndcrefill.Main - {"creation_date":"2022-06-02","creation_time":"20:25:49","trail_date":"2022-06-02","trail_time":"20:25:38","trail_latitude":"36.82","trail_longitude":"10.41466667","trail_speed":"0","trail_heading":"235","i_m_o_number":"9106467","DC_ID":"1097"}
14:53:54.783 [main] DEBUG com.polestar.ndcrefill.Main - {"creation_date":"2022-06-03","creation_time":"02:27:10","trail_date":"2022-06-03","trail_time":"02:26:55","trail_latitude":"36.82","trail_longitude":"10.414","trail_speed":"0","trail_heading":"235","i_m_o_number":"9106467","DC_ID":"1097"}
14:53:54.783 [main] DEBUG com.polestar.ndcrefill.Main - {"creation_date":"2022-06-03","creation_time":"08:25:48","trail_date":"2022-06-03","trail_time":"08:25:37","trail_latitude":"36.81933333","trail_longitude":"10.414","trail_speed":"0","trail_heading":"260","i_m_o_number":"9106467","DC_ID":"1097"}
14:53:54.784 [main] DEBUG com.polestar.ndcrefill.Main - {"creation_date":"2022-06-03","creation_time":"14:28:25","trail_date":"2022-06-03","trail_time":"14:28:12","trail_latitude":"36.81933333","trail_longitude":"10.414","trail_speed":"0","trail_heading":"260","i_m_o_number":"9106467","DC_ID":"1097"}
14:53:54.784 [main] DEBUG com.polestar.ndcrefill.Main - {"creation_date":"2022-06-03","creation_time":"20:27:12","trail_date":"2022-06-03","trail_time":"20:27:03","trail_latitude":"36.82","trail_longitude":"10.414","trail_speed":"0","trail_heading":"260","i_m_o_number":"9106467","DC_ID":"1097"}
14:53:54.784 [main] DEBUG com.polestar.ndcrefill.Main - {"creation_date":"2022-06-04","creation_time":"02:37:04","trail_date":"2022-06-04","trail_time":"02:29:30","trail_latitude":"36.82","trail_longitude":"10.41466667","trail_speed":"0","trail_heading":"260","i_m_o_number":"9106467","DC_ID":"1097"}
14:53:54.784 [main] DEBUG com.polestar.ndcrefill.Main - {"creation_date":"2022-06-05","creation_time":"23:17:00","trail_date":"2022-06-05","trail_time":"23:14:00","trail_latitude":"36.13266667","trail_longitude":"-5.438","trail_speed":"0","trail_heading":"90","i_m_o_number":"8604345","DC_ID":"1097"}
14:53:54.784 [main] DEBUG com.polestar.ndcrefill.Main - {"creation_date":"2022-06-05","creation_time":"17:17:02","trail_date":"2022-06-05","trail_time":"17:14:00","trail_latitude":"36.082","trail_longitude":"-5.384666667","trail_speed":"13.6","trail_heading":"202","i_m_o_number":"8604345","DC_ID":"1097"}
14:53:54.784 [main] DEBUG com.polestar.ndcrefill.Main - {"creation_date":"2022-06-05","creation_time":"11:17:23","trail_date":"2022-06-05","trail_time":"11:14:00","trail_latitude":"35.878","trail_longitude":"-5.52","trail_speed":"0","trail_heading":"98","i_m_o_number":"8604345","DC_ID":"1097"}
14:53:54.784 [main] DEBUG com.polestar.ndcrefill.Main - {"creation_date":"2022-06-05","creation_time":"05:17:11","trail_date":"2022-06-05","trail_time":"05:14:00","trail_latitude":"36.13266667","trail_longitude":"-5.438","trail_speed":"0","trail_heading":"68","i_m_o_number":"8604345","DC_ID":"1097"}
14:53:54.784 [main] DEBUG com.polestar.ndcrefill.Main - {"creation_date":"2022-06-04","creation_time":"23:16:40","trail_date":"2022-06-04","trail_time":"23:14:00","trail_latitude":"36.028","trail_longitude":"-5.393333333","trail_speed":"17","trail_heading":"16","i_m_o_number":"8604345","DC_ID":"1097"}
14:53:54.784 [main] DEBUG com.polestar.ndcrefill.Main - {"creation_date":"2022-06-04","creation_time":"17:17:12","trail_date":"2022-06-04","trail_time":"17:14:00","trail_latitude":"36.064","trail_longitude":"-5.4","trail_speed":"13","trail_heading":"194","i_m_o_number":"8604345","DC_ID":"1097"}
14:53:54.784 [main] DEBUG com.polestar.ndcrefill.Main - {"creation_date":"2022-06-04","creation_time":"11:17:18","trail_date":"2022-06-04","trail_time":"11:14:00","trail_latitude":"35.878","trail_longitude":"-5.52","trail_speed":"0","trail_heading":"60","i_m_o_number":"8604345","DC_ID":"1097"}
14:53:54.784 [main] DEBUG com.polestar.ndcrefill.Main - {"creation_date":"2022-06-02","creation_time":"05:16:49","trail_date":"2022-06-02","trail_time":"05:14:00","trail_latitude":"36.13266667","trail_longitude":"-5.438","trail_speed":"0","trail_heading":"94","i_m_o_number":"8604345","DC_ID":"1097"}
14:53:54.785 [main] DEBUG com.polestar.ndcrefill.Main - {"creation_date":"2022-06-02","creation_time":"11:16:48","trail_date":"2022-06-02","trail_time":"11:14:00","trail_latitude":"35.878","trail_longitude":"-5.52","trail_speed":"0","trail_heading":"30","i_m_o_number":"8604345","DC_ID":"1097"}
14:53:54.785 [main] DEBUG com.polestar.ndcrefill.Main - {"creation_date":"2022-06-02","creation_time":"17:17:10","trail_date":"2022-06-02","trail_time":"17:14:00","trail_latitude":"35.878","trail_longitude":"-5.52","trail_speed":"0","trail_heading":"52","i_m_o_number":"8604345","DC_ID":"1097"}
14:53:54.785 [main] DEBUG com.polestar.ndcrefill.Main - {"creation_date":"2022-06-02","creation_time":"23:23:56","trail_date":"2022-06-02","trail_time":"23:14:00","trail_latitude":"36.008","trail_longitude":"-5.388666667","trail_speed":"18","trail_heading":"42","i_m_o_number":"8604345","DC_ID":"1097"}
14:53:54.785 [main] DEBUG com.polestar.ndcrefill.Main - {"creation_date":"2022-06-03","creation_time":"05:16:53","trail_date":"2022-06-03","trail_time":"05:14:00","trail_latitude":"36.13266667","trail_longitude":"-5.438","trail_speed":"0","trail_heading":"128","i_m_o_number":"8604345","DC_ID":"1097"}
14:53:54.785 [main] DEBUG com.polestar.ndcrefill.Main - {"creation_date":"2022-06-03","creation_time":"11:17:09","trail_date":"2022-06-03","trail_time":"11:14:00","trail_latitude":"35.878","trail_longitude":"-5.52","trail_speed":"0","trail_heading":"50","i_m_o_number":"8604345","DC_ID":"1097"}
14:53:54.785 [main] DEBUG com.polestar.ndcrefill.Main - {"creation_date":"2022-06-03","creation_time":"17:17:09","trail_date":"2022-06-03","trail_time":"17:14:00","trail_latitude":"36.13866667","trail_longitude":"-5.433333333","trail_speed":"7.4","trail_heading":"6","i_m_o_number":"8604345","DC_ID":"1097"}
14:53:54.785 [main] DEBUG com.polestar.ndcrefill.Main - {"creation_date":"2022-06-03","creation_time":"23:20:21","trail_date":"2022-06-03","trail_time":"23:14:00","trail_latitude":"36.12266667","trail_longitude":"-5.393333333","trail_speed":"2.4","trail_heading":"350","i_m_o_number":"8604345","DC_ID":"1097"}
14:53:54.785 [main] DEBUG com.polestar.ndcrefill.Main - {"creation_date":"2022-06-04","creation_time":"05:16:47","trail_date":"2022-06-04","trail_time":"05:14:00","trail_latitude":"36.13266667","trail_longitude":"-5.438","trail_speed":"0","trail_heading":"60","i_m_o_number":"8604345","DC_ID":"1097"}
14:53:55.354 [main] DEBUG com.polestar.ndcrefill.Main - [0,0,0,0,0,0,0,0,0,0,0,0,0,0,0,0,0,0,0,0,0,0,0,0,0,0,0,0,0,0,0,0,0,0,0,0,0,0,0,0,0,0,0,0,0,0,0,0,0,0,0,0,0,0,0,0,0,0,0,0,0,0,0,0,0,0,0,0,0,0,0,0,0,0,0,0,0,0,0,0,0,0,0,0,0,0,0,0,0,0,0]
14:53:55.355 [main] INFO  com.polestar.ndcrefill.Main - Current position: 191 out of 191
14:53:55.355 [main] INFO  com.polestar.ndcrefill.Main - -----------------------------------------------------------------
14:53:56.181 [main] INFO  com.polestar.ndcrefill.Main - new max shippositionID: 45049
14:53:56.182 [main] INFO  com.polestar.ndcrefill.Main - new ship position generator value 910
14:53:57.006 [main] INFO  com.polestar.ndcrefill.Main - Updated Ship Position Generator value successfully
14:53:57.007 [main] INFO  com.polestar.ndcrefill.Main - -----------------------------------------------------------------
14:53:57.301 [main] INFO  com.polestar.ndcrefill.Main - new max messageID: 144366
14:53:57.302 [main] INFO  com.polestar.ndcrefill.Main - new message generator value 2897
14:53:57.911 [main] INFO  com.polestar.ndcrefill.Main - Updated Message Generator value successfully
14:53:57.912 [main] INFO  com.polestar.ndcrefill.Main - -----------------------------------------------------------------
14:53:57.912 [main] INFO  com.polestar.ndcrefill.Main - finished: 2022-06-17 14:53:57.912
14:53:57.914 [main] INFO  com.polestar.ndcrefill.Main - time taken: PT8.669S
14:53:57.914 [main] INFO  com.polestar.ndcrefill.Main - -----------------------------------------------------------------
