14:56:46.969 [main] INFO  com.polestar.ndcrefill.Main - -----------------------------------------------------------------
14:56:46.971 [main] INFO  com.polestar.ndcrefill.Main - Start: 2022-06-17 14:56:46.97
14:56:46.971 [main] INFO  com.polestar.ndcrefill.Main - -----------------------------------------------------------------
14:56:46.971 [main] INFO  com.polestar.ndcrefill.Main - Starting Backfill
14:56:46.971 [main] INFO  com.polestar.ndcrefill.Main - HOST: jdbc:postgresql://localhost:6432/
14:56:46.971 [main] INFO  com.polestar.ndcrefill.Main - MASTER_USERNAME: lrit
14:56:46.971 [main] INFO  com.polestar.ndcrefill.Main - DO_INSERTS: true
14:56:46.971 [main] INFO  com.polestar.ndcrefill.Main - FILE_LOCATION: src/main/resources/missing_positions.csv
14:56:46.971 [main] INFO  com.polestar.ndcrefill.Main - FLAG_CODE: 1106
14:56:46.971 [main] INFO  com.polestar.ndcrefill.Main - DATA_CENTER_IDENTIFIER: 3106
14:56:48.806 [main] INFO  com.polestar.ndcrefill.Main - -----------------------------------------------------------------
14:56:48.806 [main] INFO  com.polestar.ndcrefill.Main - Starting Details
14:56:49.358 [main] INFO  com.polestar.ndcrefill.Main - ShipPosition Generator Value: 454
14:56:49.903 [main] INFO  com.polestar.ndcrefill.Main - Message Generator Value: 6502
14:56:50.510 [main] INFO  com.polestar.ndcrefill.Main - current max ship position id is: 22662 starting shipPositionID: 24662
14:56:51.340 [main] INFO  com.polestar.ndcrefill.Main - current max message id is: 325053 starting messageID: 327053
14:56:51.340 [main] INFO  com.polestar.ndcrefill.Main - -----------------------------------------------------------------
14:56:51.341 [main] INFO  com.polestar.ndcrefill.Main - Updating Insert Positions function
14:56:52.061 [main] INFO  com.polestar.ndcrefill.Main - Updated Successfully
14:56:52.061 [main] INFO  com.polestar.ndcrefill.Main - -----------------------------------------------------------------
14:56:52.064 [main] INFO  com.polestar.ndcrefill.FileService - starting to process file
14:56:52.292 [main] INFO  com.polestar.ndcrefill.FileService - Positions count: 48
14:56:52.292 [main] INFO  com.polestar.ndcrefill.Main - -----------------------------------------------------------------
14:56:52.298 [main] DEBUG com.polestar.ndcrefill.Main - {"creation_date":"2022-06-05","creation_time":"18:18:21","trail_date":"2022-06-05","trail_time":"18:16:00","trail_latitude":"22.652","trail_longitude":"59.438","trail_speed":"0.2","trail_heading":"130","i_m_o_number":"9795787","DC_ID":"1106"}
14:56:52.298 [main] DEBUG com.polestar.ndcrefill.Main - {"creation_date":"2022-06-05","creation_time":"12:18:20","trail_date":"2022-06-05","trail_time":"12:16:00","trail_latitude":"22.652","trail_longitude":"59.438","trail_speed":"0","trail_heading":"130","i_m_o_number":"9795787","DC_ID":"1106"}
14:56:52.299 [main] DEBUG com.polestar.ndcrefill.Main - {"creation_date":"2022-06-05","creation_time":"06:18:33","trail_date":"2022-06-05","trail_time":"06:16:00","trail_latitude":"22.652","trail_longitude":"59.438","trail_speed":"0","trail_heading":"78","i_m_o_number":"9795787","DC_ID":"1106"}
14:56:52.299 [main] DEBUG com.polestar.ndcrefill.Main - {"creation_date":"2022-06-05","creation_time":"00:18:46","trail_date":"2022-06-05","trail_time":"00:16:00","trail_latitude":"22.648","trail_longitude":"59.44333333","trail_speed":"0","trail_heading":"158","i_m_o_number":"9795787","DC_ID":"1106"}
14:56:52.299 [main] DEBUG com.polestar.ndcrefill.Main - {"creation_date":"2022-06-04","creation_time":"18:18:21","trail_date":"2022-06-04","trail_time":"18:16:00","trail_latitude":"22.648","trail_longitude":"59.44333333","trail_speed":"0","trail_heading":"251","i_m_o_number":"9795787","DC_ID":"1106"}
14:56:52.299 [main] DEBUG com.polestar.ndcrefill.Main - {"creation_date":"2022-06-04","creation_time":"12:18:13","trail_date":"2022-06-04","trail_time":"12:16:00","trail_latitude":"22.648","trail_longitude":"59.44266667","trail_speed":"0","trail_heading":"226","i_m_o_number":"9795787","DC_ID":"1106"}
14:56:52.300 [main] DEBUG com.polestar.ndcrefill.Main - {"creation_date":"2022-06-04","creation_time":"06:18:22","trail_date":"2022-06-04","trail_time":"06:16:00","trail_latitude":"22.64866667","trail_longitude":"59.44266667","trail_speed":"0.2","trail_heading":"0","i_m_o_number":"9795787","DC_ID":"1106"}
14:56:52.300 [main] DEBUG com.polestar.ndcrefill.Main - {"creation_date":"2022-06-04","creation_time":"00:18:26","trail_date":"2022-06-04","trail_time":"00:16:00","trail_latitude":"22.64866667","trail_longitude":"59.44333333","trail_speed":"0","trail_heading":"57","i_m_o_number":"9795787","DC_ID":"1106"}
14:56:52.300 [main] DEBUG com.polestar.ndcrefill.Main - {"creation_date":"2022-06-03","creation_time":"18:18:23","trail_date":"2022-06-03","trail_time":"18:16:00","trail_latitude":"22.64933333","trail_longitude":"59.44266667","trail_speed":"0","trail_heading":"279","i_m_o_number":"9795787","DC_ID":"1106"}
14:56:52.300 [main] DEBUG com.polestar.ndcrefill.Main - {"creation_date":"2022-06-03","creation_time":"12:18:24","trail_date":"2022-06-03","trail_time":"12:16:00","trail_latitude":"22.64866667","trail_longitude":"59.44333333","trail_speed":"0.2","trail_heading":"241","i_m_o_number":"9795787","DC_ID":"1106"}
14:56:52.301 [main] DEBUG com.polestar.ndcrefill.Main - {"creation_date":"2022-06-03","creation_time":"06:18:13","trail_date":"2022-06-03","trail_time":"06:16:00","trail_latitude":"22.64866667","trail_longitude":"59.44266667","trail_speed":"0","trail_heading":"249","i_m_o_number":"9795787","DC_ID":"1106"}
14:56:52.301 [main] DEBUG com.polestar.ndcrefill.Main - {"creation_date":"2022-06-03","creation_time":"00:18:13","trail_date":"2022-06-03","trail_time":"00:16:00","trail_latitude":"22.64866667","trail_longitude":"59.44333333","trail_speed":"0","trail_heading":"273","i_m_o_number":"9795787","DC_ID":"1106"}
14:56:52.301 [main] DEBUG com.polestar.ndcrefill.Main - {"creation_date":"2022-06-02","creation_time":"18:18:33","trail_date":"2022-06-02","trail_time":"18:16:00","trail_latitude":"22.648","trail_longitude":"59.44266667","trail_speed":"0.2","trail_heading":"18","i_m_o_number":"9795787","DC_ID":"1106"}
14:56:52.301 [main] DEBUG com.polestar.ndcrefill.Main - {"creation_date":"2022-06-02","creation_time":"12:18:33","trail_date":"2022-06-02","trail_time":"12:16:00","trail_latitude":"22.648","trail_longitude":"59.44266667","trail_speed":"0","trail_heading":"287","i_m_o_number":"9795787","DC_ID":"1106"}
14:56:52.302 [main] DEBUG com.polestar.ndcrefill.Main - {"creation_date":"2022-06-02","creation_time":"06:18:27","trail_date":"2022-06-02","trail_time":"06:16:00","trail_latitude":"22.63266667","trail_longitude":"59.46866667","trail_speed":"7.4","trail_heading":"126","i_m_o_number":"9795787","DC_ID":"1106"}
14:56:52.302 [main] DEBUG com.polestar.ndcrefill.Main - {"creation_date":"2022-06-02","creation_time":"00:18:17","trail_date":"2022-06-02","trail_time":"00:16:00","trail_latitude":"22.64933333","trail_longitude":"59.44333333","trail_speed":"0.2","trail_heading":"160","i_m_o_number":"9795787","DC_ID":"1106"}
14:56:52.302 [main] DEBUG com.polestar.ndcrefill.Main - {"creation_date":"2022-06-05","creation_time":"21:24:31","trail_date":"2022-06-05","trail_time":"21:22:00","trail_latitude":"19.68466667","trail_longitude":"57.72666667","trail_speed":"0","trail_heading":"5","i_m_o_number":"9256664","DC_ID":"1106"}
14:56:52.302 [main] DEBUG com.polestar.ndcrefill.Main - {"creation_date":"2022-06-05","creation_time":"15:24:48","trail_date":"2022-06-05","trail_time":"15:22:00","trail_latitude":"19.68466667","trail_longitude":"57.72666667","trail_speed":"0","trail_heading":"5","i_m_o_number":"9256664","DC_ID":"1106"}
14:56:52.303 [main] DEBUG com.polestar.ndcrefill.Main - {"creation_date":"2022-06-05","creation_time":"09:24:58","trail_date":"2022-06-05","trail_time":"09:22:00","trail_latitude":"19.68466667","trail_longitude":"57.72666667","trail_speed":"0","trail_heading":"5","i_m_o_number":"9256664","DC_ID":"1106"}
14:56:52.303 [main] DEBUG com.polestar.ndcrefill.Main - {"creation_date":"2022-06-05","creation_time":"03:24:03","trail_date":"2022-06-05","trail_time":"03:22:00","trail_latitude":"19.68466667","trail_longitude":"57.72666667","trail_speed":"0","trail_heading":"5","i_m_o_number":"9256664","DC_ID":"1106"}
14:56:52.303 [main] DEBUG com.polestar.ndcrefill.Main - {"creation_date":"2022-06-04","creation_time":"21:24:08","trail_date":"2022-06-04","trail_time":"21:22:00","trail_latitude":"19.68466667","trail_longitude":"57.72666667","trail_speed":"0","trail_heading":"5","i_m_o_number":"9256664","DC_ID":"1106"}
14:56:52.303 [main] DEBUG com.polestar.ndcrefill.Main - {"creation_date":"2022-06-04","creation_time":"15:34:35","trail_date":"2022-06-04","trail_time":"15:22:00","trail_latitude":"19.68466667","trail_longitude":"57.72666667","trail_speed":"0","trail_heading":"5","i_m_o_number":"9256664","DC_ID":"1106"}
14:56:52.304 [main] DEBUG com.polestar.ndcrefill.Main - {"creation_date":"2022-06-04","creation_time":"09:23:30","trail_date":"2022-06-04","trail_time":"09:22:00","trail_latitude":"19.678","trail_longitude":"57.71533333","trail_speed":"0.2","trail_heading":"23","i_m_o_number":"9256664","DC_ID":"1106"}
14:56:52.304 [main] DEBUG com.polestar.ndcrefill.Main - {"creation_date":"2022-06-04","creation_time":"03:23:37","trail_date":"2022-06-04","trail_time":"03:22:00","trail_latitude":"19.678","trail_longitude":"57.71733333","trail_speed":"0","trail_heading":"141","i_m_o_number":"9256664","DC_ID":"1106"}
14:56:52.304 [main] DEBUG com.polestar.ndcrefill.Main - {"creation_date":"2022-06-03","creation_time":"21:25:35","trail_date":"2022-06-03","trail_time":"21:22:00","trail_latitude":"19.678","trail_longitude":"57.71666667","trail_speed":"0","trail_heading":"302","i_m_o_number":"9256664","DC_ID":"1106"}
14:56:52.304 [main] DEBUG com.polestar.ndcrefill.Main - {"creation_date":"2022-06-03","creation_time":"15:25:36","trail_date":"2022-06-03","trail_time":"15:22:00","trail_latitude":"19.678","trail_longitude":"57.71533333","trail_speed":"0.2","trail_heading":"3","i_m_o_number":"9256664","DC_ID":"1106"}
14:56:52.304 [main] DEBUG com.polestar.ndcrefill.Main - {"creation_date":"2022-06-03","creation_time":"09:23:47","trail_date":"2022-06-03","trail_time":"09:22:00","trail_latitude":"19.67733333","trail_longitude":"57.71533333","trail_speed":"0.2","trail_heading":"34","i_m_o_number":"9256664","DC_ID":"1106"}
14:56:52.305 [main] DEBUG com.polestar.ndcrefill.Main - {"creation_date":"2022-06-03","creation_time":"03:24:04","trail_date":"2022-06-03","trail_time":"03:22:00","trail_latitude":"19.67666667","trail_longitude":"57.716","trail_speed":"0","trail_heading":"173","i_m_o_number":"9256664","DC_ID":"1106"}
14:56:52.305 [main] DEBUG com.polestar.ndcrefill.Main - {"creation_date":"2022-06-02","creation_time":"21:25:01","trail_date":"2022-06-02","trail_time":"21:22:00","trail_latitude":"19.678","trail_longitude":"57.716","trail_speed":"0","trail_heading":"173","i_m_o_number":"9256664","DC_ID":"1106"}
14:56:52.305 [main] DEBUG com.polestar.ndcrefill.Main - {"creation_date":"2022-06-02","creation_time":"15:25:16","trail_date":"2022-06-02","trail_time":"15:22:00","trail_latitude":"19.678","trail_longitude":"57.716","trail_speed":"0","trail_heading":"173","i_m_o_number":"9256664","DC_ID":"1106"}
14:56:52.305 [main] DEBUG com.polestar.ndcrefill.Main - {"creation_date":"2022-06-02","creation_time":"09:23:31","trail_date":"2022-06-02","trail_time":"09:22:00","trail_latitude":"19.67733333","trail_longitude":"57.71533333","trail_speed":"0","trail_heading":"340","i_m_o_number":"9256664","DC_ID":"1106"}
14:56:52.305 [main] DEBUG com.polestar.ndcrefill.Main - {"creation_date":"2022-06-02","creation_time":"03:26:16","trail_date":"2022-06-02","trail_time":"03:22:00","trail_latitude":"19.67866667","trail_longitude":"57.716","trail_speed":"0","trail_heading":"259","i_m_o_number":"9256664","DC_ID":"1106"}
14:56:52.306 [main] DEBUG com.polestar.ndcrefill.Main - {"creation_date":"2022-06-05","creation_time":"23:03:44","trail_date":"2022-06-05","trail_time":"23:02:00","trail_latitude":"23.62466667","trail_longitude":"58.56533333","trail_speed":"0","trail_heading":"209","i_m_o_number":"9463774","DC_ID":"1106"}
14:56:52.306 [main] DEBUG com.polestar.ndcrefill.Main - {"creation_date":"2022-06-05","creation_time":"17:08:28","trail_date":"2022-06-05","trail_time":"17:02:00","trail_latitude":"23.62466667","trail_longitude":"58.56533333","trail_speed":"0","trail_heading":"209","i_m_o_number":"9463774","DC_ID":"1106"}
14:56:52.306 [main] DEBUG com.polestar.ndcrefill.Main - {"creation_date":"2022-06-05","creation_time":"11:04:38","trail_date":"2022-06-05","trail_time":"11:02:00","trail_latitude":"23.62466667","trail_longitude":"58.56533333","trail_speed":"0","trail_heading":"209","i_m_o_number":"9463774","DC_ID":"1106"}
14:56:52.306 [main] DEBUG com.polestar.ndcrefill.Main - {"creation_date":"2022-06-05","creation_time":"05:12:12","trail_date":"2022-06-05","trail_time":"05:02:00","trail_latitude":"23.62466667","trail_longitude":"58.56533333","trail_speed":"0","trail_heading":"209","i_m_o_number":"9463774","DC_ID":"1106"}
14:56:52.306 [main] DEBUG com.polestar.ndcrefill.Main - {"creation_date":"2022-06-04","creation_time":"23:03:57","trail_date":"2022-06-04","trail_time":"23:02:00","trail_latitude":"23.62466667","trail_longitude":"58.56533333","trail_speed":"0","trail_heading":"209","i_m_o_number":"9463774","DC_ID":"1106"}
14:56:52.307 [main] DEBUG com.polestar.ndcrefill.Main - {"creation_date":"2022-06-04","creation_time":"17:04:05","trail_date":"2022-06-04","trail_time":"17:02:00","trail_latitude":"23.62466667","trail_longitude":"58.56533333","trail_speed":"0","trail_heading":"209","i_m_o_number":"9463774","DC_ID":"1106"}
14:56:52.307 [main] DEBUG com.polestar.ndcrefill.Main - {"creation_date":"2022-06-04","creation_time":"11:04:40","trail_date":"2022-06-04","trail_time":"11:02:00","trail_latitude":"23.62466667","trail_longitude":"58.56533333","trail_speed":"0","trail_heading":"209","i_m_o_number":"9463774","DC_ID":"1106"}
14:56:52.307 [main] DEBUG com.polestar.ndcrefill.Main - {"creation_date":"2022-06-02","creation_time":"05:04:07","trail_date":"2022-06-02","trail_time":"05:02:00","trail_latitude":"23.62466667","trail_longitude":"58.56533333","trail_speed":"0","trail_heading":"209","i_m_o_number":"9463774","DC_ID":"1106"}
14:56:52.307 [main] DEBUG com.polestar.ndcrefill.Main - {"creation_date":"2022-06-02","creation_time":"11:08:40","trail_date":"2022-06-02","trail_time":"11:02:00","trail_latitude":"23.62466667","trail_longitude":"58.56533333","trail_speed":"0","trail_heading":"209","i_m_o_number":"9463774","DC_ID":"1106"}
14:56:52.307 [main] DEBUG com.polestar.ndcrefill.Main - {"creation_date":"2022-06-02","creation_time":"17:03:39","trail_date":"2022-06-02","trail_time":"17:02:00","trail_latitude":"23.62466667","trail_longitude":"58.56533333","trail_speed":"0","trail_heading":"209","i_m_o_number":"9463774","DC_ID":"1106"}
14:56:52.307 [main] DEBUG com.polestar.ndcrefill.Main - {"creation_date":"2022-06-02","creation_time":"23:03:48","trail_date":"2022-06-02","trail_time":"23:02:00","trail_latitude":"23.62466667","trail_longitude":"58.56533333","trail_speed":"0","trail_heading":"209","i_m_o_number":"9463774","DC_ID":"1106"}
14:56:52.308 [main] DEBUG com.polestar.ndcrefill.Main - {"creation_date":"2022-06-03","creation_time":"05:05:16","trail_date":"2022-06-03","trail_time":"05:02:00","trail_latitude":"23.62466667","trail_longitude":"58.56533333","trail_speed":"0","trail_heading":"209","i_m_o_number":"9463774","DC_ID":"1106"}
14:56:52.308 [main] DEBUG com.polestar.ndcrefill.Main - {"creation_date":"2022-06-03","creation_time":"11:04:20","trail_date":"2022-06-03","trail_time":"11:02:00","trail_latitude":"23.62466667","trail_longitude":"58.56533333","trail_speed":"0","trail_heading":"209","i_m_o_number":"9463774","DC_ID":"1106"}
14:56:52.308 [main] DEBUG com.polestar.ndcrefill.Main - {"creation_date":"2022-06-03","creation_time":"17:05:07","trail_date":"2022-06-03","trail_time":"17:02:00","trail_latitude":"23.62466667","trail_longitude":"58.56533333","trail_speed":"0","trail_heading":"209","i_m_o_number":"9463774","DC_ID":"1106"}
14:56:52.308 [main] DEBUG com.polestar.ndcrefill.Main - {"creation_date":"2022-06-03","creation_time":"23:05:05","trail_date":"2022-06-03","trail_time":"23:02:00","trail_latitude":"23.62466667","trail_longitude":"58.56533333","trail_speed":"0","trail_heading":"209","i_m_o_number":"9463774","DC_ID":"1106"}
14:56:52.308 [main] DEBUG com.polestar.ndcrefill.Main - {"creation_date":"2022-06-04","creation_time":"05:03:58","trail_date":"2022-06-04","trail_time":"05:02:00","trail_latitude":"23.62466667","trail_longitude":"58.56533333","trail_speed":"0","trail_heading":"209","i_m_o_number":"9463774","DC_ID":"1106"}
14:56:52.900 [main] DEBUG com.polestar.ndcrefill.Main - [0,0,0,0,0,0,0,0,0,0,0,0,0,0,0,0,0,0,0,0,0,0,0,0,0,0,0,0,0,0,0,0,0,0,0,0,0,0,0,0,0,0,0,0,0,0,0,0]
14:56:52.900 [main] INFO  com.polestar.ndcrefill.Main - Current position: 48 out of 48
14:56:52.900 [main] INFO  com.polestar.ndcrefill.Main - -----------------------------------------------------------------
14:56:53.720 [main] INFO  com.polestar.ndcrefill.Main - new max shippositionID: 24709
14:56:53.721 [main] INFO  com.polestar.ndcrefill.Main - new ship position generator value 504
14:56:54.549 [main] INFO  com.polestar.ndcrefill.Main - Updated Ship Position Generator value successfully
14:56:54.549 [main] INFO  com.polestar.ndcrefill.Main - -----------------------------------------------------------------
14:56:55.371 [main] INFO  com.polestar.ndcrefill.Main - new max messageID: 327100
14:56:55.372 [main] INFO  com.polestar.ndcrefill.Main - new message generator value 6552
14:56:55.668 [main] INFO  com.polestar.ndcrefill.Main - Updated Message Generator value successfully
14:56:55.669 [main] INFO  com.polestar.ndcrefill.Main - -----------------------------------------------------------------
14:56:55.670 [main] INFO  com.polestar.ndcrefill.Main - finished: 2022-06-17 14:56:55.669
14:56:55.671 [main] INFO  com.polestar.ndcrefill.Main - time taken: PT8.699S
14:56:55.671 [main] INFO  com.polestar.ndcrefill.Main - -----------------------------------------------------------------
