15:27:20.581 [main] INFO  com.polestar.ndcrefill.Main - -----------------------------------------------------------------
15:27:20.583 [main] INFO  com.polestar.ndcrefill.Main - Start: 2022-06-17 15:27:20.583
15:27:20.583 [main] INFO  com.polestar.ndcrefill.Main - -----------------------------------------------------------------
15:27:20.583 [main] INFO  com.polestar.ndcrefill.Main - Starting Backfill
15:27:20.583 [main] INFO  com.polestar.ndcrefill.Main - HOST: jdbc:postgresql://localhost:6432/
15:27:20.583 [main] INFO  com.polestar.ndcrefill.Main - MASTER_USERNAME: lrit
15:27:20.584 [main] INFO  com.polestar.ndcrefill.Main - DO_INSERTS: true
15:27:20.584 [main] INFO  com.polestar.ndcrefill.Main - FILE_LOCATION: src/main/resources/missing_positions.csv
15:27:20.584 [main] INFO  com.polestar.ndcrefill.Main - FLAG_CODE: 1107
15:27:20.584 [main] INFO  com.polestar.ndcrefill.Main - DATA_CENTER_IDENTIFIER: 3107
15:27:22.366 [main] INFO  com.polestar.ndcrefill.Main - -----------------------------------------------------------------
15:27:22.366 [main] INFO  com.polestar.ndcrefill.Main - Starting Details
15:27:22.670 [main] INFO  com.polestar.ndcrefill.Main - ShipPosition Generator Value: 2893
15:27:22.964 [main] INFO  com.polestar.ndcrefill.Main - Message Generator Value: 13097
15:27:23.269 [main] INFO  com.polestar.ndcrefill.Main - current max ship position id is: 144620 starting shipPositionID: 146620
15:27:23.564 [main] INFO  com.polestar.ndcrefill.Main - current max message id is: 654837 starting messageID: 656837
15:27:23.565 [main] INFO  com.polestar.ndcrefill.Main - -----------------------------------------------------------------
15:27:23.565 [main] INFO  com.polestar.ndcrefill.Main - Updating Insert Positions function
15:27:24.264 [main] INFO  com.polestar.ndcrefill.Main - Updated Successfully
15:27:24.264 [main] INFO  com.polestar.ndcrefill.Main - -----------------------------------------------------------------
15:27:24.267 [main] INFO  com.polestar.ndcrefill.FileService - starting to process file
15:27:24.534 [main] INFO  com.polestar.ndcrefill.FileService - Positions count: 72
15:27:24.534 [main] INFO  com.polestar.ndcrefill.Main - -----------------------------------------------------------------
15:27:24.541 [main] DEBUG com.polestar.ndcrefill.Main - {"creation_date":"2022-06-05","creation_time":"19:57:17","trail_date":"2022-06-05","trail_time":"19:56:00","trail_latitude":"25.348","trail_longitude":"57.88866667","trail_speed":"10.8","trail_heading":"102","i_m_o_number":"9257814","DC_ID":"1107"}
15:27:24.541 [main] DEBUG com.polestar.ndcrefill.Main - {"creation_date":"2022-06-05","creation_time":"13:56:45","trail_date":"2022-06-05","trail_time":"13:56:00","trail_latitude":"25.93733333","trail_longitude":"56.958","trail_speed":"10.8","trail_heading":"148","i_m_o_number":"9257814","DC_ID":"1107"}
15:27:24.541 [main] DEBUG com.polestar.ndcrefill.Main - {"creation_date":"2022-06-05","creation_time":"07:59:24","trail_date":"2022-06-05","trail_time":"07:54:00","trail_latitude":"26.44133333","trail_longitude":"56.23866667","trail_speed":"10.8","trail_heading":"58","i_m_o_number":"9257814","DC_ID":"1107"}
15:27:24.542 [main] DEBUG com.polestar.ndcrefill.Main - {"creation_date":"2022-06-05","creation_time":"01:57:23","trail_date":"2022-06-05","trail_time":"01:56:00","trail_latitude":"26.076","trail_longitude":"55.06133333","trail_speed":"11","trail_heading":"78","i_m_o_number":"9257814","DC_ID":"1107"}
15:27:24.542 [main] DEBUG com.polestar.ndcrefill.Main - {"creation_date":"2022-06-04","creation_time":"19:57:30","trail_date":"2022-06-04","trail_time":"19:56:00","trail_latitude":"25.81066667","trail_longitude":"53.90866667","trail_speed":"11","trail_heading":"57","i_m_o_number":"9257814","DC_ID":"1107"}
15:27:24.542 [main] DEBUG com.polestar.ndcrefill.Main - {"creation_date":"2022-06-04","creation_time":"13:57:25","trail_date":"2022-06-04","trail_time":"13:56:00","trail_latitude":"25.20666667","trail_longitude":"52.95733333","trail_speed":"9.2","trail_heading":"24","i_m_o_number":"9257814","DC_ID":"1107"}
15:27:24.543 [main] DEBUG com.polestar.ndcrefill.Main - {"creation_date":"2022-06-04","creation_time":"07:57:17","trail_date":"2022-06-04","trail_time":"07:56:00","trail_latitude":"25.13533333","trail_longitude":"52.93066667","trail_speed":"0.2","trail_heading":"177","i_m_o_number":"9257814","DC_ID":"1107"}
15:27:24.543 [main] DEBUG com.polestar.ndcrefill.Main - {"creation_date":"2022-06-04","creation_time":"01:56:46","trail_date":"2022-06-04","trail_time":"01:56:00","trail_latitude":"25.13733333","trail_longitude":"52.92666667","trail_speed":"0","trail_heading":"72","i_m_o_number":"9257814","DC_ID":"1107"}
15:27:24.543 [main] DEBUG com.polestar.ndcrefill.Main - {"creation_date":"2022-06-03","creation_time":"19:57:15","trail_date":"2022-06-03","trail_time":"19:56:00","trail_latitude":"25.164","trail_longitude":"52.93733333","trail_speed":"1.8","trail_heading":"284","i_m_o_number":"9257814","DC_ID":"1107"}
15:27:24.544 [main] DEBUG com.polestar.ndcrefill.Main - {"creation_date":"2022-06-03","creation_time":"13:56:37","trail_date":"2022-06-03","trail_time":"13:54:00","trail_latitude":"25.09933333","trail_longitude":"52.95133333","trail_speed":"0","trail_heading":"244","i_m_o_number":"9257814","DC_ID":"1107"}
15:27:24.544 [main] DEBUG com.polestar.ndcrefill.Main - {"creation_date":"2022-06-03","creation_time":"07:56:13","trail_date":"2022-06-03","trail_time":"07:54:00","trail_latitude":"25.102","trail_longitude":"52.954","trail_speed":"0","trail_heading":"226","i_m_o_number":"9257814","DC_ID":"1107"}
15:27:24.544 [main] DEBUG com.polestar.ndcrefill.Main - {"creation_date":"2022-06-03","creation_time":"01:56:35","trail_date":"2022-06-03","trail_time":"01:54:00","trail_latitude":"25.10333333","trail_longitude":"52.95","trail_speed":"0","trail_heading":"50","i_m_o_number":"9257814","DC_ID":"1107"}
15:27:24.544 [main] DEBUG com.polestar.ndcrefill.Main - {"creation_date":"2022-06-02","creation_time":"19:56:00","trail_date":"2022-06-02","trail_time":"19:54:00","trail_latitude":"25.1","trail_longitude":"52.95333333","trail_speed":"0","trail_heading":"100","i_m_o_number":"9257814","DC_ID":"1107"}
15:27:24.544 [main] DEBUG com.polestar.ndcrefill.Main - {"creation_date":"2022-06-02","creation_time":"14:00:41","trail_date":"2022-06-02","trail_time":"13:56:00","trail_latitude":"25.1","trail_longitude":"52.95","trail_speed":"0","trail_heading":"162","i_m_o_number":"9257814","DC_ID":"1107"}
15:27:24.545 [main] DEBUG com.polestar.ndcrefill.Main - {"creation_date":"2022-06-02","creation_time":"07:57:20","trail_date":"2022-06-02","trail_time":"07:56:00","trail_latitude":"25.10333333","trail_longitude":"52.95133333","trail_speed":"0","trail_heading":"74","i_m_o_number":"9257814","DC_ID":"1107"}
15:27:24.545 [main] DEBUG com.polestar.ndcrefill.Main - {"creation_date":"2022-06-02","creation_time":"01:56:32","trail_date":"2022-06-02","trail_time":"01:54:00","trail_latitude":"25.63333333","trail_longitude":"53.588","trail_speed":"12.2","trail_heading":"240","i_m_o_number":"9257814","DC_ID":"1107"}
15:27:24.545 [main] DEBUG com.polestar.ndcrefill.Main - {"creation_date":"2022-06-05","creation_time":"19:38:27","trail_date":"2022-06-05","trail_time":"19:36:00","trail_latitude":"27.08133333","trail_longitude":"51.07666667","trail_speed":"11.4","trail_heading":"91","i_m_o_number":"9277541","DC_ID":"1107"}
15:27:24.545 [main] DEBUG com.polestar.ndcrefill.Main - {"creation_date":"2022-06-05","creation_time":"13:39:16","trail_date":"2022-06-05","trail_time":"13:38:00","trail_latitude":"26.724","trail_longitude":"50.19933333","trail_speed":"8.8","trail_heading":"345","i_m_o_number":"9277541","DC_ID":"1107"}
15:27:24.546 [main] DEBUG com.polestar.ndcrefill.Main - {"creation_date":"2022-06-05","creation_time":"07:38:13","trail_date":"2022-06-05","trail_time":"07:36:00","trail_latitude":"26.66733333","trail_longitude":"50.18333333","trail_speed":"0","trail_heading":"192","i_m_o_number":"9277541","DC_ID":"1107"}
15:27:24.546 [main] DEBUG com.polestar.ndcrefill.Main - {"creation_date":"2022-06-05","creation_time":"01:38:25","trail_date":"2022-06-05","trail_time":"01:36:00","trail_latitude":"26.66733333","trail_longitude":"50.18333333","trail_speed":"0","trail_heading":"104","i_m_o_number":"9277541","DC_ID":"1107"}
15:27:24.546 [main] DEBUG com.polestar.ndcrefill.Main - {"creation_date":"2022-06-04","creation_time":"19:38:08","trail_date":"2022-06-04","trail_time":"19:36:00","trail_latitude":"26.66733333","trail_longitude":"50.18333333","trail_speed":"0","trail_heading":"254","i_m_o_number":"9277541","DC_ID":"1107"}
15:27:24.546 [main] DEBUG com.polestar.ndcrefill.Main - {"creation_date":"2022-06-04","creation_time":"13:42:33","trail_date":"2022-06-04","trail_time":"13:38:00","trail_latitude":"26.666","trail_longitude":"50.186","trail_speed":"0.6","trail_heading":"324","i_m_o_number":"9277541","DC_ID":"1107"}
15:27:24.546 [main] DEBUG com.polestar.ndcrefill.Main - {"creation_date":"2022-06-04","creation_time":"07:38:10","trail_date":"2022-06-04","trail_time":"07:36:00","trail_latitude":"26.63866667","trail_longitude":"50.24666667","trail_speed":"0","trail_heading":"55","i_m_o_number":"9277541","DC_ID":"1107"}
15:27:24.547 [main] DEBUG com.polestar.ndcrefill.Main - {"creation_date":"2022-06-04","creation_time":"01:38:38","trail_date":"2022-06-04","trail_time":"01:36:00","trail_latitude":"26.64066667","trail_longitude":"50.24733333","trail_speed":"0.2","trail_heading":"142","i_m_o_number":"9277541","DC_ID":"1107"}
15:27:24.547 [main] DEBUG com.polestar.ndcrefill.Main - {"creation_date":"2022-06-03","creation_time":"19:42:00","trail_date":"2022-06-03","trail_time":"19:36:00","trail_latitude":"26.64133333","trail_longitude":"50.24333333","trail_speed":"0","trail_heading":"2","i_m_o_number":"9277541","DC_ID":"1107"}
15:27:24.547 [main] DEBUG com.polestar.ndcrefill.Main - {"creation_date":"2022-06-03","creation_time":"13:43:15","trail_date":"2022-06-03","trail_time":"13:38:00","trail_latitude":"27.10733333","trail_longitude":"50.41866667","trail_speed":"11.6","trail_heading":"267","i_m_o_number":"9277541","DC_ID":"1107"}
15:27:24.547 [main] DEBUG com.polestar.ndcrefill.Main - {"creation_date":"2022-06-03","creation_time":"07:39:01","trail_date":"2022-06-03","trail_time":"07:38:00","trail_latitude":"27.09266667","trail_longitude":"51.66866667","trail_speed":"11.2","trail_heading":"272","i_m_o_number":"9277541","DC_ID":"1107"}
15:27:24.547 [main] DEBUG com.polestar.ndcrefill.Main - {"creation_date":"2022-06-03","creation_time":"01:38:13","trail_date":"2022-06-03","trail_time":"01:36:00","trail_latitude":"26.69133333","trail_longitude":"52.96533333","trail_speed":"13.6","trail_heading":"302","i_m_o_number":"9277541","DC_ID":"1107"}
15:27:24.548 [main] DEBUG com.polestar.ndcrefill.Main - {"creation_date":"2022-06-02","creation_time":"19:39:21","trail_date":"2022-06-02","trail_time":"19:38:00","trail_latitude":"26.37466667","trail_longitude":"54.33866667","trail_speed":"13","trail_heading":"267","i_m_o_number":"9277541","DC_ID":"1107"}
15:27:24.548 [main] DEBUG com.polestar.ndcrefill.Main - {"creation_date":"2022-06-02","creation_time":"13:38:42","trail_date":"2022-06-02","trail_time":"13:38:00","trail_latitude":"26.42533333","trail_longitude":"55.734","trail_speed":"13.6","trail_heading":"255","i_m_o_number":"9277541","DC_ID":"1107"}
15:27:24.548 [main] DEBUG com.polestar.ndcrefill.Main - {"creation_date":"2022-06-02","creation_time":"07:38:32","trail_date":"2022-06-02","trail_time":"07:36:00","trail_latitude":"26.18133333","trail_longitude":"56.88466667","trail_speed":"13.2","trail_heading":"328","i_m_o_number":"9277541","DC_ID":"1107"}
15:27:24.548 [main] DEBUG com.polestar.ndcrefill.Main - {"creation_date":"2022-06-02","creation_time":"01:38:08","trail_date":"2022-06-02","trail_time":"01:36:00","trail_latitude":"25.35333333","trail_longitude":"57.85","trail_speed":"12","trail_heading":"280","i_m_o_number":"9277541","DC_ID":"1107"}
15:27:24.549 [main] DEBUG com.polestar.ndcrefill.Main - {"creation_date":"2022-06-05","creation_time":"19:25:51","trail_date":"2022-06-05","trail_time":"19:20:00","trail_latitude":"24.806","trail_longitude":"66.97733333","trail_speed":"0","trail_heading":"107","i_m_o_number":"9270555","DC_ID":"1107"}
15:27:24.549 [main] DEBUG com.polestar.ndcrefill.Main - {"creation_date":"2022-06-05","creation_time":"13:22:35","trail_date":"2022-06-05","trail_time":"13:20:00","trail_latitude":"24.806","trail_longitude":"66.97733333","trail_speed":"0","trail_heading":"72","i_m_o_number":"9270555","DC_ID":"1107"}
15:27:24.549 [main] DEBUG com.polestar.ndcrefill.Main - {"creation_date":"2022-06-05","creation_time":"07:30:28","trail_date":"2022-06-05","trail_time":"07:20:00","trail_latitude":"24.73","trail_longitude":"66.88533333","trail_speed":"0.4","trail_heading":"29","i_m_o_number":"9270555","DC_ID":"1107"}
15:27:24.549 [main] DEBUG com.polestar.ndcrefill.Main - {"creation_date":"2022-06-05","creation_time":"01:22:24","trail_date":"2022-06-05","trail_time":"01:20:00","trail_latitude":"24.73066667","trail_longitude":"66.88466667","trail_speed":"0.6","trail_heading":"152","i_m_o_number":"9270555","DC_ID":"1107"}
15:27:24.549 [main] DEBUG com.polestar.ndcrefill.Main - {"creation_date":"2022-06-04","creation_time":"19:23:30","trail_date":"2022-06-04","trail_time":"19:20:00","trail_latitude":"24.72466667","trail_longitude":"66.892","trail_speed":"0.2","trail_heading":"191","i_m_o_number":"9270555","DC_ID":"1107"}
15:27:24.549 [main] DEBUG com.polestar.ndcrefill.Main - {"creation_date":"2022-06-04","creation_time":"13:26:29","trail_date":"2022-06-04","trail_time":"13:20:00","trail_latitude":"24.72533333","trail_longitude":"66.892","trail_speed":"0","trail_heading":"27","i_m_o_number":"9270555","DC_ID":"1107"}
15:27:24.550 [main] DEBUG com.polestar.ndcrefill.Main - {"creation_date":"2022-06-04","creation_time":"07:22:47","trail_date":"2022-06-04","trail_time":"07:20:00","trail_latitude":"24.724","trail_longitude":"66.87533333","trail_speed":"1.6","trail_heading":"72","i_m_o_number":"9270555","DC_ID":"1107"}
15:27:24.550 [main] DEBUG com.polestar.ndcrefill.Main - {"creation_date":"2022-06-04","creation_time":"01:22:54","trail_date":"2022-06-04","trail_time":"01:20:00","trail_latitude":"24.688","trail_longitude":"66.41466667","trail_speed":"9","trail_heading":"83","i_m_o_number":"9270555","DC_ID":"1107"}
15:27:24.550 [main] DEBUG com.polestar.ndcrefill.Main - {"creation_date":"2022-06-03","creation_time":"19:22:31","trail_date":"2022-06-03","trail_time":"19:20:00","trail_latitude":"24.62533333","trail_longitude":"65.492","trail_speed":"4.6","trail_heading":"46","i_m_o_number":"9270555","DC_ID":"1107"}
15:27:24.550 [main] DEBUG com.polestar.ndcrefill.Main - {"creation_date":"2022-06-03","creation_time":"13:22:26","trail_date":"2022-06-03","trail_time":"13:20:00","trail_latitude":"24.686","trail_longitude":"65.32266667","trail_speed":"0.8","trail_heading":"136","i_m_o_number":"9270555","DC_ID":"1107"}
15:27:24.550 [main] DEBUG com.polestar.ndcrefill.Main - {"creation_date":"2022-06-03","creation_time":"07:23:10","trail_date":"2022-06-03","trail_time":"07:20:00","trail_latitude":"24.71933333","trail_longitude":"64.11266667","trail_speed":"11.8","trail_heading":"88","i_m_o_number":"9270555","DC_ID":"1107"}
15:27:24.551 [main] DEBUG com.polestar.ndcrefill.Main - {"creation_date":"2022-06-03","creation_time":"01:23:41","trail_date":"2022-06-03","trail_time":"01:20:00","trail_latitude":"24.73133333","trail_longitude":"62.77533333","trail_speed":"12.2","trail_heading":"91","i_m_o_number":"9270555","DC_ID":"1107"}
15:27:24.551 [main] DEBUG com.polestar.ndcrefill.Main - {"creation_date":"2022-06-02","creation_time":"19:22:44","trail_date":"2022-06-02","trail_time":"19:20:00","trail_latitude":"24.76933333","trail_longitude":"61.47","trail_speed":"11.8","trail_heading":"95","i_m_o_number":"9270555","DC_ID":"1107"}
15:27:24.551 [main] DEBUG com.polestar.ndcrefill.Main - {"creation_date":"2022-06-02","creation_time":"13:22:42","trail_date":"2022-06-02","trail_time":"13:20:00","trail_latitude":"24.962","trail_longitude":"60.204","trail_speed":"11.6","trail_heading":"99","i_m_o_number":"9270555","DC_ID":"1107"}
15:27:24.551 [main] DEBUG com.polestar.ndcrefill.Main - {"creation_date":"2022-06-02","creation_time":"07:22:29","trail_date":"2022-06-02","trail_time":"07:20:00","trail_latitude":"25.14533333","trail_longitude":"58.96133333","trail_speed":"12","trail_heading":"100","i_m_o_number":"9270555","DC_ID":"1107"}
15:27:24.551 [main] DEBUG com.polestar.ndcrefill.Main - {"creation_date":"2022-06-02","creation_time":"04:52:24","trail_date":"2022-06-02","trail_time":"04:50:00","trail_latitude":"25.22666667","trail_longitude":"58.40666667","trail_speed":"12","trail_heading":"100","i_m_o_number":"9270555","DC_ID":"1107"}
15:27:24.551 [main] DEBUG com.polestar.ndcrefill.Main - {"creation_date":"2022-06-05","creation_time":"20:34:26","trail_date":"2022-06-05","trail_time":"20:30:00","trail_latitude":"26.56466667","trail_longitude":"53.43866667","trail_speed":"12","trail_heading":"122","i_m_o_number":"9594872","DC_ID":"1107"}
15:27:24.552 [main] DEBUG com.polestar.ndcrefill.Main - {"creation_date":"2022-06-05","creation_time":"14:34:18","trail_date":"2022-06-05","trail_time":"14:30:00","trail_latitude":"27.038","trail_longitude":"52.252","trail_speed":"12.4","trail_heading":"107","i_m_o_number":"9594872","DC_ID":"1107"}
15:27:24.552 [main] DEBUG com.polestar.ndcrefill.Main - {"creation_date":"2022-06-05","creation_time":"08:33:46","trail_date":"2022-06-05","trail_time":"08:30:00","trail_latitude":"26.54933333","trail_longitude":"51.04266667","trail_speed":"12.4","trail_heading":"38","i_m_o_number":"9594872","DC_ID":"1107"}
15:27:24.552 [main] DEBUG com.polestar.ndcrefill.Main - {"creation_date":"2022-06-05","creation_time":"02:33:43","trail_date":"2022-06-05","trail_time":"02:30:00","trail_latitude":"26.16266667","trail_longitude":"50.674","trail_speed":"0","trail_heading":"302","i_m_o_number":"9594872","DC_ID":"1107"}
15:27:24.552 [main] DEBUG com.polestar.ndcrefill.Main - {"creation_date":"2022-06-04","creation_time":"20:34:12","trail_date":"2022-06-04","trail_time":"20:30:00","trail_latitude":"26.16266667","trail_longitude":"50.674","trail_speed":"0","trail_heading":"302","i_m_o_number":"9594872","DC_ID":"1107"}
15:27:24.552 [main] DEBUG com.polestar.ndcrefill.Main - {"creation_date":"2022-06-04","creation_time":"14:33:27","trail_date":"2022-06-04","trail_time":"14:30:00","trail_latitude":"26.16266667","trail_longitude":"50.674","trail_speed":"0","trail_heading":"302","i_m_o_number":"9594872","DC_ID":"1107"}
15:27:24.552 [main] DEBUG com.polestar.ndcrefill.Main - {"creation_date":"2022-06-04","creation_time":"08:33:28","trail_date":"2022-06-04","trail_time":"08:30:00","trail_latitude":"26.16266667","trail_longitude":"50.674","trail_speed":"0","trail_heading":"302","i_m_o_number":"9594872","DC_ID":"1107"}
15:27:24.552 [main] DEBUG com.polestar.ndcrefill.Main - {"creation_date":"2022-06-04","creation_time":"02:38:37","trail_date":"2022-06-04","trail_time":"02:30:00","trail_latitude":"26.16266667","trail_longitude":"50.674","trail_speed":"0","trail_heading":"302","i_m_o_number":"9594872","DC_ID":"1107"}
15:27:24.553 [main] DEBUG com.polestar.ndcrefill.Main - {"creation_date":"2022-06-03","creation_time":"20:33:42","trail_date":"2022-06-03","trail_time":"20:30:00","trail_latitude":"26.16266667","trail_longitude":"50.674","trail_speed":"0","trail_heading":"302","i_m_o_number":"9594872","DC_ID":"1107"}
15:27:24.553 [main] DEBUG com.polestar.ndcrefill.Main - {"creation_date":"2022-06-03","creation_time":"14:33:29","trail_date":"2022-06-03","trail_time":"14:30:00","trail_latitude":"26.16266667","trail_longitude":"50.674","trail_speed":"0","trail_heading":"302","i_m_o_number":"9594872","DC_ID":"1107"}
15:27:24.553 [main] DEBUG com.polestar.ndcrefill.Main - {"creation_date":"2022-06-03","creation_time":"08:33:47","trail_date":"2022-06-03","trail_time":"08:30:00","trail_latitude":"26.17133333","trail_longitude":"50.71933333","trail_speed":"3.6","trail_heading":"257","i_m_o_number":"9594872","DC_ID":"1107"}
15:27:24.553 [main] DEBUG com.polestar.ndcrefill.Main - {"creation_date":"2022-06-03","creation_time":"02:34:28","trail_date":"2022-06-03","trail_time":"02:30:00","trail_latitude":"26.278","trail_longitude":"50.78333333","trail_speed":"6.8","trail_heading":"182","i_m_o_number":"9594872","DC_ID":"1107"}
15:27:24.553 [main] DEBUG com.polestar.ndcrefill.Main - {"creation_date":"2022-06-02","creation_time":"20:34:34","trail_date":"2022-06-02","trail_time":"20:30:00","trail_latitude":"26.85066667","trail_longitude":"51.64466667","trail_speed":"11.8","trail_heading":"228","i_m_o_number":"9594872","DC_ID":"1107"}
15:27:24.553 [main] DEBUG com.polestar.ndcrefill.Main - {"creation_date":"2022-06-02","creation_time":"14:34:21","trail_date":"2022-06-02","trail_time":"14:30:00","trail_latitude":"26.88133333","trail_longitude":"52.79266667","trail_speed":"12.2","trail_heading":"286","i_m_o_number":"9594872","DC_ID":"1107"}
15:27:24.553 [main] DEBUG com.polestar.ndcrefill.Main - {"creation_date":"2022-06-02","creation_time":"08:33:29","trail_date":"2022-06-02","trail_time":"08:30:00","trail_latitude":"26.39533333","trail_longitude":"54.18533333","trail_speed":"13.4","trail_heading":"276","i_m_o_number":"9594872","DC_ID":"1107"}
15:27:24.554 [main] DEBUG com.polestar.ndcrefill.Main - {"creation_date":"2022-06-02","creation_time":"02:34:40","trail_date":"2022-06-02","trail_time":"02:30:00","trail_latitude":"26.37","trail_longitude":"55.536","trail_speed":"11.6","trail_heading":"256","i_m_o_number":"9594872","DC_ID":"1107"}
15:27:24.554 [main] DEBUG com.polestar.ndcrefill.Main - {"creation_date":"2022-06-05","creation_time":"18:56:33","trail_date":"2022-06-05","trail_time":"18:54:00","trail_latitude":"25.00533333","trail_longitude":"59.84533333","trail_speed":"12.6","trail_heading":"278","i_m_o_number":"9336842","DC_ID":"1107"}
15:27:24.554 [main] DEBUG com.polestar.ndcrefill.Main - {"creation_date":"2022-06-05","creation_time":"12:55:31","trail_date":"2022-06-05","trail_time":"12:54:00","trail_latitude":"24.83133333","trail_longitude":"61.22733333","trail_speed":"12.4","trail_heading":"279","i_m_o_number":"9336842","DC_ID":"1107"}
15:27:24.554 [main] DEBUG com.polestar.ndcrefill.Main - {"creation_date":"2022-06-05","creation_time":"06:55:53","trail_date":"2022-06-05","trail_time":"06:54:00","trail_latitude":"24.906","trail_longitude":"62.54266667","trail_speed":"11.8","trail_heading":"275","i_m_o_number":"9336842","DC_ID":"1107"}
15:27:24.554 [main] DEBUG com.polestar.ndcrefill.Main - {"creation_date":"2022-06-05","creation_time":"00:55:00","trail_date":"2022-06-05","trail_time":"00:54:00","trail_latitude":"24.83666667","trail_longitude":"63.846","trail_speed":"11.8","trail_heading":"272","i_m_o_number":"9336842","DC_ID":"1107"}
15:27:24.554 [main] DEBUG com.polestar.ndcrefill.Main - {"creation_date":"2022-06-04","creation_time":"18:55:50","trail_date":"2022-06-04","trail_time":"18:54:00","trail_latitude":"24.78533333","trail_longitude":"65.08333333","trail_speed":"10.6","trail_heading":"271","i_m_o_number":"9336842","DC_ID":"1107"}
15:27:24.554 [main] DEBUG com.polestar.ndcrefill.Main - {"creation_date":"2022-06-04","creation_time":"12:58:58","trail_date":"2022-06-04","trail_time":"12:54:00","trail_latitude":"24.72533333","trail_longitude":"66.286","trail_speed":"11","trail_heading":"273","i_m_o_number":"9336842","DC_ID":"1107"}
15:27:24.555 [main] DEBUG com.polestar.ndcrefill.Main - {"creation_date":"2022-06-02","creation_time":"00:55:22","trail_date":"2022-06-02","trail_time":"00:54:00","trail_latitude":"24.71133333","trail_longitude":"66.89533333","trail_speed":"0","trail_heading":"352","i_m_o_number":"9336842","DC_ID":"1107"}
15:27:24.555 [main] DEBUG com.polestar.ndcrefill.Main - {"creation_date":"2022-06-02","creation_time":"06:55:24","trail_date":"2022-06-02","trail_time":"06:54:00","trail_latitude":"24.70933333","trail_longitude":"66.91266667","trail_speed":"3.8","trail_heading":"136","i_m_o_number":"9336842","DC_ID":"1107"}
15:27:25.601 [main] DEBUG com.polestar.ndcrefill.Main - [0,0,0,0,0,0,0,0,0,0,0,0,0,0,0,0,0,0,0,0,0,0,0,0,0,0,0,0,0,0,0,0,0,0,0,0,0,0,0,0,0,0,0,0,0,0,0,0,0,0,0,0,0,0,0,0,0,0,0,0,0,0,0,0,0,0,0,0,0,0,0,0]
15:27:25.601 [main] INFO  com.polestar.ndcrefill.Main - Current position: 72 out of 72
15:27:25.601 [main] INFO  com.polestar.ndcrefill.Main - -----------------------------------------------------------------
15:27:26.420 [main] INFO  com.polestar.ndcrefill.Main - new max shippositionID: 146686
15:27:26.422 [main] INFO  com.polestar.ndcrefill.Main - new ship position generator value 2943
15:27:27.041 [main] INFO  com.polestar.ndcrefill.Main - Updated Ship Position Generator value successfully
15:27:27.041 [main] INFO  com.polestar.ndcrefill.Main - -----------------------------------------------------------------
15:27:27.861 [main] INFO  com.polestar.ndcrefill.Main - new max messageID: 656903
15:27:27.862 [main] INFO  com.polestar.ndcrefill.Main - new message generator value 13148
15:27:28.442 [main] INFO  com.polestar.ndcrefill.Main - Updated Message Generator value successfully
15:27:28.443 [main] INFO  com.polestar.ndcrefill.Main - -----------------------------------------------------------------
15:27:28.443 [main] INFO  com.polestar.ndcrefill.Main - finished: 2022-06-17 15:27:28.443
15:27:28.444 [main] INFO  com.polestar.ndcrefill.Main - time taken: PT7.86S
15:27:28.445 [main] INFO  com.polestar.ndcrefill.Main - -----------------------------------------------------------------
