15:06:53.219 [main] INFO  com.polestar.ndcrefill.Main - -----------------------------------------------------------------
15:06:53.222 [main] INFO  com.polestar.ndcrefill.Main - Start: 2022-06-15 15:06:53.222
15:06:53.222 [main] INFO  com.polestar.ndcrefill.Main - -----------------------------------------------------------------
15:06:53.222 [main] INFO  com.polestar.ndcrefill.Main - Starting Backfill
15:06:53.222 [main] INFO  com.polestar.ndcrefill.Main - HOST: jdbc:postgresql://lrit-cluster-two.polestar-production.local:5432/
15:06:53.222 [main] INFO  com.polestar.ndcrefill.Main - MASTER_USERNAME: syc
15:06:53.222 [main] INFO  com.polestar.ndcrefill.Main - DO_INSERTS: false
15:06:53.222 [main] INFO  com.polestar.ndcrefill.Main - FILE_LOCATION: src/main/resources/missing_positions.csv
15:06:53.222 [main] INFO  com.polestar.ndcrefill.Main - FLAG_CODE: 1128
15:06:53.222 [main] INFO  com.polestar.ndcrefill.Main - DATA_CENTER_IDENTIFIER: 3134
15:06:59.201 [main] INFO  com.polestar.ndcrefill.Main - -----------------------------------------------------------------
15:06:59.202 [main] INFO  com.polestar.ndcrefill.Main - Starting Details
15:07:00.007 [main] INFO  com.polestar.ndcrefill.Main - ShipPosition Generator Value: 2025
15:07:00.381 [main] INFO  com.polestar.ndcrefill.Main - Message Generator Value: 11566
15:07:01.042 [main] INFO  com.polestar.ndcrefill.Main - current max ship position id is: 101233 starting shipPositionID: 103233
15:07:01.633 [main] INFO  com.polestar.ndcrefill.Main - current max message id is: 578293 starting messageID: 580293
15:07:01.633 [main] INFO  com.polestar.ndcrefill.Main - -----------------------------------------------------------------
15:07:02.214 [main] INFO  com.polestar.ndcrefill.Main - Updating Insert Positions function
15:07:02.815 [main] INFO  com.polestar.ndcrefill.Main - Updated Successfully
15:07:02.815 [main] INFO  com.polestar.ndcrefill.Main - -----------------------------------------------------------------
15:07:02.818 [main] INFO  com.polestar.ndcrefill.FileService - starting to process file
15:07:03.060 [main] INFO  com.polestar.ndcrefill.FileService - Positions count: 79
15:07:03.060 [main] INFO  com.polestar.ndcrefill.Main - -----------------------------------------------------------------
15:07:03.066 [main] DEBUG com.polestar.ndcrefill.Main - {"creation_date":"2022-06-05","creation_time":"22:53:32","trail_date":"2022-06-05","trail_time":"22:52:00","trail_latitude":"59.676","trail_longitude":"28.38266667","trail_speed":"0","trail_heading":"32","i_m_o_number":"9365623","DC_ID":"1128"}
15:07:03.067 [main] DEBUG com.polestar.ndcrefill.Main - {"creation_date":"2022-06-05","creation_time":"16:53:35","trail_date":"2022-06-05","trail_time":"16:52:00","trail_latitude":"59.676","trail_longitude":"28.38266667","trail_speed":"0","trail_heading":"34","i_m_o_number":"9365623","DC_ID":"1128"}
15:07:03.067 [main] DEBUG com.polestar.ndcrefill.Main - {"creation_date":"2022-06-05","creation_time":"10:53:43","trail_date":"2022-06-05","trail_time":"10:52:00","trail_latitude":"59.676","trail_longitude":"28.38266667","trail_speed":"0","trail_heading":"18","i_m_o_number":"9365623","DC_ID":"1128"}
15:07:03.067 [main] DEBUG com.polestar.ndcrefill.Main - {"creation_date":"2022-06-05","creation_time":"04:56:47","trail_date":"2022-06-05","trail_time":"04:52:00","trail_latitude":"59.676","trail_longitude":"28.38266667","trail_speed":"0","trail_heading":"57","i_m_o_number":"9365623","DC_ID":"1128"}
15:07:03.067 [main] DEBUG com.polestar.ndcrefill.Main - {"creation_date":"2022-06-04","creation_time":"22:53:47","trail_date":"2022-06-04","trail_time":"22:52:00","trail_latitude":"59.676","trail_longitude":"28.38266667","trail_speed":"0.2","trail_heading":"68","i_m_o_number":"9365623","DC_ID":"1128"}
15:07:03.068 [main] DEBUG com.polestar.ndcrefill.Main - {"creation_date":"2022-06-04","creation_time":"16:53:40","trail_date":"2022-06-04","trail_time":"16:52:00","trail_latitude":"60.18","trail_longitude":"27.76466667","trail_speed":"9","trail_heading":"58","i_m_o_number":"9365623","DC_ID":"1128"}
15:07:03.068 [main] DEBUG com.polestar.ndcrefill.Main - {"creation_date":"2022-06-04","creation_time":"10:54:15","trail_date":"2022-06-04","trail_time":"10:52:00","trail_latitude":"59.906","trail_longitude":"26.05533333","trail_speed":"9.6","trail_heading":"73","i_m_o_number":"9365623","DC_ID":"1128"}
15:07:03.068 [main] DEBUG com.polestar.ndcrefill.Main - {"creation_date":"2022-06-04","creation_time":"04:53:28","trail_date":"2022-06-04","trail_time":"04:52:00","trail_latitude":"59.64333333","trail_longitude":"23.906","trail_speed":"13.4","trail_heading":"72","i_m_o_number":"9365623","DC_ID":"1128"}
15:07:03.068 [main] DEBUG com.polestar.ndcrefill.Main - {"creation_date":"2022-06-03","creation_time":"22:54:21","trail_date":"2022-06-03","trail_time":"22:52:00","trail_latitude":"58.98533333","trail_longitude":"21.63333333","trail_speed":"13.6","trail_heading":"33","i_m_o_number":"9365623","DC_ID":"1128"}
15:07:03.069 [main] DEBUG com.polestar.ndcrefill.Main - {"creation_date":"2022-06-03","creation_time":"16:53:20","trail_date":"2022-06-03","trail_time":"16:52:00","trail_latitude":"57.85666667","trail_longitude":"20.14066667","trail_speed":"13.8","trail_heading":"40","i_m_o_number":"9365623","DC_ID":"1128"}
15:07:03.069 [main] DEBUG com.polestar.ndcrefill.Main - {"creation_date":"2022-06-03","creation_time":"10:53:25","trail_date":"2022-06-03","trail_time":"10:52:00","trail_latitude":"56.81133333","trail_longitude":"18.51733333","trail_speed":"13.6","trail_heading":"40","i_m_o_number":"9365623","DC_ID":"1128"}
15:07:03.069 [main] DEBUG com.polestar.ndcrefill.Main - {"creation_date":"2022-06-03","creation_time":"04:53:43","trail_date":"2022-06-03","trail_time":"04:52:00","trail_latitude":"55.97333333","trail_longitude":"16.52933333","trail_speed":"13.8","trail_heading":"60","i_m_o_number":"9365623","DC_ID":"1128"}
15:07:03.069 [main] DEBUG com.polestar.ndcrefill.Main - {"creation_date":"2022-06-02","creation_time":"22:53:42","trail_date":"2022-06-02","trail_time":"22:52:00","trail_latitude":"55.264","trail_longitude":"14.46733333","trail_speed":"13.4","trail_heading":"37","i_m_o_number":"9365623","DC_ID":"1128"}
15:07:03.069 [main] DEBUG com.polestar.ndcrefill.Main - {"creation_date":"2022-06-02","creation_time":"16:53:43","trail_date":"2022-06-02","trail_time":"16:52:00","trail_latitude":"55.52","trail_longitude":"12.69533333","trail_speed":"8.8","trail_heading":"146","i_m_o_number":"9365623","DC_ID":"1128"}
15:07:03.069 [main] DEBUG com.polestar.ndcrefill.Main - {"creation_date":"2022-06-02","creation_time":"10:53:20","trail_date":"2022-06-02","trail_time":"10:52:00","trail_latitude":"56.472","trail_longitude":"12.26066667","trail_speed":"12","trail_heading":"164","i_m_o_number":"9365623","DC_ID":"1128"}
15:07:03.070 [main] DEBUG com.polestar.ndcrefill.Main - {"creation_date":"2022-06-02","creation_time":"04:53:20","trail_date":"2022-06-02","trail_time":"04:52:00","trail_latitude":"57.59466667","trail_longitude":"11.20533333","trail_speed":"13","trail_heading":"135","i_m_o_number":"9365623","DC_ID":"1128"}
15:07:03.070 [main] DEBUG com.polestar.ndcrefill.Main - {"creation_date":"2022-06-05","creation_time":"22:37:29","trail_date":"2022-06-05","trail_time":"22:34:00","trail_latitude":"-4.627333333","trail_longitude":"55.466","trail_speed":"0","trail_heading":"136","i_m_o_number":"9538232","DC_ID":"1128"}
15:07:03.070 [main] DEBUG com.polestar.ndcrefill.Main - {"creation_date":"2022-06-05","creation_time":"16:37:35","trail_date":"2022-06-05","trail_time":"16:34:00","trail_latitude":"-4.627333333","trail_longitude":"55.466","trail_speed":"0","trail_heading":"258","i_m_o_number":"9538232","DC_ID":"1128"}
15:07:03.070 [main] DEBUG com.polestar.ndcrefill.Main - {"creation_date":"2022-06-05","creation_time":"10:37:11","trail_date":"2022-06-05","trail_time":"10:34:00","trail_latitude":"-4.627333333","trail_longitude":"55.466","trail_speed":"0","trail_heading":"151","i_m_o_number":"9538232","DC_ID":"1128"}
15:07:03.070 [main] DEBUG com.polestar.ndcrefill.Main - {"creation_date":"2022-06-05","creation_time":"04:36:16","trail_date":"2022-06-05","trail_time":"04:34:00","trail_latitude":"-4.627333333","trail_longitude":"55.466","trail_speed":"0","trail_heading":"96","i_m_o_number":"9538232","DC_ID":"1128"}
15:07:03.071 [main] DEBUG com.polestar.ndcrefill.Main - {"creation_date":"2022-06-04","creation_time":"22:35:58","trail_date":"2022-06-04","trail_time":"22:34:00","trail_latitude":"-4.627333333","trail_longitude":"55.466","trail_speed":"0","trail_heading":"85","i_m_o_number":"9538232","DC_ID":"1128"}
15:07:03.071 [main] DEBUG com.polestar.ndcrefill.Main - {"creation_date":"2022-06-04","creation_time":"16:36:11","trail_date":"2022-06-04","trail_time":"16:34:00","trail_latitude":"-4.627333333","trail_longitude":"55.466","trail_speed":"0","trail_heading":"297","i_m_o_number":"9538232","DC_ID":"1128"}
15:07:03.071 [main] DEBUG com.polestar.ndcrefill.Main - {"creation_date":"2022-06-04","creation_time":"10:35:22","trail_date":"2022-06-04","trail_time":"10:34:00","trail_latitude":"-4.627333333","trail_longitude":"55.466","trail_speed":"0","trail_heading":"239","i_m_o_number":"9538232","DC_ID":"1128"}
15:07:03.071 [main] DEBUG com.polestar.ndcrefill.Main - {"creation_date":"2022-06-04","creation_time":"04:37:38","trail_date":"2022-06-04","trail_time":"04:34:00","trail_latitude":"-4.627333333","trail_longitude":"55.466","trail_speed":"0","trail_heading":"86","i_m_o_number":"9538232","DC_ID":"1128"}
15:07:03.071 [main] DEBUG com.polestar.ndcrefill.Main - {"creation_date":"2022-06-03","creation_time":"22:35:48","trail_date":"2022-06-03","trail_time":"22:34:00","trail_latitude":"-4.627333333","trail_longitude":"55.466","trail_speed":"0","trail_heading":"60","i_m_o_number":"9538232","DC_ID":"1128"}
15:07:03.072 [main] DEBUG com.polestar.ndcrefill.Main - {"creation_date":"2022-06-03","creation_time":"16:35:42","trail_date":"2022-06-03","trail_time":"16:34:00","trail_latitude":"-4.627333333","trail_longitude":"55.466","trail_speed":"0","trail_heading":"3","i_m_o_number":"9538232","DC_ID":"1128"}
15:07:03.072 [main] DEBUG com.polestar.ndcrefill.Main - {"creation_date":"2022-06-03","creation_time":"10:40:35","trail_date":"2022-06-03","trail_time":"10:34:00","trail_latitude":"-4.627333333","trail_longitude":"55.466","trail_speed":"0","trail_heading":"195","i_m_o_number":"9538232","DC_ID":"1128"}
15:07:03.072 [main] DEBUG com.polestar.ndcrefill.Main - {"creation_date":"2022-06-03","creation_time":"04:37:20","trail_date":"2022-06-03","trail_time":"04:34:00","trail_latitude":"-4.627333333","trail_longitude":"55.466","trail_speed":"0","trail_heading":"54","i_m_o_number":"9538232","DC_ID":"1128"}
15:07:03.072 [main] DEBUG com.polestar.ndcrefill.Main - {"creation_date":"2022-06-02","creation_time":"22:37:03","trail_date":"2022-06-02","trail_time":"22:34:00","trail_latitude":"-4.627333333","trail_longitude":"55.466","trail_speed":"0","trail_heading":"86","i_m_o_number":"9538232","DC_ID":"1128"}
15:07:03.072 [main] DEBUG com.polestar.ndcrefill.Main - {"creation_date":"2022-06-02","creation_time":"16:36:14","trail_date":"2022-06-02","trail_time":"16:34:00","trail_latitude":"-4.627333333","trail_longitude":"55.466","trail_speed":"0","trail_heading":"243","i_m_o_number":"9538232","DC_ID":"1128"}
15:07:03.073 [main] DEBUG com.polestar.ndcrefill.Main - {"creation_date":"2022-06-02","creation_time":"10:36:54","trail_date":"2022-06-02","trail_time":"10:34:00","trail_latitude":"-4.627333333","trail_longitude":"55.466","trail_speed":"0","trail_heading":"123","i_m_o_number":"9538232","DC_ID":"1128"}
15:07:03.073 [main] DEBUG com.polestar.ndcrefill.Main - {"creation_date":"2022-06-02","creation_time":"04:35:39","trail_date":"2022-06-02","trail_time":"04:34:00","trail_latitude":"-4.627333333","trail_longitude":"55.466","trail_speed":"0","trail_heading":"34","i_m_o_number":"9538232","DC_ID":"1128"}
15:07:03.073 [main] DEBUG com.polestar.ndcrefill.Main - {"creation_date":"2022-06-05","creation_time":"19:17:34","trail_date":"2022-06-05","trail_time":"19:16:00","trail_latitude":"25.162","trail_longitude":"56.46533333","trail_speed":"0","trail_heading":"219","i_m_o_number":"9251664","DC_ID":"1128"}
15:07:03.073 [main] DEBUG com.polestar.ndcrefill.Main - {"creation_date":"2022-06-05","creation_time":"13:17:45","trail_date":"2022-06-05","trail_time":"13:16:00","trail_latitude":"25.16133333","trail_longitude":"56.46466667","trail_speed":"0","trail_heading":"196","i_m_o_number":"9251664","DC_ID":"1128"}
15:07:03.073 [main] DEBUG com.polestar.ndcrefill.Main - {"creation_date":"2022-06-05","creation_time":"07:28:44","trail_date":"2022-06-05","trail_time":"07:16:00","trail_latitude":"25.15933333","trail_longitude":"56.46466667","trail_speed":"0","trail_heading":"28","i_m_o_number":"9251664","DC_ID":"1128"}
15:07:03.073 [main] DEBUG com.polestar.ndcrefill.Main - {"creation_date":"2022-06-05","creation_time":"01:17:52","trail_date":"2022-06-05","trail_time":"01:16:00","trail_latitude":"25.15866667","trail_longitude":"56.466","trail_speed":"0","trail_heading":"280","i_m_o_number":"9251664","DC_ID":"1128"}
15:07:03.074 [main] DEBUG com.polestar.ndcrefill.Main - {"creation_date":"2022-06-04","creation_time":"19:17:51","trail_date":"2022-06-04","trail_time":"19:16:00","trail_latitude":"25.18866667","trail_longitude":"56.36333333","trail_speed":"0","trail_heading":"145","i_m_o_number":"9251664","DC_ID":"1128"}
15:07:03.074 [main] DEBUG com.polestar.ndcrefill.Main - {"creation_date":"2022-06-04","creation_time":"13:17:52","trail_date":"2022-06-04","trail_time":"13:16:00","trail_latitude":"25.18866667","trail_longitude":"56.36333333","trail_speed":"0","trail_heading":"119","i_m_o_number":"9251664","DC_ID":"1128"}
15:07:03.074 [main] DEBUG com.polestar.ndcrefill.Main - {"creation_date":"2022-06-04","creation_time":"07:17:46","trail_date":"2022-06-04","trail_time":"07:16:00","trail_latitude":"25.18866667","trail_longitude":"56.36333333","trail_speed":"0","trail_heading":"96","i_m_o_number":"9251664","DC_ID":"1128"}
15:07:03.074 [main] DEBUG com.polestar.ndcrefill.Main - {"creation_date":"2022-06-04","creation_time":"01:17:46","trail_date":"2022-06-04","trail_time":"01:16:00","trail_latitude":"25.18866667","trail_longitude":"56.36333333","trail_speed":"0","trail_heading":"84","i_m_o_number":"9251664","DC_ID":"1128"}
15:07:03.074 [main] DEBUG com.polestar.ndcrefill.Main - {"creation_date":"2022-06-03","creation_time":"19:17:42","trail_date":"2022-06-03","trail_time":"19:16:00","trail_latitude":"25.15666667","trail_longitude":"56.45333333","trail_speed":"0","trail_heading":"110","i_m_o_number":"9251664","DC_ID":"1128"}
15:07:03.074 [main] DEBUG com.polestar.ndcrefill.Main - {"creation_date":"2022-06-03","creation_time":"13:17:52","trail_date":"2022-06-03","trail_time":"13:16:00","trail_latitude":"25.15466667","trail_longitude":"56.45266667","trail_speed":"0","trail_heading":"331","i_m_o_number":"9251664","DC_ID":"1128"}
15:07:03.074 [main] DEBUG com.polestar.ndcrefill.Main - {"creation_date":"2022-06-03","creation_time":"07:17:39","trail_date":"2022-06-03","trail_time":"07:16:00","trail_latitude":"25.154","trail_longitude":"56.45333333","trail_speed":"0","trail_heading":"137","i_m_o_number":"9251664","DC_ID":"1128"}
15:07:03.075 [main] DEBUG com.polestar.ndcrefill.Main - {"creation_date":"2022-06-03","creation_time":"01:17:40","trail_date":"2022-06-03","trail_time":"01:16:00","trail_latitude":"25.154","trail_longitude":"56.45466667","trail_speed":"0","trail_heading":"209","i_m_o_number":"9251664","DC_ID":"1128"}
15:07:03.075 [main] DEBUG com.polestar.ndcrefill.Main - {"creation_date":"2022-06-02","creation_time":"19:17:40","trail_date":"2022-06-02","trail_time":"19:16:00","trail_latitude":"25.15533333","trail_longitude":"56.456","trail_speed":"0","trail_heading":"253","i_m_o_number":"9251664","DC_ID":"1128"}
15:07:03.075 [main] DEBUG com.polestar.ndcrefill.Main - {"creation_date":"2022-06-02","creation_time":"13:17:42","trail_date":"2022-06-02","trail_time":"13:16:00","trail_latitude":"25.15466667","trail_longitude":"56.45466667","trail_speed":"0","trail_heading":"4","i_m_o_number":"9251664","DC_ID":"1128"}
15:07:03.075 [main] DEBUG com.polestar.ndcrefill.Main - {"creation_date":"2022-06-02","creation_time":"01:17:36","trail_date":"2022-06-02","trail_time":"01:16:00","trail_latitude":"25.15533333","trail_longitude":"56.45533333","trail_speed":"0","trail_heading":"189","i_m_o_number":"9251664","DC_ID":"1128"}
15:07:03.075 [main] DEBUG com.polestar.ndcrefill.Main - {"creation_date":"2022-06-05","creation_time":"23:45:51","trail_date":"2022-06-05","trail_time":"23:44:00","trail_latitude":"51.94133333","trail_longitude":"4.164666667","trail_speed":"0","trail_heading":"132","i_m_o_number":"9365635","DC_ID":"1128"}
15:07:03.075 [main] DEBUG com.polestar.ndcrefill.Main - {"creation_date":"2022-06-05","creation_time":"16:16:26","trail_date":"2022-06-05","trail_time":"16:14:00","trail_latitude":"51.94133333","trail_longitude":"4.164666667","trail_speed":"0","trail_heading":"132","i_m_o_number":"9365635","DC_ID":"1128"}
15:07:03.076 [main] DEBUG com.polestar.ndcrefill.Main - {"creation_date":"2022-06-05","creation_time":"10:16:29","trail_date":"2022-06-05","trail_time":"10:14:00","trail_latitude":"51.94133333","trail_longitude":"4.164666667","trail_speed":"0","trail_heading":"132","i_m_o_number":"9365635","DC_ID":"1128"}
15:07:03.076 [main] DEBUG com.polestar.ndcrefill.Main - {"creation_date":"2022-06-05","creation_time":"04:16:26","trail_date":"2022-06-05","trail_time":"04:14:00","trail_latitude":"52.27466667","trail_longitude":"3.117333333","trail_speed":"11.6","trail_heading":"129","i_m_o_number":"9365635","DC_ID":"1128"}
15:07:03.076 [main] DEBUG com.polestar.ndcrefill.Main - {"creation_date":"2022-06-04","creation_time":"22:16:22","trail_date":"2022-06-04","trail_time":"22:14:00","trail_latitude":"53.32133333","trail_longitude":"3.47","trail_speed":"11.8","trail_heading":"197","i_m_o_number":"9365635","DC_ID":"1128"}
15:07:03.076 [main] DEBUG com.polestar.ndcrefill.Main - {"creation_date":"2022-06-04","creation_time":"16:16:30","trail_date":"2022-06-04","trail_time":"16:14:00","trail_latitude":"54.24333333","trail_longitude":"4.592","trail_speed":"11.8","trail_heading":"210","i_m_o_number":"9365635","DC_ID":"1128"}
15:07:03.076 [main] DEBUG com.polestar.ndcrefill.Main - {"creation_date":"2022-06-04","creation_time":"10:16:45","trail_date":"2022-06-04","trail_time":"10:14:00","trail_latitude":"55.30933333","trail_longitude":"5.686","trail_speed":"12.6","trail_heading":"208","i_m_o_number":"9365635","DC_ID":"1128"}
15:07:03.076 [main] DEBUG com.polestar.ndcrefill.Main - {"creation_date":"2022-06-04","creation_time":"04:16:29","trail_date":"2022-06-04","trail_time":"04:14:00","trail_latitude":"56.406","trail_longitude":"6.792666667","trail_speed":"12.6","trail_heading":"212","i_m_o_number":"9365635","DC_ID":"1128"}
15:07:03.076 [main] DEBUG com.polestar.ndcrefill.Main - {"creation_date":"2022-06-03","creation_time":"22:16:26","trail_date":"2022-06-03","trail_time":"22:14:00","trail_latitude":"57.38","trail_longitude":"8.311333333","trail_speed":"12.4","trail_heading":"230","i_m_o_number":"9365635","DC_ID":"1128"}
15:07:03.076 [main] DEBUG com.polestar.ndcrefill.Main - {"creation_date":"2022-06-03","creation_time":"16:16:30","trail_date":"2022-06-03","trail_time":"16:14:00","trail_latitude":"57.85","trail_longitude":"10.36066667","trail_speed":"11.6","trail_heading":"266","i_m_o_number":"9365635","DC_ID":"1128"}
15:07:03.077 [main] DEBUG com.polestar.ndcrefill.Main - {"creation_date":"2022-06-03","creation_time":"10:16:27","trail_date":"2022-06-03","trail_time":"10:14:00","trail_latitude":"57.06733333","trail_longitude":"11.72","trail_speed":"12.2","trail_heading":"342","i_m_o_number":"9365635","DC_ID":"1128"}
15:07:03.077 [main] DEBUG com.polestar.ndcrefill.Main - {"creation_date":"2022-06-03","creation_time":"04:16:33","trail_date":"2022-06-03","trail_time":"04:14:00","trail_latitude":"55.98666667","trail_longitude":"11.03866667","trail_speed":"13.2","trail_heading":"38","i_m_o_number":"9365635","DC_ID":"1128"}
15:07:03.077 [main] DEBUG com.polestar.ndcrefill.Main - {"creation_date":"2022-06-02","creation_time":"22:17:37","trail_date":"2022-06-02","trail_time":"22:14:00","trail_latitude":"54.888","trail_longitude":"10.84666667","trail_speed":"12","trail_heading":"23","i_m_o_number":"9365635","DC_ID":"1128"}
15:07:03.077 [main] DEBUG com.polestar.ndcrefill.Main - {"creation_date":"2022-06-02","creation_time":"16:16:27","trail_date":"2022-06-02","trail_time":"16:14:00","trail_latitude":"54.61466667","trail_longitude":"12.30933333","trail_speed":"12.6","trail_heading":"236","i_m_o_number":"9365635","DC_ID":"1128"}
15:07:03.077 [main] DEBUG com.polestar.ndcrefill.Main - {"creation_date":"2022-06-02","creation_time":"10:17:17","trail_date":"2022-06-02","trail_time":"10:14:00","trail_latitude":"55.166","trail_longitude":"14.214","trail_speed":"12.2","trail_heading":"220","i_m_o_number":"9365635","DC_ID":"1128"}
15:07:03.077 [main] DEBUG com.polestar.ndcrefill.Main - {"creation_date":"2022-06-02","creation_time":"04:16:27","trail_date":"2022-06-02","trail_time":"04:14:00","trail_latitude":"55.88866667","trail_longitude":"15.986","trail_speed":"12.6","trail_heading":"240","i_m_o_number":"9365635","DC_ID":"1128"}
15:07:03.078 [main] DEBUG com.polestar.ndcrefill.Main - {"creation_date":"2022-06-05","creation_time":"20:35:19","trail_date":"2022-06-05","trail_time":"20:32:00","trail_latitude":"58.738","trail_longitude":"21.04133333","trail_speed":"12.4","trail_heading":"216","i_m_o_number":"9298181","DC_ID":"1128"}
15:07:03.078 [main] DEBUG com.polestar.ndcrefill.Main - {"creation_date":"2022-06-05","creation_time":"14:34:42","trail_date":"2022-06-05","trail_time":"14:32:00","trail_latitude":"59.564","trail_longitude":"22.79133333","trail_speed":"12","trail_heading":"253","i_m_o_number":"9298181","DC_ID":"1128"}
15:07:03.078 [main] DEBUG com.polestar.ndcrefill.Main - {"creation_date":"2022-06-05","creation_time":"08:35:02","trail_date":"2022-06-05","trail_time":"08:32:00","trail_latitude":"59.86133333","trail_longitude":"25.18733333","trail_speed":"12.4","trail_heading":"258","i_m_o_number":"9298181","DC_ID":"1128"}
15:07:03.078 [main] DEBUG com.polestar.ndcrefill.Main - {"creation_date":"2022-06-05","creation_time":"02:34:39","trail_date":"2022-06-05","trail_time":"02:32:00","trail_latitude":"60.142","trail_longitude":"27.564","trail_speed":"12.6","trail_heading":"238","i_m_o_number":"9298181","DC_ID":"1128"}
15:07:03.078 [main] DEBUG com.polestar.ndcrefill.Main - {"creation_date":"2022-06-04","creation_time":"20:34:37","trail_date":"2022-06-04","trail_time":"20:32:00","trail_latitude":"60.32066667","trail_longitude":"28.73066667","trail_speed":"0","trail_heading":"28","i_m_o_number":"9298181","DC_ID":"1128"}
15:07:03.078 [main] DEBUG com.polestar.ndcrefill.Main - {"creation_date":"2022-06-04","creation_time":"14:38:27","trail_date":"2022-06-04","trail_time":"14:32:00","trail_latitude":"60.32066667","trail_longitude":"28.73066667","trail_speed":"0","trail_heading":"83","i_m_o_number":"9298181","DC_ID":"1128"}
15:07:03.078 [main] DEBUG com.polestar.ndcrefill.Main - {"creation_date":"2022-06-04","creation_time":"08:35:50","trail_date":"2022-06-04","trail_time":"08:32:00","trail_latitude":"60.32066667","trail_longitude":"28.73066667","trail_speed":"0","trail_heading":"12","i_m_o_number":"9298181","DC_ID":"1128"}
15:07:03.079 [main] DEBUG com.polestar.ndcrefill.Main - {"creation_date":"2022-06-04","creation_time":"02:39:03","trail_date":"2022-06-04","trail_time":"02:32:00","trail_latitude":"60.32066667","trail_longitude":"28.73066667","trail_speed":"0","trail_heading":"9","i_m_o_number":"9298181","DC_ID":"1128"}
15:07:03.079 [main] DEBUG com.polestar.ndcrefill.Main - {"creation_date":"2022-06-03","creation_time":"20:35:16","trail_date":"2022-06-03","trail_time":"20:32:00","trail_latitude":"60.32066667","trail_longitude":"28.73066667","trail_speed":"0","trail_heading":"64","i_m_o_number":"9298181","DC_ID":"1128"}
15:07:03.079 [main] DEBUG com.polestar.ndcrefill.Main - {"creation_date":"2022-06-03","creation_time":"14:35:18","trail_date":"2022-06-03","trail_time":"14:32:00","trail_latitude":"60.09466667","trail_longitude":"28.40933333","trail_speed":"6.6","trail_heading":"63","i_m_o_number":"9298181","DC_ID":"1128"}
15:07:03.079 [main] DEBUG com.polestar.ndcrefill.Main - {"creation_date":"2022-06-03","creation_time":"08:34:59","trail_date":"2022-06-03","trail_time":"08:32:00","trail_latitude":"59.96133333","trail_longitude":"26.412","trail_speed":"12","trail_heading":"75","i_m_o_number":"9298181","DC_ID":"1128"}
15:07:03.079 [main] DEBUG com.polestar.ndcrefill.Main - {"creation_date":"2022-06-03","creation_time":"02:34:49","trail_date":"2022-06-03","trail_time":"02:32:00","trail_latitude":"59.662","trail_longitude":"24.05266667","trail_speed":"11.6","trail_heading":"71","i_m_o_number":"9298181","DC_ID":"1128"}
15:07:03.079 [main] DEBUG com.polestar.ndcrefill.Main - {"creation_date":"2022-06-02","creation_time":"20:35:00","trail_date":"2022-06-02","trail_time":"20:32:00","trail_latitude":"59.148","trail_longitude":"21.912","trail_speed":"12.2","trail_heading":"52","i_m_o_number":"9298181","DC_ID":"1128"}
15:07:03.079 [main] DEBUG com.polestar.ndcrefill.Main - {"creation_date":"2022-06-02","creation_time":"14:35:05","trail_date":"2022-06-02","trail_time":"14:32:00","trail_latitude":"58.15733333","trail_longitude":"20.492","trail_speed":"12.4","trail_heading":"36","i_m_o_number":"9298181","DC_ID":"1128"}
15:07:03.079 [main] DEBUG com.polestar.ndcrefill.Main - {"creation_date":"2022-06-02","creation_time":"08:35:20","trail_date":"2022-06-02","trail_time":"08:32:00","trail_latitude":"57.19866667","trail_longitude":"19.07466667","trail_speed":"12.2","trail_heading":"36","i_m_o_number":"9298181","DC_ID":"1128"}
15:07:03.080 [main] DEBUG com.polestar.ndcrefill.Main - {"creation_date":"2022-06-02","creation_time":"02:34:57","trail_date":"2022-06-02","trail_time":"02:32:00","trail_latitude":"56.354","trail_longitude":"17.436","trail_speed":"12","trail_heading":"52","i_m_o_number":"9298181","DC_ID":"1128"}
15:07:03.080 [main] DEBUG com.polestar.ndcrefill.Main - []
15:07:03.080 [main] INFO  com.polestar.ndcrefill.Main - Current position: 79 out of 79
15:07:03.080 [main] INFO  com.polestar.ndcrefill.Main - -----------------------------------------------------------------
15:07:03.512 [main] INFO  com.polestar.ndcrefill.Main - new max shippositionID: 101233
15:07:03.513 [main] INFO  com.polestar.ndcrefill.Main - new ship position generator value 2034
15:07:03.514 [main] INFO  com.polestar.ndcrefill.Main - Did not update ship position generator value, UPDATE_GENERATOR is false
15:07:03.514 [main] INFO  com.polestar.ndcrefill.Main - -----------------------------------------------------------------
15:07:03.924 [main] INFO  com.polestar.ndcrefill.Main - new max messageID: 578293
15:07:03.925 [main] INFO  com.polestar.ndcrefill.Main - new message generator value 11575
15:07:03.925 [main] INFO  com.polestar.ndcrefill.Main - Did not update message generator value, UPDATE_GENERATOR is false
15:07:03.926 [main] INFO  com.polestar.ndcrefill.Main - -----------------------------------------------------------------
15:07:03.927 [main] INFO  com.polestar.ndcrefill.Main - finished: 2022-06-15 15:07:03.926
15:07:03.928 [main] INFO  com.polestar.ndcrefill.Main - time taken: PT10.704S
15:07:03.928 [main] INFO  com.polestar.ndcrefill.Main - -----------------------------------------------------------------
15:08:59.096 [main] INFO  com.polestar.ndcrefill.Main - -----------------------------------------------------------------
15:08:59.098 [main] INFO  com.polestar.ndcrefill.Main - Start: 2022-06-15 15:08:59.098
15:08:59.098 [main] INFO  com.polestar.ndcrefill.Main - -----------------------------------------------------------------
15:08:59.098 [main] INFO  com.polestar.ndcrefill.Main - Starting Backfill
15:08:59.098 [main] INFO  com.polestar.ndcrefill.Main - HOST: jdbc:postgresql://lrit-cluster-two.polestar-production.local:5432/
15:08:59.098 [main] INFO  com.polestar.ndcrefill.Main - MASTER_USERNAME: syc
15:08:59.098 [main] INFO  com.polestar.ndcrefill.Main - DO_INSERTS: true
15:08:59.098 [main] INFO  com.polestar.ndcrefill.Main - FILE_LOCATION: src/main/resources/missing_positions.csv
15:08:59.098 [main] INFO  com.polestar.ndcrefill.Main - FLAG_CODE: 1128
15:08:59.098 [main] INFO  com.polestar.ndcrefill.Main - DATA_CENTER_IDENTIFIER: 3134
15:09:06.225 [main] INFO  com.polestar.ndcrefill.Main - -----------------------------------------------------------------
15:09:06.226 [main] INFO  com.polestar.ndcrefill.Main - Starting Details
15:09:06.614 [main] INFO  com.polestar.ndcrefill.Main - ShipPosition Generator Value: 2025
15:09:07.253 [main] INFO  com.polestar.ndcrefill.Main - Message Generator Value: 11566
15:09:07.779 [main] INFO  com.polestar.ndcrefill.Main - current max ship position id is: 101233 starting shipPositionID: 103233
15:09:08.210 [main] INFO  com.polestar.ndcrefill.Main - current max message id is: 578293 starting messageID: 580293
15:09:08.210 [main] INFO  com.polestar.ndcrefill.Main - -----------------------------------------------------------------
15:09:08.842 [main] INFO  com.polestar.ndcrefill.Main - Updating Insert Positions function
15:09:09.221 [main] INFO  com.polestar.ndcrefill.Main - Updated Successfully
15:09:09.221 [main] INFO  com.polestar.ndcrefill.Main - -----------------------------------------------------------------
15:09:09.223 [main] INFO  com.polestar.ndcrefill.FileService - starting to process file
15:09:09.432 [main] INFO  com.polestar.ndcrefill.FileService - Positions count: 79
15:09:09.432 [main] INFO  com.polestar.ndcrefill.Main - -----------------------------------------------------------------
15:09:09.438 [main] DEBUG com.polestar.ndcrefill.Main - {"creation_date":"2022-06-05","creation_time":"22:53:32","trail_date":"2022-06-05","trail_time":"22:52:00","trail_latitude":"59.676","trail_longitude":"28.38266667","trail_speed":"0","trail_heading":"32","i_m_o_number":"9365623","DC_ID":"1128"}
15:09:09.438 [main] DEBUG com.polestar.ndcrefill.Main - {"creation_date":"2022-06-05","creation_time":"16:53:35","trail_date":"2022-06-05","trail_time":"16:52:00","trail_latitude":"59.676","trail_longitude":"28.38266667","trail_speed":"0","trail_heading":"34","i_m_o_number":"9365623","DC_ID":"1128"}
15:09:09.439 [main] DEBUG com.polestar.ndcrefill.Main - {"creation_date":"2022-06-05","creation_time":"10:53:43","trail_date":"2022-06-05","trail_time":"10:52:00","trail_latitude":"59.676","trail_longitude":"28.38266667","trail_speed":"0","trail_heading":"18","i_m_o_number":"9365623","DC_ID":"1128"}
15:09:09.439 [main] DEBUG com.polestar.ndcrefill.Main - {"creation_date":"2022-06-05","creation_time":"04:56:47","trail_date":"2022-06-05","trail_time":"04:52:00","trail_latitude":"59.676","trail_longitude":"28.38266667","trail_speed":"0","trail_heading":"57","i_m_o_number":"9365623","DC_ID":"1128"}
15:09:09.439 [main] DEBUG com.polestar.ndcrefill.Main - {"creation_date":"2022-06-04","creation_time":"22:53:47","trail_date":"2022-06-04","trail_time":"22:52:00","trail_latitude":"59.676","trail_longitude":"28.38266667","trail_speed":"0.2","trail_heading":"68","i_m_o_number":"9365623","DC_ID":"1128"}
15:09:09.439 [main] DEBUG com.polestar.ndcrefill.Main - {"creation_date":"2022-06-04","creation_time":"16:53:40","trail_date":"2022-06-04","trail_time":"16:52:00","trail_latitude":"60.18","trail_longitude":"27.76466667","trail_speed":"9","trail_heading":"58","i_m_o_number":"9365623","DC_ID":"1128"}
15:09:09.440 [main] DEBUG com.polestar.ndcrefill.Main - {"creation_date":"2022-06-04","creation_time":"10:54:15","trail_date":"2022-06-04","trail_time":"10:52:00","trail_latitude":"59.906","trail_longitude":"26.05533333","trail_speed":"9.6","trail_heading":"73","i_m_o_number":"9365623","DC_ID":"1128"}
15:09:09.440 [main] DEBUG com.polestar.ndcrefill.Main - {"creation_date":"2022-06-04","creation_time":"04:53:28","trail_date":"2022-06-04","trail_time":"04:52:00","trail_latitude":"59.64333333","trail_longitude":"23.906","trail_speed":"13.4","trail_heading":"72","i_m_o_number":"9365623","DC_ID":"1128"}
15:09:09.440 [main] DEBUG com.polestar.ndcrefill.Main - {"creation_date":"2022-06-03","creation_time":"22:54:21","trail_date":"2022-06-03","trail_time":"22:52:00","trail_latitude":"58.98533333","trail_longitude":"21.63333333","trail_speed":"13.6","trail_heading":"33","i_m_o_number":"9365623","DC_ID":"1128"}
15:09:09.440 [main] DEBUG com.polestar.ndcrefill.Main - {"creation_date":"2022-06-03","creation_time":"16:53:20","trail_date":"2022-06-03","trail_time":"16:52:00","trail_latitude":"57.85666667","trail_longitude":"20.14066667","trail_speed":"13.8","trail_heading":"40","i_m_o_number":"9365623","DC_ID":"1128"}
15:09:09.441 [main] DEBUG com.polestar.ndcrefill.Main - {"creation_date":"2022-06-03","creation_time":"10:53:25","trail_date":"2022-06-03","trail_time":"10:52:00","trail_latitude":"56.81133333","trail_longitude":"18.51733333","trail_speed":"13.6","trail_heading":"40","i_m_o_number":"9365623","DC_ID":"1128"}
15:09:09.441 [main] DEBUG com.polestar.ndcrefill.Main - {"creation_date":"2022-06-03","creation_time":"04:53:43","trail_date":"2022-06-03","trail_time":"04:52:00","trail_latitude":"55.97333333","trail_longitude":"16.52933333","trail_speed":"13.8","trail_heading":"60","i_m_o_number":"9365623","DC_ID":"1128"}
15:09:09.441 [main] DEBUG com.polestar.ndcrefill.Main - {"creation_date":"2022-06-02","creation_time":"22:53:42","trail_date":"2022-06-02","trail_time":"22:52:00","trail_latitude":"55.264","trail_longitude":"14.46733333","trail_speed":"13.4","trail_heading":"37","i_m_o_number":"9365623","DC_ID":"1128"}
15:09:09.441 [main] DEBUG com.polestar.ndcrefill.Main - {"creation_date":"2022-06-02","creation_time":"16:53:43","trail_date":"2022-06-02","trail_time":"16:52:00","trail_latitude":"55.52","trail_longitude":"12.69533333","trail_speed":"8.8","trail_heading":"146","i_m_o_number":"9365623","DC_ID":"1128"}
15:09:09.441 [main] DEBUG com.polestar.ndcrefill.Main - {"creation_date":"2022-06-02","creation_time":"10:53:20","trail_date":"2022-06-02","trail_time":"10:52:00","trail_latitude":"56.472","trail_longitude":"12.26066667","trail_speed":"12","trail_heading":"164","i_m_o_number":"9365623","DC_ID":"1128"}
15:09:09.442 [main] DEBUG com.polestar.ndcrefill.Main - {"creation_date":"2022-06-02","creation_time":"04:53:20","trail_date":"2022-06-02","trail_time":"04:52:00","trail_latitude":"57.59466667","trail_longitude":"11.20533333","trail_speed":"13","trail_heading":"135","i_m_o_number":"9365623","DC_ID":"1128"}
15:09:09.442 [main] DEBUG com.polestar.ndcrefill.Main - {"creation_date":"2022-06-05","creation_time":"22:37:29","trail_date":"2022-06-05","trail_time":"22:34:00","trail_latitude":"-4.627333333","trail_longitude":"55.466","trail_speed":"0","trail_heading":"136","i_m_o_number":"9538232","DC_ID":"1128"}
15:09:09.442 [main] DEBUG com.polestar.ndcrefill.Main - {"creation_date":"2022-06-05","creation_time":"16:37:35","trail_date":"2022-06-05","trail_time":"16:34:00","trail_latitude":"-4.627333333","trail_longitude":"55.466","trail_speed":"0","trail_heading":"258","i_m_o_number":"9538232","DC_ID":"1128"}
15:09:09.442 [main] DEBUG com.polestar.ndcrefill.Main - {"creation_date":"2022-06-05","creation_time":"10:37:11","trail_date":"2022-06-05","trail_time":"10:34:00","trail_latitude":"-4.627333333","trail_longitude":"55.466","trail_speed":"0","trail_heading":"151","i_m_o_number":"9538232","DC_ID":"1128"}
15:09:09.443 [main] DEBUG com.polestar.ndcrefill.Main - {"creation_date":"2022-06-05","creation_time":"04:36:16","trail_date":"2022-06-05","trail_time":"04:34:00","trail_latitude":"-4.627333333","trail_longitude":"55.466","trail_speed":"0","trail_heading":"96","i_m_o_number":"9538232","DC_ID":"1128"}
15:09:09.443 [main] DEBUG com.polestar.ndcrefill.Main - {"creation_date":"2022-06-04","creation_time":"22:35:58","trail_date":"2022-06-04","trail_time":"22:34:00","trail_latitude":"-4.627333333","trail_longitude":"55.466","trail_speed":"0","trail_heading":"85","i_m_o_number":"9538232","DC_ID":"1128"}
15:09:09.443 [main] DEBUG com.polestar.ndcrefill.Main - {"creation_date":"2022-06-04","creation_time":"16:36:11","trail_date":"2022-06-04","trail_time":"16:34:00","trail_latitude":"-4.627333333","trail_longitude":"55.466","trail_speed":"0","trail_heading":"297","i_m_o_number":"9538232","DC_ID":"1128"}
15:09:09.443 [main] DEBUG com.polestar.ndcrefill.Main - {"creation_date":"2022-06-04","creation_time":"10:35:22","trail_date":"2022-06-04","trail_time":"10:34:00","trail_latitude":"-4.627333333","trail_longitude":"55.466","trail_speed":"0","trail_heading":"239","i_m_o_number":"9538232","DC_ID":"1128"}
15:09:09.444 [main] DEBUG com.polestar.ndcrefill.Main - {"creation_date":"2022-06-04","creation_time":"04:37:38","trail_date":"2022-06-04","trail_time":"04:34:00","trail_latitude":"-4.627333333","trail_longitude":"55.466","trail_speed":"0","trail_heading":"86","i_m_o_number":"9538232","DC_ID":"1128"}
15:09:09.444 [main] DEBUG com.polestar.ndcrefill.Main - {"creation_date":"2022-06-03","creation_time":"22:35:48","trail_date":"2022-06-03","trail_time":"22:34:00","trail_latitude":"-4.627333333","trail_longitude":"55.466","trail_speed":"0","trail_heading":"60","i_m_o_number":"9538232","DC_ID":"1128"}
15:09:09.444 [main] DEBUG com.polestar.ndcrefill.Main - {"creation_date":"2022-06-03","creation_time":"16:35:42","trail_date":"2022-06-03","trail_time":"16:34:00","trail_latitude":"-4.627333333","trail_longitude":"55.466","trail_speed":"0","trail_heading":"3","i_m_o_number":"9538232","DC_ID":"1128"}
15:09:09.444 [main] DEBUG com.polestar.ndcrefill.Main - {"creation_date":"2022-06-03","creation_time":"10:40:35","trail_date":"2022-06-03","trail_time":"10:34:00","trail_latitude":"-4.627333333","trail_longitude":"55.466","trail_speed":"0","trail_heading":"195","i_m_o_number":"9538232","DC_ID":"1128"}
15:09:09.444 [main] DEBUG com.polestar.ndcrefill.Main - {"creation_date":"2022-06-03","creation_time":"04:37:20","trail_date":"2022-06-03","trail_time":"04:34:00","trail_latitude":"-4.627333333","trail_longitude":"55.466","trail_speed":"0","trail_heading":"54","i_m_o_number":"9538232","DC_ID":"1128"}
15:09:09.445 [main] DEBUG com.polestar.ndcrefill.Main - {"creation_date":"2022-06-02","creation_time":"22:37:03","trail_date":"2022-06-02","trail_time":"22:34:00","trail_latitude":"-4.627333333","trail_longitude":"55.466","trail_speed":"0","trail_heading":"86","i_m_o_number":"9538232","DC_ID":"1128"}
15:09:09.445 [main] DEBUG com.polestar.ndcrefill.Main - {"creation_date":"2022-06-02","creation_time":"16:36:14","trail_date":"2022-06-02","trail_time":"16:34:00","trail_latitude":"-4.627333333","trail_longitude":"55.466","trail_speed":"0","trail_heading":"243","i_m_o_number":"9538232","DC_ID":"1128"}
15:09:09.445 [main] DEBUG com.polestar.ndcrefill.Main - {"creation_date":"2022-06-02","creation_time":"10:36:54","trail_date":"2022-06-02","trail_time":"10:34:00","trail_latitude":"-4.627333333","trail_longitude":"55.466","trail_speed":"0","trail_heading":"123","i_m_o_number":"9538232","DC_ID":"1128"}
15:09:09.445 [main] DEBUG com.polestar.ndcrefill.Main - {"creation_date":"2022-06-02","creation_time":"04:35:39","trail_date":"2022-06-02","trail_time":"04:34:00","trail_latitude":"-4.627333333","trail_longitude":"55.466","trail_speed":"0","trail_heading":"34","i_m_o_number":"9538232","DC_ID":"1128"}
15:09:09.445 [main] DEBUG com.polestar.ndcrefill.Main - {"creation_date":"2022-06-05","creation_time":"19:17:34","trail_date":"2022-06-05","trail_time":"19:16:00","trail_latitude":"25.162","trail_longitude":"56.46533333","trail_speed":"0","trail_heading":"219","i_m_o_number":"9251664","DC_ID":"1128"}
15:09:09.446 [main] DEBUG com.polestar.ndcrefill.Main - {"creation_date":"2022-06-05","creation_time":"13:17:45","trail_date":"2022-06-05","trail_time":"13:16:00","trail_latitude":"25.16133333","trail_longitude":"56.46466667","trail_speed":"0","trail_heading":"196","i_m_o_number":"9251664","DC_ID":"1128"}
15:09:09.446 [main] DEBUG com.polestar.ndcrefill.Main - {"creation_date":"2022-06-05","creation_time":"07:28:44","trail_date":"2022-06-05","trail_time":"07:16:00","trail_latitude":"25.15933333","trail_longitude":"56.46466667","trail_speed":"0","trail_heading":"28","i_m_o_number":"9251664","DC_ID":"1128"}
15:09:09.446 [main] DEBUG com.polestar.ndcrefill.Main - {"creation_date":"2022-06-05","creation_time":"01:17:52","trail_date":"2022-06-05","trail_time":"01:16:00","trail_latitude":"25.15866667","trail_longitude":"56.466","trail_speed":"0","trail_heading":"280","i_m_o_number":"9251664","DC_ID":"1128"}
15:09:09.446 [main] DEBUG com.polestar.ndcrefill.Main - {"creation_date":"2022-06-04","creation_time":"19:17:51","trail_date":"2022-06-04","trail_time":"19:16:00","trail_latitude":"25.18866667","trail_longitude":"56.36333333","trail_speed":"0","trail_heading":"145","i_m_o_number":"9251664","DC_ID":"1128"}
15:09:09.446 [main] DEBUG com.polestar.ndcrefill.Main - {"creation_date":"2022-06-04","creation_time":"13:17:52","trail_date":"2022-06-04","trail_time":"13:16:00","trail_latitude":"25.18866667","trail_longitude":"56.36333333","trail_speed":"0","trail_heading":"119","i_m_o_number":"9251664","DC_ID":"1128"}
15:09:09.447 [main] DEBUG com.polestar.ndcrefill.Main - {"creation_date":"2022-06-04","creation_time":"07:17:46","trail_date":"2022-06-04","trail_time":"07:16:00","trail_latitude":"25.18866667","trail_longitude":"56.36333333","trail_speed":"0","trail_heading":"96","i_m_o_number":"9251664","DC_ID":"1128"}
15:09:09.447 [main] DEBUG com.polestar.ndcrefill.Main - {"creation_date":"2022-06-04","creation_time":"01:17:46","trail_date":"2022-06-04","trail_time":"01:16:00","trail_latitude":"25.18866667","trail_longitude":"56.36333333","trail_speed":"0","trail_heading":"84","i_m_o_number":"9251664","DC_ID":"1128"}
15:09:09.447 [main] DEBUG com.polestar.ndcrefill.Main - {"creation_date":"2022-06-03","creation_time":"19:17:42","trail_date":"2022-06-03","trail_time":"19:16:00","trail_latitude":"25.15666667","trail_longitude":"56.45333333","trail_speed":"0","trail_heading":"110","i_m_o_number":"9251664","DC_ID":"1128"}
15:09:09.447 [main] DEBUG com.polestar.ndcrefill.Main - {"creation_date":"2022-06-03","creation_time":"13:17:52","trail_date":"2022-06-03","trail_time":"13:16:00","trail_latitude":"25.15466667","trail_longitude":"56.45266667","trail_speed":"0","trail_heading":"331","i_m_o_number":"9251664","DC_ID":"1128"}
15:09:09.447 [main] DEBUG com.polestar.ndcrefill.Main - {"creation_date":"2022-06-03","creation_time":"07:17:39","trail_date":"2022-06-03","trail_time":"07:16:00","trail_latitude":"25.154","trail_longitude":"56.45333333","trail_speed":"0","trail_heading":"137","i_m_o_number":"9251664","DC_ID":"1128"}
15:09:09.447 [main] DEBUG com.polestar.ndcrefill.Main - {"creation_date":"2022-06-03","creation_time":"01:17:40","trail_date":"2022-06-03","trail_time":"01:16:00","trail_latitude":"25.154","trail_longitude":"56.45466667","trail_speed":"0","trail_heading":"209","i_m_o_number":"9251664","DC_ID":"1128"}
15:09:09.447 [main] DEBUG com.polestar.ndcrefill.Main - {"creation_date":"2022-06-02","creation_time":"19:17:40","trail_date":"2022-06-02","trail_time":"19:16:00","trail_latitude":"25.15533333","trail_longitude":"56.456","trail_speed":"0","trail_heading":"253","i_m_o_number":"9251664","DC_ID":"1128"}
15:09:09.448 [main] DEBUG com.polestar.ndcrefill.Main - {"creation_date":"2022-06-02","creation_time":"13:17:42","trail_date":"2022-06-02","trail_time":"13:16:00","trail_latitude":"25.15466667","trail_longitude":"56.45466667","trail_speed":"0","trail_heading":"4","i_m_o_number":"9251664","DC_ID":"1128"}
15:09:09.448 [main] DEBUG com.polestar.ndcrefill.Main - {"creation_date":"2022-06-02","creation_time":"01:17:36","trail_date":"2022-06-02","trail_time":"01:16:00","trail_latitude":"25.15533333","trail_longitude":"56.45533333","trail_speed":"0","trail_heading":"189","i_m_o_number":"9251664","DC_ID":"1128"}
15:09:09.448 [main] DEBUG com.polestar.ndcrefill.Main - {"creation_date":"2022-06-05","creation_time":"23:45:51","trail_date":"2022-06-05","trail_time":"23:44:00","trail_latitude":"51.94133333","trail_longitude":"4.164666667","trail_speed":"0","trail_heading":"132","i_m_o_number":"9365635","DC_ID":"1128"}
15:09:09.448 [main] DEBUG com.polestar.ndcrefill.Main - {"creation_date":"2022-06-05","creation_time":"16:16:26","trail_date":"2022-06-05","trail_time":"16:14:00","trail_latitude":"51.94133333","trail_longitude":"4.164666667","trail_speed":"0","trail_heading":"132","i_m_o_number":"9365635","DC_ID":"1128"}
15:09:09.448 [main] DEBUG com.polestar.ndcrefill.Main - {"creation_date":"2022-06-05","creation_time":"10:16:29","trail_date":"2022-06-05","trail_time":"10:14:00","trail_latitude":"51.94133333","trail_longitude":"4.164666667","trail_speed":"0","trail_heading":"132","i_m_o_number":"9365635","DC_ID":"1128"}
15:09:09.448 [main] DEBUG com.polestar.ndcrefill.Main - {"creation_date":"2022-06-05","creation_time":"04:16:26","trail_date":"2022-06-05","trail_time":"04:14:00","trail_latitude":"52.27466667","trail_longitude":"3.117333333","trail_speed":"11.6","trail_heading":"129","i_m_o_number":"9365635","DC_ID":"1128"}
15:09:09.449 [main] DEBUG com.polestar.ndcrefill.Main - {"creation_date":"2022-06-04","creation_time":"22:16:22","trail_date":"2022-06-04","trail_time":"22:14:00","trail_latitude":"53.32133333","trail_longitude":"3.47","trail_speed":"11.8","trail_heading":"197","i_m_o_number":"9365635","DC_ID":"1128"}
15:09:09.449 [main] DEBUG com.polestar.ndcrefill.Main - {"creation_date":"2022-06-04","creation_time":"16:16:30","trail_date":"2022-06-04","trail_time":"16:14:00","trail_latitude":"54.24333333","trail_longitude":"4.592","trail_speed":"11.8","trail_heading":"210","i_m_o_number":"9365635","DC_ID":"1128"}
15:09:09.449 [main] DEBUG com.polestar.ndcrefill.Main - {"creation_date":"2022-06-04","creation_time":"10:16:45","trail_date":"2022-06-04","trail_time":"10:14:00","trail_latitude":"55.30933333","trail_longitude":"5.686","trail_speed":"12.6","trail_heading":"208","i_m_o_number":"9365635","DC_ID":"1128"}
15:09:09.449 [main] DEBUG com.polestar.ndcrefill.Main - {"creation_date":"2022-06-04","creation_time":"04:16:29","trail_date":"2022-06-04","trail_time":"04:14:00","trail_latitude":"56.406","trail_longitude":"6.792666667","trail_speed":"12.6","trail_heading":"212","i_m_o_number":"9365635","DC_ID":"1128"}
15:09:09.449 [main] DEBUG com.polestar.ndcrefill.Main - {"creation_date":"2022-06-03","creation_time":"22:16:26","trail_date":"2022-06-03","trail_time":"22:14:00","trail_latitude":"57.38","trail_longitude":"8.311333333","trail_speed":"12.4","trail_heading":"230","i_m_o_number":"9365635","DC_ID":"1128"}
15:09:09.449 [main] DEBUG com.polestar.ndcrefill.Main - {"creation_date":"2022-06-03","creation_time":"16:16:30","trail_date":"2022-06-03","trail_time":"16:14:00","trail_latitude":"57.85","trail_longitude":"10.36066667","trail_speed":"11.6","trail_heading":"266","i_m_o_number":"9365635","DC_ID":"1128"}
15:09:09.449 [main] DEBUG com.polestar.ndcrefill.Main - {"creation_date":"2022-06-03","creation_time":"10:16:27","trail_date":"2022-06-03","trail_time":"10:14:00","trail_latitude":"57.06733333","trail_longitude":"11.72","trail_speed":"12.2","trail_heading":"342","i_m_o_number":"9365635","DC_ID":"1128"}
15:09:09.450 [main] DEBUG com.polestar.ndcrefill.Main - {"creation_date":"2022-06-03","creation_time":"04:16:33","trail_date":"2022-06-03","trail_time":"04:14:00","trail_latitude":"55.98666667","trail_longitude":"11.03866667","trail_speed":"13.2","trail_heading":"38","i_m_o_number":"9365635","DC_ID":"1128"}
15:09:09.450 [main] DEBUG com.polestar.ndcrefill.Main - {"creation_date":"2022-06-02","creation_time":"22:17:37","trail_date":"2022-06-02","trail_time":"22:14:00","trail_latitude":"54.888","trail_longitude":"10.84666667","trail_speed":"12","trail_heading":"23","i_m_o_number":"9365635","DC_ID":"1128"}
15:09:09.450 [main] DEBUG com.polestar.ndcrefill.Main - {"creation_date":"2022-06-02","creation_time":"16:16:27","trail_date":"2022-06-02","trail_time":"16:14:00","trail_latitude":"54.61466667","trail_longitude":"12.30933333","trail_speed":"12.6","trail_heading":"236","i_m_o_number":"9365635","DC_ID":"1128"}
15:09:09.450 [main] DEBUG com.polestar.ndcrefill.Main - {"creation_date":"2022-06-02","creation_time":"10:17:17","trail_date":"2022-06-02","trail_time":"10:14:00","trail_latitude":"55.166","trail_longitude":"14.214","trail_speed":"12.2","trail_heading":"220","i_m_o_number":"9365635","DC_ID":"1128"}
15:09:09.450 [main] DEBUG com.polestar.ndcrefill.Main - {"creation_date":"2022-06-02","creation_time":"04:16:27","trail_date":"2022-06-02","trail_time":"04:14:00","trail_latitude":"55.88866667","trail_longitude":"15.986","trail_speed":"12.6","trail_heading":"240","i_m_o_number":"9365635","DC_ID":"1128"}
15:09:09.450 [main] DEBUG com.polestar.ndcrefill.Main - {"creation_date":"2022-06-05","creation_time":"20:35:19","trail_date":"2022-06-05","trail_time":"20:32:00","trail_latitude":"58.738","trail_longitude":"21.04133333","trail_speed":"12.4","trail_heading":"216","i_m_o_number":"9298181","DC_ID":"1128"}
15:09:09.450 [main] DEBUG com.polestar.ndcrefill.Main - {"creation_date":"2022-06-05","creation_time":"14:34:42","trail_date":"2022-06-05","trail_time":"14:32:00","trail_latitude":"59.564","trail_longitude":"22.79133333","trail_speed":"12","trail_heading":"253","i_m_o_number":"9298181","DC_ID":"1128"}
15:09:09.451 [main] DEBUG com.polestar.ndcrefill.Main - {"creation_date":"2022-06-05","creation_time":"08:35:02","trail_date":"2022-06-05","trail_time":"08:32:00","trail_latitude":"59.86133333","trail_longitude":"25.18733333","trail_speed":"12.4","trail_heading":"258","i_m_o_number":"9298181","DC_ID":"1128"}
15:09:09.451 [main] DEBUG com.polestar.ndcrefill.Main - {"creation_date":"2022-06-05","creation_time":"02:34:39","trail_date":"2022-06-05","trail_time":"02:32:00","trail_latitude":"60.142","trail_longitude":"27.564","trail_speed":"12.6","trail_heading":"238","i_m_o_number":"9298181","DC_ID":"1128"}
15:09:09.451 [main] DEBUG com.polestar.ndcrefill.Main - {"creation_date":"2022-06-04","creation_time":"20:34:37","trail_date":"2022-06-04","trail_time":"20:32:00","trail_latitude":"60.32066667","trail_longitude":"28.73066667","trail_speed":"0","trail_heading":"28","i_m_o_number":"9298181","DC_ID":"1128"}
15:09:09.451 [main] DEBUG com.polestar.ndcrefill.Main - {"creation_date":"2022-06-04","creation_time":"14:38:27","trail_date":"2022-06-04","trail_time":"14:32:00","trail_latitude":"60.32066667","trail_longitude":"28.73066667","trail_speed":"0","trail_heading":"83","i_m_o_number":"9298181","DC_ID":"1128"}
15:09:09.451 [main] DEBUG com.polestar.ndcrefill.Main - {"creation_date":"2022-06-04","creation_time":"08:35:50","trail_date":"2022-06-04","trail_time":"08:32:00","trail_latitude":"60.32066667","trail_longitude":"28.73066667","trail_speed":"0","trail_heading":"12","i_m_o_number":"9298181","DC_ID":"1128"}
15:09:09.451 [main] DEBUG com.polestar.ndcrefill.Main - {"creation_date":"2022-06-04","creation_time":"02:39:03","trail_date":"2022-06-04","trail_time":"02:32:00","trail_latitude":"60.32066667","trail_longitude":"28.73066667","trail_speed":"0","trail_heading":"9","i_m_o_number":"9298181","DC_ID":"1128"}
15:09:09.451 [main] DEBUG com.polestar.ndcrefill.Main - {"creation_date":"2022-06-03","creation_time":"20:35:16","trail_date":"2022-06-03","trail_time":"20:32:00","trail_latitude":"60.32066667","trail_longitude":"28.73066667","trail_speed":"0","trail_heading":"64","i_m_o_number":"9298181","DC_ID":"1128"}
15:09:09.452 [main] DEBUG com.polestar.ndcrefill.Main - {"creation_date":"2022-06-03","creation_time":"14:35:18","trail_date":"2022-06-03","trail_time":"14:32:00","trail_latitude":"60.09466667","trail_longitude":"28.40933333","trail_speed":"6.6","trail_heading":"63","i_m_o_number":"9298181","DC_ID":"1128"}
15:09:09.452 [main] DEBUG com.polestar.ndcrefill.Main - {"creation_date":"2022-06-03","creation_time":"08:34:59","trail_date":"2022-06-03","trail_time":"08:32:00","trail_latitude":"59.96133333","trail_longitude":"26.412","trail_speed":"12","trail_heading":"75","i_m_o_number":"9298181","DC_ID":"1128"}
15:09:09.452 [main] DEBUG com.polestar.ndcrefill.Main - {"creation_date":"2022-06-03","creation_time":"02:34:49","trail_date":"2022-06-03","trail_time":"02:32:00","trail_latitude":"59.662","trail_longitude":"24.05266667","trail_speed":"11.6","trail_heading":"71","i_m_o_number":"9298181","DC_ID":"1128"}
15:09:09.452 [main] DEBUG com.polestar.ndcrefill.Main - {"creation_date":"2022-06-02","creation_time":"20:35:00","trail_date":"2022-06-02","trail_time":"20:32:00","trail_latitude":"59.148","trail_longitude":"21.912","trail_speed":"12.2","trail_heading":"52","i_m_o_number":"9298181","DC_ID":"1128"}
15:09:09.452 [main] DEBUG com.polestar.ndcrefill.Main - {"creation_date":"2022-06-02","creation_time":"14:35:05","trail_date":"2022-06-02","trail_time":"14:32:00","trail_latitude":"58.15733333","trail_longitude":"20.492","trail_speed":"12.4","trail_heading":"36","i_m_o_number":"9298181","DC_ID":"1128"}
15:09:09.452 [main] DEBUG com.polestar.ndcrefill.Main - {"creation_date":"2022-06-02","creation_time":"08:35:20","trail_date":"2022-06-02","trail_time":"08:32:00","trail_latitude":"57.19866667","trail_longitude":"19.07466667","trail_speed":"12.2","trail_heading":"36","i_m_o_number":"9298181","DC_ID":"1128"}
15:09:09.452 [main] DEBUG com.polestar.ndcrefill.Main - {"creation_date":"2022-06-02","creation_time":"02:34:57","trail_date":"2022-06-02","trail_time":"02:32:00","trail_latitude":"56.354","trail_longitude":"17.436","trail_speed":"12","trail_heading":"52","i_m_o_number":"9298181","DC_ID":"1128"}
15:09:10.413 [main] DEBUG com.polestar.ndcrefill.Main - [0,0,0,0,0,0,0,0,0,0,0,0,0,0,0,0,0,0,0,0,0,0,0,0,0,0,0,0,0,0,0,0,0,0,0,0,0,0,0,0,0,0,0,0,0,0,0,0,0,0,0,0,0,0,0,0,0,0,0,0,0,0,0,0,0,0,0,0,0,0,0,0,0,0,0,0,0,0,0]
15:09:10.414 [main] INFO  com.polestar.ndcrefill.Main - Current position: 79 out of 79
15:09:10.414 [main] INFO  com.polestar.ndcrefill.Main - -----------------------------------------------------------------
15:09:11.077 [main] INFO  com.polestar.ndcrefill.Main - new max shippositionID: 103308
15:09:11.078 [main] INFO  com.polestar.ndcrefill.Main - new ship position generator value 2076
15:09:11.716 [main] INFO  com.polestar.ndcrefill.Main - Updated Ship Position Generator value successfully
15:09:11.716 [main] INFO  com.polestar.ndcrefill.Main - -----------------------------------------------------------------
15:09:12.621 [main] INFO  com.polestar.ndcrefill.Main - new max messageID: 580368
15:09:12.622 [main] INFO  com.polestar.ndcrefill.Main - new message generator value 11617
15:09:13.223 [main] INFO  com.polestar.ndcrefill.Main - Updated Message Generator value successfully
15:09:13.225 [main] INFO  com.polestar.ndcrefill.Main - -----------------------------------------------------------------
15:09:13.225 [main] INFO  com.polestar.ndcrefill.Main - finished: 2022-06-15 15:09:13.225
15:09:13.227 [main] INFO  com.polestar.ndcrefill.Main - time taken: PT14.127S
15:09:13.227 [main] INFO  com.polestar.ndcrefill.Main - -----------------------------------------------------------------
