17:11:13.056 [main] INFO  com.polestar.ndcrefill.Main - -----------------------------------------------------------------
17:11:13.058 [main] INFO  com.polestar.ndcrefill.Main - Starting Backfill
17:11:13.058 [main] INFO  com.polestar.ndcrefill.Main - HOST: jdbc:postgresql://dev-encrypted-rds-manager.cp2beydjt4o5.us-east-1.rds.amazonaws.com:5432/
17:11:13.058 [main] INFO  com.polestar.ndcrefill.Main - MASTER_USERNAME: dev_pan_dc
17:11:13.058 [main] INFO  com.polestar.ndcrefill.Main - DO_INSERTS: true
17:11:13.058 [main] INFO  com.polestar.ndcrefill.Main - FILE_LOCATION: src/main/resources/missing_positions-test.csv
17:11:13.058 [main] INFO  com.polestar.ndcrefill.Main - FLAG_CODE: 1108
17:11:13.058 [main] INFO  com.polestar.ndcrefill.Main - DATA_CENTER_IDENTIFIER: 3108
17:11:20.415 [main] INFO  com.polestar.ndcrefill.Main - -----------------------------------------------------------------
17:11:20.415 [main] INFO  com.polestar.ndcrefill.Main - Starting Details
17:11:20.800 [main] INFO  com.polestar.ndcrefill.Main - ShipPosition Generator Value: 386
17:11:21.167 [main] INFO  com.polestar.ndcrefill.Main - Message Generator Value: 2028
17:11:21.536 [main] INFO  com.polestar.ndcrefill.Main - current max ship position id is: 21273 starting shipPositionID: 23273
17:11:21.902 [main] INFO  com.polestar.ndcrefill.Main - current max message id is: 103400 starting messageID: 105400
17:11:21.903 [main] INFO  com.polestar.ndcrefill.Main - -----------------------------------------------------------------
17:11:22.272 [main] INFO  com.polestar.ndcrefill.Main - Updating Insert Positions function
17:11:22.645 [main] INFO  com.polestar.ndcrefill.Main - Updated Successfully
17:11:22.646 [main] INFO  com.polestar.ndcrefill.Main - -----------------------------------------------------------------
17:11:22.648 [main] INFO  com.polestar.ndcrefill.FileService - starting to process file
17:11:22.655 [main] INFO  com.polestar.ndcrefill.FileService - Positions count: 3
17:11:22.655 [main] INFO  com.polestar.ndcrefill.Main - -----------------------------------------------------------------
17:11:22.655 [main] INFO  com.polestar.ndcrefill.Main - Start: 2022-06-14 17:11:22.655
17:11:22.655 [main] INFO  com.polestar.ndcrefill.Main - -----------------------------------------------------------------
17:11:22.661 [main] DEBUG com.polestar.ndcrefill.Main - {"creation_date":"2022-06-14","creation_time":"19:14:27","trail_date":"2022-06-14","trail_time":"19:12:00","trail_latitude":"20.15666667","trail_longitude":"125.4106667","trail_speed":"12","trail_heading":"171","i_m_o_number":"4022331","DC_ID":"1108"}
17:11:22.662 [main] DEBUG com.polestar.ndcrefill.Main - {"creation_date":"2022-06-14","creation_time":"13:13:19","trail_date":"2022-06-14","trail_time":"13:12:00","trail_latitude":"21.34133333","trail_longitude":"125.1746667","trail_speed":"12","trail_heading":"169","i_m_o_number":"4022331","DC_ID":"1108"}
17:11:22.662 [main] DEBUG com.polestar.ndcrefill.Main - {"creation_date":"2022-06-14","creation_time":"07:28:45","trail_date":"2022-06-14","trail_time":"07:12:00","trail_latitude":"22.53266667","trail_longitude":"124.936","trail_speed":"12.6","trail_heading":"166","i_m_o_number":"4022331","DC_ID":"1108"}
17:11:23.045 [main] DEBUG com.polestar.ndcrefill.Main - [0,0,0]
17:11:23.046 [main] INFO  com.polestar.ndcrefill.Main - Current position: 3 out of 3
17:11:23.046 [main] INFO  com.polestar.ndcrefill.Main - -----------------------------------------------------------------
17:11:23.415 [main] INFO  com.polestar.ndcrefill.Main - new max shippositionID: 21273
17:11:23.416 [main] INFO  com.polestar.ndcrefill.Main - new ship position generator value 525
17:11:24.071 [main] INFO  com.polestar.ndcrefill.Main - Updated Ship Position Generator value successfully
17:11:24.071 [main] INFO  com.polestar.ndcrefill.Main - -----------------------------------------------------------------
17:11:24.726 [main] INFO  com.polestar.ndcrefill.Main - new max messageID: 103400
17:11:24.727 [main] INFO  com.polestar.ndcrefill.Main - new message generator value 2168
17:11:25.096 [main] INFO  com.polestar.ndcrefill.Main - Updated Message Generator value successfully
17:11:25.098 [main] INFO  com.polestar.ndcrefill.Main - -----------------------------------------------------------------
17:11:25.098 [main] INFO  com.polestar.ndcrefill.Main - finished: 2022-06-14 17:11:25.098
17:11:25.100 [main] INFO  com.polestar.ndcrefill.Main - time taken: PT2.443S
17:11:25.100 [main] INFO  com.polestar.ndcrefill.Main - -----------------------------------------------------------------
